register ctx: prefix="/tmp/mccs-caoz0a", control="control.sock", affinity=None
[gpt_1] Rank 0: start warmup
[gpt_1] Rank 0: warmup phase AG finished
[gpt_1] Rank 0: warmup phase finished
[gpt_1] [Rank 0] <19:06:36.722> Iter 0 time: 371.808 ms
[gpt_1] [Rank 0] <19:06:37.021> Iter 1 time: 299.409 ms
[gpt_1] [Rank 0] <19:06:37.262> Iter 2 time: 240.446 ms
[gpt_1] [Rank 0] <19:06:37.506> Iter 3 time: 244.175 ms
[gpt_1] [Rank 0] <19:06:37.703> Iter 4 time: 197.048 ms
[gpt_1] [Rank 0] <19:06:38.021> Iter 5 time: 318.303 ms
[gpt_1] [Rank 0] <19:06:38.318> Iter 6 time: 296.473 ms
[gpt_1] [Rank 0] <19:06:38.625> Iter 7 time: 307.573 ms
[gpt_1] [Rank 0] <19:06:38.860> Iter 8 time: 234.175 ms
[gpt_1] [Rank 0] <19:06:39.201> Iter 9 time: 341.743 ms
[gpt_1] [Rank 0] <19:06:39.480> Iter 10 time: 278.211 ms
[gpt_1] [Rank 0] <19:06:39.706> Iter 11 time: 226.306 ms
[gpt_1] [Rank 0] <19:06:39.941> Iter 12 time: 235.177 ms
[gpt_1] [Rank 0] <19:06:40.190> Iter 13 time: 248.652 ms
[gpt_1] [Rank 0] <19:06:40.466> Iter 14 time: 276.32 ms
[gpt_1] [Rank 0] <19:06:40.738> Iter 15 time: 271.826 ms
[gpt_1] [Rank 0] <19:06:40.993> Iter 16 time: 255.59 ms
[gpt_1] [Rank 0] <19:06:41.350> Iter 17 time: 356.296 ms
[gpt_1] [Rank 0] <19:06:41.571> Iter 18 time: 220.802 ms
[gpt_1] [Rank 0] <19:06:41.802> Iter 19 time: 231.655 ms
[gpt_1] [Rank 0] <19:06:42.149> Iter 20 time: 347.195 ms
[gpt_1] [Rank 0] <19:06:42.405> Iter 21 time: 255.431 ms
[gpt_1] [Rank 0] <19:06:42.630> Iter 22 time: 224.968 ms
[gpt_1] [Rank 0] <19:06:42.887> Iter 23 time: 257.378 ms
[gpt_1] [Rank 0] <19:06:43.203> Iter 24 time: 315.863 ms
[gpt_1] [Rank 0] <19:06:43.509> Iter 25 time: 305.621 ms
[gpt_1] [Rank 0] <19:06:43.765> Iter 26 time: 256.172 ms
[gpt_1] [Rank 0] <19:06:44.030> Iter 27 time: 264.868 ms
[gpt_1] [Rank 0] <19:06:44.368> Iter 28 time: 337.869 ms
[gpt_1] [Rank 0] <19:06:44.570> Iter 29 time: 202.251 ms
[gpt_1] [Rank 0] <19:06:44.954> Iter 30 time: 383.721 ms
[gpt_1] (mean, median, min, max) = (280.414625ms, 261.123375ms, 202.251809ms, 383.721951ms)
[gpt_1] [Rank 0] <19:06:45.249> Iter 31 time: 295.853 ms
[gpt_1] [Rank 0] <19:06:45.505> Iter 32 time: 255.709 ms
[gpt_1] [Rank 0] <19:06:45.742> Iter 33 time: 236.767 ms
[gpt_1] [Rank 0] <19:06:46.002> Iter 34 time: 259.991 ms
[gpt_1] [Rank 0] <19:06:46.270> Iter 35 time: 267.833 ms
[gpt_1] [Rank 0] <19:06:46.530> Iter 36 time: 260.266 ms
[gpt_1] [Rank 0] <19:06:46.772> Iter 37 time: 242.057 ms
[gpt_1] [Rank 0] <19:06:47.121> Iter 38 time: 349.267 ms
[gpt_1] [Rank 0] <19:06:47.434> Iter 39 time: 313.128 ms
[gpt_1] [Rank 0] <19:06:47.822> Iter 40 time: 387.124 ms
[gpt_1] [Rank 0] <19:06:48.110> Iter 41 time: 288.325 ms
[gpt_1] [Rank 0] <19:06:48.296> Iter 42 time: 185.753 ms
[gpt_1] [Rank 0] <19:06:48.497> Iter 43 time: 201.268 ms
[gpt_1] [Rank 0] <19:06:48.774> Iter 44 time: 277.119 ms
[gpt_1] [Rank 0] <19:06:49.049> Iter 45 time: 274.823 ms
[gpt_1] [Rank 0] <19:06:49.251> Iter 46 time: 202.525 ms
[gpt_1] [Rank 0] <19:06:49.514> Iter 47 time: 262.651 ms
[gpt_1] [Rank 0] <19:06:49.773> Iter 48 time: 259.152 ms
[gpt_1] [Rank 0] <19:06:50.042> Iter 49 time: 268.546 ms
[gpt_1] [Rank 0] <19:06:50.390> Iter 50 time: 348.02 ms
[gpt_1] [Rank 0] <19:06:50.612> Iter 51 time: 222.693 ms
[gpt_1] [Rank 0] <19:06:50.845> Iter 52 time: 232.407 ms
[gpt_1] [Rank 0] <19:06:51.054> Iter 53 time: 208.884 ms
[gpt_1] [Rank 0] <19:06:51.332> Iter 54 time: 278.202 ms
[gpt_1] [Rank 0] <19:06:51.642> Iter 55 time: 309.939 ms
[gpt_1] [Rank 0] <19:06:51.876> Iter 56 time: 234.021 ms
[gpt_1] [Rank 0] <19:06:52.126> Iter 57 time: 249.981 ms
[gpt_1] [Rank 0] <19:06:52.351> Iter 58 time: 225.513 ms
[gpt_1] [Rank 0] <19:06:52.552> Iter 59 time: 200.942 ms
[gpt_1] [Rank 0] <19:06:52.853> Iter 60 time: 300.733 ms
[gpt_1] (mean, median, min, max) = (267.59126ms, 260.128906ms, 185.753126ms, 387.124816ms)
[gpt_1] [Rank 0] <19:06:53.097> Iter 61 time: 244.12 ms
[gpt_1] [Rank 0] <19:06:53.366> Iter 62 time: 268.935 ms
[gpt_1] [Rank 0] <19:06:53.604> Iter 63 time: 237.975 ms
[gpt_1] [Rank 0] <19:06:53.854> Iter 64 time: 249.907 ms
[gpt_1] [Rank 0] <19:06:54.225> Iter 65 time: 370.86 ms
[gpt_1] [Rank 0] <19:06:54.485> Iter 66 time: 260.223 ms
[gpt_1] [Rank 0] <19:06:54.723> Iter 67 time: 237.81 ms
[gpt_1] [Rank 0] <19:06:54.944> Iter 68 time: 221.187 ms
[gpt_1] [Rank 0] <19:06:55.265> Iter 69 time: 321.319 ms
[gpt_1] [Rank 0] <19:06:55.547> Iter 70 time: 281.327 ms
[gpt_1] [Rank 0] <19:06:55.895> Iter 71 time: 348.116 ms
[gpt_1] [Rank 0] <19:06:56.158> Iter 72 time: 263.025 ms
[gpt_1] [Rank 0] <19:06:56.450> Iter 73 time: 292.138 ms
[gpt_1] [Rank 0] <19:06:56.770> Iter 74 time: 320.047 ms
[gpt_1] [Rank 0] <19:06:57.243> Iter 75 time: 472.47 ms
[gpt_1] [Rank 0] <19:06:57.678> Iter 76 time: 435.221 ms
[gpt_1] [Rank 0] <19:06:58.045> Iter 77 time: 367.683 ms
[gpt_1] [Rank 0] <19:06:58.317> Iter 78 time: 271.978 ms
[gpt_1] [Rank 0] <19:06:58.624> Iter 79 time: 306.894 ms
[gpt_1] [Rank 0] <19:06:58.985> Iter 80 time: 361.146 ms
[gpt_1] [Rank 0] <19:06:59.306> Iter 81 time: 320.424 ms
[gpt_1] [Rank 0] <19:06:59.626> Iter 82 time: 320.145 ms
[gpt_1] [Rank 0] <19:06:59.914> Iter 83 time: 287.992 ms
[gpt_1] [Rank 0] <19:07:00.198> Iter 84 time: 283.992 ms
[gpt_1] [Rank 0] <19:07:00.517> Iter 85 time: 319.424 ms
[gpt_1] [Rank 0] <19:07:00.781> Iter 86 time: 264.018 ms
[gpt_1] [Rank 0] <19:07:01.122> Iter 87 time: 340.515 ms
[gpt_1] [Rank 0] <19:07:01.389> Iter 88 time: 267.219 ms
[gpt_1] [Rank 0] <19:07:01.761> Iter 89 time: 371.663 ms
[gpt_1] [Rank 0] <19:07:02.062> Iter 90 time: 300.879 ms
[gpt_1] (mean, median, min, max) = (284.461654ms, 270.457162ms, 185.753126ms, 472.470083ms)
[gpt_1] [Rank 0] <19:07:02.437> Iter 91 time: 375.692 ms
[gpt_1] [Rank 0] <19:07:02.733> Iter 92 time: 295.463 ms
[gpt_1] [Rank 0] <19:07:03.033> Iter 93 time: 299.879 ms
[gpt_1] [Rank 0] <19:07:03.353> Iter 94 time: 320.683 ms
[gpt_1] [Rank 0] <19:07:03.769> Iter 95 time: 415.95 ms
[gpt_1] [Rank 0] <19:07:04.029> Iter 96 time: 259.613 ms
[gpt_1] [Rank 0] <19:07:04.333> Iter 97 time: 304.386 ms
[gpt_1] [Rank 0] <19:07:04.649> Iter 98 time: 316.036 ms
[gpt_1] [Rank 0] <19:07:04.897> Iter 99 time: 247.412 ms
[gpt_1] [Rank 0] <19:07:05.270> Iter 100 time: 372.797 ms
[gpt_1] [Rank 0] <19:07:05.555> Iter 101 time: 285.756 ms
[gpt_1] [Rank 0] <19:07:05.859> Iter 102 time: 303.998 ms
[gpt_1] [Rank 0] <19:07:06.061> Iter 103 time: 201.343 ms
[gpt_1] [Rank 0] <19:07:06.395> Iter 104 time: 333.951 ms
[gpt_1] [Rank 0] <19:07:06.753> Iter 105 time: 358.2 ms
[gpt_1] [Rank 0] <19:07:07.073> Iter 106 time: 320.303 ms
[gpt_1] [Rank 0] <19:07:07.405> Iter 107 time: 331.651 ms
[gpt_1] [Rank 0] <19:07:07.622> Iter 108 time: 216.879 ms
[gpt_1] [Rank 0] <19:07:07.926> Iter 109 time: 303.812 ms
[gpt_1] [Rank 0] <19:07:08.285> Iter 110 time: 359.643 ms
[gpt_1] [Rank 0] <19:07:08.513> Iter 111 time: 227.673 ms
[gpt_1] [Rank 0] <19:07:08.822> Iter 112 time: 308.923 ms
[gpt_1] [Rank 0] <19:07:09.110> Iter 113 time: 288.235 ms
[gpt_1] [Rank 0] <19:07:09.409> Iter 114 time: 298.831 ms
[gpt_1] [Rank 0] <19:07:09.774> Iter 115 time: 364.863 ms
[gpt_1] [Rank 0] <19:07:10.012> Iter 116 time: 237.894 ms
[gpt_1] [Rank 0] <19:07:10.226> Iter 117 time: 214.397 ms
[gpt_1] [Rank 0] <19:07:10.518> Iter 118 time: 291.505 ms
[gpt_1] [Rank 0] <19:07:10.780> Iter 119 time: 262.174 ms
[gpt_1] [Rank 0] <19:07:11.111> Iter 120 time: 331.254 ms
[gpt_1] (mean, median, min, max) = (289.615244ms, 286.874192ms, 185.753126ms, 472.470083ms)
[gpt_1] [Rank 0] <19:07:11.494> Iter 121 time: 383.067 ms
[gpt_1] [Rank 0] <19:07:11.814> Iter 122 time: 320.252 ms
[gpt_1] [Rank 0] <19:07:12.102> Iter 123 time: 287.814 ms
[gpt_1] [Rank 0] <19:07:12.465> Iter 124 time: 363.356 ms
[gpt_1] [Rank 0] <19:07:12.853> Iter 125 time: 388.034 ms
[gpt_1] [Rank 0] <19:07:13.114> Iter 126 time: 260.42 ms
[gpt_1] [Rank 0] <19:07:13.349> Iter 127 time: 235.544 ms
[gpt_1] [Rank 0] <19:07:13.605> Iter 128 time: 255.42 ms
[gpt_1] [Rank 0] <19:07:13.893> Iter 129 time: 288.333 ms
[gpt_1] [Rank 0] <19:07:14.291> Iter 130 time: 398.26 ms
[gpt_1] [Rank 0] <19:07:14.678> Iter 131 time: 386.419 ms
[gpt_1] [Rank 0] <19:07:15.033> Iter 132 time: 355.588 ms
[gpt_1] [Rank 0] <19:07:15.277> Iter 133 time: 243.963 ms
[gpt_1] [Rank 0] <19:07:15.589> Iter 134 time: 311.437 ms
[gpt_1] [Rank 0] <19:07:15.873> Iter 135 time: 283.995 ms
[gpt_1] [Rank 0] <19:07:16.174> Iter 136 time: 301.162 ms
[gpt_1] [Rank 0] <19:07:16.410> Iter 137 time: 235.877 ms
[gpt_1] [Rank 0] <19:07:16.576> Iter 138 time: 165.947 ms
[gpt_1] [Rank 0] <19:07:16.781> Iter 139 time: 205.363 ms
[gpt_1] [Rank 0] <19:07:17.037> Iter 140 time: 255.985 ms
[gpt_1] [Rank 0] <19:07:17.298> Iter 141 time: 260.698 ms
[gpt_1] [Rank 0] <19:07:17.561> Iter 142 time: 262.729 ms
[gpt_1] [Rank 0] <19:07:17.845> Iter 143 time: 284.825 ms
[gpt_1] [Rank 0] <19:07:18.081> Iter 144 time: 235.752 ms
[gpt_1] [Rank 0] <19:07:18.370> Iter 145 time: 288.545 ms
[gpt_1] [Rank 0] <19:07:18.670> Iter 146 time: 300.271 ms
[gpt_1] [Rank 0] <19:07:18.974> Iter 147 time: 303.984 ms
[gpt_1] [Rank 0] <19:07:19.297> Iter 148 time: 323.431 ms
[gpt_1] [Rank 0] <19:07:19.622> Iter 149 time: 324.62 ms
[gpt_1] [Rank 0] <19:07:20.042> Iter 150 time: 420.272 ms
[gpt_1] (mean, median, min, max) = (291.483849ms, 288.113656ms, 165.947317ms, 472.470083ms)
[gpt_1] [Rank 0] <19:07:20.346> Iter 151 time: 303.569 ms
[gpt_1] [Rank 0] <19:07:20.648> Iter 152 time: 302.362 ms
[gpt_1] [Rank 0] <19:07:20.990> Iter 153 time: 341.753 ms
[gpt_1] [Rank 0] <19:07:21.354> Iter 154 time: 364.042 ms
[gpt_1] [Rank 0] <19:07:21.717> Iter 155 time: 363.252 ms
[gpt_1] [Rank 0] <19:07:22.070> Iter 156 time: 352.953 ms
[gpt_1] [Rank 0] <19:07:22.334> Iter 157 time: 263.781 ms
[gpt_1] [Rank 0] <19:07:22.622> Iter 158 time: 287.519 ms
[gpt_1] [Rank 0] <19:07:22.953> Iter 159 time: 331.77 ms
[gpt_1] [Rank 0] <19:07:23.321> Iter 160 time: 368.09 ms
[gpt_1] [Rank 0] <19:07:23.625> Iter 161 time: 304.035 ms
[gpt_1] [Rank 0] <19:07:23.861> Iter 162 time: 235.403 ms
[gpt_1] [Rank 0] <19:07:24.133> Iter 163 time: 272.554 ms
[gpt_1] [Rank 0] <19:07:24.395> Iter 164 time: 261.983 ms
[gpt_1] [Rank 0] <19:07:24.697> Iter 165 time: 301.916 ms
[gpt_1] [Rank 0] <19:07:25.013> Iter 166 time: 316.137 ms
[gpt_1] [Rank 0] <19:07:25.297> Iter 167 time: 283.986 ms
[gpt_1] [Rank 0] <19:07:25.532> Iter 168 time: 234.418 ms
[gpt_1] [Rank 0] <19:07:25.842> Iter 169 time: 309.991 ms
[gpt_1] [Rank 0] <19:07:26.144> Iter 170 time: 301.831 ms
[gpt_1] [Rank 0] <19:07:26.392> Iter 171 time: 248.438 ms
[gpt_1] [Rank 0] <19:07:26.694> Iter 172 time: 301.919 ms
[gpt_1] [Rank 0] <19:07:26.954> Iter 173 time: 259.459 ms
[gpt_1] [Rank 0] <19:07:27.256> Iter 174 time: 302.407 ms
[gpt_1] [Rank 0] <19:07:27.593> Iter 175 time: 337.343 ms
[gpt_1] [Rank 0] <19:07:27.897> Iter 176 time: 303.248 ms
[gpt_1] [Rank 0] <19:07:28.187> Iter 177 time: 290.018 ms
[gpt_1] [Rank 0] <19:07:28.470> Iter 178 time: 283.133 ms
[gpt_1] [Rank 0] <19:07:28.718> Iter 179 time: 248.09 ms
[gpt_1] [Rank 0] <19:07:29.017> Iter 180 time: 299.296 ms
[gpt_1] (mean, median, min, max) = (292.922564ms, 289.281525ms, 165.947317ms, 472.470083ms)
[gpt_1] [Rank 0] <19:07:29.261> Iter 181 time: 243.51 ms
[gpt_1] [Rank 0] <19:07:29.610> Iter 182 time: 349.362 ms
[gpt_1] [Rank 0] <19:07:29.917> Iter 183 time: 307.553 ms
[gpt_1] [Rank 0] <19:07:30.148> Iter 184 time: 230.46 ms
[gpt_1] [Rank 0] <19:07:30.574> Iter 185 time: 425.918 ms
[gpt_1] [Rank 0] <19:07:30.894> Iter 186 time: 319.933 ms
[gpt_1] [Rank 0] <19:07:31.266> Iter 187 time: 372.191 ms
[gpt_1] [Rank 0] <19:07:31.633> Iter 188 time: 367.108 ms
[gpt_1] [Rank 0] <19:07:31.916> Iter 189 time: 283.168 ms
[gpt_1] [Rank 0] <19:07:32.357> Iter 190 time: 441.167 ms
[gpt_1] [Rank 0] <19:07:32.697> Iter 191 time: 339.794 ms
[gpt_1] [Rank 0] <19:07:32.973> Iter 192 time: 275.88 ms
[gpt_1] [Rank 0] <19:07:33.260> Iter 193 time: 286.639 ms
[gpt_1] [Rank 0] <19:07:33.522> Iter 194 time: 262.187 ms
[gpt_1] [Rank 0] <19:07:33.890> Iter 195 time: 368.122 ms
[gpt_1] [Rank 0] <19:07:34.127> Iter 196 time: 237.362 ms
[gpt_1] [Rank 0] <19:07:34.397> Iter 197 time: 269.818 ms
[gpt_1] [Rank 0] <19:07:34.634> Iter 198 time: 236.825 ms
[gpt_1] [Rank 0] <19:07:34.894> Iter 199 time: 259.703 ms
[gpt_1] [Rank 0] <19:07:35.281> Iter 200 time: 387.682 ms
[gpt_1] [Rank 0] <19:07:35.530> Iter 201 time: 248.612 ms
[gpt_1] [Rank 0] <19:07:35.791> Iter 202 time: 261.387 ms
[gpt_1] [Rank 0] <19:07:36.061> Iter 203 time: 269.993 ms
[gpt_1] [Rank 0] <19:07:36.262> Iter 204 time: 200.127 ms
[gpt_1] [Rank 0] <19:07:36.617> Iter 205 time: 355.864 ms
[gpt_1] [Rank 0] <19:07:36.801> Iter 206 time: 184.038 ms
[gpt_1] [Rank 0] <19:07:37.006> Iter 207 time: 204.611 ms
[gpt_1] [Rank 0] <19:07:37.177> Iter 208 time: 170.683 ms
[gpt_1] [Rank 0] <19:07:37.355> Iter 209 time: 178.017 ms
[gpt_1] [Rank 0] <19:07:37.603> Iter 210 time: 248.582 ms
[gpt_1] (mean, median, min, max) = (291.862736ms, 288.113656ms, 165.947317ms, 472.470083ms)
[gpt_1] [Rank 0] <19:07:37.901> Iter 211 time: 298.1 ms
[gpt_1] [Rank 0] <19:07:38.139> Iter 212 time: 237.263 ms
[gpt_1] [Rank 0] <19:07:38.319> Iter 213 time: 179.877 ms
[gpt_1] [Rank 0] <19:07:38.577> Iter 214 time: 258.828 ms
[gpt_1] [Rank 0] <19:07:38.870> Iter 215 time: 292.623 ms
[gpt_1] [Rank 0] <19:07:39.154> Iter 216 time: 283.516 ms
[gpt_1] [Rank 0] <19:07:39.478> Iter 217 time: 324.46 ms
[gpt_1] [Rank 0] <19:07:39.778> Iter 218 time: 299.953 ms
[gpt_1] [Rank 0] <19:07:40.126> Iter 219 time: 348.036 ms
[gpt_1] [Rank 0] <19:07:40.524> Iter 220 time: 397.871 ms
[gpt_1] [Rank 0] <19:07:40.807> Iter 221 time: 282.865 ms
[gpt_1] [Rank 0] <19:07:41.057> Iter 222 time: 249.883 ms
[gpt_1] [Rank 0] <19:07:41.372> Iter 223 time: 315.434 ms
[gpt_1] [Rank 0] <19:07:41.699> Iter 224 time: 326.83 ms
[gpt_1] [Rank 0] <19:07:42.073> Iter 225 time: 374.548 ms
[gpt_1] [Rank 0] <19:07:42.394> Iter 226 time: 320.315 ms
[gpt_1] [Rank 0] <19:07:42.670> Iter 227 time: 276.283 ms
[gpt_1] [Rank 0] <19:07:42.998> Iter 228 time: 327.723 ms
[gpt_1] [Rank 0] <19:07:43.286> Iter 229 time: 288.266 ms
[gpt_1] [Rank 0] <19:07:43.613> Iter 230 time: 327.053 ms
[gpt_1] [Rank 0] <19:07:43.887> Iter 231 time: 273.529 ms
[gpt_1] [Rank 0] <19:07:44.125> Iter 232 time: 238.84 ms
[gpt_1] [Rank 0] <19:07:44.325> Iter 233 time: 199.405 ms
[gpt_1] [Rank 0] <19:07:44.593> Iter 234 time: 268.571 ms
[gpt_1] [Rank 0] <19:07:44.874> Iter 235 time: 280.481 ms
[gpt_1] [Rank 0] <19:07:45.160> Iter 236 time: 285.954 ms
[gpt_1] [Rank 0] <19:07:45.392> Iter 237 time: 231.875 ms
[gpt_1] [Rank 0] <19:07:45.653> Iter 238 time: 261.689 ms
[gpt_1] [Rank 0] <19:07:45.974> Iter 239 time: 320.393 ms
[gpt_1] [Rank 0] <19:07:46.354> Iter 240 time: 380.068 ms
[gpt_1] (mean, median, min, max) = (291.8385ms, 288.113656ms, 165.947317ms, 472.470083ms)
[gpt_1] [Rank 0] <19:07:46.669> Iter 241 time: 315.574 ms
[gpt_1] [Rank 0] <19:07:46.994> Iter 242 time: 324.158 ms
[gpt_1] [Rank 0] <19:07:47.273> Iter 243 time: 279.234 ms
[gpt_1] [Rank 0] <19:07:47.621> Iter 244 time: 348.463 ms
[gpt_1] [Rank 0] <19:07:47.929> Iter 245 time: 307.314 ms
[gpt_1] [Rank 0] <19:07:48.277> Iter 246 time: 348.802 ms
[gpt_1] [Rank 0] <19:07:48.582> Iter 247 time: 304.703 ms
[gpt_1] [Rank 0] <19:07:48.921> Iter 248 time: 338.409 ms
[gpt_1] [Rank 0] <19:07:49.209> Iter 249 time: 288.079 ms
[gpt_1] [Rank 0] <19:07:49.537> Iter 250 time: 328.808 ms
[gpt_1] [Rank 0] <19:07:49.833> Iter 251 time: 296 ms
[gpt_1] [Rank 0] <19:07:50.138> Iter 252 time: 304.562 ms
[gpt_1] [Rank 0] <19:07:50.474> Iter 253 time: 336.144 ms
[gpt_1] [Rank 0] <19:07:50.749> Iter 254 time: 274.705 ms
[gpt_1] [Rank 0] <19:07:51.181> Iter 255 time: 432.583 ms
[gpt_1] [Rank 0] <19:07:51.429> Iter 256 time: 247.165 ms
[gpt_1] [Rank 0] <19:07:51.724> Iter 257 time: 295.244 ms
[gpt_1] [Rank 0] <19:07:51.977> Iter 258 time: 252.82 ms
[gpt_1] [Rank 0] <19:07:52.225> Iter 259 time: 248.205 ms
[gpt_1] [Rank 0] <19:07:52.501> Iter 260 time: 275.982 ms
[gpt_1] [Rank 0] <19:07:52.762> Iter 261 time: 261.038 ms
[gpt_1] [Rank 0] <19:07:52.967> Iter 262 time: 204.973 ms
[gpt_1] [Rank 0] <19:07:53.254> Iter 263 time: 286.884 ms
[gpt_1] [Rank 0] <19:07:53.569> Iter 264 time: 315.209 ms
[gpt_1] [Rank 0] <19:07:53.953> Iter 265 time: 384.477 ms
[gpt_1] [Rank 0] <19:07:54.233> Iter 266 time: 279.697 ms
[gpt_1] [Rank 0] <19:07:54.522> Iter 267 time: 288.837 ms
[gpt_1] [Rank 0] <19:07:54.840> Iter 268 time: 317.822 ms
[gpt_1] [Rank 0] <19:07:55.123> Iter 269 time: 283.626 ms
[gpt_1] [Rank 0] <19:07:55.474> Iter 270 time: 350.606 ms
[gpt_1] (mean, median, min, max) = (293.298433ms, 288.329398ms, 165.947317ms, 472.470083ms)
[gpt_1] [Rank 0] <19:07:55.734> Iter 271 time: 259.969 ms
[gpt_1] [Rank 0] <19:07:55.968> Iter 272 time: 234.408 ms
[gpt_1] [Rank 0] <19:07:56.270> Iter 273 time: 301.65 ms
[gpt_1] [Rank 0] <19:07:56.506> Iter 274 time: 235.959 ms
[gpt_1] [Rank 0] <19:07:56.949> Iter 275 time: 443.449 ms
[gpt_1] [Rank 0] <19:07:57.182> Iter 276 time: 232.588 ms
[gpt_1] [Rank 0] <19:07:57.489> Iter 277 time: 306.829 ms
[gpt_1] [Rank 0] <19:07:57.758> Iter 278 time: 269.1 ms
[gpt_1] [Rank 0] <19:07:57.981> Iter 279 time: 222.871 ms
[gpt_1] [Rank 0] <19:07:58.488> Iter 280 time: 506.806 ms
[gpt_1] [Rank 0] <19:07:58.778> Iter 281 time: 290.574 ms
[gpt_1] [Rank 0] <19:07:59.061> Iter 282 time: 283.168 ms
[gpt_1] [Rank 0] <19:07:59.309> Iter 283 time: 247.461 ms
[gpt_1] [Rank 0] <19:07:59.598> Iter 284 time: 288.882 ms
[gpt_1] [Rank 0] <19:07:59.930> Iter 285 time: 332.32 ms
[gpt_1] [Rank 0] <19:08:00.169> Iter 286 time: 238.795 ms
[gpt_1] [Rank 0] <19:08:00.475> Iter 287 time: 305.647 ms
[gpt_1] [Rank 0] <19:08:00.695> Iter 288 time: 220.878 ms
[gpt_1] [Rank 0] <19:08:01.015> Iter 289 time: 320.087 ms
[gpt_1] [Rank 0] <19:08:01.426> Iter 290 time: 410.796 ms
[gpt_1] [Rank 0] <19:08:01.694> Iter 291 time: 267.79 ms
[gpt_1] [Rank 0] <19:08:02.046> Iter 292 time: 351.776 ms
[gpt_1] [Rank 0] <19:08:02.297> Iter 293 time: 251.525 ms
[gpt_1] [Rank 0] <19:08:02.645> Iter 294 time: 347.824 ms
[gpt_1] [Rank 0] <19:08:02.957> Iter 295 time: 312.251 ms
[gpt_1] [Rank 0] <19:08:03.195> Iter 296 time: 237.974 ms
[gpt_1] [Rank 0] <19:08:03.517> Iter 297 time: 322.016 ms
[gpt_1] [Rank 0] <19:08:03.685> Iter 298 time: 167.304 ms
[gpt_1] [Rank 0] <19:08:03.950> Iter 299 time: 265.559 ms
[gpt_1] [Rank 0] <19:08:04.269> Iter 300 time: 319.135 ms
[gpt_1] (mean, median, min, max) = (293.285766ms, 288.329398ms, 165.947317ms, 506.806855ms)
[gpt_1] [Rank 0] <19:08:04.521> Iter 301 time: 251.142 ms
[gpt_1] [Rank 0] <19:08:04.733> Iter 302 time: 212.47 ms
[gpt_1] [Rank 0] <19:08:04.974> Iter 303 time: 240.972 ms
[gpt_1] [Rank 0] <19:08:05.248> Iter 304 time: 274.193 ms
[gpt_1] [Rank 0] <19:08:05.478> Iter 305 time: 229.776 ms
[gpt_1] [Rank 0] <19:08:05.735> Iter 306 time: 256.637 ms
[gpt_1] [Rank 0] <19:08:05.991> Iter 307 time: 255.904 ms
[gpt_1] [Rank 0] <19:08:06.217> Iter 308 time: 226.904 ms
[gpt_1] [Rank 0] <19:08:06.425> Iter 309 time: 208.005 ms
[gpt_1] [Rank 0] <19:08:06.661> Iter 310 time: 236 ms
[gpt_1] [Rank 0] <19:08:06.938> Iter 311 time: 276.573 ms
[gpt_1] [Rank 0] <19:08:07.202> Iter 312 time: 263.731 ms
[gpt_1] [Rank 0] <19:08:07.427> Iter 313 time: 225.66 ms
[gpt_1] [Rank 0] <19:08:07.673> Iter 314 time: 245.787 ms
[gpt_1] [Rank 0] <19:08:08.009> Iter 315 time: 336.231 ms
[gpt_1] [Rank 0] <19:08:08.278> Iter 316 time: 268.525 ms
[gpt_1] [Rank 0] <19:08:08.521> Iter 317 time: 243.48 ms
[gpt_1] [Rank 0] <19:08:08.795> Iter 318 time: 273.943 ms
[gpt_1] [Rank 0] <19:08:09.114> Iter 319 time: 318.356 ms
[gpt_1] [Rank 0] <19:08:09.422> Iter 320 time: 308.022 ms
[gpt_1] [Rank 0] <19:08:09.721> Iter 321 time: 299.443 ms
[gpt_1] [Rank 0] <19:08:10.026> Iter 322 time: 305.088 ms
[gpt_1] [Rank 0] <19:08:10.341> Iter 323 time: 315.019 ms
[gpt_1] [Rank 0] <19:08:10.618> Iter 324 time: 276.579 ms
[gpt_1] [Rank 0] <19:08:10.900> Iter 325 time: 281.918 ms
[gpt_1] [Rank 0] <19:08:11.198> Iter 326 time: 298.225 ms
[gpt_1] [Rank 0] <19:08:11.473> Iter 327 time: 275.365 ms
[gpt_1] [Rank 0] <19:08:11.789> Iter 328 time: 316.042 ms
[gpt_1] [Rank 0] <19:08:12.070> Iter 329 time: 280.582 ms
[gpt_1] [Rank 0] <19:08:12.390> Iter 330 time: 319.989 ms
[gpt_1] (mean, median, min, max) = (291.098683ms, 287.666921ms, 165.947317ms, 506.806855ms)
[gpt_1] [Rank 0] <19:08:12.638> Iter 331 time: 247.986 ms
[gpt_1] [Rank 0] <19:08:12.994> Iter 332 time: 355.694 ms
[gpt_1] [Rank 0] <19:08:13.298> Iter 333 time: 304.033 ms
[gpt_1] [Rank 0] <19:08:13.697> Iter 334 time: 399.701 ms
[gpt_1] [Rank 0] <19:08:13.992> Iter 335 time: 294.357 ms
[gpt_1] [Rank 0] <19:08:14.313> Iter 336 time: 321.409 ms
[gpt_1] [Rank 0] <19:08:14.569> Iter 337 time: 255.883 ms
[gpt_1] [Rank 0] <19:08:14.858> Iter 338 time: 289.203 ms
[gpt_1] [Rank 0] <19:08:15.134> Iter 339 time: 275.731 ms
[gpt_1] [Rank 0] <19:08:15.445> Iter 340 time: 311.419 ms
[gpt_1] [Rank 0] <19:08:15.674> Iter 341 time: 228.594 ms
[gpt_1] [Rank 0] <19:08:15.937> Iter 342 time: 263.387 ms
[gpt_1] [Rank 0] <19:08:16.186> Iter 343 time: 248.592 ms
[gpt_1] [Rank 0] <19:08:16.389> Iter 344 time: 202.818 ms
[gpt_1] [Rank 0] <19:08:16.724> Iter 345 time: 335.549 ms
[gpt_1] [Rank 0] <19:08:17.018> Iter 346 time: 293.355 ms
[gpt_1] [Rank 0] <19:08:17.261> Iter 347 time: 243.703 ms
[gpt_1] [Rank 0] <19:08:17.513> Iter 348 time: 251.417 ms
[gpt_1] [Rank 0] <19:08:17.705> Iter 349 time: 192.157 ms
[gpt_1] [Rank 0] <19:08:17.942> Iter 350 time: 236.896 ms
[gpt_1] [Rank 0] <19:08:18.159> Iter 351 time: 217.519 ms
[gpt_1] [Rank 0] <19:08:18.357> Iter 352 time: 197.696 ms
[gpt_1] [Rank 0] <19:08:18.577> Iter 353 time: 220.334 ms
[gpt_1] [Rank 0] <19:08:18.822> Iter 354 time: 244.301 ms
[gpt_1] [Rank 0] <19:08:19.145> Iter 355 time: 322.867 ms
[gpt_1] [Rank 0] <19:08:19.446> Iter 356 time: 301.117 ms
[gpt_1] [Rank 0] <19:08:19.690> Iter 357 time: 244.55 ms
[gpt_1] [Rank 0] <19:08:19.960> Iter 358 time: 269.288 ms
[gpt_1] [Rank 0] <19:08:20.185> Iter 359 time: 225.866 ms
[gpt_1] [Rank 0] <19:08:20.503> Iter 360 time: 317.454 ms
[gpt_1] (mean, median, min, max) = (289.274952ms, 286.296849ms, 165.947317ms, 506.806855ms)
[gpt_1] [Rank 0] <19:08:20.753> Iter 361 time: 250.303 ms
[gpt_1] [Rank 0] <19:08:21.038> Iter 362 time: 284.676 ms
[gpt_1] [Rank 0] <19:08:21.345> Iter 363 time: 307.376 ms
[gpt_1] [Rank 0] <19:08:21.546> Iter 364 time: 200.757 ms
[gpt_1] [Rank 0] <19:08:21.925> Iter 365 time: 379.164 ms
[gpt_1] [Rank 0] <19:08:22.190> Iter 366 time: 264.802 ms
[gpt_1] [Rank 0] <19:08:22.466> Iter 367 time: 276.028 ms
[gpt_1] [Rank 0] <19:08:22.721> Iter 368 time: 254.522 ms
[gpt_1] [Rank 0] <19:08:22.978> Iter 369 time: 257.214 ms
[gpt_1] [Rank 0] <19:08:23.313> Iter 370 time: 335.686 ms
[gpt_1] [Rank 0] <19:08:23.598> Iter 371 time: 284.583 ms
[gpt_1] [Rank 0] <19:08:23.826> Iter 372 time: 227.724 ms
[gpt_1] [Rank 0] <19:08:24.061> Iter 373 time: 235.695 ms
[gpt_1] [Rank 0] <19:08:24.289> Iter 374 time: 227.254 ms
[gpt_1] [Rank 0] <19:08:24.642> Iter 375 time: 353.324 ms
[gpt_1] [Rank 0] <19:08:24.933> Iter 376 time: 291.183 ms
[gpt_1] [Rank 0] <19:08:25.174> Iter 377 time: 240.834 ms
[gpt_1] [Rank 0] <19:08:25.414> Iter 378 time: 239.849 ms
[gpt_1] [Rank 0] <19:08:25.730> Iter 379 time: 316.135 ms
[gpt_1] [Rank 0] <19:08:26.194> Iter 380 time: 463.532 ms
[gpt_1] [Rank 0] <19:08:26.401> Iter 381 time: 207.312 ms
[gpt_1] [Rank 0] <19:08:26.683> Iter 382 time: 282.131 ms
[gpt_1] [Rank 0] <19:08:26.989> Iter 383 time: 306.37 ms
[gpt_1] [Rank 0] <19:08:27.255> Iter 384 time: 266.025 ms
[gpt_1] [Rank 0] <19:08:27.670> Iter 385 time: 414.5 ms
[gpt_1] [Rank 0] <19:08:27.903> Iter 386 time: 233.519 ms
[gpt_1] [Rank 0] <19:08:28.175> Iter 387 time: 271.89 ms
[gpt_1] [Rank 0] <19:08:28.416> Iter 388 time: 241.132 ms
[gpt_1] [Rank 0] <19:08:28.686> Iter 389 time: 269.767 ms
[gpt_1] [Rank 0] <19:08:29.033> Iter 390 time: 347.216 ms
[gpt_1] (mean, median, min, max) = (288.875673ms, 284.289442ms, 165.947317ms, 506.806855ms)
[gpt_1] [Rank 0] <19:08:29.233> Iter 391 time: 199.795 ms
[gpt_1] [Rank 0] <19:08:29.513> Iter 392 time: 279.545 ms
[gpt_1] [Rank 0] <19:08:29.785> Iter 393 time: 272.441 ms
[gpt_1] [Rank 0] <19:08:30.041> Iter 394 time: 255.435 ms
[gpt_1] [Rank 0] <19:08:30.318> Iter 395 time: 276.995 ms
[gpt_1] [Rank 0] <19:08:30.567> Iter 396 time: 249.243 ms
[gpt_1] [Rank 0] <19:08:30.851> Iter 397 time: 284.479 ms
[gpt_1] [Rank 0] <19:08:31.198> Iter 398 time: 346.672 ms
[gpt_1] [Rank 0] <19:08:31.562> Iter 399 time: 364.206 ms
[gpt_1] [Rank 0] <19:08:31.890> Iter 400 time: 327.492 ms
[gpt_1] [Rank 0] <19:08:32.205> Iter 401 time: 315.679 ms
[gpt_1] [Rank 0] <19:08:32.462> Iter 402 time: 256.461 ms
[gpt_1] [Rank 0] <19:08:32.842> Iter 403 time: 379.731 ms
[gpt_1] [Rank 0] <19:08:33.109> Iter 404 time: 267.834 ms
[gpt_1] [Rank 0] <19:08:33.446> Iter 405 time: 336.604 ms
[gpt_1] [Rank 0] <19:08:33.766> Iter 406 time: 319.683 ms
[gpt_1] [Rank 0] <19:08:34.041> Iter 407 time: 275.688 ms
[gpt_1] [Rank 0] <19:08:34.294> Iter 408 time: 252.633 ms
[gpt_1] [Rank 0] <19:08:34.554> Iter 409 time: 259.917 ms
[gpt_1] [Rank 0] <19:08:34.850> Iter 410 time: 296.464 ms
[gpt_1] [Rank 0] <19:08:35.118> Iter 411 time: 267.299 ms
[gpt_1] [Rank 0] <19:08:35.457> Iter 412 time: 339.686 ms
[gpt_1] [Rank 0] <19:08:35.737> Iter 413 time: 280.013 ms
[gpt_1] [Rank 0] <19:08:36.022> Iter 414 time: 284.886 ms
[gpt_1] [Rank 0] <19:08:36.330> Iter 415 time: 307.516 ms
[gpt_1] [Rank 0] <19:08:36.682> Iter 416 time: 352.206 ms
[gpt_1] [Rank 0] <19:08:37.038> Iter 417 time: 356.013 ms
[gpt_1] [Rank 0] <19:08:37.249> Iter 418 time: 210.572 ms
[gpt_1] [Rank 0] <19:08:37.482> Iter 419 time: 233.198 ms
[gpt_1] [Rank 0] <19:08:37.805> Iter 420 time: 323.598 ms
[gpt_1] (mean, median, min, max) = (289.139993ms, 284.237668ms, 165.947317ms, 506.806855ms)
[gpt_1] [Rank 0] <19:08:38.040> Iter 421 time: 234.594 ms
[gpt_1] [Rank 0] <19:08:38.290> Iter 422 time: 250.034 ms
[gpt_1] [Rank 0] <19:08:38.585> Iter 423 time: 294.646 ms
[gpt_1] [Rank 0] <19:08:38.850> Iter 424 time: 265.205 ms
[gpt_1] [Rank 0] <19:08:39.166> Iter 425 time: 316.582 ms
[gpt_1] [Rank 0] <19:08:39.410> Iter 426 time: 243.79 ms
[gpt_1] [Rank 0] <19:08:39.617> Iter 427 time: 207.161 ms
[gpt_1] [Rank 0] <19:08:39.865> Iter 428 time: 247.421 ms
[gpt_1] [Rank 0] <19:08:40.101> Iter 429 time: 236.362 ms
[gpt_1] [Rank 0] <19:08:40.337> Iter 430 time: 236.242 ms
[gpt_1] [Rank 0] <19:08:40.570> Iter 431 time: 232.598 ms
[gpt_1] [Rank 0] <19:08:40.853> Iter 432 time: 283.387 ms
[gpt_1] [Rank 0] <19:08:41.074> Iter 433 time: 220.62 ms
[gpt_1] [Rank 0] <19:08:41.310> Iter 434 time: 235.787 ms
[gpt_1] [Rank 0] <19:08:41.594> Iter 435 time: 284.622 ms
[gpt_1] [Rank 0] <19:08:41.809> Iter 436 time: 214.972 ms
[gpt_1] [Rank 0] <19:08:42.049> Iter 437 time: 239.745 ms
[gpt_1] [Rank 0] <19:08:42.254> Iter 438 time: 204.567 ms
[gpt_1] [Rank 0] <19:08:42.488> Iter 439 time: 234.147 ms
[gpt_1] [Rank 0] <19:08:42.710> Iter 440 time: 222.025 ms
[gpt_1] [Rank 0] <19:08:42.905> Iter 441 time: 195.495 ms
[gpt_1] [Rank 0] <19:08:43.138> Iter 442 time: 232.453 ms
[gpt_1] [Rank 0] <19:08:43.387> Iter 443 time: 248.675 ms
[gpt_1] [Rank 0] <19:08:43.683> Iter 444 time: 296.402 ms
[gpt_1] [Rank 0] <19:08:43.970> Iter 445 time: 287.071 ms
[gpt_1] [Rank 0] <19:08:44.233> Iter 446 time: 262.819 ms
[gpt_1] [Rank 0] <19:08:44.482> Iter 447 time: 248.882 ms
[gpt_1] [Rank 0] <19:08:44.708> Iter 448 time: 226.473 ms
[gpt_1] [Rank 0] <19:08:44.985> Iter 449 time: 277.236 ms
[gpt_1] [Rank 0] <19:08:45.254> Iter 450 time: 268.618 ms
[gpt_1] (mean, median, min, max) = (286.289868ms, 282.498502ms, 165.947317ms, 506.806855ms)
[gpt_1] [Rank 0] <19:08:45.493> Iter 451 time: 238.888 ms
[gpt_1] [Rank 0] <19:08:45.753> Iter 452 time: 259.898 ms
[gpt_1] [Rank 0] <19:08:46.021> Iter 453 time: 268.571 ms
[gpt_1] [Rank 0] <19:08:46.241> Iter 454 time: 219.777 ms
[gpt_1] [Rank 0] <19:08:46.538> Iter 455 time: 297.228 ms
[gpt_1] [Rank 0] <19:08:46.779> Iter 456 time: 240.64 ms
[gpt_1] [Rank 0] <19:08:47.029> Iter 457 time: 250.124 ms
[gpt_1] [Rank 0] <19:08:47.337> Iter 458 time: 308.25 ms
[gpt_1] [Rank 0] <19:08:47.564> Iter 459 time: 226.058 ms
[gpt_1] [Rank 0] <19:08:47.853> Iter 460 time: 289.351 ms
[gpt_1] [Rank 0] <19:08:48.086> Iter 461 time: 232.99 ms
[gpt_1] [Rank 0] <19:08:48.341> Iter 462 time: 255.038 ms
[gpt_1] [Rank 0] <19:08:48.602> Iter 463 time: 260.851 ms
[gpt_1] [Rank 0] <19:08:48.873> Iter 464 time: 271.71 ms
[gpt_1] [Rank 0] <19:08:49.160> Iter 465 time: 286.485 ms
[gpt_1] [Rank 0] <19:08:49.446> Iter 466 time: 286.104 ms
[gpt_1] [Rank 0] <19:08:49.705> Iter 467 time: 258.936 ms
[gpt_1] [Rank 0] <19:08:50.000> Iter 468 time: 294.863 ms
[gpt_1] [Rank 0] <19:08:50.308> Iter 469 time: 308.335 ms
[gpt_1] [Rank 0] <19:08:50.649> Iter 470 time: 340.335 ms
[gpt_1] [Rank 0] <19:08:50.969> Iter 471 time: 320.825 ms
[gpt_1] [Rank 0] <19:08:51.230> Iter 472 time: 260.71 ms
[gpt_1] [Rank 0] <19:08:51.570> Iter 473 time: 339.967 ms
[gpt_1] [Rank 0] <19:08:51.864> Iter 474 time: 293.573 ms
[gpt_1] [Rank 0] <19:08:52.138> Iter 475 time: 274.3 ms
[gpt_1] [Rank 0] <19:08:52.388> Iter 476 time: 250.106 ms
[gpt_1] [Rank 0] <19:08:52.712> Iter 477 time: 323.667 ms
[gpt_1] [Rank 0] <19:08:53.012> Iter 478 time: 300.487 ms
[gpt_1] [Rank 0] <19:08:53.270> Iter 479 time: 258.287 ms
[gpt_1] [Rank 0] <19:08:53.642> Iter 480 time: 371.598 ms
[gpt_1] (mean, median, min, max) = (285.853502ms, 282.02505ms, 165.947317ms, 506.806855ms)
[gpt_1] [Rank 0] <19:08:53.894> Iter 481 time: 251.829 ms
[gpt_1] [Rank 0] <19:08:54.165> Iter 482 time: 271.088 ms
[gpt_1] [Rank 0] <19:08:54.408> Iter 483 time: 242.956 ms
[gpt_1] [Rank 0] <19:08:54.637> Iter 484 time: 228.946 ms
[gpt_1] [Rank 0] <19:08:54.926> Iter 485 time: 288.885 ms
[gpt_1] [Rank 0] <19:08:55.171> Iter 486 time: 245.582 ms
[gpt_1] [Rank 0] <19:08:55.445> Iter 487 time: 274.133 ms
[gpt_1] [Rank 0] <19:08:55.686> Iter 488 time: 240.612 ms
[gpt_1] [Rank 0] <19:08:55.941> Iter 489 time: 255.373 ms
[gpt_1] [Rank 0] <19:08:56.250> Iter 490 time: 308.131 ms
[gpt_1] [Rank 0] <19:08:56.554> Iter 491 time: 304.454 ms
[gpt_1] [Rank 0] <19:08:56.802> Iter 492 time: 247.849 ms
[gpt_1] [Rank 0] <19:08:57.046> Iter 493 time: 243.827 ms
[gpt_1] [Rank 0] <19:08:57.258> Iter 494 time: 212.044 ms
[gpt_1] [Rank 0] <19:08:57.508> Iter 495 time: 249.933 ms
[gpt_1] [Rank 0] <19:08:57.806> Iter 496 time: 298.373 ms
[gpt_1] [Rank 0] <19:08:58.073> Iter 497 time: 267.379 ms
[gpt_1] [Rank 0] <19:08:58.313> Iter 498 time: 239.773 ms
[gpt_1] [Rank 0] <19:08:58.538> Iter 499 time: 224.575 ms
[gpt_1] [Rank 0] <19:08:58.873> Iter 500 time: 335.645 ms
[gpt_1] [Rank 0] <19:08:59.130> Iter 501 time: 256.155 ms
[gpt_1] [Rank 0] <19:08:59.317> Iter 502 time: 187.416 ms
[gpt_1] [Rank 0] <19:08:59.525> Iter 503 time: 207.591 ms
[gpt_1] [Rank 0] <19:08:59.806> Iter 504 time: 281.451 ms
[gpt_1] [Rank 0] <19:09:00.114> Iter 505 time: 307.975 ms
[gpt_1] [Rank 0] <19:09:00.358> Iter 506 time: 243.783 ms
[gpt_1] [Rank 0] <19:09:00.654> Iter 507 time: 296.236 ms
[gpt_1] [Rank 0] <19:09:00.954> Iter 508 time: 300.437 ms
[gpt_1] [Rank 0] <19:09:01.270> Iter 509 time: 315.249 ms
[gpt_1] [Rank 0] <19:09:01.537> Iter 510 time: 267.713 ms
[gpt_1] (mean, median, min, max) = (284.465344ms, 279.85516ms, 165.947317ms, 506.806855ms)
[gpt_1] [Rank 0] <19:09:01.806> Iter 511 time: 268.547 ms
[gpt_1] [Rank 0] <19:09:02.109> Iter 512 time: 302.965 ms
[gpt_1] [Rank 0] <19:09:02.366> Iter 513 time: 257.495 ms
[gpt_1] [Rank 0] <19:09:02.610> Iter 514 time: 243.562 ms
[gpt_1] [Rank 0] <19:09:02.910> Iter 515 time: 299.807 ms
[gpt_1] [Rank 0] <19:09:03.202> Iter 516 time: 292.179 ms
[gpt_1] [Rank 0] <19:09:03.441> Iter 517 time: 239.091 ms
[gpt_1] [Rank 0] <19:09:03.666> Iter 518 time: 225.191 ms
[gpt_1] [Rank 0] <19:09:03.894> Iter 519 time: 227.736 ms
[gpt_1] [Rank 0] <19:09:04.190> Iter 520 time: 295.993 ms
[gpt_1] [Rank 0] <19:09:04.429> Iter 521 time: 238.586 ms
[gpt_1] [Rank 0] <19:09:04.713> Iter 522 time: 284.854 ms
[gpt_1] [Rank 0] <19:09:04.930> Iter 523 time: 216.439 ms
[gpt_1] [Rank 0] <19:09:05.174> Iter 524 time: 244.375 ms
[gpt_1] [Rank 0] <19:09:05.503> Iter 525 time: 328.461 ms
[gpt_1] [Rank 0] <19:09:05.789> Iter 526 time: 286.716 ms
[gpt_1] [Rank 0] <19:09:06.037> Iter 527 time: 247.989 ms
[gpt_1] [Rank 0] <19:09:06.269> Iter 528 time: 231.995 ms
[gpt_1] [Rank 0] <19:09:06.505> Iter 529 time: 235.766 ms
[gpt_1] [Rank 0] <19:09:06.837> Iter 530 time: 331.793 ms
[gpt_1] [Rank 0] <19:09:07.114> Iter 531 time: 277.484 ms
[gpt_1] [Rank 0] <19:09:07.378> Iter 532 time: 263.854 ms
[gpt_1] [Rank 0] <19:09:07.570> Iter 533 time: 191.536 ms
[gpt_1] [Rank 0] <19:09:07.857> Iter 534 time: 287.578 ms
[gpt_1] [Rank 0] <19:09:08.133> Iter 535 time: 275.785 ms
[gpt_1] [Rank 0] <19:09:08.429> Iter 536 time: 296.207 ms
[gpt_1] [Rank 0] <19:09:08.713> Iter 537 time: 283.962 ms
[gpt_1] [Rank 0] <19:09:08.950> Iter 538 time: 236.33 ms
[gpt_1] [Rank 0] <19:09:09.244> Iter 539 time: 293.943 ms
[gpt_1] [Rank 0] <19:09:09.577> Iter 540 time: 333.186 ms
[gpt_1] (mean, median, min, max) = (283.514299ms, 279.389911ms, 165.947317ms, 506.806855ms)
[gpt_1] [Rank 0] <19:09:09.805> Iter 541 time: 228.597 ms
[gpt_1] [Rank 0] <19:09:10.102> Iter 542 time: 296.986 ms
[gpt_1] [Rank 0] <19:09:10.402> Iter 543 time: 299.456 ms
[gpt_1] [Rank 0] <19:09:10.638> Iter 544 time: 235.985 ms
[gpt_1] [Rank 0] <19:09:10.981> Iter 545 time: 343.552 ms
[gpt_1] [Rank 0] <19:09:11.282> Iter 546 time: 300.617 ms
[gpt_1] [Rank 0] <19:09:11.529> Iter 547 time: 246.65 ms
[gpt_1] [Rank 0] <19:09:11.725> Iter 548 time: 196.155 ms
[gpt_1] [Rank 0] <19:09:12.026> Iter 549 time: 301.141 ms
[gpt_1] [Rank 0] <19:09:12.400> Iter 550 time: 373.608 ms
[gpt_1] [Rank 0] <19:09:12.714> Iter 551 time: 314.419 ms
[gpt_1] [Rank 0] <19:09:12.974> Iter 552 time: 260.001 ms
[gpt_1] [Rank 0] <19:09:13.358> Iter 553 time: 383.998 ms
[gpt_1] [Rank 0] <19:09:13.610> Iter 554 time: 251.638 ms
[gpt_1] [Rank 0] <19:09:13.906> Iter 555 time: 296.329 ms
[gpt_1] [Rank 0] <19:09:14.162> Iter 556 time: 256.173 ms
[gpt_1] [Rank 0] <19:09:14.397> Iter 557 time: 234.682 ms
[gpt_1] [Rank 0] <19:09:14.705> Iter 558 time: 308.348 ms
[gpt_1] [Rank 0] <19:09:14.918> Iter 559 time: 212.532 ms
[gpt_1] [Rank 0] <19:09:15.306> Iter 560 time: 388.439 ms
[gpt_1] [Rank 0] <19:09:15.617> Iter 561 time: 311.258 ms
[gpt_1] [Rank 0] <19:09:15.861> Iter 562 time: 243.201 ms
[gpt_1] [Rank 0] <19:09:16.082> Iter 563 time: 221.249 ms
[gpt_1] [Rank 0] <19:09:16.266> Iter 564 time: 184.028 ms
[gpt_1] [Rank 0] <19:09:16.605> Iter 565 time: 338.946 ms
[gpt_1] [Rank 0] <19:09:16.970> Iter 566 time: 365.184 ms
[gpt_1] [Rank 0] <19:09:17.291> Iter 567 time: 321.094 ms
[gpt_1] [Rank 0] <19:09:17.605> Iter 568 time: 314.319 ms
[gpt_1] [Rank 0] <19:09:17.918> Iter 569 time: 312.579 ms
[gpt_1] [Rank 0] <19:09:18.302> Iter 570 time: 383.818 ms
[gpt_1] (mean, median, min, max) = (283.913515ms, 280.247575ms, 165.947317ms, 506.806855ms)
[gpt_1] [Rank 0] <19:09:18.638> Iter 571 time: 336.141 ms
[gpt_1] [Rank 0] <19:09:19.093> Iter 572 time: 455.428 ms
[gpt_1] [Rank 0] <19:09:19.406> Iter 573 time: 312.338 ms
[gpt_1] [Rank 0] <19:09:19.605> Iter 574 time: 199.66 ms
[gpt_1] [Rank 0] <19:09:19.974> Iter 575 time: 368.64 ms
[gpt_1] [Rank 0] <19:09:20.185> Iter 576 time: 210.842 ms
[gpt_1] [Rank 0] <19:09:20.464> Iter 577 time: 279.467 ms
[gpt_1] [Rank 0] <19:09:20.742> Iter 578 time: 277.675 ms
[gpt_1] [Rank 0] <19:09:21.071> Iter 579 time: 329.329 ms
[gpt_1] [Rank 0] <19:09:21.330> Iter 580 time: 258.664 ms
[gpt_1] [Rank 0] <19:09:21.567> Iter 581 time: 237.367 ms
[gpt_1] [Rank 0] <19:09:21.845> Iter 582 time: 277.544 ms
[gpt_1] [Rank 0] <19:09:22.125> Iter 583 time: 280.115 ms
[gpt_1] [Rank 0] <19:09:22.362> Iter 584 time: 236.682 ms
[gpt_1] [Rank 0] <19:09:22.646> Iter 585 time: 283.923 ms
[gpt_1] [Rank 0] <19:09:22.982> Iter 586 time: 336.342 ms
[gpt_1] [Rank 0] <19:09:23.342> Iter 587 time: 360.025 ms
[gpt_1] [Rank 0] <19:09:23.613> Iter 588 time: 271.373 ms
[gpt_1] [Rank 0] <19:09:23.906> Iter 589 time: 293.06 ms
[gpt_1] [Rank 0] <19:09:24.285> Iter 590 time: 378.949 ms
[gpt_1] [Rank 0] <19:09:24.535> Iter 591 time: 249.661 ms
[gpt_1] [Rank 0] <19:09:24.874> Iter 592 time: 338.943 ms
[gpt_1] [Rank 0] <19:09:25.261> Iter 593 time: 387.405 ms
[gpt_1] [Rank 0] <19:09:25.568> Iter 594 time: 306.213 ms
[gpt_1] [Rank 0] <19:09:25.906> Iter 595 time: 338.226 ms
[gpt_1] [Rank 0] <19:09:26.225> Iter 596 time: 319.54 ms
[gpt_1] [Rank 0] <19:09:26.514> Iter 597 time: 288.603 ms
[gpt_1] [Rank 0] <19:09:26.826> Iter 598 time: 311.872 ms
[gpt_1] [Rank 0] <19:09:27.174> Iter 599 time: 347.979 ms
[gpt_1] [Rank 0] <19:09:27.558> Iter 600 time: 384.173 ms
[gpt_1] (mean, median, min, max) = (285.187288ms, 281.684816ms, 165.947317ms, 506.806855ms)
[gpt_1] [Rank 0] <19:09:27.870> Iter 601 time: 311.978 ms
[gpt_1] [Rank 0] <19:09:28.141> Iter 602 time: 271.401 ms
[gpt_1] [Rank 0] <19:09:28.498> Iter 603 time: 356.093 ms
[gpt_1] [Rank 0] <19:09:28.768> Iter 604 time: 270.955 ms
[gpt_1] [Rank 0] <19:09:29.197> Iter 605 time: 428.376 ms
[gpt_1] [Rank 0] <19:09:29.392> Iter 606 time: 194.874 ms
[gpt_1] [Rank 0] <19:09:29.659> Iter 607 time: 266.964 ms
[gpt_1] [Rank 0] <19:09:29.969> Iter 608 time: 310.161 ms
[gpt_1] [Rank 0] <19:09:30.285> Iter 609 time: 316.001 ms
[gpt_1] [Rank 0] <19:09:30.702> Iter 610 time: 417.162 ms
[gpt_1] [Rank 0] <19:09:30.973> Iter 611 time: 271.425 ms
[gpt_1] [Rank 0] <19:09:31.202> Iter 612 time: 228.559 ms
[gpt_1] [Rank 0] <19:09:31.498> Iter 613 time: 295.655 ms
[gpt_1] [Rank 0] <19:09:31.758> Iter 614 time: 260.329 ms
[gpt_1] [Rank 0] <19:09:32.050> Iter 615 time: 292.035 ms
[gpt_1] [Rank 0] <19:09:32.312> Iter 616 time: 261.797 ms
[gpt_1] [Rank 0] <19:09:32.557> Iter 617 time: 245.602 ms
[gpt_1] [Rank 0] <19:09:32.807> Iter 618 time: 249.972 ms
[gpt_1] [Rank 0] <19:09:33.022> Iter 619 time: 214.641 ms
[gpt_1] [Rank 0] <19:09:33.325> Iter 620 time: 303.142 ms
[gpt_1] [Rank 0] <19:09:33.589> Iter 621 time: 263.471 ms
[gpt_1] [Rank 0] <19:09:33.930> Iter 622 time: 341.769 ms
[gpt_1] [Rank 0] <19:09:34.167> Iter 623 time: 236.968 ms
[gpt_1] [Rank 0] <19:09:34.529> Iter 624 time: 362.027 ms
[gpt_1] [Rank 0] <19:09:34.891> Iter 625 time: 361.495 ms
[gpt_1] [Rank 0] <19:09:35.177> Iter 626 time: 286.501 ms
[gpt_1] [Rank 0] <19:09:35.429> Iter 627 time: 251.437 ms
[gpt_1] [Rank 0] <19:09:35.747> Iter 628 time: 317.715 ms
[gpt_1] [Rank 0] <19:09:36.094> Iter 629 time: 347.451 ms
[gpt_1] [Rank 0] <19:09:36.526> Iter 630 time: 431.53 ms
[gpt_1] (mean, median, min, max) = (285.862506ms, 282.02505ms, 165.947317ms, 506.806855ms)
[gpt_1] [Rank 0] <19:09:36.814> Iter 631 time: 288.255 ms
[gpt_1] [Rank 0] <19:09:37.101> Iter 632 time: 287.632 ms
[gpt_1] [Rank 0] <19:09:37.321> Iter 633 time: 219.179 ms
[gpt_1] [Rank 0] <19:09:37.558> Iter 634 time: 237.819 ms
[gpt_1] [Rank 0] <19:09:37.912> Iter 635 time: 353.772 ms
[gpt_1] [Rank 0] <19:09:38.145> Iter 636 time: 233.004 ms
[gpt_1] [Rank 0] <19:09:38.431> Iter 637 time: 286.186 ms
[gpt_1] [Rank 0] <19:09:38.701> Iter 638 time: 269.794 ms
[gpt_1] [Rank 0] <19:09:38.973> Iter 639 time: 271.995 ms
[gpt_1] [Rank 0] <19:09:39.281> Iter 640 time: 308.27 ms
[gpt_1] [Rank 0] <19:09:39.525> Iter 641 time: 243.198 ms
[gpt_1] [Rank 0] <19:09:39.790> Iter 642 time: 265.351 ms
[gpt_1] [Rank 0] <19:09:40.094> Iter 643 time: 303.998 ms
[gpt_1] [Rank 0] <19:09:40.341> Iter 644 time: 247.393 ms
[gpt_1] [Rank 0] <19:09:40.653> Iter 645 time: 312.001 ms
[gpt_1] [Rank 0] <19:09:40.946> Iter 646 time: 292.632 ms
[gpt_1] [Rank 0] <19:09:41.246> Iter 647 time: 299.83 ms
[gpt_1] [Rank 0] <19:09:41.489> Iter 648 time: 242.706 ms
[gpt_1] [Rank 0] <19:09:41.838> Iter 649 time: 349.307 ms
[gpt_1] [Rank 0] <19:09:42.126> Iter 650 time: 288.18 ms
[gpt_1] [Rank 0] <19:09:42.442> Iter 651 time: 316.189 ms
[gpt_1] [Rank 0] <19:09:42.833> Iter 652 time: 390.928 ms
[gpt_1] [Rank 0] <19:09:43.106> Iter 653 time: 272.867 ms
[gpt_1] [Rank 0] <19:09:43.386> Iter 654 time: 279.959 ms
[gpt_1] [Rank 0] <19:09:43.685> Iter 655 time: 299.412 ms
[gpt_1] [Rank 0] <19:09:43.957> Iter 656 time: 271.259 ms
[gpt_1] [Rank 0] <19:09:44.226> Iter 657 time: 269.332 ms
[gpt_1] [Rank 0] <19:09:44.529> Iter 658 time: 303.427 ms
[gpt_1] [Rank 0] <19:09:44.801> Iter 659 time: 271.871 ms
[gpt_1] [Rank 0] <19:09:45.097> Iter 660 time: 295.899 ms
[gpt_1] (mean, median, min, max) = (285.855916ms, 282.498502ms, 165.947317ms, 506.806855ms)
[gpt_1] [Rank 0] <19:09:45.394> Iter 661 time: 296.808 ms
[gpt_1] [Rank 0] <19:09:45.580> Iter 662 time: 186.02 ms
[gpt_1] [Rank 0] <19:09:45.814> Iter 663 time: 233.975 ms
[gpt_1] [Rank 0] <19:09:46.161> Iter 664 time: 347.419 ms
[gpt_1] [Rank 0] <19:09:46.541> Iter 665 time: 379.762 ms
[gpt_1] [Rank 0] <19:09:46.877> Iter 666 time: 336.247 ms
[gpt_1] [Rank 0] <19:09:47.117> Iter 667 time: 239.787 ms
[gpt_1] [Rank 0] <19:09:47.438> Iter 668 time: 320.795 ms
[gpt_1] [Rank 0] <19:09:47.662> Iter 669 time: 223.797 ms
[gpt_1] [Rank 0] <19:09:48.050> Iter 670 time: 387.921 ms
[gpt_1] [Rank 0] <19:09:48.309> Iter 671 time: 259.669 ms
[gpt_1] [Rank 0] <19:09:48.561> Iter 672 time: 252.004 ms
[gpt_1] [Rank 0] <19:09:48.801> Iter 673 time: 240.037 ms
[gpt_1] [Rank 0] <19:09:49.021> Iter 674 time: 219.793 ms
[gpt_1] [Rank 0] <19:09:49.278> Iter 675 time: 256.746 ms
[gpt_1] [Rank 0] <19:09:49.561> Iter 676 time: 283.049 ms
[gpt_1] [Rank 0] <19:09:49.845> Iter 677 time: 284.146 ms
[gpt_1] [Rank 0] <19:09:50.121> Iter 678 time: 276.226 ms
[gpt_1] [Rank 0] <19:09:50.410> Iter 679 time: 288.324 ms
[gpt_1] [Rank 0] <19:09:50.773> Iter 680 time: 363.679 ms
[gpt_1] [Rank 0] <19:09:51.026> Iter 681 time: 252.592 ms
[gpt_1] [Rank 0] <19:09:51.261> Iter 682 time: 235.289 ms
[gpt_1] [Rank 0] <19:09:51.482> Iter 683 time: 220.713 ms
[gpt_1] [Rank 0] <19:09:51.710> Iter 684 time: 227.703 ms
[gpt_1] [Rank 0] <19:09:52.001> Iter 685 time: 291.695 ms
[gpt_1] [Rank 0] <19:09:52.206> Iter 686 time: 204.453 ms
[gpt_1] [Rank 0] <19:09:52.405> Iter 687 time: 198.98 ms
[gpt_1] [Rank 0] <19:09:52.617> Iter 688 time: 211.997 ms
[gpt_1] [Rank 0] <19:09:52.869> Iter 689 time: 252.458 ms
[gpt_1] [Rank 0] <19:09:53.120> Iter 690 time: 251.101 ms
[gpt_1] (mean, median, min, max) = (285.031322ms, 280.954762ms, 165.947317ms, 506.806855ms)
[gpt_1] [Rank 0] <19:09:53.330> Iter 691 time: 209.624 ms
[gpt_1] [Rank 0] <19:09:53.607> Iter 692 time: 277.333 ms
[gpt_1] [Rank 0] <19:09:53.865> Iter 693 time: 258.075 ms
[gpt_1] [Rank 0] <19:09:54.144> Iter 694 time: 278.91 ms
[gpt_1] [Rank 0] <19:09:54.461> Iter 695 time: 317.05 ms
[gpt_1] [Rank 0] <19:09:54.781> Iter 696 time: 320.03 ms
[gpt_1] [Rank 0] <19:09:55.046> Iter 697 time: 264.597 ms
[gpt_1] [Rank 0] <19:09:55.398> Iter 698 time: 351.611 ms
[gpt_1] [Rank 0] <19:09:55.633> Iter 699 time: 234.985 ms
[gpt_1] [Rank 0] <19:09:56.014> Iter 700 time: 381.273 ms
[gpt_1] [Rank 0] <19:09:56.294> Iter 701 time: 279.684 ms
[gpt_1] [Rank 0] <19:09:56.650> Iter 702 time: 356.439 ms
[gpt_1] [Rank 0] <19:09:56.929> Iter 703 time: 279.418 ms
[gpt_1] [Rank 0] <19:09:57.265> Iter 704 time: 335.983 ms
[gpt_1] [Rank 0] <19:09:57.606> Iter 705 time: 340.601 ms
[gpt_1] [Rank 0] <19:09:57.922> Iter 706 time: 315.842 ms
[gpt_1] [Rank 0] <19:09:58.225> Iter 707 time: 302.979 ms
[gpt_1] [Rank 0] <19:09:58.497> Iter 708 time: 272.216 ms
[gpt_1] [Rank 0] <19:09:58.754> Iter 709 time: 256.811 ms
[gpt_1] [Rank 0] <19:09:59.048> Iter 710 time: 293.997 ms
[gpt_1] [Rank 0] <19:09:59.358> Iter 711 time: 310.125 ms
[gpt_1] [Rank 0] <19:09:59.642> Iter 712 time: 283.99 ms
[gpt_1] [Rank 0] <19:09:59.962> Iter 713 time: 319.994 ms
[gpt_1] [Rank 0] <19:10:00.262> Iter 714 time: 300.019 ms
[gpt_1] [Rank 0] <19:10:00.719> Iter 715 time: 456.647 ms
[gpt_1] [Rank 0] <19:10:00.989> Iter 716 time: 269.988 ms
[gpt_1] [Rank 0] <19:10:01.341> Iter 717 time: 352.808 ms
[gpt_1] [Rank 0] <19:10:01.635> Iter 718 time: 293.949 ms
[gpt_1] [Rank 0] <19:10:02.001> Iter 719 time: 366.042 ms
[gpt_1] [Rank 0] <19:10:02.386> Iter 720 time: 384.425 ms
[gpt_1] (mean, median, min, max) = (286.052067ms, 282.498502ms, 165.947317ms, 506.806855ms)
[gpt_1] [Rank 0] <19:10:02.762> Iter 721 time: 376.15 ms
[gpt_1] [Rank 0] <19:10:03.050> Iter 722 time: 287.509 ms
[gpt_1] [Rank 0] <19:10:03.291> Iter 723 time: 241.404 ms
[gpt_1] [Rank 0] <19:10:03.578> Iter 724 time: 286.911 ms
[gpt_1] [Rank 0] <19:10:03.881> Iter 725 time: 303.357 ms
[gpt_1] [Rank 0] <19:10:04.099> Iter 726 time: 218.01 ms
[gpt_1] [Rank 0] <19:10:04.341> Iter 727 time: 242.215 ms
[gpt_1] [Rank 0] <19:10:04.578> Iter 728 time: 236.133 ms
[gpt_1] [Rank 0] <19:10:04.834> Iter 729 time: 256.435 ms
[gpt_1] [Rank 0] <19:10:05.182> Iter 730 time: 347.934 ms
[gpt_1] [Rank 0] <19:10:05.445> Iter 731 time: 263.484 ms
[gpt_1] [Rank 0] <19:10:05.718> Iter 732 time: 272.336 ms
[gpt_1] [Rank 0] <19:10:06.034> Iter 733 time: 316.274 ms
[gpt_1] [Rank 0] <19:10:06.305> Iter 734 time: 270.85 ms
[gpt_1] [Rank 0] <19:10:06.650> Iter 735 time: 345.135 ms
[gpt_1] [Rank 0] <19:10:06.942> Iter 736 time: 291.885 ms
[gpt_1] [Rank 0] <19:10:07.189> Iter 737 time: 247.541 ms
[gpt_1] [Rank 0] <19:10:07.441> Iter 738 time: 251.634 ms
[gpt_1] [Rank 0] <19:10:07.640> Iter 739 time: 198.846 ms
[gpt_1] [Rank 0] <19:10:07.890> Iter 740 time: 250.089 ms
[gpt_1] [Rank 0] <19:10:08.142> Iter 741 time: 251.737 ms
[gpt_1] [Rank 0] <19:10:08.349> Iter 742 time: 207.693 ms
[gpt_1] [Rank 0] <19:10:08.551> Iter 743 time: 201.556 ms
[gpt_1] [Rank 0] <19:10:08.788> Iter 744 time: 236.927 ms
[gpt_1] [Rank 0] <19:10:09.045> Iter 745 time: 257.525 ms
[gpt_1] [Rank 0] <19:10:09.389> Iter 746 time: 343.976 ms
[gpt_1] [Rank 0] <19:10:09.642> Iter 747 time: 252.283 ms
[gpt_1] [Rank 0] <19:10:10.017> Iter 748 time: 375.712 ms
[gpt_1] [Rank 0] <19:10:10.250> Iter 749 time: 232.927 ms
[gpt_1] [Rank 0] <19:10:10.725> Iter 750 time: 475.067 ms
[gpt_1] (mean, median, min, max) = (285.720542ms, 280.954762ms, 165.947317ms, 506.806855ms)
[gpt_1] [Rank 0] <19:10:11.013> Iter 751 time: 287.998 ms
[gpt_1] [Rank 0] <19:10:11.269> Iter 752 time: 256.021 ms
[gpt_1] [Rank 0] <19:10:11.488> Iter 753 time: 218.91 ms
[gpt_1] [Rank 0] <19:10:11.705> Iter 754 time: 217.091 ms
[gpt_1] [Rank 0] <19:10:12.054> Iter 755 time: 348.278 ms
[gpt_1] [Rank 0] <19:10:12.343> Iter 756 time: 289.682 ms
[gpt_1] [Rank 0] <19:10:12.626> Iter 757 time: 282.612 ms
[gpt_1] [Rank 0] <19:10:12.953> Iter 758 time: 326.944 ms
[gpt_1] [Rank 0] <19:10:13.265> Iter 759 time: 312.462 ms
[gpt_1] [Rank 0] <19:10:13.674> Iter 760 time: 408.605 ms
[gpt_1] [Rank 0] <19:10:13.982> Iter 761 time: 308.202 ms
[gpt_1] [Rank 0] <19:10:14.302> Iter 762 time: 319.788 ms
[gpt_1] [Rank 0] <19:10:14.641> Iter 763 time: 339.174 ms
[gpt_1] [Rank 0] <19:10:14.885> Iter 764 time: 243.88 ms
[gpt_1] [Rank 0] <19:10:15.274> Iter 765 time: 388.661 ms
[gpt_1] [Rank 0] <19:10:15.563> Iter 766 time: 288.879 ms
[gpt_1] [Rank 0] <19:10:15.897> Iter 767 time: 334.58 ms
[gpt_1] [Rank 0] <19:10:16.216> Iter 768 time: 318.398 ms
[gpt_1] [Rank 0] <19:10:16.440> Iter 769 time: 224.543 ms
[gpt_1] [Rank 0] <19:10:16.745> Iter 770 time: 305.063 ms
[gpt_1] [Rank 0] <19:10:17.141> Iter 771 time: 395.87 ms
[gpt_1] [Rank 0] <19:10:17.389> Iter 772 time: 247.909 ms
[gpt_1] [Rank 0] <19:10:17.821> Iter 773 time: 432.459 ms
[gpt_1] [Rank 0] <19:10:18.146> Iter 774 time: 324.437 ms
[gpt_1] [Rank 0] <19:10:18.485> Iter 775 time: 338.862 ms
[gpt_1] [Rank 0] <19:10:18.818> Iter 776 time: 333.244 ms
[gpt_1] [Rank 0] <19:10:18.973> Iter 777 time: 154.871 ms
[gpt_1] [Rank 0] <19:10:19.333> Iter 778 time: 360.574 ms
[gpt_1] [Rank 0] <19:10:19.629> Iter 779 time: 295.995 ms
[gpt_1] [Rank 0] <19:10:19.977> Iter 780 time: 348.02 ms
[gpt_1] (mean, median, min, max) = (286.615821ms, 283.150631ms, 154.871427ms, 506.806855ms)
[gpt_1] [Rank 0] <19:10:20.225> Iter 781 time: 247.97 ms
[gpt_1] [Rank 0] <19:10:20.567> Iter 782 time: 341.622 ms
[gpt_1] [Rank 0] <19:10:20.834> Iter 783 time: 266.51 ms
[gpt_1] [Rank 0] <19:10:21.102> Iter 784 time: 268.44 ms
[gpt_1] [Rank 0] <19:10:21.526> Iter 785 time: 423.693 ms
[gpt_1] [Rank 0] <19:10:21.806> Iter 786 time: 280.356 ms
[gpt_1] [Rank 0] <19:10:22.061> Iter 787 time: 254.813 ms
[gpt_1] [Rank 0] <19:10:22.384> Iter 788 time: 322.944 ms
[gpt_1] [Rank 0] <19:10:22.725> Iter 789 time: 341.632 ms
[gpt_1] [Rank 0] <19:10:23.065> Iter 790 time: 339.773 ms
[gpt_1] [Rank 0] <19:10:23.349> Iter 791 time: 284.004 ms
[gpt_1] [Rank 0] <19:10:23.641> Iter 792 time: 291.864 ms
[gpt_1] [Rank 0] <19:10:23.978> Iter 793 time: 336.668 ms
[gpt_1] [Rank 0] <19:10:24.325> Iter 794 time: 347.476 ms
[gpt_1] [Rank 0] <19:10:24.673> Iter 795 time: 347.697 ms
[gpt_1] [Rank 0] <19:10:25.006> Iter 796 time: 332.956 ms
[gpt_1] [Rank 0] <19:10:25.250> Iter 797 time: 243.849 ms
[gpt_1] [Rank 0] <19:10:25.565> Iter 798 time: 315.71 ms
[gpt_1] [Rank 0] <19:10:25.889> Iter 799 time: 323.997 ms
[gpt_1] [Rank 0] <19:10:26.165> Iter 800 time: 275.76 ms
[gpt_1] [Rank 0] <19:10:26.441> Iter 801 time: 276.263 ms
[gpt_1] [Rank 0] <19:10:26.710> Iter 802 time: 268.915 ms
[gpt_1] [Rank 0] <19:10:26.983> Iter 803 time: 272.688 ms
[gpt_1] [Rank 0] <19:10:27.314> Iter 804 time: 331.298 ms
[gpt_1] [Rank 0] <19:10:27.781> Iter 805 time: 467.07 ms
[gpt_1] [Rank 0] <19:10:28.090> Iter 806 time: 308.596 ms
[gpt_1] [Rank 0] <19:10:28.370> Iter 807 time: 279.962 ms
[gpt_1] [Rank 0] <19:10:28.660> Iter 808 time: 289.624 ms
[gpt_1] [Rank 0] <19:10:29.004> Iter 809 time: 344.297 ms
[gpt_1] [Rank 0] <19:10:29.338> Iter 810 time: 334.02 ms
[gpt_1] (mean, median, min, max) = (287.580389ms, 283.571512ms, 154.871427ms, 506.806855ms)
[gpt_1] [Rank 0] <19:10:29.670> Iter 811 time: 332.081 ms
[gpt_1] [Rank 0] <19:10:29.982> Iter 812 time: 311.872 ms
[gpt_1] [Rank 0] <19:10:30.329> Iter 813 time: 347.554 ms
[gpt_1] [Rank 0] <19:10:30.573> Iter 814 time: 243.985 ms
[gpt_1] [Rank 0] <19:10:30.901> Iter 815 time: 327.547 ms
[gpt_1] [Rank 0] <19:10:31.229> Iter 816 time: 328.212 ms
[gpt_1] [Rank 0] <19:10:31.561> Iter 817 time: 332.238 ms
[gpt_1] [Rank 0] <19:10:31.881> Iter 818 time: 320.011 ms
[gpt_1] [Rank 0] <19:10:32.150> Iter 819 time: 268.603 ms
[gpt_1] [Rank 0] <19:10:32.510> Iter 820 time: 359.773 ms
[gpt_1] [Rank 0] <19:10:32.810> Iter 821 time: 299.924 ms
[gpt_1] [Rank 0] <19:10:33.089> Iter 822 time: 279.464 ms
[gpt_1] [Rank 0] <19:10:33.325> Iter 823 time: 235.652 ms
[gpt_1] [Rank 0] <19:10:33.585> Iter 824 time: 259.786 ms
[gpt_1] [Rank 0] <19:10:34.068> Iter 825 time: 483.694 ms
[gpt_1] [Rank 0] <19:10:34.373> Iter 826 time: 305.071 ms
[gpt_1] [Rank 0] <19:10:34.701> Iter 827 time: 327.667 ms
[gpt_1] [Rank 0] <19:10:34.973> Iter 828 time: 272.344 ms
[gpt_1] [Rank 0] <19:10:35.180> Iter 829 time: 206.61 ms
[gpt_1] [Rank 0] <19:10:35.432> Iter 830 time: 251.75 ms
[gpt_1] [Rank 0] <19:10:35.694> Iter 831 time: 262.243 ms
[gpt_1] [Rank 0] <19:10:35.953> Iter 832 time: 259.174 ms
[gpt_1] [Rank 0] <19:10:36.237> Iter 833 time: 283.657 ms
[gpt_1] [Rank 0] <19:10:36.581> Iter 834 time: 344.001 ms
[gpt_1] [Rank 0] <19:10:36.972> Iter 835 time: 390.78 ms
[gpt_1] [Rank 0] <19:10:37.241> Iter 836 time: 269.802 ms
[gpt_1] [Rank 0] <19:10:37.502> Iter 837 time: 260.209 ms
[gpt_1] [Rank 0] <19:10:37.826> Iter 838 time: 324.074 ms
[gpt_1] [Rank 0] <19:10:38.084> Iter 839 time: 258.188 ms
[gpt_1] [Rank 0] <19:10:38.417> Iter 840 time: 333.284 ms
[gpt_1] (mean, median, min, max) = (288.131427ms, 283.790504ms, 154.871427ms, 506.806855ms)
[gpt_1] [Rank 0] <19:10:38.681> Iter 841 time: 264.249 ms
[gpt_1] [Rank 0] <19:10:38.974> Iter 842 time: 292.529 ms
[gpt_1] [Rank 0] <19:10:39.314> Iter 843 time: 340.008 ms
[gpt_1] [Rank 0] <19:10:39.617> Iter 844 time: 303.205 ms
[gpt_1] [Rank 0] <19:10:40.021> Iter 845 time: 404.247 ms
[gpt_1] [Rank 0] <19:10:40.325> Iter 846 time: 303.205 ms
[gpt_1] [Rank 0] <19:10:40.622> Iter 847 time: 297.345 ms
[gpt_1] [Rank 0] <19:10:40.916> Iter 848 time: 294.067 ms
[gpt_1] [Rank 0] <19:10:41.261> Iter 849 time: 345.137 ms
[gpt_1] [Rank 0] <19:10:41.649> Iter 850 time: 387.666 ms
[gpt_1] [Rank 0] <19:10:41.930> Iter 851 time: 281.565 ms
[gpt_1] [Rank 0] <19:10:42.209> Iter 852 time: 278.99 ms
[gpt_1] [Rank 0] <19:10:42.454> Iter 853 time: 244.333 ms
[gpt_1] [Rank 0] <19:10:42.734> Iter 854 time: 280.277 ms
[gpt_1] [Rank 0] <19:10:43.073> Iter 855 time: 338.968 ms
[gpt_1] [Rank 0] <19:10:43.303> Iter 856 time: 230.429 ms
[gpt_1] [Rank 0] <19:10:43.614> Iter 857 time: 310.336 ms
[gpt_1] [Rank 0] <19:10:43.894> Iter 858 time: 280.11 ms
[gpt_1] [Rank 0] <19:10:44.209> Iter 859 time: 315.323 ms
[gpt_1] [Rank 0] <19:10:44.585> Iter 860 time: 375.878 ms
[gpt_1] [Rank 0] <19:10:44.854> Iter 861 time: 268.934 ms
[gpt_1] [Rank 0] <19:10:45.106> Iter 862 time: 251.872 ms
[gpt_1] [Rank 0] <19:10:45.417> Iter 863 time: 311.283 ms
[gpt_1] [Rank 0] <19:10:45.645> Iter 864 time: 227.877 ms
[gpt_1] [Rank 0] <19:10:45.961> Iter 865 time: 316.393 ms
[gpt_1] [Rank 0] <19:10:46.209> Iter 866 time: 248.001 ms
[gpt_1] [Rank 0] <19:10:46.461> Iter 867 time: 251.758 ms
[gpt_1] [Rank 0] <19:10:46.722> Iter 868 time: 260.808 ms
[gpt_1] [Rank 0] <19:10:47.021> Iter 869 time: 299.184 ms
[gpt_1] [Rank 0] <19:10:47.345> Iter 870 time: 323.992 ms
[gpt_1] (mean, median, min, max) = (288.465592ms, 283.974611ms, 154.871427ms, 506.806855ms)
[gpt_1] [Rank 0] <19:10:47.610> Iter 871 time: 264.553 ms
[gpt_1] [Rank 0] <19:10:47.847> Iter 872 time: 237.163 ms
[gpt_1] [Rank 0] <19:10:48.114> Iter 873 time: 267.125 ms
[gpt_1] [Rank 0] <19:10:48.357> Iter 874 time: 243.18 ms
[gpt_1] [Rank 0] <19:10:48.649> Iter 875 time: 291.643 ms
[gpt_1] [Rank 0] <19:10:48.842> Iter 876 time: 193.165 ms
[gpt_1] [Rank 0] <19:10:49.181> Iter 877 time: 339.43 ms
[gpt_1] [Rank 0] <19:10:49.385> Iter 878 time: 203.997 ms
[gpt_1] [Rank 0] <19:10:49.663> Iter 879 time: 277.089 ms
[gpt_1] [Rank 0] <19:10:49.938> Iter 880 time: 275.489 ms
[gpt_1] [Rank 0] <19:10:50.229> Iter 881 time: 291.399 ms
[gpt_1] [Rank 0] <19:10:50.494> Iter 882 time: 264.167 ms
[gpt_1] [Rank 0] <19:10:50.733> Iter 883 time: 239.266 ms
[gpt_1] [Rank 0] <19:10:50.961> Iter 884 time: 227.766 ms
[gpt_1] [Rank 0] <19:10:51.245> Iter 885 time: 284.826 ms
[gpt_1] [Rank 0] <19:10:51.545> Iter 886 time: 299.975 ms
[gpt_1] [Rank 0] <19:10:51.782> Iter 887 time: 236.32 ms
[gpt_1] [Rank 0] <19:10:52.015> Iter 888 time: 232.836 ms
[gpt_1] [Rank 0] <19:10:52.269> Iter 889 time: 254.845 ms
[gpt_1] [Rank 0] <19:10:52.598> Iter 890 time: 328.633 ms
[gpt_1] [Rank 0] <19:10:52.889> Iter 891 time: 291.379 ms
[gpt_1] [Rank 0] <19:10:53.132> Iter 892 time: 242.394 ms
[gpt_1] [Rank 0] <19:10:53.406> Iter 893 time: 274.212 ms
[gpt_1] [Rank 0] <19:10:53.677> Iter 894 time: 271.4 ms
[gpt_1] [Rank 0] <19:10:54.098> Iter 895 time: 420.55 ms
[gpt_1] [Rank 0] <19:10:54.410> Iter 896 time: 311.752 ms
[gpt_1] [Rank 0] <19:10:54.661> Iter 897 time: 251.449 ms
[gpt_1] [Rank 0] <19:10:54.945> Iter 898 time: 283.666 ms
[gpt_1] [Rank 0] <19:10:55.130> Iter 899 time: 185.142 ms
[gpt_1] [Rank 0] <19:10:55.371> Iter 900 time: 240.697 ms
[gpt_1] (mean, median, min, max) = (287.751452ms, 283.452ms, 154.871427ms, 506.806855ms)
[gpt_1] [Rank 0] <19:10:55.622> Iter 901 time: 251.291 ms
[gpt_1] [Rank 0] <19:10:55.905> Iter 902 time: 283.456 ms
[gpt_1] [Rank 0] <19:10:56.170> Iter 903 time: 264.292 ms
[gpt_1] [Rank 0] <19:10:56.462> Iter 904 time: 292.26 ms
[gpt_1] [Rank 0] <19:10:56.774> Iter 905 time: 311.739 ms
[gpt_1] [Rank 0] <19:10:57.013> Iter 906 time: 239.713 ms
[gpt_1] [Rank 0] <19:10:57.301> Iter 907 time: 287.399 ms
[gpt_1] [Rank 0] <19:10:57.595> Iter 908 time: 293.945 ms
[gpt_1] [Rank 0] <19:10:57.837> Iter 909 time: 242.52 ms
[gpt_1] [Rank 0] <19:10:58.142> Iter 910 time: 305.085 ms
[gpt_1] [Rank 0] <19:10:58.461> Iter 911 time: 319.008 ms
[gpt_1] [Rank 0] <19:10:58.711> Iter 912 time: 249.686 ms
[gpt_1] [Rank 0] <19:10:58.933> Iter 913 time: 221.75 ms
[gpt_1] [Rank 0] <19:10:59.214> Iter 914 time: 280.917 ms
[gpt_1] [Rank 0] <19:10:59.509> Iter 915 time: 295.399 ms
[gpt_1] [Rank 0] <19:10:59.774> Iter 916 time: 264.849 ms
[gpt_1] [Rank 0] <19:11:00.088> Iter 917 time: 313.706 ms
[gpt_1] [Rank 0] <19:11:00.301> Iter 918 time: 213.724 ms
[gpt_1] [Rank 0] <19:11:00.581> Iter 919 time: 279.983 ms
[gpt_1] [Rank 0] <19:11:00.866> Iter 920 time: 284.706 ms
[gpt_1] [Rank 0] <19:11:01.126> Iter 921 time: 259.743 ms
[gpt_1] [Rank 0] <19:11:01.351> Iter 922 time: 225.453 ms
[gpt_1] [Rank 0] <19:11:01.578> Iter 923 time: 226.486 ms
[gpt_1] [Rank 0] <19:11:01.835> Iter 924 time: 257.049 ms
[gpt_1] [Rank 0] <19:11:02.238> Iter 925 time: 403.187 ms
[gpt_1] [Rank 0] <19:11:02.537> Iter 926 time: 299.391 ms
[gpt_1] [Rank 0] <19:11:02.769> Iter 927 time: 231.879 ms
[gpt_1] [Rank 0] <19:11:03.018> Iter 928 time: 248.702 ms
[gpt_1] [Rank 0] <19:11:03.349> Iter 929 time: 330.929 ms
[gpt_1] [Rank 0] <19:11:03.744> Iter 930 time: 394.563 ms
[gpt_1] (mean, median, min, max) = (287.466045ms, 283.277793ms, 154.871427ms, 506.806855ms)
[gpt_1] [Rank 0] <19:11:04.050> Iter 931 time: 306.477 ms
[gpt_1] [Rank 0] <19:11:04.321> Iter 932 time: 271.441 ms
[gpt_1] [Rank 0] <19:11:04.509> Iter 933 time: 187.743 ms
[gpt_1] [Rank 0] <19:11:04.685> Iter 934 time: 175.665 ms
[gpt_1] [Rank 0] <19:11:04.974> Iter 935 time: 289.19 ms
[gpt_1] [Rank 0] <19:11:05.270> Iter 936 time: 295.754 ms
[gpt_1] [Rank 0] <19:11:05.606> Iter 937 time: 336.076 ms
[gpt_1] [Rank 0] <19:11:05.922> Iter 938 time: 315.896 ms
[gpt_1] [Rank 0] <19:11:06.262> Iter 939 time: 339.864 ms
[gpt_1] [Rank 0] <19:11:06.553> Iter 940 time: 291.495 ms
[gpt_1] [Rank 0] <19:11:06.864> Iter 941 time: 311.202 ms
[gpt_1] [Rank 0] <19:11:07.222> Iter 942 time: 357.654 ms
[gpt_1] [Rank 0] <19:11:07.575> Iter 943 time: 352.544 ms
[gpt_1] [Rank 0] <19:11:07.925> Iter 944 time: 350.125 ms
[gpt_1] [Rank 0] <19:11:08.354> Iter 945 time: 428.995 ms
[gpt_1] [Rank 0] <19:11:08.662> Iter 946 time: 308.366 ms
[gpt_1] [Rank 0] <19:11:09.031> Iter 947 time: 369.356 ms
[gpt_1] [Rank 0] <19:11:09.313> Iter 948 time: 281.716 ms
[gpt_1] [Rank 0] <19:11:09.630> Iter 949 time: 316.937 ms
[gpt_1] [Rank 0] <19:11:10.069> Iter 950 time: 439.29 ms
[gpt_1] [Rank 0] <19:11:10.414> Iter 951 time: 344.684 ms
[gpt_1] [Rank 0] <19:11:10.797> Iter 952 time: 383.197 ms
[gpt_1] [Rank 0] <19:11:11.125> Iter 953 time: 328.121 ms
[gpt_1] [Rank 0] <19:11:11.413> Iter 954 time: 287.865 ms
[gpt_1] [Rank 0] <19:11:11.721> Iter 955 time: 307.665 ms
[gpt_1] [Rank 0] <19:11:12.005> Iter 956 time: 284.562 ms
[gpt_1] [Rank 0] <19:11:12.291> Iter 957 time: 285.773 ms
[gpt_1] [Rank 0] <19:11:12.520> Iter 958 time: 228.632 ms
[gpt_1] [Rank 0] <19:11:12.801> Iter 959 time: 281.594 ms
[gpt_1] [Rank 0] <19:11:13.118> Iter 960 time: 316.338 ms
[gpt_1] (mean, median, min, max) = (288.264184ms, 283.988616ms, 154.871427ms, 506.806855ms)
[gpt_1] [Rank 0] <19:11:13.502> Iter 961 time: 384.681 ms
[gpt_1] [Rank 0] <19:11:13.878> Iter 962 time: 375.314 ms
[gpt_1] [Rank 0] <19:11:14.202> Iter 963 time: 324.268 ms
[gpt_1] [Rank 0] <19:11:14.617> Iter 964 time: 414.831 ms
[gpt_1] [Rank 0] <19:11:14.997> Iter 965 time: 380.579 ms
[gpt_1] [Rank 0] <19:11:15.342> Iter 966 time: 344.308 ms
[gpt_1] [Rank 0] <19:11:15.703> Iter 967 time: 361.226 ms
[gpt_1] [Rank 0] <19:11:16.065> Iter 968 time: 362.482 ms
[gpt_1] [Rank 0] <19:11:16.374> Iter 969 time: 308.938 ms
[gpt_1] [Rank 0] <19:11:16.722> Iter 970 time: 347.664 ms
[gpt_1] [Rank 0] <19:11:17.026> Iter 971 time: 304.385 ms
[gpt_1] [Rank 0] <19:11:17.350> Iter 972 time: 323.445 ms
[gpt_1] [Rank 0] <19:11:17.670> Iter 973 time: 320.113 ms
[gpt_1] [Rank 0] <19:11:17.973> Iter 974 time: 302.61 ms
[gpt_1] [Rank 0] <19:11:18.486> Iter 975 time: 513.52 ms
[gpt_1] [Rank 0] <19:11:18.818> Iter 976 time: 331.713 ms
[gpt_1] [Rank 0] <19:11:19.147> Iter 977 time: 329.542 ms
[gpt_1] [Rank 0] <19:11:19.451> Iter 978 time: 303.205 ms
[gpt_1] [Rank 0] <19:11:19.734> Iter 979 time: 283.172 ms
[gpt_1] [Rank 0] <19:11:20.175> Iter 980 time: 440.787 ms
[gpt_1] [Rank 0] <19:11:20.449> Iter 981 time: 274.121 ms
[gpt_1] [Rank 0] <19:11:20.714> Iter 982 time: 265.086 ms
[gpt_1] [Rank 0] <19:11:21.073> Iter 983 time: 359.666 ms
[gpt_1] [Rank 0] <19:11:21.377> Iter 984 time: 304.001 ms
[gpt_1] [Rank 0] <19:11:21.729> Iter 985 time: 352.005 ms
[gpt_1] [Rank 0] <19:11:21.985> Iter 986 time: 255.763 ms
[gpt_1] [Rank 0] <19:11:22.259> Iter 987 time: 273.887 ms
[gpt_1] [Rank 0] <19:11:22.584> Iter 988 time: 325.385 ms
[gpt_1] [Rank 0] <19:11:22.842> Iter 989 time: 257.558 ms
[gpt_1] [Rank 0] <19:11:23.145> Iter 990 time: 303.403 ms
[gpt_1] (mean, median, min, max) = (289.686601ms, 284.649578ms, 154.871427ms, 513.520069ms)
[gpt_1] [Rank 0] <19:11:23.392> Iter 991 time: 246.674 ms
[gpt_1] [Rank 0] <19:11:23.653> Iter 992 time: 261.339 ms
[gpt_1] [Rank 0] <19:11:23.877> Iter 993 time: 223.745 ms
[gpt_1] [Rank 0] <19:11:24.081> Iter 994 time: 204.001 ms
[gpt_1] [Rank 0] <19:11:24.385> Iter 995 time: 304.252 ms
[gpt_1] [Rank 0] <19:11:24.630> Iter 996 time: 244.577 ms
[gpt_1] [Rank 0] <19:11:24.905> Iter 997 time: 275.065 ms
[gpt_1] [Rank 0] <19:11:25.141> Iter 998 time: 235.768 ms
[gpt_1] [Rank 0] <19:11:25.359> Iter 999 time: 218.55 ms
[gpt_1] [Rank 0] <19:11:25.614> Iter 1000 time: 254.322 ms
[gpt_1] [Rank 0] <19:11:25.809> Iter 1001 time: 194.87 ms
[gpt_1] [Rank 0] <19:11:26.102> Iter 1002 time: 293.135 ms
[gpt_1] [Rank 0] <19:11:26.304> Iter 1003 time: 202.244 ms
[gpt_1] [Rank 0] <19:11:26.502> Iter 1004 time: 198.058 ms
[gpt_1] [Rank 0] <19:11:26.782> Iter 1005 time: 279.956 ms
[gpt_1] [Rank 0] <19:11:27.021> Iter 1006 time: 239.193 ms
[gpt_1] [Rank 0] <19:11:27.205> Iter 1007 time: 183.665 ms
[gpt_1] [Rank 0] <19:11:27.372> Iter 1008 time: 167.064 ms
[gpt_1] [Rank 0] <19:11:27.575> Iter 1009 time: 202.633 ms
[gpt_1] [Rank 0] <19:11:27.857> Iter 1010 time: 282.645 ms
[gpt_1] [Rank 0] <19:11:28.077> Iter 1011 time: 220.001 ms
[gpt_1] [Rank 0] <19:11:28.301> Iter 1012 time: 224.227 ms
[gpt_1] [Rank 0] <19:11:28.565> Iter 1013 time: 263.884 ms
[gpt_1] [Rank 0] <19:11:28.873> Iter 1014 time: 307.897 ms
[gpt_1] [Rank 0] <19:11:29.200> Iter 1015 time: 326.931 ms
[gpt_1] [Rank 0] <19:11:29.506> Iter 1016 time: 305.887 ms
[gpt_1] [Rank 0] <19:11:29.814> Iter 1017 time: 307.86 ms
[gpt_1] [Rank 0] <19:11:30.088> Iter 1018 time: 273.802 ms
[gpt_1] [Rank 0] <19:11:30.429> Iter 1019 time: 341.736 ms
[gpt_1] [Rank 0] <19:11:30.763> Iter 1020 time: 333.182 ms
[gpt_1] (mean, median, min, max) = (288.613183ms, 283.993856ms, 154.871427ms, 513.520069ms)
[gpt_1] [Rank 0] <19:11:31.014> Iter 1021 time: 251.254 ms
[gpt_1] [Rank 0] <19:11:31.192> Iter 1022 time: 177.935 ms
[gpt_1] [Rank 0] <19:11:31.390> Iter 1023 time: 198.226 ms
[gpt_1] [Rank 0] <19:11:31.522> Iter 1024 time: 132.425 ms
[gpt_1] [Rank 0] <19:11:31.755> Iter 1025 time: 232.448 ms
[gpt_1] [Rank 0] <19:11:31.981> Iter 1026 time: 226.417 ms
[gpt_1] [Rank 0] <19:11:32.253> Iter 1027 time: 271.539 ms
[gpt_1] [Rank 0] <19:11:32.477> Iter 1028 time: 224.357 ms
[gpt_1] [Rank 0] <19:11:32.718> Iter 1029 time: 240.777 ms
[gpt_1] [Rank 0] <19:11:32.997> Iter 1030 time: 279.131 ms
[gpt_1] [Rank 0] <19:11:33.225> Iter 1031 time: 228.186 ms
[gpt_1] [Rank 0] <19:11:33.439> Iter 1032 time: 214.059 ms
[gpt_1] [Rank 0] <19:11:33.653> Iter 1033 time: 213.818 ms
[gpt_1] [Rank 0] <19:11:33.843> Iter 1034 time: 189.924 ms
[gpt_1] [Rank 0] <19:11:34.134> Iter 1035 time: 290.991 ms
[gpt_1] [Rank 0] <19:11:34.357> Iter 1036 time: 223.088 ms
[gpt_1] [Rank 0] <19:11:34.540> Iter 1037 time: 182.405 ms
[gpt_1] [Rank 0] <19:11:34.766> Iter 1038 time: 226.416 ms
[gpt_1] [Rank 0] <19:11:34.982> Iter 1039 time: 215.752 ms
[gpt_1] [Rank 0] <19:11:35.257> Iter 1040 time: 275.436 ms
[gpt_1] [Rank 0] <19:11:35.500> Iter 1041 time: 242.68 ms
[gpt_1] [Rank 0] <19:11:35.774> Iter 1042 time: 274.101 ms
[gpt_1] [Rank 0] <19:11:36.058> Iter 1043 time: 283.751 ms
[gpt_1] [Rank 0] <19:11:36.281> Iter 1044 time: 223.675 ms
[gpt_1] [Rank 0] <19:11:36.537> Iter 1045 time: 256.021 ms
[gpt_1] [Rank 0] <19:11:36.793> Iter 1046 time: 255.923 ms
[gpt_1] [Rank 0] <19:11:37.038> Iter 1047 time: 244.399 ms
[gpt_1] [Rank 0] <19:11:37.338> Iter 1048 time: 300.45 ms
[gpt_1] [Rank 0] <19:11:37.548> Iter 1049 time: 209.4 ms
[gpt_1] [Rank 0] <19:11:37.929> Iter 1050 time: 381.829 ms
[gpt_1] (mean, median, min, max) = (287.165058ms, 283.279802ms, 132.425475ms, 513.520069ms)
[gpt_1] [Rank 0] <19:11:38.189> Iter 1051 time: 260.058 ms
[gpt_1] [Rank 0] <19:11:38.457> Iter 1052 time: 267.95 ms
[gpt_1] [Rank 0] <19:11:38.781> Iter 1053 time: 323.972 ms
[gpt_1] [Rank 0] <19:11:39.022> Iter 1054 time: 240.98 ms
[gpt_1] [Rank 0] <19:11:39.414> Iter 1055 time: 391.486 ms
[gpt_1] [Rank 0] <19:11:39.650> Iter 1056 time: 236.516 ms
[gpt_1] [Rank 0] <19:11:39.870> Iter 1057 time: 219.625 ms
[gpt_1] [Rank 0] <19:11:40.102> Iter 1058 time: 231.582 ms
[gpt_1] [Rank 0] <19:11:40.377> Iter 1059 time: 275.846 ms
[gpt_1] [Rank 0] <19:11:40.717> Iter 1060 time: 339.972 ms
[gpt_1] [Rank 0] <19:11:40.985> Iter 1061 time: 267.478 ms
[gpt_1] [Rank 0] <19:11:41.269> Iter 1062 time: 284.408 ms
[gpt_1] [Rank 0] <19:11:41.497> Iter 1063 time: 227.554 ms
[gpt_1] [Rank 0] <19:11:41.718> Iter 1064 time: 221.209 ms
[gpt_1] [Rank 0] <19:11:42.021> Iter 1065 time: 303.374 ms
[gpt_1] [Rank 0] <19:11:42.323> Iter 1066 time: 301.926 ms
[gpt_1] [Rank 0] <19:11:42.601> Iter 1067 time: 277.479 ms
[gpt_1] [Rank 0] <19:11:42.809> Iter 1068 time: 207.818 ms
[gpt_1] [Rank 0] <19:11:43.114> Iter 1069 time: 305.693 ms
[gpt_1] [Rank 0] <19:11:43.425> Iter 1070 time: 311.089 ms
[gpt_1] [Rank 0] <19:11:43.683> Iter 1071 time: 257.432 ms
[gpt_1] [Rank 0] <19:11:43.982> Iter 1072 time: 298.933 ms
[gpt_1] [Rank 0] <19:11:44.261> Iter 1073 time: 279.62 ms
[gpt_1] [Rank 0] <19:11:44.473> Iter 1074 time: 211.217 ms
[gpt_1] [Rank 0] <19:11:44.854> Iter 1075 time: 381.069 ms
[gpt_1] [Rank 0] <19:11:45.090> Iter 1076 time: 236.297 ms
[gpt_1] [Rank 0] <19:11:45.377> Iter 1077 time: 287.457 ms
[gpt_1] [Rank 0] <19:11:45.682> Iter 1078 time: 304.509 ms
[gpt_1] [Rank 0] <19:11:46.037> Iter 1079 time: 355.443 ms
[gpt_1] [Rank 0] <19:11:46.413> Iter 1080 time: 375.967 ms
[gpt_1] (mean, median, min, max) = (287.041494ms, 283.170252ms, 132.425475ms, 513.520069ms)
[gpt_1] [Rank 0] <19:11:46.692> Iter 1081 time: 278.146 ms
[gpt_1] [Rank 0] <19:11:46.973> Iter 1082 time: 281.865 ms
[gpt_1] [Rank 0] <19:11:47.293> Iter 1083 time: 320.004 ms
[gpt_1] [Rank 0] <19:11:47.558> Iter 1084 time: 264.583 ms
[gpt_1] [Rank 0] <19:11:47.845> Iter 1085 time: 287.412 ms
[gpt_1] [Rank 0] <19:11:48.173> Iter 1086 time: 327.982 ms
[gpt_1] [Rank 0] <19:11:48.402> Iter 1087 time: 228.329 ms
[gpt_1] [Rank 0] <19:11:48.644> Iter 1088 time: 242.544 ms
[gpt_1] [Rank 0] <19:11:48.899> Iter 1089 time: 254.725 ms
[gpt_1] [Rank 0] <19:11:49.225> Iter 1090 time: 326.214 ms
[gpt_1] [Rank 0] <19:11:49.546> Iter 1091 time: 320.782 ms
[gpt_1] [Rank 0] <19:11:49.837> Iter 1092 time: 291.488 ms
[gpt_1] [Rank 0] <19:11:50.105> Iter 1093 time: 267.821 ms
[gpt_1] [Rank 0] <19:11:50.346> Iter 1094 time: 240.705 ms
[gpt_1] [Rank 0] <19:11:50.685> Iter 1095 time: 338.63 ms
[gpt_1] [Rank 0] <19:11:50.918> Iter 1096 time: 233.374 ms
[gpt_1] [Rank 0] <19:11:51.205> Iter 1097 time: 287.415 ms
[gpt_1] [Rank 0] <19:11:51.438> Iter 1098 time: 232.621 ms
[gpt_1] [Rank 0] <19:11:51.681> Iter 1099 time: 243.353 ms
[gpt_1] [Rank 0] <19:11:52.057> Iter 1100 time: 376.017 ms
[gpt_1] [Rank 0] <19:11:52.335> Iter 1101 time: 277.943 ms
[gpt_1] [Rank 0] <19:11:52.617> Iter 1102 time: 281.705 ms
[gpt_1] [Rank 0] <19:11:52.829> Iter 1103 time: 211.776 ms
[gpt_1] [Rank 0] <19:11:52.977> Iter 1104 time: 147.68 ms
[gpt_1] [Rank 0] <19:11:53.229> Iter 1105 time: 252.333 ms
[gpt_1] [Rank 0] <19:11:53.527> Iter 1106 time: 298.499 ms
[gpt_1] [Rank 0] <19:11:53.721> Iter 1107 time: 193.454 ms
[gpt_1] [Rank 0] <19:11:54.020> Iter 1108 time: 298.756 ms
[gpt_1] [Rank 0] <19:11:54.302> Iter 1109 time: 282.158 ms
[gpt_1] [Rank 0] <19:11:54.615> Iter 1110 time: 313.051 ms
[gpt_1] (mean, median, min, max) = (286.665472ms, 283.091111ms, 132.425475ms, 513.520069ms)
[gpt_1] [Rank 0] <19:11:54.828> Iter 1111 time: 213.11 ms
[gpt_1] [Rank 0] <19:11:55.085> Iter 1112 time: 256.952 ms
[gpt_1] [Rank 0] <19:11:55.315> Iter 1113 time: 230.182 ms
[gpt_1] [Rank 0] <19:11:55.566> Iter 1114 time: 250.958 ms
[gpt_1] [Rank 0] <19:11:55.862> Iter 1115 time: 296.021 ms
[gpt_1] [Rank 0] <19:11:56.098> Iter 1116 time: 235.6 ms
[gpt_1] [Rank 0] <19:11:56.325> Iter 1117 time: 227.804 ms
[gpt_1] [Rank 0] <19:11:56.508> Iter 1118 time: 182.676 ms
[gpt_1] [Rank 0] <19:11:56.850> Iter 1119 time: 341.766 ms
[gpt_1] [Rank 0] <19:11:57.200> Iter 1120 time: 349.914 ms
[gpt_1] [Rank 0] <19:11:57.600> Iter 1121 time: 400.102 ms
[gpt_1] [Rank 0] <19:11:57.785> Iter 1122 time: 185.189 ms
[gpt_1] [Rank 0] <19:11:58.116> Iter 1123 time: 330.768 ms
[gpt_1] [Rank 0] <19:11:58.359> Iter 1124 time: 243.339 ms
[gpt_1] [Rank 0] <19:11:58.802> Iter 1125 time: 442.692 ms
[gpt_1] [Rank 0] <19:11:59.145> Iter 1126 time: 343.553 ms
[gpt_1] [Rank 0] <19:11:59.397> Iter 1127 time: 251.148 ms
[gpt_1] [Rank 0] <19:11:59.662> Iter 1128 time: 265.719 ms
[gpt_1] [Rank 0] <19:11:59.910> Iter 1129 time: 247.44 ms
[gpt_1] [Rank 0] <19:12:00.178> Iter 1130 time: 268.586 ms
[gpt_1] [Rank 0] <19:12:00.454> Iter 1131 time: 275.654 ms
[gpt_1] [Rank 0] <19:12:00.717> Iter 1132 time: 262.884 ms
[gpt_1] [Rank 0] <19:12:00.997> Iter 1133 time: 280.576 ms
[gpt_1] [Rank 0] <19:12:01.234> Iter 1134 time: 236.984 ms
[gpt_1] [Rank 0] <19:12:01.591> Iter 1135 time: 356.376 ms
[gpt_1] [Rank 0] <19:12:01.821> Iter 1136 time: 230.398 ms
[gpt_1] [Rank 0] <19:12:02.125> Iter 1137 time: 303.397 ms
[gpt_1] [Rank 0] <19:12:02.479> Iter 1138 time: 354.259 ms
[gpt_1] [Rank 0] <19:12:02.807> Iter 1139 time: 328.286 ms
[gpt_1] [Rank 0] <19:12:03.186> Iter 1140 time: 378.7 ms
[gpt_1] (mean, median, min, max) = (286.639656ms, 282.629308ms, 132.425475ms, 513.520069ms)
[gpt_1] [Rank 0] <19:12:03.478> Iter 1141 time: 292.014 ms
[gpt_1] [Rank 0] <19:12:03.746> Iter 1142 time: 268.159 ms
[gpt_1] [Rank 0] <19:12:04.002> Iter 1143 time: 255.559 ms
[gpt_1] [Rank 0] <19:12:04.267> Iter 1144 time: 265.82 ms
[gpt_1] [Rank 0] <19:12:04.658> Iter 1145 time: 390.853 ms
[gpt_1] [Rank 0] <19:12:04.917> Iter 1146 time: 259.172 ms
[gpt_1] [Rank 0] <19:12:05.151> Iter 1147 time: 233.689 ms
[gpt_1] [Rank 0] <19:12:05.458> Iter 1148 time: 306.775 ms
[gpt_1] [Rank 0] <19:12:05.761> Iter 1149 time: 303.55 ms
[gpt_1] [Rank 0] <19:12:06.065> Iter 1150 time: 303.858 ms
[gpt_1] [Rank 0] <19:12:06.349> Iter 1151 time: 284.152 ms
[gpt_1] [Rank 0] <19:12:06.621> Iter 1152 time: 271.994 ms
[gpt_1] [Rank 0] <19:12:06.877> Iter 1153 time: 256.005 ms
[gpt_1] [Rank 0] <19:12:07.177> Iter 1154 time: 300.005 ms
[gpt_1] [Rank 0] <19:12:07.458> Iter 1155 time: 280.293 ms
[gpt_1] [Rank 0] <19:12:07.718> Iter 1156 time: 260.307 ms
[gpt_1] [Rank 0] <19:12:07.993> Iter 1157 time: 275.247 ms
[gpt_1] [Rank 0] <19:12:08.257> Iter 1158 time: 264.133 ms
[gpt_1] [Rank 0] <19:12:08.474> Iter 1159 time: 216.629 ms
[gpt_1] [Rank 0] <19:12:08.720> Iter 1160 time: 245.852 ms
[gpt_1] [Rank 0] <19:12:08.986> Iter 1161 time: 265.808 ms
[gpt_1] [Rank 0] <19:12:09.170> Iter 1162 time: 184.311 ms
[gpt_1] [Rank 0] <19:12:09.473> Iter 1163 time: 302.823 ms
[gpt_1] [Rank 0] <19:12:09.671> Iter 1164 time: 198.394 ms
[gpt_1] [Rank 0] <19:12:10.005> Iter 1165 time: 333.946 ms
[gpt_1] [Rank 0] <19:12:10.282> Iter 1166 time: 276.815 ms
[gpt_1] [Rank 0] <19:12:10.525> Iter 1167 time: 243.081 ms
[gpt_1] [Rank 0] <19:12:10.737> Iter 1168 time: 211.42 ms
[gpt_1] [Rank 0] <19:12:11.014> Iter 1169 time: 277.468 ms
[gpt_1] [Rank 0] <19:12:11.329> Iter 1170 time: 315.22 ms
[gpt_1] (mean, median, min, max) = (286.243287ms, 281.791009ms, 132.425475ms, 513.520069ms)
[gpt_1] [Rank 0] <19:12:11.557> Iter 1171 time: 227.375 ms
[gpt_1] [Rank 0] <19:12:11.784> Iter 1172 time: 227.496 ms
[gpt_1] [Rank 0] <19:12:12.061> Iter 1173 time: 277.359 ms
[gpt_1] [Rank 0] <19:12:12.366> Iter 1174 time: 304.557 ms
[gpt_1] [Rank 0] <19:12:12.623> Iter 1175 time: 257.483 ms
[gpt_1] [Rank 0] <19:12:12.877> Iter 1176 time: 253.097 ms
[gpt_1] [Rank 0] <19:12:13.181> Iter 1177 time: 304.339 ms
[gpt_1] [Rank 0] <19:12:13.438> Iter 1178 time: 257.126 ms
[gpt_1] [Rank 0] <19:12:13.701> Iter 1179 time: 262.528 ms
[gpt_1] [Rank 0] <19:12:14.017> Iter 1180 time: 316.852 ms
[gpt_1] [Rank 0] <19:12:14.262> Iter 1181 time: 244.631 ms
[gpt_1] [Rank 0] <19:12:14.510> Iter 1182 time: 247.984 ms
[gpt_1] [Rank 0] <19:12:14.809> Iter 1183 time: 298.814 ms
[gpt_1] [Rank 0] <19:12:15.065> Iter 1184 time: 255.999 ms
[gpt_1] [Rank 0] <19:12:15.390> Iter 1185 time: 325.194 ms
[gpt_1] [Rank 0] <19:12:15.693> Iter 1186 time: 303.398 ms
[gpt_1] [Rank 0] <19:12:15.949> Iter 1187 time: 255.97 ms
[gpt_1] [Rank 0] <19:12:16.229> Iter 1188 time: 279.432 ms
[gpt_1] [Rank 0] <19:12:16.489> Iter 1189 time: 259.816 ms
[gpt_1] [Rank 0] <19:12:16.853> Iter 1190 time: 364.776 ms
[gpt_1] [Rank 0] <19:12:17.086> Iter 1191 time: 232.604 ms
[gpt_1] [Rank 0] <19:12:17.350> Iter 1192 time: 264.174 ms
[gpt_1] [Rank 0] <19:12:17.641> Iter 1193 time: 291.082 ms
[gpt_1] [Rank 0] <19:12:17.848> Iter 1194 time: 206.751 ms
[gpt_1] [Rank 0] <19:12:18.145> Iter 1195 time: 296.518 ms
[gpt_1] [Rank 0] <19:12:18.485> Iter 1196 time: 340.841 ms
[gpt_1] [Rank 0] <19:12:18.741> Iter 1197 time: 255.437 ms
[gpt_1] [Rank 0] <19:12:19.037> Iter 1198 time: 296.347 ms
[gpt_1] [Rank 0] <19:12:19.329> Iter 1199 time: 292.209 ms
[gpt_1] [Rank 0] <19:12:19.725> Iter 1200 time: 395.781 ms
[gpt_1] (mean, median, min, max) = (286.081157ms, 281.650176ms, 132.425475ms, 513.520069ms)
[gpt_1] [Rank 0] <19:12:19.930> Iter 1201 time: 204.83 ms
[gpt_1] [Rank 0] <19:12:20.222> Iter 1202 time: 291.737 ms
[gpt_1] [Rank 0] <19:12:20.511> Iter 1203 time: 288.826 ms
[gpt_1] [Rank 0] <19:12:20.689> Iter 1204 time: 178.006 ms
[gpt_1] [Rank 0] <19:12:20.996> Iter 1205 time: 307.33 ms
[gpt_1] [Rank 0] <19:12:21.294> Iter 1206 time: 298.116 ms
[gpt_1] [Rank 0] <19:12:21.617> Iter 1207 time: 323.427 ms
[gpt_1] [Rank 0] <19:12:21.918> Iter 1208 time: 300.525 ms
[gpt_1] [Rank 0] <19:12:22.290> Iter 1209 time: 372.031 ms
[gpt_1] [Rank 0] <19:12:22.629> Iter 1210 time: 338.882 ms
[gpt_1] [Rank 0] <19:12:22.844> Iter 1211 time: 214.994 ms
[gpt_1] [Rank 0] <19:12:23.142> Iter 1212 time: 297.834 ms
[gpt_1] [Rank 0] <19:12:23.409> Iter 1213 time: 266.833 ms
[gpt_1] [Rank 0] <19:12:23.634> Iter 1214 time: 225.17 ms
[gpt_1] [Rank 0] <19:12:23.901> Iter 1215 time: 267.114 ms
[gpt_1] [Rank 0] <19:12:24.129> Iter 1216 time: 228.461 ms
[gpt_1] [Rank 0] <19:12:24.387> Iter 1217 time: 258.037 ms
[gpt_1] [Rank 0] <19:12:24.604> Iter 1218 time: 216.852 ms
[gpt_1] [Rank 0] <19:12:24.845> Iter 1219 time: 240.646 ms
[gpt_1] [Rank 0] <19:12:25.212> Iter 1220 time: 366.812 ms
[gpt_1] [Rank 0] <19:12:25.456> Iter 1221 time: 244.425 ms
[gpt_1] [Rank 0] <19:12:25.722> Iter 1222 time: 265.645 ms
[gpt_1] [Rank 0] <19:12:26.010> Iter 1223 time: 288.281 ms
[gpt_1] [Rank 0] <19:12:26.233> Iter 1224 time: 222.592 ms
[gpt_1] [Rank 0] <19:12:26.493> Iter 1225 time: 260.825 ms
[gpt_1] [Rank 0] <19:12:26.802> Iter 1226 time: 308.577 ms
[gpt_1] [Rank 0] <19:12:27.028> Iter 1227 time: 226.42 ms
[gpt_1] [Rank 0] <19:12:27.321> Iter 1228 time: 292.648 ms
[gpt_1] [Rank 0] <19:12:27.565> Iter 1229 time: 244.336 ms
[gpt_1] [Rank 0] <19:12:27.950> Iter 1230 time: 384.175 ms
[gpt_1] (mean, median, min, max) = (285.785264ms, 281.580308ms, 132.425475ms, 513.520069ms)
[gpt_1] [Rank 0] <19:12:28.269> Iter 1231 time: 319.824 ms
[gpt_1] [Rank 0] <19:12:28.593> Iter 1232 time: 323.996 ms
[gpt_1] [Rank 0] <19:12:28.818> Iter 1233 time: 224.589 ms
[gpt_1] [Rank 0] <19:12:29.070> Iter 1234 time: 252.004 ms
[gpt_1] [Rank 0] <19:12:29.434> Iter 1235 time: 363.973 ms
[gpt_1] [Rank 0] <19:12:29.821> Iter 1236 time: 387.104 ms
[gpt_1] [Rank 0] <19:12:30.101> Iter 1237 time: 280.337 ms
[gpt_1] [Rank 0] <19:12:30.350> Iter 1238 time: 248.301 ms
[gpt_1] [Rank 0] <19:12:30.594> Iter 1239 time: 243.999 ms
[gpt_1] [Rank 0] <19:12:31.022> Iter 1240 time: 428.244 ms
[gpt_1] [Rank 0] <19:12:31.341> Iter 1241 time: 319.477 ms
[gpt_1] [Rank 0] <19:12:31.542> Iter 1242 time: 200.604 ms
[gpt_1] [Rank 0] <19:12:31.889> Iter 1243 time: 347.375 ms
[gpt_1] [Rank 0] <19:12:32.171> Iter 1244 time: 281.143 ms
[gpt_1] [Rank 0] <19:12:32.486> Iter 1245 time: 315.197 ms
[gpt_1] [Rank 0] <19:12:32.838> Iter 1246 time: 352.066 ms
[gpt_1] [Rank 0] <19:12:33.094> Iter 1247 time: 255.871 ms
[gpt_1] [Rank 0] <19:12:33.376> Iter 1248 time: 282.246 ms
[gpt_1] [Rank 0] <19:12:33.663> Iter 1249 time: 287.451 ms
[gpt_1] [Rank 0] <19:12:34.062> Iter 1250 time: 398.334 ms
[gpt_1] [Rank 0] <19:12:34.362> Iter 1251 time: 300.224 ms
[gpt_1] [Rank 0] <19:12:34.717> Iter 1252 time: 355.224 ms
[gpt_1] [Rank 0] <19:12:34.957> Iter 1253 time: 239.828 ms
[gpt_1] [Rank 0] <19:12:35.269> Iter 1254 time: 312.191 ms
[gpt_1] [Rank 0] <19:12:35.626> Iter 1255 time: 356.522 ms
[gpt_1] [Rank 0] <19:12:35.954> Iter 1256 time: 328.238 ms
[gpt_1] [Rank 0] <19:12:36.309> Iter 1257 time: 355.236 ms
[gpt_1] [Rank 0] <19:12:36.566> Iter 1258 time: 256.779 ms
[gpt_1] [Rank 0] <19:12:36.849> Iter 1259 time: 282.873 ms
[gpt_1] [Rank 0] <19:12:37.098> Iter 1260 time: 249.032 ms
[gpt_1] (mean, median, min, max) = (286.248762ms, 281.89214ms, 132.425475ms, 513.520069ms)
[gpt_1] [Rank 0] <19:12:37.361> Iter 1261 time: 262.963 ms
[gpt_1] [Rank 0] <19:12:37.618> Iter 1262 time: 256.645 ms
[gpt_1] [Rank 0] <19:12:37.817> Iter 1263 time: 199.354 ms
[gpt_1] [Rank 0] <19:12:38.053> Iter 1264 time: 236.559 ms
[gpt_1] [Rank 0] <19:12:38.308> Iter 1265 time: 254.323 ms
[gpt_1] [Rank 0] <19:12:38.566> Iter 1266 time: 258.008 ms
[gpt_1] [Rank 0] <19:12:38.833> Iter 1267 time: 267.228 ms
[gpt_1] [Rank 0] <19:12:39.105> Iter 1268 time: 272.421 ms
[gpt_1] [Rank 0] <19:12:39.293> Iter 1269 time: 187.46 ms
[gpt_1] [Rank 0] <19:12:39.558> Iter 1270 time: 264.864 ms
[gpt_1] [Rank 0] <19:12:39.798> Iter 1271 time: 239.831 ms
[gpt_1] [Rank 0] <19:12:39.982> Iter 1272 time: 184.483 ms
[gpt_1] [Rank 0] <19:12:40.230> Iter 1273 time: 247.805 ms
[gpt_1] [Rank 0] <19:12:40.454> Iter 1274 time: 223.692 ms
[gpt_1] [Rank 0] <19:12:40.813> Iter 1275 time: 359.649 ms
[gpt_1] [Rank 0] <19:12:41.042> Iter 1276 time: 228.551 ms
[gpt_1] [Rank 0] <19:12:41.301> Iter 1277 time: 259.032 ms
[gpt_1] [Rank 0] <19:12:41.534> Iter 1278 time: 233.103 ms
[gpt_1] [Rank 0] <19:12:41.721> Iter 1279 time: 186.982 ms
[gpt_1] [Rank 0] <19:12:42.114> Iter 1280 time: 393.391 ms
[gpt_1] [Rank 0] <19:12:42.314> Iter 1281 time: 199.497 ms
[gpt_1] [Rank 0] <19:12:42.491> Iter 1282 time: 176.811 ms
[gpt_1] [Rank 0] <19:12:42.668> Iter 1283 time: 177.056 ms
[gpt_1] [Rank 0] <19:12:42.982> Iter 1284 time: 314.217 ms
[gpt_1] [Rank 0] <19:12:43.411> Iter 1285 time: 428.805 ms
[gpt_1] [Rank 0] <19:12:43.706> Iter 1286 time: 295.389 ms
[gpt_1] [Rank 0] <19:12:44.070> Iter 1287 time: 364.001 ms
[gpt_1] [Rank 0] <19:12:44.425> Iter 1288 time: 355.386 ms
[gpt_1] [Rank 0] <19:12:44.686> Iter 1289 time: 260.641 ms
[gpt_1] [Rank 0] <19:12:45.053> Iter 1290 time: 366.578 ms
[gpt_1] (mean, median, min, max) = (285.750555ms, 281.235426ms, 132.425475ms, 513.520069ms)
[gpt_1] [Rank 0] <19:12:45.394> Iter 1291 time: 340.959 ms
[gpt_1] [Rank 0] <19:12:45.702> Iter 1292 time: 308.112 ms
[gpt_1] [Rank 0] <19:12:45.922> Iter 1293 time: 220.026 ms
[gpt_1] [Rank 0] <19:12:46.231> Iter 1294 time: 309.625 ms
[gpt_1] [Rank 0] <19:12:46.534> Iter 1295 time: 302.672 ms
[gpt_1] [Rank 0] <19:12:46.829> Iter 1296 time: 295.406 ms
[gpt_1] [Rank 0] <19:12:47.074> Iter 1297 time: 244.398 ms
[gpt_1] [Rank 0] <19:12:47.358> Iter 1298 time: 284.224 ms
[gpt_1] [Rank 0] <19:12:47.712> Iter 1299 time: 353.618 ms
[gpt_1] [Rank 0] <19:12:48.066> Iter 1300 time: 354.195 ms
[gpt_1] [Rank 0] <19:12:48.454> Iter 1301 time: 387.901 ms
[gpt_1] [Rank 0] <19:12:48.741> Iter 1302 time: 287.442 ms
[gpt_1] [Rank 0] <19:12:49.020> Iter 1303 time: 278.883 ms
[gpt_1] [Rank 0] <19:12:49.474> Iter 1304 time: 453.46 ms
[gpt_1] [Rank 0] <19:12:49.775> Iter 1305 time: 301.897 ms
[gpt_1] [Rank 0] <19:12:50.058> Iter 1306 time: 282.272 ms
[gpt_1] [Rank 0] <19:12:50.406> Iter 1307 time: 348.298 ms
[gpt_1] [Rank 0] <19:12:50.698> Iter 1308 time: 292.011 ms
[gpt_1] [Rank 0] <19:12:51.079> Iter 1309 time: 381.313 ms
[gpt_1] [Rank 0] <19:12:51.585> Iter 1310 time: 505.825 ms
[gpt_1] [Rank 0] <19:12:51.974> Iter 1311 time: 388.697 ms
[gpt_1] [Rank 0] <19:12:52.213> Iter 1312 time: 238.978 ms
[gpt_1] [Rank 0] <19:12:52.465> Iter 1313 time: 252.005 ms
[gpt_1] [Rank 0] <19:12:52.749> Iter 1314 time: 284.343 ms
[gpt_1] [Rank 0] <19:12:53.042> Iter 1315 time: 292.839 ms
[gpt_1] [Rank 0] <19:12:53.299> Iter 1316 time: 257.333 ms
[gpt_1] [Rank 0] <19:12:53.571> Iter 1317 time: 271.157 ms
[gpt_1] [Rank 0] <19:12:53.847> Iter 1318 time: 276.835 ms
[gpt_1] [Rank 0] <19:12:54.068> Iter 1319 time: 220.482 ms
[gpt_1] [Rank 0] <19:12:54.338> Iter 1320 time: 270.176 ms
[gpt_1] (mean, median, min, max) = (286.298926ms, 281.710822ms, 132.425475ms, 513.520069ms)
[gpt_1] [Rank 0] <19:12:54.598> Iter 1321 time: 259.562 ms
[gpt_1] [Rank 0] <19:12:54.781> Iter 1322 time: 183.591 ms
[gpt_1] [Rank 0] <19:12:55.013> Iter 1323 time: 231.672 ms
[gpt_1] [Rank 0] <19:12:55.286> Iter 1324 time: 273 ms
[gpt_1] [Rank 0] <19:12:55.558> Iter 1325 time: 272.161 ms
[gpt_1] [Rank 0] <19:12:55.792> Iter 1326 time: 233.684 ms
[gpt_1] [Rank 0] <19:12:56.094> Iter 1327 time: 301.847 ms
[gpt_1] [Rank 0] <19:12:56.281> Iter 1328 time: 187.374 ms
[gpt_1] [Rank 0] <19:12:56.582> Iter 1329 time: 300.802 ms
[gpt_1] [Rank 0] <19:12:56.993> Iter 1330 time: 411.717 ms
[gpt_1] [Rank 0] <19:12:57.212> Iter 1331 time: 218.777 ms
[gpt_1] [Rank 0] <19:12:57.441> Iter 1332 time: 229.19 ms
[gpt_1] [Rank 0] <19:12:57.673> Iter 1333 time: 231.439 ms
[gpt_1] [Rank 0] <19:12:57.931> Iter 1334 time: 257.87 ms
[gpt_1] [Rank 0] <19:12:58.261> Iter 1335 time: 330.474 ms
[gpt_1] [Rank 0] <19:12:58.470> Iter 1336 time: 208.856 ms
[gpt_1] [Rank 0] <19:12:58.729> Iter 1337 time: 259.151 ms
[gpt_1] [Rank 0] <19:12:59.000> Iter 1338 time: 271.109 ms
[gpt_1] [Rank 0] <19:12:59.301> Iter 1339 time: 300.992 ms
[gpt_1] [Rank 0] <19:12:59.592> Iter 1340 time: 291.066 ms
[gpt_1] [Rank 0] <19:12:59.814> Iter 1341 time: 221.645 ms
[gpt_1] [Rank 0] <19:13:00.046> Iter 1342 time: 232.005 ms
[gpt_1] [Rank 0] <19:13:00.305> Iter 1343 time: 258.617 ms
[gpt_1] [Rank 0] <19:13:00.505> Iter 1344 time: 200.557 ms
[gpt_1] [Rank 0] <19:13:00.825> Iter 1345 time: 320.22 ms
[gpt_1] [Rank 0] <19:13:01.050> Iter 1346 time: 224.413 ms
[gpt_1] [Rank 0] <19:13:01.276> Iter 1347 time: 226.465 ms
[gpt_1] [Rank 0] <19:13:01.577> Iter 1348 time: 300.888 ms
[gpt_1] [Rank 0] <19:13:01.805> Iter 1349 time: 228.011 ms
[gpt_1] [Rank 0] <19:13:02.106> Iter 1350 time: 300.836 ms
[gpt_1] (mean, median, min, max) = (285.681661ms, 281.030324ms, 132.425475ms, 513.520069ms)
[gpt_1] [Rank 0] <19:13:02.405> Iter 1351 time: 299.176 ms
[gpt_1] [Rank 0] <19:13:02.677> Iter 1352 time: 271.643 ms
[gpt_1] [Rank 0] <19:13:02.990> Iter 1353 time: 312.689 ms
[gpt_1] [Rank 0] <19:13:03.290> Iter 1354 time: 300.472 ms
[gpt_1] [Rank 0] <19:13:03.610> Iter 1355 time: 320.011 ms
[gpt_1] [Rank 0] <19:13:03.822> Iter 1356 time: 212.012 ms
[gpt_1] [Rank 0] <19:13:04.110> Iter 1357 time: 287.699 ms
[gpt_1] [Rank 0] <19:13:04.410> Iter 1358 time: 300.117 ms
[gpt_1] [Rank 0] <19:13:04.666> Iter 1359 time: 256.331 ms
[gpt_1] [Rank 0] <19:13:05.137> Iter 1360 time: 471.241 ms
[gpt_1] [Rank 0] <19:13:05.475> Iter 1361 time: 337.081 ms
[gpt_1] [Rank 0] <19:13:05.858> Iter 1362 time: 383.475 ms
[gpt_1] [Rank 0] <19:13:06.157> Iter 1363 time: 299.448 ms
[gpt_1] [Rank 0] <19:13:06.526> Iter 1364 time: 368.612 ms
[gpt_1] [Rank 0] <19:13:07.053> Iter 1365 time: 527.397 ms
[gpt_1] [Rank 0] <19:13:07.326> Iter 1366 time: 272.543 ms
[gpt_1] [Rank 0] <19:13:07.613> Iter 1367 time: 287.466 ms
[gpt_1] [Rank 0] <19:13:07.921> Iter 1368 time: 307.971 ms
[gpt_1] [Rank 0] <19:13:08.289> Iter 1369 time: 367.981 ms
[gpt_1] [Rank 0] <19:13:08.686> Iter 1370 time: 396.588 ms
[gpt_1] [Rank 0] <19:13:09.010> Iter 1371 time: 323.838 ms
[gpt_1] [Rank 0] <19:13:09.302> Iter 1372 time: 292.186 ms
[gpt_1] [Rank 0] <19:13:09.599> Iter 1373 time: 296.511 ms
[gpt_1] [Rank 0] <19:13:09.894> Iter 1374 time: 295.461 ms
[gpt_1] [Rank 0] <19:13:10.237> Iter 1375 time: 342.859 ms
[gpt_1] [Rank 0] <19:13:10.557> Iter 1376 time: 320.11 ms
[gpt_1] [Rank 0] <19:13:10.821> Iter 1377 time: 264.097 ms
[gpt_1] [Rank 0] <19:13:11.059> Iter 1378 time: 238.324 ms
[gpt_1] [Rank 0] <19:13:11.485> Iter 1379 time: 426.044 ms
[gpt_1] [Rank 0] <19:13:11.926> Iter 1380 time: 440.553 ms
[gpt_1] (mean, median, min, max) = (286.600412ms, 282.02505ms, 132.425475ms, 527.397688ms)
[gpt_1] [Rank 0] <19:13:12.077> Iter 1381 time: 150.864 ms
[gpt_1] [Rank 0] <19:13:12.369> Iter 1382 time: 292.002 ms
[gpt_1] [Rank 0] <19:13:12.617> Iter 1383 time: 248.358 ms
[gpt_1] [Rank 0] <19:13:12.918> Iter 1384 time: 300.529 ms
[gpt_1] [Rank 0] <19:13:13.246> Iter 1385 time: 328.523 ms
[gpt_1] [Rank 0] <19:13:13.497> Iter 1386 time: 251.077 ms
[gpt_1] [Rank 0] <19:13:13.707> Iter 1387 time: 209.751 ms
[gpt_1] [Rank 0] <19:13:14.014> Iter 1388 time: 306.923 ms
[gpt_1] [Rank 0] <19:13:14.296> Iter 1389 time: 281.612 ms
[gpt_1] [Rank 0] <19:13:14.677> Iter 1390 time: 381.546 ms
[gpt_1] [Rank 0] <19:13:14.962> Iter 1391 time: 284.828 ms
[gpt_1] [Rank 0] <19:13:15.225> Iter 1392 time: 263.283 ms
[gpt_1] [Rank 0] <19:13:15.498> Iter 1393 time: 272.429 ms
[gpt_1] [Rank 0] <19:13:15.790> Iter 1394 time: 292.327 ms
[gpt_1] [Rank 0] <19:13:16.165> Iter 1395 time: 375.361 ms
[gpt_1] [Rank 0] <19:13:16.402> Iter 1396 time: 236.712 ms
[gpt_1] [Rank 0] <19:13:16.721> Iter 1397 time: 318.948 ms
[gpt_1] [Rank 0] <19:13:16.982> Iter 1398 time: 260.95 ms
[gpt_1] [Rank 0] <19:13:17.148> Iter 1399 time: 166.051 ms
[gpt_1] [Rank 0] <19:13:17.561> Iter 1400 time: 412.784 ms
[gpt_1] [Rank 0] <19:13:17.809> Iter 1401 time: 248.22 ms
[gpt_1] [Rank 0] <19:13:18.018> Iter 1402 time: 208.674 ms
[gpt_1] [Rank 0] <19:13:18.207> Iter 1403 time: 189.338 ms
[gpt_1] [Rank 0] <19:13:18.425> Iter 1404 time: 218.317 ms
[gpt_1] [Rank 0] <19:13:18.670> Iter 1405 time: 244.334 ms
[gpt_1] [Rank 0] <19:13:18.918> Iter 1406 time: 248.012 ms
[gpt_1] [Rank 0] <19:13:19.203> Iter 1407 time: 284.792 ms
[gpt_1] [Rank 0] <19:13:19.427> Iter 1408 time: 224.813 ms
[gpt_1] [Rank 0] <19:13:19.687> Iter 1409 time: 260.007 ms
[gpt_1] [Rank 0] <19:13:19.981> Iter 1410 time: 293.837 ms
[gpt_1] (mean, median, min, max) = (286.209911ms, 281.710822ms, 132.425475ms, 527.397688ms)
[gpt_1] [Rank 0] <19:13:20.189> Iter 1411 time: 207.454 ms
[gpt_1] [Rank 0] <19:13:20.393> Iter 1412 time: 204.536 ms
[gpt_1] [Rank 0] <19:13:20.630> Iter 1413 time: 236.663 ms
[gpt_1] [Rank 0] <19:13:20.881> Iter 1414 time: 251.544 ms
[gpt_1] [Rank 0] <19:13:21.110> Iter 1415 time: 228.444 ms
[gpt_1] [Rank 0] <19:13:21.333> Iter 1416 time: 223.348 ms
[gpt_1] [Rank 0] <19:13:21.534> Iter 1417 time: 200.793 ms
[gpt_1] [Rank 0] <19:13:21.798> Iter 1418 time: 263.732 ms
[gpt_1] [Rank 0] <19:13:22.041> Iter 1419 time: 243.724 ms
[gpt_1] [Rank 0] <19:13:22.325> Iter 1420 time: 283.629 ms
[gpt_1] [Rank 0] <19:13:22.590> Iter 1421 time: 264.785 ms
[gpt_1] [Rank 0] <19:13:22.826> Iter 1422 time: 235.975 ms
[gpt_1] [Rank 0] <19:13:23.005> Iter 1423 time: 179.066 ms
[gpt_1] [Rank 0] <19:13:23.234> Iter 1424 time: 229.288 ms
[gpt_1] [Rank 0] <19:13:23.459> Iter 1425 time: 224.707 ms
[gpt_1] [Rank 0] <19:13:23.685> Iter 1426 time: 225.955 ms
[gpt_1] [Rank 0] <19:13:23.941> Iter 1427 time: 256.587 ms
[gpt_1] [Rank 0] <19:13:24.174> Iter 1428 time: 232.334 ms
[gpt_1] [Rank 0] <19:13:24.453> Iter 1429 time: 279.631 ms
[gpt_1] [Rank 0] <19:13:24.749> Iter 1430 time: 295.445 ms
[gpt_1] [Rank 0] <19:13:24.987> Iter 1431 time: 238.532 ms
[gpt_1] [Rank 0] <19:13:25.261> Iter 1432 time: 274.051 ms
[gpt_1] [Rank 0] <19:13:25.558> Iter 1433 time: 296.583 ms
[gpt_1] [Rank 0] <19:13:25.874> Iter 1434 time: 316.005 ms
[gpt_1] [Rank 0] <19:13:26.234> Iter 1435 time: 359.977 ms
[gpt_1] [Rank 0] <19:13:26.509> Iter 1436 time: 275.45 ms
[gpt_1] [Rank 0] <19:13:26.761> Iter 1437 time: 251.393 ms
[gpt_1] [Rank 0] <19:13:27.065> Iter 1438 time: 304.597 ms
[gpt_1] [Rank 0] <19:13:27.293> Iter 1439 time: 227.366 ms
[gpt_1] [Rank 0] <19:13:27.646> Iter 1440 time: 353.239 ms
[gpt_1] (mean, median, min, max) = (285.561002ms, 280.749659ms, 132.425475ms, 527.397688ms)
[gpt_1] [Rank 0] <19:13:27.909> Iter 1441 time: 263.019 ms
[gpt_1] [Rank 0] <19:13:28.202> Iter 1442 time: 292.952 ms
[gpt_1] [Rank 0] <19:13:28.493> Iter 1443 time: 291.053 ms
[gpt_1] [Rank 0] <19:13:28.701> Iter 1444 time: 208.174 ms
[gpt_1] [Rank 0] <19:13:29.133> Iter 1445 time: 432.147 ms
[gpt_1] [Rank 0] <19:13:29.433> Iter 1446 time: 299.792 ms
[gpt_1] [Rank 0] <19:13:29.748> Iter 1447 time: 314.647 ms
[gpt_1] [Rank 0] <19:13:30.041> Iter 1448 time: 293.399 ms
[gpt_1] [Rank 0] <19:13:30.235> Iter 1449 time: 193.267 ms
[gpt_1] [Rank 0] <19:13:30.510> Iter 1450 time: 275.47 ms
[gpt_1] [Rank 0] <19:13:30.793> Iter 1451 time: 283.454 ms
[gpt_1] [Rank 0] <19:13:31.089> Iter 1452 time: 296.008 ms
[gpt_1] [Rank 0] <19:13:31.332> Iter 1453 time: 242.144 ms
[gpt_1] [Rank 0] <19:13:31.532> Iter 1454 time: 200.306 ms
[gpt_1] [Rank 0] <19:13:31.851> Iter 1455 time: 318.779 ms
[gpt_1] [Rank 0] <19:13:32.149> Iter 1456 time: 298.404 ms
[gpt_1] [Rank 0] <19:13:32.466> Iter 1457 time: 316.933 ms
[gpt_1] [Rank 0] <19:13:32.753> Iter 1458 time: 287.468 ms
[gpt_1] [Rank 0] <19:13:33.006> Iter 1459 time: 252.386 ms
[gpt_1] [Rank 0] <19:13:33.401> Iter 1460 time: 395.233 ms
[gpt_1] [Rank 0] <19:13:33.690> Iter 1461 time: 288.981 ms
[gpt_1] [Rank 0] <19:13:33.982> Iter 1462 time: 291.674 ms
[gpt_1] [Rank 0] <19:13:34.326> Iter 1463 time: 344.095 ms
[gpt_1] [Rank 0] <19:13:34.515> Iter 1464 time: 188.713 ms
[gpt_1] [Rank 0] <19:13:34.766> Iter 1465 time: 251.452 ms
[gpt_1] [Rank 0] <19:13:34.989> Iter 1466 time: 223.188 ms
[gpt_1] [Rank 0] <19:13:35.207> Iter 1467 time: 217.937 ms
[gpt_1] [Rank 0] <19:13:35.437> Iter 1468 time: 230.056 ms
[gpt_1] [Rank 0] <19:13:35.741> Iter 1469 time: 303.871 ms
[gpt_1] [Rank 0] <19:13:36.040> Iter 1470 time: 298.557 ms
[gpt_1] (mean, median, min, max) = (285.441513ms, 281.389217ms, 132.425475ms, 527.397688ms)
[gpt_1] [Rank 0] <19:13:36.333> Iter 1471 time: 293.8 ms
[gpt_1] [Rank 0] <19:13:36.581> Iter 1472 time: 248.018 ms
[gpt_1] [Rank 0] <19:13:36.792> Iter 1473 time: 210.554 ms
[gpt_1] [Rank 0] <19:13:37.017> Iter 1474 time: 225.064 ms
[gpt_1] [Rank 0] <19:13:37.366> Iter 1475 time: 348.772 ms
[gpt_1] [Rank 0] <19:13:37.693> Iter 1476 time: 327.378 ms
[gpt_1] [Rank 0] <19:13:37.953> Iter 1477 time: 260.117 ms
[gpt_1] [Rank 0] <19:13:38.185> Iter 1478 time: 231.525 ms
[gpt_1] [Rank 0] <19:13:38.482> Iter 1479 time: 297.53 ms
[gpt_1] [Rank 0] <19:13:38.766> Iter 1480 time: 283.482 ms
[gpt_1] [Rank 0] <19:13:39.038> Iter 1481 time: 271.88 ms
[gpt_1] [Rank 0] <19:13:39.310> Iter 1482 time: 272.687 ms
[gpt_1] [Rank 0] <19:13:39.516> Iter 1483 time: 205.499 ms
[gpt_1] [Rank 0] <19:13:39.794> Iter 1484 time: 277.836 ms
[gpt_1] [Rank 0] <19:13:40.074> Iter 1485 time: 280.036 ms
[gpt_1] [Rank 0] <19:13:40.397> Iter 1486 time: 323.391 ms
[gpt_1] [Rank 0] <19:13:40.718> Iter 1487 time: 320.911 ms
[gpt_1] [Rank 0] <19:13:40.994> Iter 1488 time: 275.715 ms
[gpt_1] [Rank 0] <19:13:41.250> Iter 1489 time: 255.876 ms
[gpt_1] [Rank 0] <19:13:41.593> Iter 1490 time: 342.812 ms
[gpt_1] [Rank 0] <19:13:41.942> Iter 1491 time: 349.211 ms
[gpt_1] [Rank 0] <19:13:42.249> Iter 1492 time: 307.349 ms
[gpt_1] [Rank 0] <19:13:42.574> Iter 1493 time: 324.656 ms
[gpt_1] [Rank 0] <19:13:42.842> Iter 1494 time: 268.082 ms
[gpt_1] [Rank 0] <19:13:43.153> Iter 1495 time: 311.584 ms
[gpt_1] [Rank 0] <19:13:43.445> Iter 1496 time: 291.46 ms
[gpt_1] [Rank 0] <19:13:43.702> Iter 1497 time: 256.828 ms
[gpt_1] [Rank 0] <19:13:44.016> Iter 1498 time: 313.918 ms
[gpt_1] [Rank 0] <19:13:44.289> Iter 1499 time: 273.585 ms
[gpt_1] [Rank 0] <19:13:44.606> Iter 1500 time: 316.824 ms
[gpt_1] (mean, median, min, max) = (285.44364ms, 281.389217ms, 132.425475ms, 527.397688ms)
[gpt_1] Rank 0: run time: 428256 ms
