register ctx: prefix="/tmp/mccs-caoz0a", control="control.sock", affinity=None
[gpt_2] Rank 0: start warmup
[gpt_2] Rank 0: warmup phase AG finished
[gpt_2] Rank 0: warmup phase finished
[gpt_2] [Rank 0] <19:06:38.425> Iter 0 time: 1039.092 ms
[gpt_2] [Rank 0] <19:06:38.696> Iter 1 time: 271.646 ms
[gpt_2] [Rank 0] <19:06:38.931> Iter 2 time: 234.33 ms
[gpt_2] [Rank 0] <19:06:39.216> Iter 3 time: 285.793 ms
[gpt_2] [Rank 0] <19:06:39.500> Iter 4 time: 283.885 ms
[gpt_2] [Rank 0] <19:06:40.769> Iter 5 time: 1268.647 ms
[gpt_2] [Rank 0] <19:06:41.105> Iter 6 time: 335.691 ms
[gpt_2] [Rank 0] <19:06:41.392> Iter 7 time: 287.549 ms
[gpt_2] [Rank 0] <19:06:41.689> Iter 8 time: 296.87 ms
[gpt_2] [Rank 0] <19:06:41.945> Iter 9 time: 256.113 ms
[gpt_2] [Rank 0] <19:06:43.228> Iter 10 time: 1283.182 ms
[gpt_2] [Rank 0] <19:06:43.533> Iter 11 time: 305.12 ms
[gpt_2] [Rank 0] <19:06:43.797> Iter 12 time: 263.999 ms
[gpt_2] [Rank 0] <19:06:44.032> Iter 13 time: 234.605 ms
[gpt_2] [Rank 0] <19:06:44.313> Iter 14 time: 280.578 ms
[gpt_2] [Rank 0] <19:06:46.377> Iter 15 time: 2064.56 ms
[gpt_2] [Rank 0] <19:06:46.858> Iter 16 time: 480.512 ms
[gpt_2] [Rank 0] <19:06:47.133> Iter 17 time: 274.934 ms
[gpt_2] [Rank 0] <19:06:47.352> Iter 18 time: 219.635 ms
[gpt_2] [Rank 0] <19:06:47.544> Iter 19 time: 191.778 ms
[gpt_2] [Rank 0] <19:06:48.800> Iter 20 time: 1255.854 ms
[gpt_2] [Rank 0] <19:06:49.077> Iter 21 time: 276.72 ms
[gpt_2] [Rank 0] <19:06:49.352> Iter 22 time: 275.457 ms
[gpt_2] [Rank 0] <19:06:49.538> Iter 23 time: 186.038 ms
[gpt_2] [Rank 0] <19:06:49.800> Iter 24 time: 261.929 ms
[gpt_2] [Rank 0] <19:06:50.968> Iter 25 time: 1168.002 ms
[gpt_2] [Rank 0] <19:06:51.281> Iter 26 time: 312.561 ms
[gpt_2] [Rank 0] <19:06:51.520> Iter 27 time: 239.757 ms
[gpt_2] [Rank 0] <19:06:51.724> Iter 28 time: 203.639 ms
[gpt_2] [Rank 0] <19:06:51.966> Iter 29 time: 242.338 ms
[gpt_2] [Rank 0] <19:06:52.449> Iter 30 time: 482.848 ms
[gpt_2] (mean, median, min, max) = (364.929291ms, 268.693548ms, 186.038442ms, 1.168002097s)
[gpt_2] [Rank 0] <19:06:52.741> Iter 31 time: 292.246 ms
[gpt_2] [Rank 0] <19:06:53.021> Iter 32 time: 279.98 ms
[gpt_2] [Rank 0] <19:06:53.320> Iter 33 time: 298.626 ms
[gpt_2] [Rank 0] <19:06:53.600> Iter 34 time: 280 ms
[gpt_2] [Rank 0] <19:06:54.088> Iter 35 time: 488.154 ms
[gpt_2] [Rank 0] <19:06:54.366> Iter 36 time: 278.149 ms
[gpt_2] [Rank 0] <19:06:54.668> Iter 37 time: 301.811 ms
[gpt_2] [Rank 0] <19:06:54.929> Iter 38 time: 260.536 ms
[gpt_2] [Rank 0] <19:06:55.209> Iter 39 time: 280.742 ms
[gpt_2] [Rank 0] <19:06:56.736> Iter 40 time: 1526.565 ms
[gpt_2] [Rank 0] <19:06:56.989> Iter 41 time: 253.414 ms
[gpt_2] [Rank 0] <19:06:57.292> Iter 42 time: 302.624 ms
[gpt_2] [Rank 0] <19:06:57.548> Iter 43 time: 256.106 ms
[gpt_2] [Rank 0] <19:06:57.812> Iter 44 time: 264.007 ms
[gpt_2] [Rank 0] <19:06:58.621> Iter 45 time: 809.133 ms
[gpt_2] [Rank 0] <19:06:58.891> Iter 46 time: 269.569 ms
[gpt_2] [Rank 0] <19:06:59.129> Iter 47 time: 238.562 ms
[gpt_2] [Rank 0] <19:06:59.388> Iter 48 time: 258.955 ms
[gpt_2] [Rank 0] <19:06:59.648> Iter 49 time: 259.997 ms
[gpt_2] [Rank 0] <19:07:01.063> Iter 50 time: 1414.942 ms
[gpt_2] [Rank 0] <19:07:01.313> Iter 51 time: 249.3 ms
[gpt_2] [Rank 0] <19:07:01.596> Iter 52 time: 283.423 ms
[gpt_2] [Rank 0] <19:07:01.824> Iter 53 time: 228.004 ms
[gpt_2] [Rank 0] <19:07:02.093> Iter 54 time: 268.967 ms
[gpt_2] [Rank 0] <19:07:02.772> Iter 55 time: 679.36 ms
[gpt_2] [Rank 0] <19:07:03.056> Iter 56 time: 283.667 ms
[gpt_2] [Rank 0] <19:07:03.308> Iter 57 time: 252 ms
[gpt_2] [Rank 0] <19:07:03.576> Iter 58 time: 268.001 ms
[gpt_2] [Rank 0] <19:07:03.776> Iter 59 time: 199.939 ms
[gpt_2] [Rank 0] <19:07:04.736> Iter 60 time: 960.061 ms
[gpt_2] (mean, median, min, max) = (398.403709ms, 276.088857ms, 186.038442ms, 1.526565485s)
[gpt_2] [Rank 0] <19:07:04.961> Iter 61 time: 224.969 ms
[gpt_2] [Rank 0] <19:07:05.252> Iter 62 time: 291.376 ms
[gpt_2] [Rank 0] <19:07:05.440> Iter 63 time: 187.651 ms
[gpt_2] [Rank 0] <19:07:05.757> Iter 64 time: 316.572 ms
[gpt_2] [Rank 0] <19:07:07.024> Iter 65 time: 1267.431 ms
[gpt_2] [Rank 0] <19:07:07.281> Iter 66 time: 257.4 ms
[gpt_2] [Rank 0] <19:07:07.581> Iter 67 time: 299.978 ms
[gpt_2] [Rank 0] <19:07:07.825> Iter 68 time: 243.173 ms
[gpt_2] [Rank 0] <19:07:08.085> Iter 69 time: 259.992 ms
[gpt_2] [Rank 0] <19:07:09.121> Iter 70 time: 1036.585 ms
[gpt_2] [Rank 0] <19:07:09.403> Iter 71 time: 281.68 ms
[gpt_2] [Rank 0] <19:07:09.600> Iter 72 time: 197.61 ms
[gpt_2] [Rank 0] <19:07:09.821> Iter 73 time: 220.909 ms
[gpt_2] [Rank 0] <19:07:10.104> Iter 74 time: 282.665 ms
[gpt_2] [Rank 0] <19:07:11.043> Iter 75 time: 938.58 ms
[gpt_2] [Rank 0] <19:07:11.228> Iter 76 time: 185.424 ms
[gpt_2] [Rank 0] <19:07:11.424> Iter 77 time: 196.321 ms
[gpt_2] [Rank 0] <19:07:11.688> Iter 78 time: 263.692 ms
[gpt_2] [Rank 0] <19:07:11.908> Iter 79 time: 220.322 ms
[gpt_2] [Rank 0] <19:07:13.005> Iter 80 time: 1096.244 ms
[gpt_2] [Rank 0] <19:07:13.231> Iter 81 time: 226.302 ms
[gpt_2] [Rank 0] <19:07:13.477> Iter 82 time: 245.689 ms
[gpt_2] [Rank 0] <19:07:13.729> Iter 83 time: 252.386 ms
[gpt_2] [Rank 0] <19:07:13.934> Iter 84 time: 204.709 ms
[gpt_2] [Rank 0] <19:07:14.776> Iter 85 time: 842.074 ms
[gpt_2] [Rank 0] <19:07:14.994> Iter 86 time: 217.976 ms
[gpt_2] [Rank 0] <19:07:15.249> Iter 87 time: 255.253 ms
[gpt_2] [Rank 0] <19:07:15.529> Iter 88 time: 280.403 ms
[gpt_2] [Rank 0] <19:07:15.788> Iter 89 time: 258.959 ms
[gpt_2] [Rank 0] <19:07:16.250> Iter 90 time: 462.058 ms
[gpt_2] (mean, median, min, max) = (392.15066ms, 268.484165ms, 185.424796ms, 1.526565485s)
[gpt_2] [Rank 0] <19:07:16.450> Iter 91 time: 199.592 ms
[gpt_2] [Rank 0] <19:07:16.676> Iter 92 time: 226.007 ms
[gpt_2] [Rank 0] <19:07:16.880> Iter 93 time: 204.179 ms
[gpt_2] [Rank 0] <19:07:17.112> Iter 94 time: 231.818 ms
[gpt_2] [Rank 0] <19:07:18.020> Iter 95 time: 908.335 ms
[gpt_2] [Rank 0] <19:07:18.249> Iter 96 time: 228.624 ms
[gpt_2] [Rank 0] <19:07:18.525> Iter 97 time: 276.438 ms
[gpt_2] [Rank 0] <19:07:18.773> Iter 98 time: 248.005 ms
[gpt_2] [Rank 0] <19:07:19.033> Iter 99 time: 259.175 ms
[gpt_2] [Rank 0] <19:07:19.793> Iter 100 time: 760.547 ms
[gpt_2] [Rank 0] <19:07:20.072> Iter 101 time: 278.771 ms
[gpt_2] [Rank 0] <19:07:20.316> Iter 102 time: 243.993 ms
[gpt_2] [Rank 0] <19:07:20.633> Iter 103 time: 317.49 ms
[gpt_2] [Rank 0] <19:07:20.877> Iter 104 time: 243.187 ms
[gpt_2] [Rank 0] <19:07:22.185> Iter 105 time: 1307.981 ms
[gpt_2] [Rank 0] <19:07:22.420> Iter 106 time: 235.449 ms
[gpt_2] [Rank 0] <19:07:22.600> Iter 107 time: 180.295 ms
[gpt_2] [Rank 0] <19:07:22.840> Iter 108 time: 239.703 ms
[gpt_2] [Rank 0] <19:07:23.120> Iter 109 time: 280 ms
[gpt_2] [Rank 0] <19:07:23.989> Iter 110 time: 868.823 ms
[gpt_2] [Rank 0] <19:07:24.216> Iter 111 time: 227.415 ms
[gpt_2] [Rank 0] <19:07:24.461> Iter 112 time: 244.618 ms
[gpt_2] [Rank 0] <19:07:24.724> Iter 113 time: 263.2 ms
[gpt_2] [Rank 0] <19:07:24.902> Iter 114 time: 178.308 ms
[gpt_2] [Rank 0] <19:07:25.820> Iter 115 time: 917.97 ms
[gpt_2] [Rank 0] <19:07:26.041> Iter 116 time: 220.883 ms
[gpt_2] [Rank 0] <19:07:26.320> Iter 117 time: 279.118 ms
[gpt_2] [Rank 0] <19:07:26.561> Iter 118 time: 241.054 ms
[gpt_2] [Rank 0] <19:07:26.804> Iter 119 time: 242.869 ms
[gpt_2] [Rank 0] <19:07:27.640> Iter 120 time: 835.495 ms
[gpt_2] (mean, median, min, max) = (388.399038ms, 262.56515ms, 178.308038ms, 1.526565485s)
[gpt_2] [Rank 0] <19:07:27.848> Iter 121 time: 208.241 ms
[gpt_2] [Rank 0] <19:07:28.065> Iter 122 time: 217.391 ms
[gpt_2] [Rank 0] <19:07:28.270> Iter 123 time: 204.293 ms
[gpt_2] [Rank 0] <19:07:28.485> Iter 124 time: 215.702 ms
[gpt_2] [Rank 0] <19:07:29.829> Iter 125 time: 1343.479 ms
[gpt_2] [Rank 0] <19:07:30.125> Iter 126 time: 296.493 ms
[gpt_2] [Rank 0] <19:07:30.317> Iter 127 time: 191.301 ms
[gpt_2] [Rank 0] <19:07:30.528> Iter 128 time: 211.338 ms
[gpt_2] [Rank 0] <19:07:30.693> Iter 129 time: 165.378 ms
[gpt_2] [Rank 0] <19:07:31.432> Iter 130 time: 738.765 ms
[gpt_2] [Rank 0] <19:07:31.649> Iter 131 time: 216.947 ms
[gpt_2] [Rank 0] <19:07:31.911> Iter 132 time: 262.248 ms
[gpt_2] [Rank 0] <19:07:32.132> Iter 133 time: 220.658 ms
[gpt_2] [Rank 0] <19:07:32.409> Iter 134 time: 276.561 ms
[gpt_2] [Rank 0] <19:07:33.029> Iter 135 time: 620.591 ms
[gpt_2] [Rank 0] <19:07:33.352> Iter 136 time: 322.847 ms
[gpt_2] [Rank 0] <19:07:33.549> Iter 137 time: 197.384 ms
[gpt_2] [Rank 0] <19:07:33.849> Iter 138 time: 299.083 ms
[gpt_2] [Rank 0] <19:07:34.128> Iter 139 time: 279.957 ms
[gpt_2] [Rank 0] <19:07:35.613> Iter 140 time: 1484.679 ms
[gpt_2] [Rank 0] <19:07:36.015> Iter 141 time: 401.91 ms
[gpt_2] [Rank 0] <19:07:36.273> Iter 142 time: 258.362 ms
[gpt_2] [Rank 0] <19:07:36.556> Iter 143 time: 282.625 ms
[gpt_2] [Rank 0] <19:07:36.781> Iter 144 time: 225.351 ms
[gpt_2] [Rank 0] <19:07:38.086> Iter 145 time: 1304.931 ms
[gpt_2] [Rank 0] <19:07:38.357> Iter 146 time: 271.106 ms
[gpt_2] [Rank 0] <19:07:38.597> Iter 147 time: 239.16 ms
[gpt_2] [Rank 0] <19:07:38.777> Iter 148 time: 180.071 ms
[gpt_2] [Rank 0] <19:07:39.037> Iter 149 time: 259.923 ms
[gpt_2] [Rank 0] <19:07:40.465> Iter 150 time: 1428.548 ms
[gpt_2] (mean, median, min, max) = (397.424933ms, 262.088959ms, 165.3787ms, 1.526565485s)
[gpt_2] [Rank 0] <19:07:40.761> Iter 151 time: 296.276 ms
[gpt_2] [Rank 0] <19:07:41.037> Iter 152 time: 275.905 ms
[gpt_2] [Rank 0] <19:07:41.262> Iter 153 time: 224.53 ms
[gpt_2] [Rank 0] <19:07:41.500> Iter 154 time: 238.191 ms
[gpt_2] [Rank 0] <19:07:42.548> Iter 155 time: 1048.358 ms
[gpt_2] [Rank 0] <19:07:42.804> Iter 156 time: 255.996 ms
[gpt_2] [Rank 0] <19:07:43.068> Iter 157 time: 263.645 ms
[gpt_2] [Rank 0] <19:07:43.319> Iter 158 time: 251.211 ms
[gpt_2] [Rank 0] <19:07:43.520> Iter 159 time: 201.003 ms
[gpt_2] [Rank 0] <19:07:44.707> Iter 160 time: 1187.039 ms
[gpt_2] [Rank 0] <19:07:44.912> Iter 161 time: 205.075 ms
[gpt_2] [Rank 0] <19:07:45.092> Iter 162 time: 180.113 ms
[gpt_2] [Rank 0] <19:07:45.368> Iter 163 time: 275.56 ms
[gpt_2] [Rank 0] <19:07:45.689> Iter 164 time: 320.555 ms
[gpt_2] [Rank 0] <19:07:46.505> Iter 165 time: 816.176 ms
[gpt_2] [Rank 0] <19:07:46.748> Iter 166 time: 243.187 ms
[gpt_2] [Rank 0] <19:07:46.972> Iter 167 time: 224.423 ms
[gpt_2] [Rank 0] <19:07:47.204> Iter 168 time: 231.993 ms
[gpt_2] [Rank 0] <19:07:47.348> Iter 169 time: 143.713 ms
[gpt_2] [Rank 0] <19:07:48.043> Iter 170 time: 695.145 ms
[gpt_2] [Rank 0] <19:07:48.288> Iter 171 time: 245.125 ms
[gpt_2] [Rank 0] <19:07:48.416> Iter 172 time: 127.336 ms
[gpt_2] [Rank 0] <19:07:48.689> Iter 173 time: 273.698 ms
[gpt_2] [Rank 0] <19:07:48.913> Iter 174 time: 223.21 ms
[gpt_2] [Rank 0] <19:07:49.571> Iter 175 time: 658.234 ms
[gpt_2] [Rank 0] <19:07:49.869> Iter 176 time: 298.568 ms
[gpt_2] [Rank 0] <19:07:50.064> Iter 177 time: 194.546 ms
[gpt_2] [Rank 0] <19:07:50.351> Iter 178 time: 286.893 ms
[gpt_2] [Rank 0] <19:07:50.594> Iter 179 time: 242.96 ms
[gpt_2] [Rank 0] <19:07:51.349> Iter 180 time: 754.785 ms
[gpt_2] (mean, median, min, max) = (390.929401ms, 261.233023ms, 127.336041ms, 1.526565485s)
[gpt_2] [Rank 0] <19:07:51.596> Iter 181 time: 247.341 ms
[gpt_2] [Rank 0] <19:07:51.873> Iter 182 time: 276.687 ms
[gpt_2] [Rank 0] <19:07:52.104> Iter 183 time: 231.752 ms
[gpt_2] [Rank 0] <19:07:52.293> Iter 184 time: 189.055 ms
[gpt_2] [Rank 0] <19:07:53.808> Iter 185 time: 1514.609 ms
[gpt_2] [Rank 0] <19:07:54.004> Iter 186 time: 195.912 ms
[gpt_2] [Rank 0] <19:07:54.253> Iter 187 time: 249.483 ms
[gpt_2] [Rank 0] <19:07:54.521> Iter 188 time: 267.979 ms
[gpt_2] [Rank 0] <19:07:54.796> Iter 189 time: 274.622 ms
[gpt_2] [Rank 0] <19:07:55.896> Iter 190 time: 1099.676 ms
[gpt_2] [Rank 0] <19:07:56.157> Iter 191 time: 260.901 ms
[gpt_2] [Rank 0] <19:07:56.316> Iter 192 time: 159.81 ms
[gpt_2] [Rank 0] <19:07:56.557> Iter 193 time: 240.952 ms
[gpt_2] [Rank 0] <19:07:56.821> Iter 194 time: 263.237 ms
[gpt_2] [Rank 0] <19:07:57.915> Iter 195 time: 1094.564 ms
[gpt_2] [Rank 0] <19:07:58.181> Iter 196 time: 266.241 ms
[gpt_2] [Rank 0] <19:07:58.381> Iter 197 time: 199.594 ms
[gpt_2] [Rank 0] <19:07:58.680> Iter 198 time: 299.462 ms
[gpt_2] [Rank 0] <19:07:58.896> Iter 199 time: 215.556 ms
[gpt_2] [Rank 0] <19:07:59.925> Iter 200 time: 1028.552 ms
[gpt_2] [Rank 0] <19:08:00.245> Iter 201 time: 320.312 ms
[gpt_2] [Rank 0] <19:08:00.493> Iter 202 time: 247.711 ms
[gpt_2] [Rank 0] <19:08:00.722> Iter 203 time: 229.839 ms
[gpt_2] [Rank 0] <19:08:00.969> Iter 204 time: 246.16 ms
[gpt_2] [Rank 0] <19:08:02.025> Iter 205 time: 1055.998 ms
[gpt_2] [Rank 0] <19:08:02.242> Iter 206 time: 217.446 ms
[gpt_2] [Rank 0] <19:08:02.512> Iter 207 time: 270.312 ms
[gpt_2] [Rank 0] <19:08:02.724> Iter 208 time: 211.93 ms
[gpt_2] [Rank 0] <19:08:02.949> Iter 209 time: 224.451 ms
[gpt_2] [Rank 0] <19:08:04.087> Iter 210 time: 1138.727 ms
[gpt_2] (mean, median, min, max) = (396.25049ms, 260.719164ms, 127.336041ms, 1.526565485s)
[gpt_2] [Rank 0] <19:08:04.367> Iter 211 time: 279.411 ms
[gpt_2] [Rank 0] <19:08:04.629> Iter 212 time: 262.505 ms
[gpt_2] [Rank 0] <19:08:04.868> Iter 213 time: 238.677 ms
[gpt_2] [Rank 0] <19:08:05.086> Iter 214 time: 217.895 ms
[gpt_2] [Rank 0] <19:08:05.913> Iter 215 time: 826.64 ms
[gpt_2] [Rank 0] <19:08:06.172> Iter 216 time: 259.426 ms
[gpt_2] [Rank 0] <19:08:06.372> Iter 217 time: 200.018 ms
[gpt_2] [Rank 0] <19:08:06.572> Iter 218 time: 200.094 ms
[gpt_2] [Rank 0] <19:08:06.822> Iter 219 time: 249.697 ms
[gpt_2] [Rank 0] <19:08:07.270> Iter 220 time: 448.452 ms
[gpt_2] [Rank 0] <19:08:07.533> Iter 221 time: 263.114 ms
[gpt_2] [Rank 0] <19:08:07.768> Iter 222 time: 234.946 ms
[gpt_2] [Rank 0] <19:08:07.971> Iter 223 time: 203.025 ms
[gpt_2] [Rank 0] <19:08:08.152> Iter 224 time: 180.648 ms
[gpt_2] [Rank 0] <19:08:09.833> Iter 225 time: 1681.136 ms
[gpt_2] [Rank 0] <19:08:10.083> Iter 226 time: 249.898 ms
[gpt_2] [Rank 0] <19:08:10.293> Iter 227 time: 210.348 ms
[gpt_2] [Rank 0] <19:08:10.580> Iter 228 time: 286.952 ms
[gpt_2] [Rank 0] <19:08:10.841> Iter 229 time: 261.049 ms
[gpt_2] [Rank 0] <19:08:11.540> Iter 230 time: 699.054 ms
[gpt_2] [Rank 0] <19:08:11.848> Iter 231 time: 307.499 ms
[gpt_2] [Rank 0] <19:08:12.080> Iter 232 time: 232.032 ms
[gpt_2] [Rank 0] <19:08:12.341> Iter 233 time: 260.579 ms
[gpt_2] [Rank 0] <19:08:12.537> Iter 234 time: 195.998 ms
[gpt_2] [Rank 0] <19:08:13.801> Iter 235 time: 1264.01 ms
[gpt_2] [Rank 0] <19:08:14.029> Iter 236 time: 228.786 ms
[gpt_2] [Rank 0] <19:08:14.260> Iter 237 time: 230.776 ms
[gpt_2] [Rank 0] <19:08:14.480> Iter 238 time: 220.143 ms
[gpt_2] [Rank 0] <19:08:14.680> Iter 239 time: 199.732 ms
[gpt_2] [Rank 0] <19:08:15.642> Iter 240 time: 962.138 ms
[gpt_2] (mean, median, min, max) = (394.737662ms, 259.994606ms, 127.336041ms, 1.681136279s)
[gpt_2] [Rank 0] <19:08:15.901> Iter 241 time: 258.963 ms
[gpt_2] [Rank 0] <19:08:16.143> Iter 242 time: 241.459 ms
[gpt_2] [Rank 0] <19:08:16.412> Iter 243 time: 269.126 ms
[gpt_2] [Rank 0] <19:08:16.656> Iter 244 time: 244.546 ms
[gpt_2] [Rank 0] <19:08:17.756> Iter 245 time: 1099.546 ms
[gpt_2] [Rank 0] <19:08:18.050> Iter 246 time: 294.591 ms
[gpt_2] [Rank 0] <19:08:18.320> Iter 247 time: 269.551 ms
[gpt_2] [Rank 0] <19:08:18.552> Iter 248 time: 232.344 ms
[gpt_2] [Rank 0] <19:08:18.805> Iter 249 time: 252.704 ms
[gpt_2] [Rank 0] <19:08:19.846> Iter 250 time: 1041.226 ms
[gpt_2] [Rank 0] <19:08:20.120> Iter 251 time: 273.801 ms
[gpt_2] [Rank 0] <19:08:20.368> Iter 252 time: 247.998 ms
[gpt_2] [Rank 0] <19:08:20.628> Iter 253 time: 260.342 ms
[gpt_2] [Rank 0] <19:08:20.884> Iter 254 time: 256 ms
[gpt_2] [Rank 0] <19:08:21.732> Iter 255 time: 847.793 ms
[gpt_2] [Rank 0] <19:08:21.971> Iter 256 time: 238.668 ms
[gpt_2] [Rank 0] <19:08:22.170> Iter 257 time: 199.097 ms
[gpt_2] [Rank 0] <19:08:22.392> Iter 258 time: 222.097 ms
[gpt_2] [Rank 0] <19:08:22.656> Iter 259 time: 264 ms
[gpt_2] [Rank 0] <19:08:23.460> Iter 260 time: 804.001 ms
[gpt_2] [Rank 0] <19:08:23.721> Iter 261 time: 260.705 ms
[gpt_2] [Rank 0] <19:08:23.929> Iter 262 time: 208.232 ms
[gpt_2] [Rank 0] <19:08:24.148> Iter 263 time: 218.59 ms
[gpt_2] [Rank 0] <19:08:24.389> Iter 264 time: 241.429 ms
[gpt_2] [Rank 0] <19:08:25.637> Iter 265 time: 1247.586 ms
[gpt_2] [Rank 0] <19:08:25.833> Iter 266 time: 196.828 ms
[gpt_2] [Rank 0] <19:08:26.100> Iter 267 time: 266.624 ms
[gpt_2] [Rank 0] <19:08:26.330> Iter 268 time: 229.839 ms
[gpt_2] [Rank 0] <19:08:26.535> Iter 269 time: 205.02 ms
[gpt_2] [Rank 0] <19:08:27.252> Iter 270 time: 717.141 ms
[gpt_2] (mean, median, min, max) = (393.808588ms, 259.957663ms, 127.336041ms, 1.681136279s)
[gpt_2] [Rank 0] <19:08:27.460> Iter 271 time: 208.001 ms
[gpt_2] [Rank 0] <19:08:27.738> Iter 272 time: 277.972 ms
[gpt_2] [Rank 0] <19:08:27.978> Iter 273 time: 240.182 ms
[gpt_2] [Rank 0] <19:08:28.237> Iter 274 time: 259.239 ms
[gpt_2] [Rank 0] <19:08:29.037> Iter 275 time: 799.75 ms
[gpt_2] [Rank 0] <19:08:29.277> Iter 276 time: 240.209 ms
[gpt_2] [Rank 0] <19:08:29.500> Iter 277 time: 222.642 ms
[gpt_2] [Rank 0] <19:08:29.700> Iter 278 time: 199.928 ms
[gpt_2] [Rank 0] <19:08:29.964> Iter 279 time: 264.45 ms
[gpt_2] [Rank 0] <19:08:30.848> Iter 280 time: 883.346 ms
[gpt_2] [Rank 0] <19:08:31.145> Iter 281 time: 296.853 ms
[gpt_2] [Rank 0] <19:08:31.439> Iter 282 time: 294.261 ms
[gpt_2] [Rank 0] <19:08:31.712> Iter 283 time: 273.157 ms
[gpt_2] [Rank 0] <19:08:32.021> Iter 284 time: 309.391 ms
[gpt_2] [Rank 0] <19:08:33.925> Iter 285 time: 1903.159 ms
[gpt_2] [Rank 0] <19:08:34.083> Iter 286 time: 158.028 ms
[gpt_2] [Rank 0] <19:08:34.328> Iter 287 time: 245.513 ms
[gpt_2] [Rank 0] <19:08:34.601> Iter 288 time: 273.285 ms
[gpt_2] [Rank 0] <19:08:34.825> Iter 289 time: 223.494 ms
[gpt_2] [Rank 0] <19:08:35.988> Iter 290 time: 1163.131 ms
[gpt_2] [Rank 0] <19:08:36.237> Iter 291 time: 249.373 ms
[gpt_2] [Rank 0] <19:08:36.527> Iter 292 time: 289.763 ms
[gpt_2] [Rank 0] <19:08:36.777> Iter 293 time: 249.428 ms
[gpt_2] [Rank 0] <19:08:37.045> Iter 294 time: 268.001 ms
[gpt_2] [Rank 0] <19:08:38.549> Iter 295 time: 1504.004 ms
[gpt_2] [Rank 0] <19:08:38.809> Iter 296 time: 259.995 ms
[gpt_2] [Rank 0] <19:08:39.073> Iter 297 time: 264.832 ms
[gpt_2] [Rank 0] <19:08:39.372> Iter 298 time: 298.6 ms
[gpt_2] [Rank 0] <19:08:39.596> Iter 299 time: 224.001 ms
[gpt_2] [Rank 0] <19:08:41.509> Iter 300 time: 1912.574 ms
[gpt_2] (mean, median, min, max) = (402.531154ms, 260.169943ms, 127.336041ms, 1.912574197s)
[gpt_2] [Rank 0] <19:08:41.740> Iter 301 time: 231.425 ms
[gpt_2] [Rank 0] <19:08:42.032> Iter 302 time: 292.339 ms
[gpt_2] [Rank 0] <19:08:42.252> Iter 303 time: 219.995 ms
[gpt_2] [Rank 0] <19:08:42.513> Iter 304 time: 261.031 ms
[gpt_2] [Rank 0] <19:08:43.736> Iter 305 time: 1222.701 ms
[gpt_2] [Rank 0] <19:08:43.981> Iter 306 time: 244.492 ms
[gpt_2] [Rank 0] <19:08:44.276> Iter 307 time: 295.44 ms
[gpt_2] [Rank 0] <19:08:44.536> Iter 308 time: 260.324 ms
[gpt_2] [Rank 0] <19:08:44.732> Iter 309 time: 196.116 ms
[gpt_2] [Rank 0] <19:08:45.619> Iter 310 time: 886.968 ms
[gpt_2] [Rank 0] <19:08:45.863> Iter 311 time: 243.174 ms
[gpt_2] [Rank 0] <19:08:46.124> Iter 312 time: 261.413 ms
[gpt_2] [Rank 0] <19:08:46.397> Iter 313 time: 273.383 ms
[gpt_2] [Rank 0] <19:08:46.597> Iter 314 time: 199.731 ms
[gpt_2] [Rank 0] <19:08:48.019> Iter 315 time: 1421.343 ms
[gpt_2] [Rank 0] <19:08:48.260> Iter 316 time: 241.883 ms
[gpt_2] [Rank 0] <19:08:48.553> Iter 317 time: 292.217 ms
[gpt_2] [Rank 0] <19:08:48.760> Iter 318 time: 207.503 ms
[gpt_2] [Rank 0] <19:08:49.021> Iter 319 time: 260.492 ms
[gpt_2] [Rank 0] <19:08:50.044> Iter 320 time: 1023.519 ms
[gpt_2] [Rank 0] <19:08:50.281> Iter 321 time: 236.897 ms
[gpt_2] [Rank 0] <19:08:50.541> Iter 322 time: 259.52 ms
[gpt_2] [Rank 0] <19:08:50.768> Iter 323 time: 227.502 ms
[gpt_2] [Rank 0] <19:08:51.009> Iter 324 time: 241.389 ms
[gpt_2] [Rank 0] <19:08:52.226> Iter 325 time: 1216.621 ms
[gpt_2] [Rank 0] <19:08:52.464> Iter 326 time: 238.205 ms
[gpt_2] [Rank 0] <19:08:52.665> Iter 327 time: 200.366 ms
[gpt_2] [Rank 0] <19:08:52.865> Iter 328 time: 200.822 ms
[gpt_2] [Rank 0] <19:08:53.067> Iter 329 time: 201.347 ms
[gpt_2] [Rank 0] <19:08:53.384> Iter 330 time: 317.247 ms
[gpt_2] (mean, median, min, max) = (401.88434ms, 259.996126ms, 127.336041ms, 1.912574197s)
[gpt_2] [Rank 0] <19:08:53.596> Iter 331 time: 212.002 ms
[gpt_2] [Rank 0] <19:08:53.785> Iter 332 time: 188.976 ms
[gpt_2] [Rank 0] <19:08:54.008> Iter 333 time: 223.021 ms
[gpt_2] [Rank 0] <19:08:54.240> Iter 334 time: 232.003 ms
[gpt_2] [Rank 0] <19:08:55.473> Iter 335 time: 1232.57 ms
[gpt_2] [Rank 0] <19:08:55.685> Iter 336 time: 212.799 ms
[gpt_2] [Rank 0] <19:08:55.929> Iter 337 time: 243.594 ms
[gpt_2] [Rank 0] <19:08:56.196> Iter 338 time: 267.035 ms
[gpt_2] [Rank 0] <19:08:56.392> Iter 339 time: 195.97 ms
[gpt_2] [Rank 0] <19:08:57.629> Iter 340 time: 1237.138 ms
[gpt_2] [Rank 0] <19:08:57.931> Iter 341 time: 302.224 ms
[gpt_2] [Rank 0] <19:08:58.134> Iter 342 time: 202.965 ms
[gpt_2] [Rank 0] <19:08:58.320> Iter 343 time: 185.698 ms
[gpt_2] [Rank 0] <19:08:58.577> Iter 344 time: 257.374 ms
[gpt_2] [Rank 0] <19:08:59.633> Iter 345 time: 1055.211 ms
[gpt_2] [Rank 0] <19:08:59.811> Iter 346 time: 178.742 ms
[gpt_2] [Rank 0] <19:09:00.060> Iter 347 time: 248.675 ms
[gpt_2] [Rank 0] <19:09:00.297> Iter 348 time: 237.374 ms
[gpt_2] [Rank 0] <19:09:00.532> Iter 349 time: 234.882 ms
[gpt_2] [Rank 0] <19:09:00.804> Iter 350 time: 271.738 ms
[gpt_2] [Rank 0] <19:09:01.053> Iter 351 time: 249.403 ms
[gpt_2] [Rank 0] <19:09:01.273> Iter 352 time: 219.988 ms
[gpt_2] [Rank 0] <19:09:01.533> Iter 353 time: 260.013 ms
[gpt_2] [Rank 0] <19:09:01.758> Iter 354 time: 224.643 ms
[gpt_2] [Rank 0] <19:09:02.717> Iter 355 time: 959.063 ms
[gpt_2] [Rank 0] <19:09:02.984> Iter 356 time: 266.897 ms
[gpt_2] [Rank 0] <19:09:03.217> Iter 357 time: 233.356 ms
[gpt_2] [Rank 0] <19:09:03.419> Iter 358 time: 201.201 ms
[gpt_2] [Rank 0] <19:09:03.685> Iter 359 time: 266.821 ms
[gpt_2] [Rank 0] <19:09:04.645> Iter 360 time: 959.757 ms
[gpt_2] (mean, median, min, max) = (399.544977ms, 259.473551ms, 127.336041ms, 1.912574197s)
[gpt_2] [Rank 0] <19:09:04.897> Iter 361 time: 252.214 ms
[gpt_2] [Rank 0] <19:09:05.176> Iter 362 time: 278.968 ms
[gpt_2] [Rank 0] <19:09:05.401> Iter 363 time: 225.028 ms
[gpt_2] [Rank 0] <19:09:05.624> Iter 364 time: 222.646 ms
[gpt_2] [Rank 0] <19:09:06.640> Iter 365 time: 1016.332 ms
[gpt_2] [Rank 0] <19:09:06.837> Iter 366 time: 197.056 ms
[gpt_2] [Rank 0] <19:09:07.069> Iter 367 time: 231.979 ms
[gpt_2] [Rank 0] <19:09:07.301> Iter 368 time: 231.553 ms
[gpt_2] [Rank 0] <19:09:07.506> Iter 369 time: 205.081 ms
[gpt_2] [Rank 0] <19:09:08.024> Iter 370 time: 517.993 ms
[gpt_2] [Rank 0] <19:09:08.288> Iter 371 time: 264.001 ms
[gpt_2] [Rank 0] <19:09:08.553> Iter 372 time: 264.56 ms
[gpt_2] [Rank 0] <19:09:08.825> Iter 373 time: 272.016 ms
[gpt_2] [Rank 0] <19:09:09.048> Iter 374 time: 223.422 ms
[gpt_2] [Rank 0] <19:09:09.618> Iter 375 time: 570.024 ms
[gpt_2] [Rank 0] <19:09:09.816> Iter 376 time: 197.974 ms
[gpt_2] [Rank 0] <19:09:10.101> Iter 377 time: 285.351 ms
[gpt_2] [Rank 0] <19:09:10.288> Iter 378 time: 186.626 ms
[gpt_2] [Rank 0] <19:09:10.547> Iter 379 time: 258.861 ms
[gpt_2] [Rank 0] <19:09:10.884> Iter 380 time: 337.502 ms
[gpt_2] [Rank 0] <19:09:11.061> Iter 381 time: 176.679 ms
[gpt_2] [Rank 0] <19:09:11.289> Iter 382 time: 227.942 ms
[gpt_2] [Rank 0] <19:09:11.529> Iter 383 time: 240.033 ms
[gpt_2] [Rank 0] <19:09:11.729> Iter 384 time: 199.641 ms
[gpt_2] [Rank 0] <19:09:12.296> Iter 385 time: 567.36 ms
[gpt_2] [Rank 0] <19:09:12.549> Iter 386 time: 252.984 ms
[gpt_2] [Rank 0] <19:09:12.782> Iter 387 time: 233.418 ms
[gpt_2] [Rank 0] <19:09:13.028> Iter 388 time: 245.929 ms
[gpt_2] [Rank 0] <19:09:13.205> Iter 389 time: 176.634 ms
[gpt_2] [Rank 0] <19:09:14.588> Iter 390 time: 1383.378 ms
[gpt_2] (mean, median, min, max) = (394.02295ms, 258.961172ms, 127.336041ms, 1.912574197s)
[gpt_2] [Rank 0] <19:09:14.869> Iter 391 time: 281.037 ms
[gpt_2] [Rank 0] <19:09:15.100> Iter 392 time: 230.956 ms
[gpt_2] [Rank 0] <19:09:15.352> Iter 393 time: 252 ms
[gpt_2] [Rank 0] <19:09:15.597> Iter 394 time: 244.626 ms
[gpt_2] [Rank 0] <19:09:16.280> Iter 395 time: 683.035 ms
[gpt_2] [Rank 0] <19:09:16.513> Iter 396 time: 233.365 ms
[gpt_2] [Rank 0] <19:09:16.768> Iter 397 time: 254.982 ms
[gpt_2] [Rank 0] <19:09:16.993> Iter 398 time: 225.011 ms
[gpt_2] [Rank 0] <19:09:17.256> Iter 399 time: 262.583 ms
[gpt_2] [Rank 0] <19:09:18.180> Iter 400 time: 924.059 ms
[gpt_2] [Rank 0] <19:09:18.405> Iter 401 time: 224.573 ms
[gpt_2] [Rank 0] <19:09:18.656> Iter 402 time: 251.639 ms
[gpt_2] [Rank 0] <19:09:18.897> Iter 403 time: 240.666 ms
[gpt_2] [Rank 0] <19:09:19.157> Iter 404 time: 259.693 ms
[gpt_2] [Rank 0] <19:09:19.780> Iter 405 time: 623.497 ms
[gpt_2] [Rank 0] <19:09:20.054> Iter 406 time: 273.903 ms
[gpt_2] [Rank 0] <19:09:20.304> Iter 407 time: 249.95 ms
[gpt_2] [Rank 0] <19:09:20.504> Iter 408 time: 200.069 ms
[gpt_2] [Rank 0] <19:09:20.687> Iter 409 time: 182.594 ms
[gpt_2] [Rank 0] <19:09:21.368> Iter 410 time: 681.406 ms
[gpt_2] [Rank 0] <19:09:21.571> Iter 411 time: 203.362 ms
[gpt_2] [Rank 0] <19:09:21.793> Iter 412 time: 221.487 ms
[gpt_2] [Rank 0] <19:09:22.004> Iter 413 time: 210.812 ms
[gpt_2] [Rank 0] <19:09:22.253> Iter 414 time: 249.409 ms
[gpt_2] [Rank 0] <19:09:23.509> Iter 415 time: 1256.051 ms
[gpt_2] [Rank 0] <19:09:23.752> Iter 416 time: 242.825 ms
[gpt_2] [Rank 0] <19:09:23.954> Iter 417 time: 201.789 ms
[gpt_2] [Rank 0] <19:09:24.159> Iter 418 time: 205.499 ms
[gpt_2] [Rank 0] <19:09:24.360> Iter 419 time: 200.894 ms
[gpt_2] [Rank 0] <19:09:25.136> Iter 420 time: 775.868 ms
[gpt_2] (mean, median, min, max) = (390.840369ms, 257.387588ms, 127.336041ms, 1.912574197s)
[gpt_2] [Rank 0] <19:09:25.291> Iter 421 time: 154.489 ms
[gpt_2] [Rank 0] <19:09:25.512> Iter 422 time: 221.51 ms
[gpt_2] [Rank 0] <19:09:25.760> Iter 423 time: 247.999 ms
[gpt_2] [Rank 0] <19:09:25.990> Iter 424 time: 230.012 ms
[gpt_2] [Rank 0] <19:09:28.080> Iter 425 time: 2089.992 ms
[gpt_2] [Rank 0] <19:09:28.348> Iter 426 time: 267.996 ms
[gpt_2] [Rank 0] <19:09:28.616> Iter 427 time: 268.001 ms
[gpt_2] [Rank 0] <19:09:28.789> Iter 428 time: 172.721 ms
[gpt_2] [Rank 0] <19:09:29.037> Iter 429 time: 248.64 ms
[gpt_2] [Rank 0] <19:09:30.541> Iter 430 time: 1503.737 ms
[gpt_2] [Rank 0] <19:09:30.836> Iter 431 time: 294.897 ms
[gpt_2] [Rank 0] <19:09:31.055> Iter 432 time: 218.755 ms
[gpt_2] [Rank 0] <19:09:31.277> Iter 433 time: 222.631 ms
[gpt_2] [Rank 0] <19:09:31.568> Iter 434 time: 290.609 ms
[gpt_2] [Rank 0] <19:09:33.341> Iter 435 time: 1773.093 ms
[gpt_2] [Rank 0] <19:09:33.552> Iter 436 time: 211.137 ms
[gpt_2] [Rank 0] <19:09:33.777> Iter 437 time: 224.346 ms
[gpt_2] [Rank 0] <19:09:33.955> Iter 438 time: 178.004 ms
[gpt_2] [Rank 0] <19:09:34.153> Iter 439 time: 198.811 ms
[gpt_2] [Rank 0] <19:09:35.022> Iter 440 time: 868.305 ms
[gpt_2] [Rank 0] <19:09:35.276> Iter 441 time: 254.302 ms
[gpt_2] [Rank 0] <19:09:35.520> Iter 442 time: 244.001 ms
[gpt_2] [Rank 0] <19:09:35.764> Iter 443 time: 243.915 ms
[gpt_2] [Rank 0] <19:09:35.917> Iter 444 time: 153.031 ms
[gpt_2] [Rank 0] <19:09:37.657> Iter 445 time: 1739.916 ms
[gpt_2] [Rank 0] <19:09:37.957> Iter 446 time: 299.718 ms
[gpt_2] [Rank 0] <19:09:38.225> Iter 447 time: 268.514 ms
[gpt_2] [Rank 0] <19:09:38.439> Iter 448 time: 214.258 ms
[gpt_2] [Rank 0] <19:09:38.617> Iter 449 time: 178.069 ms
[gpt_2] [Rank 0] <19:09:39.801> Iter 450 time: 1183.134 ms
[gpt_2] (mean, median, min, max) = (397.676062ms, 255.998388ms, 127.336041ms, 2.089992606s)
[gpt_2] [Rank 0] <19:09:39.978> Iter 451 time: 176.972 ms
[gpt_2] [Rank 0] <19:09:40.237> Iter 452 time: 259.85 ms
[gpt_2] [Rank 0] <19:09:40.512> Iter 453 time: 274.616 ms
[gpt_2] [Rank 0] <19:09:40.736> Iter 454 time: 224.28 ms
[gpt_2] [Rank 0] <19:09:41.161> Iter 455 time: 424.286 ms
[gpt_2] [Rank 0] <19:09:41.381> Iter 456 time: 220.83 ms
[gpt_2] [Rank 0] <19:09:41.648> Iter 457 time: 266.951 ms
[gpt_2] [Rank 0] <19:09:41.869> Iter 458 time: 220.229 ms
[gpt_2] [Rank 0] <19:09:42.124> Iter 459 time: 255.419 ms
[gpt_2] [Rank 0] <19:09:42.592> Iter 460 time: 468.124 ms
[gpt_2] [Rank 0] <19:09:42.749> Iter 461 time: 156.379 ms
[gpt_2] [Rank 0] <19:09:42.996> Iter 462 time: 247.495 ms
[gpt_2] [Rank 0] <19:09:43.261> Iter 463 time: 264.578 ms
[gpt_2] [Rank 0] <19:09:43.496> Iter 464 time: 235.424 ms
[gpt_2] [Rank 0] <19:09:43.773> Iter 465 time: 277.072 ms
[gpt_2] [Rank 0] <19:09:44.044> Iter 466 time: 270.925 ms
[gpt_2] [Rank 0] <19:09:44.289> Iter 467 time: 245.389 ms
[gpt_2] [Rank 0] <19:09:44.581> Iter 468 time: 292.008 ms
[gpt_2] [Rank 0] <19:09:44.860> Iter 469 time: 278.6 ms
[gpt_2] [Rank 0] <19:09:46.041> Iter 470 time: 1180.624 ms
[gpt_2] [Rank 0] <19:09:46.328> Iter 471 time: 287.377 ms
[gpt_2] [Rank 0] <19:09:46.566> Iter 472 time: 237.966 ms
[gpt_2] [Rank 0] <19:09:46.828> Iter 473 time: 262.369 ms
[gpt_2] [Rank 0] <19:09:47.080> Iter 474 time: 251.66 ms
[gpt_2] [Rank 0] <19:09:48.804> Iter 475 time: 1724.004 ms
[gpt_2] [Rank 0] <19:09:49.001> Iter 476 time: 197.395 ms
[gpt_2] [Rank 0] <19:09:49.297> Iter 477 time: 295.155 ms
[gpt_2] [Rank 0] <19:09:49.553> Iter 478 time: 256.007 ms
[gpt_2] [Rank 0] <19:09:49.756> Iter 479 time: 203.438 ms
[gpt_2] [Rank 0] <19:09:50.332> Iter 480 time: 576.001 ms
[gpt_2] (mean, median, min, max) = (394.635104ms, 256.057304ms, 127.336041ms, 2.089992606s)
[gpt_2] [Rank 0] <19:09:50.663> Iter 481 time: 330.589 ms
[gpt_2] [Rank 0] <19:09:50.893> Iter 482 time: 230.789 ms
[gpt_2] [Rank 0] <19:09:51.193> Iter 483 time: 299.178 ms
[gpt_2] [Rank 0] <19:09:51.480> Iter 484 time: 287.441 ms
[gpt_2] [Rank 0] <19:09:52.709> Iter 485 time: 1229.379 ms
[gpt_2] [Rank 0] <19:09:52.933> Iter 486 time: 223.977 ms
[gpt_2] [Rank 0] <19:09:53.204> Iter 487 time: 270.644 ms
[gpt_2] [Rank 0] <19:09:53.404> Iter 488 time: 200.002 ms
[gpt_2] [Rank 0] <19:09:53.669> Iter 489 time: 264.556 ms
[gpt_2] [Rank 0] <19:09:54.780> Iter 490 time: 1111.511 ms
[gpt_2] [Rank 0] <19:09:55.048> Iter 491 time: 267.933 ms
[gpt_2] [Rank 0] <19:09:55.337> Iter 492 time: 289.384 ms
[gpt_2] [Rank 0] <19:09:55.601> Iter 493 time: 263.972 ms
[gpt_2] [Rank 0] <19:09:55.865> Iter 494 time: 263.199 ms
[gpt_2] [Rank 0] <19:09:56.596> Iter 495 time: 731.529 ms
[gpt_2] [Rank 0] <19:09:56.869> Iter 496 time: 272.475 ms
[gpt_2] [Rank 0] <19:09:57.117> Iter 497 time: 248.384 ms
[gpt_2] [Rank 0] <19:09:57.397> Iter 498 time: 279.606 ms
[gpt_2] [Rank 0] <19:09:57.632> Iter 499 time: 235.444 ms
[gpt_2] [Rank 0] <19:09:58.782> Iter 500 time: 1149.684 ms
[gpt_2] [Rank 0] <19:09:59.060> Iter 501 time: 278.314 ms
[gpt_2] [Rank 0] <19:09:59.325> Iter 502 time: 265.367 ms
[gpt_2] [Rank 0] <19:09:59.612> Iter 503 time: 287.072 ms
[gpt_2] [Rank 0] <19:09:59.868> Iter 504 time: 255.559 ms
[gpt_2] [Rank 0] <19:10:00.632> Iter 505 time: 764.338 ms
[gpt_2] [Rank 0] <19:10:00.862> Iter 506 time: 229.439 ms
[gpt_2] [Rank 0] <19:10:01.153> Iter 507 time: 290.786 ms
[gpt_2] [Rank 0] <19:10:01.358> Iter 508 time: 204.978 ms
[gpt_2] [Rank 0] <19:10:01.573> Iter 509 time: 215.634 ms
[gpt_2] [Rank 0] <19:10:02.740> Iter 510 time: 1166.825 ms
[gpt_2] (mean, median, min, max) = (395.796222ms, 258.957406ms, 127.336041ms, 2.089992606s)
[gpt_2] [Rank 0] <19:10:02.976> Iter 511 time: 236.319 ms
[gpt_2] [Rank 0] <19:10:03.184> Iter 512 time: 207.657 ms
[gpt_2] [Rank 0] <19:10:03.452> Iter 513 time: 268.369 ms
[gpt_2] [Rank 0] <19:10:03.744> Iter 514 time: 291.875 ms
[gpt_2] [Rank 0] <19:10:04.456> Iter 515 time: 711.776 ms
[gpt_2] [Rank 0] <19:10:04.649> Iter 516 time: 192.711 ms
[gpt_2] [Rank 0] <19:10:04.893> Iter 517 time: 244.085 ms
[gpt_2] [Rank 0] <19:10:05.145> Iter 518 time: 252.563 ms
[gpt_2] [Rank 0] <19:10:05.384> Iter 519 time: 238.641 ms
[gpt_2] [Rank 0] <19:10:05.824> Iter 520 time: 439.708 ms
[gpt_2] [Rank 0] <19:10:06.069> Iter 521 time: 245.663 ms
[gpt_2] [Rank 0] <19:10:06.381> Iter 522 time: 312.011 ms
[gpt_2] [Rank 0] <19:10:06.621> Iter 523 time: 239.994 ms
[gpt_2] [Rank 0] <19:10:06.817> Iter 524 time: 195.98 ms
[gpt_2] [Rank 0] <19:10:08.880> Iter 525 time: 2062.643 ms
[gpt_2] [Rank 0] <19:10:09.104> Iter 526 time: 224.344 ms
[gpt_2] [Rank 0] <19:10:09.325> Iter 527 time: 220.15 ms
[gpt_2] [Rank 0] <19:10:09.569> Iter 528 time: 244.882 ms
[gpt_2] [Rank 0] <19:10:09.872> Iter 529 time: 302.618 ms
[gpt_2] [Rank 0] <19:10:10.732> Iter 530 time: 860.006 ms
[gpt_2] [Rank 0] <19:10:10.957> Iter 531 time: 225.376 ms
[gpt_2] [Rank 0] <19:10:11.227> Iter 532 time: 269.86 ms
[gpt_2] [Rank 0] <19:10:11.456> Iter 533 time: 228.798 ms
[gpt_2] [Rank 0] <19:10:11.729> Iter 534 time: 272.52 ms
[gpt_2] [Rank 0] <19:10:12.620> Iter 535 time: 891.861 ms
[gpt_2] [Rank 0] <19:10:12.913> Iter 536 time: 292.95 ms
[gpt_2] [Rank 0] <19:10:13.192> Iter 537 time: 278.626 ms
[gpt_2] [Rank 0] <19:10:13.441> Iter 538 time: 248.959 ms
[gpt_2] [Rank 0] <19:10:13.720> Iter 539 time: 279.222 ms
[gpt_2] [Rank 0] <19:10:15.052> Iter 540 time: 1332.166 ms
[gpt_2] (mean, median, min, max) = (396.639418ms, 258.957406ms, 127.336041ms, 2.089992606s)
[gpt_2] [Rank 0] <19:10:15.311> Iter 541 time: 258.458 ms
[gpt_2] [Rank 0] <19:10:15.551> Iter 542 time: 240.233 ms
[gpt_2] [Rank 0] <19:10:15.759> Iter 543 time: 207.84 ms
[gpt_2] [Rank 0] <19:10:16.020> Iter 544 time: 261.46 ms
[gpt_2] [Rank 0] <19:10:16.876> Iter 545 time: 855.661 ms
[gpt_2] [Rank 0] <19:10:17.103> Iter 546 time: 226.828 ms
[gpt_2] [Rank 0] <19:10:17.352> Iter 547 time: 249.169 ms
[gpt_2] [Rank 0] <19:10:17.580> Iter 548 time: 228.113 ms
[gpt_2] [Rank 0] <19:10:17.828> Iter 549 time: 247.441 ms
[gpt_2] [Rank 0] <19:10:18.893> Iter 550 time: 1065.089 ms
[gpt_2] [Rank 0] <19:10:19.164> Iter 551 time: 271.351 ms
[gpt_2] [Rank 0] <19:10:19.413> Iter 552 time: 248.56 ms
[gpt_2] [Rank 0] <19:10:19.661> Iter 553 time: 248.003 ms
[gpt_2] [Rank 0] <19:10:19.936> Iter 554 time: 275.562 ms
[gpt_2] [Rank 0] <19:10:20.324> Iter 555 time: 387.874 ms
[gpt_2] [Rank 0] <19:10:20.532> Iter 556 time: 208.004 ms
[gpt_2] [Rank 0] <19:10:20.800> Iter 557 time: 267.995 ms
[gpt_2] [Rank 0] <19:10:21.089> Iter 558 time: 288.569 ms
[gpt_2] [Rank 0] <19:10:21.337> Iter 559 time: 248.81 ms
[gpt_2] [Rank 0] <19:10:22.596> Iter 560 time: 1258.564 ms
[gpt_2] [Rank 0] <19:10:22.844> Iter 561 time: 248.059 ms
[gpt_2] [Rank 0] <19:10:23.117> Iter 562 time: 273.392 ms
[gpt_2] [Rank 0] <19:10:23.369> Iter 563 time: 251.971 ms
[gpt_2] [Rank 0] <19:10:23.633> Iter 564 time: 264.009 ms
[gpt_2] [Rank 0] <19:10:25.276> Iter 565 time: 1642.969 ms
[gpt_2] [Rank 0] <19:10:25.549> Iter 566 time: 273.034 ms
[gpt_2] [Rank 0] <19:10:25.801> Iter 567 time: 251.581 ms
[gpt_2] [Rank 0] <19:10:26.033> Iter 568 time: 231.54 ms
[gpt_2] [Rank 0] <19:10:26.305> Iter 569 time: 272.06 ms
[gpt_2] [Rank 0] <19:10:27.849> Iter 570 time: 1544.819 ms
[gpt_2] (mean, median, min, max) = (398.271876ms, 258.957406ms, 127.336041ms, 2.089992606s)
[gpt_2] [Rank 0] <19:10:28.044> Iter 571 time: 194.653 ms
[gpt_2] [Rank 0] <19:10:28.309> Iter 572 time: 265.351 ms
[gpt_2] [Rank 0] <19:10:28.596> Iter 573 time: 286.939 ms
[gpt_2] [Rank 0] <19:10:28.869> Iter 574 time: 272.218 ms
[gpt_2] [Rank 0] <19:10:30.413> Iter 575 time: 1544.845 ms
[gpt_2] [Rank 0] <19:10:30.665> Iter 576 time: 251.586 ms
[gpt_2] [Rank 0] <19:10:30.929> Iter 577 time: 264.401 ms
[gpt_2] [Rank 0] <19:10:31.177> Iter 578 time: 248.007 ms
[gpt_2] [Rank 0] <19:10:31.386> Iter 579 time: 209.013 ms
[gpt_2] [Rank 0] <19:10:32.712> Iter 580 time: 1325.946 ms
[gpt_2] [Rank 0] <19:10:32.920> Iter 581 time: 207.651 ms
[gpt_2] [Rank 0] <19:10:33.093> Iter 582 time: 172.723 ms
[gpt_2] [Rank 0] <19:10:33.383> Iter 583 time: 290.083 ms
[gpt_2] [Rank 0] <19:10:33.614> Iter 584 time: 230.885 ms
[gpt_2] [Rank 0] <19:10:34.274> Iter 585 time: 660.35 ms
[gpt_2] [Rank 0] <19:10:34.521> Iter 586 time: 247.333 ms
[gpt_2] [Rank 0] <19:10:34.788> Iter 587 time: 266.84 ms
[gpt_2] [Rank 0] <19:10:35.044> Iter 588 time: 255.791 ms
[gpt_2] [Rank 0] <19:10:35.261> Iter 589 time: 217.365 ms
[gpt_2] [Rank 0] <19:10:35.872> Iter 590 time: 610.845 ms
[gpt_2] [Rank 0] <19:10:36.164> Iter 591 time: 291.78 ms
[gpt_2] [Rank 0] <19:10:36.409> Iter 592 time: 245.411 ms
[gpt_2] [Rank 0] <19:10:36.657> Iter 593 time: 247.169 ms
[gpt_2] [Rank 0] <19:10:36.953> Iter 594 time: 295.977 ms
[gpt_2] [Rank 0] <19:10:37.850> Iter 595 time: 897.103 ms
[gpt_2] [Rank 0] <19:10:38.078> Iter 596 time: 228.252 ms
[gpt_2] [Rank 0] <19:10:38.372> Iter 597 time: 294.084 ms
[gpt_2] [Rank 0] <19:10:38.641> Iter 598 time: 269.391 ms
[gpt_2] [Rank 0] <19:10:38.932> Iter 599 time: 290.939 ms
[gpt_2] [Rank 0] <19:10:39.448> Iter 600 time: 516.009 ms
[gpt_2] (mean, median, min, max) = (397.669807ms, 259.069229ms, 127.336041ms, 2.089992606s)
[gpt_2] [Rank 0] <19:10:39.720> Iter 601 time: 271.659 ms
[gpt_2] [Rank 0] <19:10:39.965> Iter 602 time: 245.33 ms
[gpt_2] [Rank 0] <19:10:40.236> Iter 603 time: 270.672 ms
[gpt_2] [Rank 0] <19:10:40.517> Iter 604 time: 280.563 ms
[gpt_2] [Rank 0] <19:10:41.642> Iter 605 time: 1125.448 ms
[gpt_2] [Rank 0] <19:10:41.892> Iter 606 time: 250.085 ms
[gpt_2] [Rank 0] <19:10:42.161> Iter 607 time: 268.477 ms
[gpt_2] [Rank 0] <19:10:42.429> Iter 608 time: 268.808 ms
[gpt_2] [Rank 0] <19:10:42.633> Iter 609 time: 203.16 ms
[gpt_2] [Rank 0] <19:10:44.265> Iter 610 time: 1632.588 ms
[gpt_2] [Rank 0] <19:10:44.588> Iter 611 time: 322.863 ms
[gpt_2] [Rank 0] <19:10:44.829> Iter 612 time: 241.387 ms
[gpt_2] [Rank 0] <19:10:45.053> Iter 613 time: 223.999 ms
[gpt_2] [Rank 0] <19:10:45.328> Iter 614 time: 274.613 ms
[gpt_2] [Rank 0] <19:10:46.004> Iter 615 time: 676 ms
[gpt_2] [Rank 0] <19:10:46.272> Iter 616 time: 268.015 ms
[gpt_2] [Rank 0] <19:10:46.512> Iter 617 time: 240.312 ms
[gpt_2] [Rank 0] <19:10:46.764> Iter 618 time: 251.669 ms
[gpt_2] [Rank 0] <19:10:47.032> Iter 619 time: 268.001 ms
[gpt_2] [Rank 0] <19:10:48.893> Iter 620 time: 1860.569 ms
[gpt_2] [Rank 0] <19:10:49.136> Iter 621 time: 243.747 ms
[gpt_2] [Rank 0] <19:10:49.357> Iter 622 time: 221.043 ms
[gpt_2] [Rank 0] <19:10:49.612> Iter 623 time: 254.644 ms
[gpt_2] [Rank 0] <19:10:49.873> Iter 624 time: 260.556 ms
[gpt_2] [Rank 0] <19:10:50.920> Iter 625 time: 1047.511 ms
[gpt_2] [Rank 0] <19:10:51.142> Iter 626 time: 221.879 ms
[gpt_2] [Rank 0] <19:10:51.408> Iter 627 time: 266.381 ms
[gpt_2] [Rank 0] <19:10:51.633> Iter 628 time: 224.14 ms
[gpt_2] [Rank 0] <19:10:51.877> Iter 629 time: 244.905 ms
[gpt_2] [Rank 0] <19:10:53.164> Iter 630 time: 1286.628 ms
[gpt_2] (mean, median, min, max) = (400.596978ms, 259.332974ms, 127.336041ms, 2.089992606s)
[gpt_2] [Rank 0] <19:10:53.465> Iter 631 time: 301.356 ms
[gpt_2] [Rank 0] <19:10:53.745> Iter 632 time: 279.096 ms
[gpt_2] [Rank 0] <19:10:54.016> Iter 633 time: 271.535 ms
[gpt_2] [Rank 0] <19:10:54.294> Iter 634 time: 277.95 ms
[gpt_2] [Rank 0] <19:10:54.724> Iter 635 time: 430.384 ms
[gpt_2] [Rank 0] <19:10:54.973> Iter 636 time: 249.035 ms
[gpt_2] [Rank 0] <19:10:55.261> Iter 637 time: 288.029 ms
[gpt_2] [Rank 0] <19:10:55.553> Iter 638 time: 291.995 ms
[gpt_2] [Rank 0] <19:10:55.816> Iter 639 time: 262.609 ms
[gpt_2] [Rank 0] <19:10:56.733> Iter 640 time: 917.368 ms
[gpt_2] [Rank 0] <19:10:56.996> Iter 641 time: 262.626 ms
[gpt_2] [Rank 0] <19:10:57.248> Iter 642 time: 251.999 ms
[gpt_2] [Rank 0] <19:10:57.544> Iter 643 time: 296.002 ms
[gpt_2] [Rank 0] <19:10:57.785> Iter 644 time: 241.409 ms
[gpt_2] [Rank 0] <19:10:59.019> Iter 645 time: 1233.061 ms
[gpt_2] [Rank 0] <19:10:59.297> Iter 646 time: 278.911 ms
[gpt_2] [Rank 0] <19:10:59.553> Iter 647 time: 255.654 ms
[gpt_2] [Rank 0] <19:10:59.821> Iter 648 time: 268.325 ms
[gpt_2] [Rank 0] <19:11:00.076> Iter 649 time: 254.635 ms
[gpt_2] [Rank 0] <19:11:01.088> Iter 650 time: 1011.738 ms
[gpt_2] [Rank 0] <19:11:01.385> Iter 651 time: 297.639 ms
[gpt_2] [Rank 0] <19:11:01.608> Iter 652 time: 222.63 ms
[gpt_2] [Rank 0] <19:11:01.904> Iter 653 time: 295.46 ms
[gpt_2] [Rank 0] <19:11:02.180> Iter 654 time: 276.874 ms
[gpt_2] [Rank 0] <19:11:03.548> Iter 655 time: 1367.659 ms
[gpt_2] [Rank 0] <19:11:03.921> Iter 656 time: 372.559 ms
[gpt_2] [Rank 0] <19:11:04.158> Iter 657 time: 237.389 ms
[gpt_2] [Rank 0] <19:11:04.425> Iter 658 time: 266.599 ms
[gpt_2] [Rank 0] <19:11:04.694> Iter 659 time: 268.918 ms
[gpt_2] [Rank 0] <19:11:05.449> Iter 660 time: 755.102 ms
[gpt_2] (mean, median, min, max) = (401.01362ms, 260.005047ms, 127.336041ms, 2.089992606s)
[gpt_2] [Rank 0] <19:11:05.708> Iter 661 time: 259.437 ms
[gpt_2] [Rank 0] <19:11:05.952> Iter 662 time: 243.992 ms
[gpt_2] [Rank 0] <19:11:06.260> Iter 663 time: 308.328 ms
[gpt_2] [Rank 0] <19:11:06.504> Iter 664 time: 243.671 ms
[gpt_2] [Rank 0] <19:11:07.228> Iter 665 time: 723.502 ms
[gpt_2] [Rank 0] <19:11:07.524> Iter 666 time: 296.838 ms
[gpt_2] [Rank 0] <19:11:07.732> Iter 667 time: 207.678 ms
[gpt_2] [Rank 0] <19:11:07.976> Iter 668 time: 244.016 ms
[gpt_2] [Rank 0] <19:11:08.264> Iter 669 time: 287.961 ms
[gpt_2] [Rank 0] <19:11:09.184> Iter 670 time: 920.002 ms
[gpt_2] [Rank 0] <19:11:09.456> Iter 671 time: 272.005 ms
[gpt_2] [Rank 0] <19:11:09.712> Iter 672 time: 256.07 ms
[gpt_2] [Rank 0] <19:11:09.957> Iter 673 time: 244.5 ms
[gpt_2] [Rank 0] <19:11:10.201> Iter 674 time: 243.994 ms
[gpt_2] [Rank 0] <19:11:11.436> Iter 675 time: 1235.43 ms
[gpt_2] [Rank 0] <19:11:11.696> Iter 676 time: 260.439 ms
[gpt_2] [Rank 0] <19:11:11.855> Iter 677 time: 158.716 ms
[gpt_2] [Rank 0] <19:11:12.132> Iter 678 time: 277.289 ms
[gpt_2] [Rank 0] <19:11:12.373> Iter 679 time: 240.933 ms
[gpt_2] [Rank 0] <19:11:13.088> Iter 680 time: 714.884 ms
[gpt_2] [Rank 0] <19:11:13.320> Iter 681 time: 231.796 ms
[gpt_2] [Rank 0] <19:11:13.633> Iter 682 time: 312.494 ms
[gpt_2] [Rank 0] <19:11:13.833> Iter 683 time: 200.834 ms
[gpt_2] [Rank 0] <19:11:14.117> Iter 684 time: 283.19 ms
[gpt_2] [Rank 0] <19:11:15.352> Iter 685 time: 1235.421 ms
[gpt_2] [Rank 0] <19:11:15.709> Iter 686 time: 357.36 ms
[gpt_2] [Rank 0] <19:11:15.940> Iter 687 time: 230.567 ms
[gpt_2] [Rank 0] <19:11:16.114> Iter 688 time: 174.11 ms
[gpt_2] [Rank 0] <19:11:16.408> Iter 689 time: 293.962 ms
[gpt_2] [Rank 0] <19:11:17.816> Iter 690 time: 1408.036 ms
[gpt_2] (mean, median, min, max) = (401.516692ms, 260.168899ms, 127.336041ms, 2.089992606s)
[gpt_2] [Rank 0] <19:11:18.024> Iter 691 time: 207.96 ms
[gpt_2] [Rank 0] <19:11:18.301> Iter 692 time: 277.413 ms
[gpt_2] [Rank 0] <19:11:18.587> Iter 693 time: 285.409 ms
[gpt_2] [Rank 0] <19:11:18.849> Iter 694 time: 262.539 ms
[gpt_2] [Rank 0] <19:11:19.464> Iter 695 time: 614.641 ms
[gpt_2] [Rank 0] <19:11:19.741> Iter 696 time: 277.367 ms
[gpt_2] [Rank 0] <19:11:19.961> Iter 697 time: 219.575 ms
[gpt_2] [Rank 0] <19:11:20.280> Iter 698 time: 319.055 ms
[gpt_2] [Rank 0] <19:11:20.552> Iter 699 time: 272 ms
[gpt_2] [Rank 0] <19:11:21.756> Iter 700 time: 1204.004 ms
[gpt_2] [Rank 0] <19:11:22.052> Iter 701 time: 295.994 ms
[gpt_2] [Rank 0] <19:11:22.266> Iter 702 time: 214.289 ms
[gpt_2] [Rank 0] <19:11:22.552> Iter 703 time: 285.711 ms
[gpt_2] [Rank 0] <19:11:22.805> Iter 704 time: 252.576 ms
[gpt_2] [Rank 0] <19:11:23.265> Iter 705 time: 460.52 ms
[gpt_2] [Rank 0] <19:11:23.562> Iter 706 time: 296.838 ms
[gpt_2] [Rank 0] <19:11:23.849> Iter 707 time: 286.603 ms
[gpt_2] [Rank 0] <19:11:24.069> Iter 708 time: 219.932 ms
[gpt_2] [Rank 0] <19:11:24.305> Iter 709 time: 236.091 ms
[gpt_2] [Rank 0] <19:11:25.232> Iter 710 time: 927.437 ms
[gpt_2] [Rank 0] <19:11:25.476> Iter 711 time: 244.345 ms
[gpt_2] [Rank 0] <19:11:25.704> Iter 712 time: 227.653 ms
[gpt_2] [Rank 0] <19:11:25.988> Iter 713 time: 284.324 ms
[gpt_2] [Rank 0] <19:11:26.220> Iter 714 time: 231.674 ms
[gpt_2] [Rank 0] <19:11:26.921> Iter 715 time: 700.894 ms
[gpt_2] [Rank 0] <19:11:27.456> Iter 716 time: 535.106 ms
[gpt_2] [Rank 0] <19:11:27.756> Iter 717 time: 300.007 ms
[gpt_2] [Rank 0] <19:11:27.993> Iter 718 time: 237.375 ms
[gpt_2] [Rank 0] <19:11:28.273> Iter 719 time: 280.007 ms
[gpt_2] [Rank 0] <19:11:29.208> Iter 720 time: 934.61 ms
[gpt_2] (mean, median, min, max) = (400.583066ms, 260.546464ms, 127.336041ms, 2.089992606s)
[gpt_2] [Rank 0] <19:11:29.493> Iter 721 time: 285.356 ms
[gpt_2] [Rank 0] <19:11:29.788> Iter 722 time: 294.642 ms
[gpt_2] [Rank 0] <19:11:30.041> Iter 723 time: 252.59 ms
[gpt_2] [Rank 0] <19:11:30.291> Iter 724 time: 249.994 ms
[gpt_2] [Rank 0] <19:11:31.376> Iter 725 time: 1085.416 ms
[gpt_2] [Rank 0] <19:11:31.665> Iter 726 time: 289.368 ms
[gpt_2] [Rank 0] <19:11:31.937> Iter 727 time: 272.014 ms
[gpt_2] [Rank 0] <19:11:32.140> Iter 728 time: 202.622 ms
[gpt_2] [Rank 0] <19:11:32.457> Iter 729 time: 316.545 ms
[gpt_2] [Rank 0] <19:11:33.432> Iter 730 time: 975.45 ms
[gpt_2] [Rank 0] <19:11:33.684> Iter 731 time: 252 ms
[gpt_2] [Rank 0] <19:11:33.880> Iter 732 time: 196.325 ms
[gpt_2] [Rank 0] <19:11:34.196> Iter 733 time: 315.67 ms
[gpt_2] [Rank 0] <19:11:34.448> Iter 734 time: 251.846 ms
[gpt_2] [Rank 0] <19:11:35.533> Iter 735 time: 1085.266 ms
[gpt_2] [Rank 0] <19:11:35.930> Iter 736 time: 396.827 ms
[gpt_2] [Rank 0] <19:11:36.236> Iter 737 time: 306.057 ms
[gpt_2] [Rank 0] <19:11:36.485> Iter 738 time: 249.381 ms
[gpt_2] [Rank 0] <19:11:36.729> Iter 739 time: 243.985 ms
[gpt_2] [Rank 0] <19:11:37.604> Iter 740 time: 874.635 ms
[gpt_2] [Rank 0] <19:11:37.848> Iter 741 time: 243.898 ms
[gpt_2] [Rank 0] <19:11:38.105> Iter 742 time: 256.597 ms
[gpt_2] [Rank 0] <19:11:38.368> Iter 743 time: 263.503 ms
[gpt_2] [Rank 0] <19:11:38.632> Iter 744 time: 263.998 ms
[gpt_2] [Rank 0] <19:11:39.613> Iter 745 time: 981.111 ms
[gpt_2] [Rank 0] <19:11:39.867> Iter 746 time: 253.484 ms
[gpt_2] [Rank 0] <19:11:40.109> Iter 747 time: 241.961 ms
[gpt_2] [Rank 0] <19:11:40.349> Iter 748 time: 240.807 ms
[gpt_2] [Rank 0] <19:11:40.681> Iter 749 time: 331.084 ms
[gpt_2] [Rank 0] <19:11:41.548> Iter 750 time: 867.037 ms
[gpt_2] (mean, median, min, max) = (401.024154ms, 260.642653ms, 127.336041ms, 2.089992606s)
[gpt_2] [Rank 0] <19:11:41.793> Iter 751 time: 245.085 ms
[gpt_2] [Rank 0] <19:11:41.996> Iter 752 time: 203.386 ms
[gpt_2] [Rank 0] <19:11:42.225> Iter 753 time: 228.548 ms
[gpt_2] [Rank 0] <19:11:42.474> Iter 754 time: 249.509 ms
[gpt_2] [Rank 0] <19:11:43.593> Iter 755 time: 1118.567 ms
[gpt_2] [Rank 0] <19:11:43.873> Iter 756 time: 279.975 ms
[gpt_2] [Rank 0] <19:11:44.101> Iter 757 time: 228.401 ms
[gpt_2] [Rank 0] <19:11:44.315> Iter 758 time: 213.775 ms
[gpt_2] [Rank 0] <19:11:44.596> Iter 759 time: 281.262 ms
[gpt_2] [Rank 0] <19:11:45.241> Iter 760 time: 644.976 ms
[gpt_2] [Rank 0] <19:11:45.520> Iter 761 time: 279.024 ms
[gpt_2] [Rank 0] <19:11:45.816> Iter 762 time: 296.035 ms
[gpt_2] [Rank 0] <19:11:46.024> Iter 763 time: 207.966 ms
[gpt_2] [Rank 0] <19:11:46.248> Iter 764 time: 223.997 ms
[gpt_2] [Rank 0] <19:11:47.360> Iter 765 time: 1112.002 ms
[gpt_2] [Rank 0] <19:11:47.617> Iter 766 time: 257.372 ms
[gpt_2] [Rank 0] <19:11:47.836> Iter 767 time: 218.836 ms
[gpt_2] [Rank 0] <19:11:48.053> Iter 768 time: 216.451 ms
[gpt_2] [Rank 0] <19:11:48.341> Iter 769 time: 287.997 ms
[gpt_2] [Rank 0] <19:11:49.708> Iter 770 time: 1367.474 ms
[gpt_2] [Rank 0] <19:11:49.932> Iter 771 time: 224.207 ms
[gpt_2] [Rank 0] <19:11:50.181> Iter 772 time: 248.296 ms
[gpt_2] [Rank 0] <19:11:50.445> Iter 773 time: 264.743 ms
[gpt_2] [Rank 0] <19:11:50.665> Iter 774 time: 219.391 ms
[gpt_2] [Rank 0] <19:11:51.885> Iter 775 time: 1220.098 ms
[gpt_2] [Rank 0] <19:11:52.245> Iter 776 time: 359.695 ms
[gpt_2] [Rank 0] <19:11:52.464> Iter 777 time: 219.43 ms
[gpt_2] [Rank 0] <19:11:52.712> Iter 778 time: 248.012 ms
[gpt_2] [Rank 0] <19:11:52.987> Iter 779 time: 274.843 ms
[gpt_2] [Rank 0] <19:11:54.096> Iter 780 time: 1109.459 ms
[gpt_2] (mean, median, min, max) = (401.705868ms, 260.567982ms, 127.336041ms, 2.089992606s)
[gpt_2] [Rank 0] <19:11:54.344> Iter 781 time: 248.016 ms
[gpt_2] [Rank 0] <19:11:54.540> Iter 782 time: 195.667 ms
[gpt_2] [Rank 0] <19:11:54.810> Iter 783 time: 269.499 ms
[gpt_2] [Rank 0] <19:11:55.052> Iter 784 time: 242.848 ms
[gpt_2] [Rank 0] <19:11:56.052> Iter 785 time: 999.663 ms
[gpt_2] [Rank 0] <19:11:56.265> Iter 786 time: 213.388 ms
[gpt_2] [Rank 0] <19:11:56.516> Iter 787 time: 250.601 ms
[gpt_2] [Rank 0] <19:11:56.812> Iter 788 time: 296.338 ms
[gpt_2] [Rank 0] <19:11:57.071> Iter 789 time: 258.364 ms
[gpt_2] [Rank 0] <19:11:58.468> Iter 790 time: 1397.639 ms
[gpt_2] [Rank 0] <19:11:58.816> Iter 791 time: 347.994 ms
[gpt_2] [Rank 0] <19:11:59.081> Iter 792 time: 264.24 ms
[gpt_2] [Rank 0] <19:11:59.334> Iter 793 time: 253.364 ms
[gpt_2] [Rank 0] <19:11:59.553> Iter 794 time: 219.426 ms
[gpt_2] [Rank 0] <19:12:00.249> Iter 795 time: 695.204 ms
[gpt_2] [Rank 0] <19:12:00.473> Iter 796 time: 224.813 ms
[gpt_2] [Rank 0] <19:12:00.753> Iter 797 time: 279.192 ms
[gpt_2] [Rank 0] <19:12:00.993> Iter 798 time: 240.091 ms
[gpt_2] [Rank 0] <19:12:01.269> Iter 799 time: 276.718 ms
[gpt_2] [Rank 0] <19:12:02.440> Iter 800 time: 1170.614 ms
[gpt_2] [Rank 0] <19:12:02.675> Iter 801 time: 234.568 ms
[gpt_2] [Rank 0] <19:12:02.964> Iter 802 time: 289.431 ms
[gpt_2] [Rank 0] <19:12:03.217> Iter 803 time: 252.541 ms
[gpt_2] [Rank 0] <19:12:03.456> Iter 804 time: 239.579 ms
[gpt_2] [Rank 0] <19:12:04.604> Iter 805 time: 1147.879 ms
[gpt_2] [Rank 0] <19:12:04.848> Iter 806 time: 244.347 ms
[gpt_2] [Rank 0] <19:12:05.096> Iter 807 time: 247.919 ms
[gpt_2] [Rank 0] <19:12:05.340> Iter 808 time: 243.731 ms
[gpt_2] [Rank 0] <19:12:05.569> Iter 809 time: 229.332 ms
[gpt_2] [Rank 0] <19:12:06.304> Iter 810 time: 734.67 ms
[gpt_2] (mean, median, min, max) = (401.903987ms, 260.514547ms, 127.336041ms, 2.089992606s)
[gpt_2] [Rank 0] <19:12:06.641> Iter 811 time: 336.552 ms
[gpt_2] [Rank 0] <19:12:06.940> Iter 812 time: 299.77 ms
[gpt_2] [Rank 0] <19:12:07.220> Iter 813 time: 279.997 ms
[gpt_2] [Rank 0] <19:12:07.476> Iter 814 time: 255.616 ms
[gpt_2] [Rank 0] <19:12:08.725> Iter 815 time: 1248.625 ms
[gpt_2] [Rank 0] <19:12:08.984> Iter 816 time: 259.567 ms
[gpt_2] [Rank 0] <19:12:09.301> Iter 817 time: 317.266 ms
[gpt_2] [Rank 0] <19:12:09.541> Iter 818 time: 239.255 ms
[gpt_2] [Rank 0] <19:12:09.748> Iter 819 time: 207.326 ms
[gpt_2] [Rank 0] <19:12:11.792> Iter 820 time: 2044.02 ms
[gpt_2] [Rank 0] <19:12:12.143> Iter 821 time: 351.111 ms
[gpt_2] [Rank 0] <19:12:12.387> Iter 822 time: 243.406 ms
[gpt_2] [Rank 0] <19:12:12.629> Iter 823 time: 242.455 ms
[gpt_2] [Rank 0] <19:12:12.925> Iter 824 time: 296.4 ms
[gpt_2] [Rank 0] <19:12:14.396> Iter 825 time: 1470.624 ms
[gpt_2] [Rank 0] <19:12:14.629> Iter 826 time: 232.868 ms
[gpt_2] [Rank 0] <19:12:14.872> Iter 827 time: 243.24 ms
[gpt_2] [Rank 0] <19:12:15.129> Iter 828 time: 257.269 ms
[gpt_2] [Rank 0] <19:12:15.380> Iter 829 time: 250.62 ms
[gpt_2] [Rank 0] <19:12:16.333> Iter 830 time: 952.551 ms
[gpt_2] [Rank 0] <19:12:16.577> Iter 831 time: 244.811 ms
[gpt_2] [Rank 0] <19:12:16.840> Iter 832 time: 262.639 ms
[gpt_2] [Rank 0] <19:12:17.093> Iter 833 time: 253.398 ms
[gpt_2] [Rank 0] <19:12:17.350> Iter 834 time: 256.552 ms
[gpt_2] [Rank 0] <19:12:18.376> Iter 835 time: 1026.046 ms
[gpt_2] [Rank 0] <19:12:18.720> Iter 836 time: 343.999 ms
[gpt_2] [Rank 0] <19:12:18.952> Iter 837 time: 232.33 ms
[gpt_2] [Rank 0] <19:12:19.200> Iter 838 time: 247.232 ms
[gpt_2] [Rank 0] <19:12:19.456> Iter 839 time: 256.598 ms
[gpt_2] [Rank 0] <19:12:21.004> Iter 840 time: 1547.838 ms
[gpt_2] (mean, median, min, max) = (405.12701ms, 260.465937ms, 127.336041ms, 2.089992606s)
[gpt_2] [Rank 0] <19:12:21.277> Iter 841 time: 272.554 ms
[gpt_2] [Rank 0] <19:12:21.537> Iter 842 time: 260.82 ms
[gpt_2] [Rank 0] <19:12:21.820> Iter 843 time: 282.626 ms
[gpt_2] [Rank 0] <19:12:22.057> Iter 844 time: 237.38 ms
[gpt_2] [Rank 0] <19:12:22.680> Iter 845 time: 622.617 ms
[gpt_2] [Rank 0] <19:12:22.957> Iter 846 time: 277.367 ms
[gpt_2] [Rank 0] <19:12:23.241> Iter 847 time: 283.192 ms
[gpt_2] [Rank 0] <19:12:23.520> Iter 848 time: 279.775 ms
[gpt_2] [Rank 0] <19:12:23.788> Iter 849 time: 267.666 ms
[gpt_2] [Rank 0] <19:12:25.004> Iter 850 time: 1216.363 ms
[gpt_2] [Rank 0] <19:12:25.340> Iter 851 time: 335.969 ms
[gpt_2] [Rank 0] <19:12:25.621> Iter 852 time: 280.244 ms
[gpt_2] [Rank 0] <19:12:25.848> Iter 853 time: 227.31 ms
[gpt_2] [Rank 0] <19:12:26.144> Iter 854 time: 296.11 ms
[gpt_2] [Rank 0] <19:12:27.488> Iter 855 time: 1344.001 ms
[gpt_2] [Rank 0] <19:12:27.729> Iter 856 time: 240.69 ms
[gpt_2] [Rank 0] <19:12:27.992> Iter 857 time: 263.305 ms
[gpt_2] [Rank 0] <19:12:28.265> Iter 858 time: 272.549 ms
[gpt_2] [Rank 0] <19:12:28.548> Iter 859 time: 283.449 ms
[gpt_2] [Rank 0] <19:12:29.448> Iter 860 time: 900 ms
[gpt_2] [Rank 0] <19:12:29.697> Iter 861 time: 249.383 ms
[gpt_2] [Rank 0] <19:12:29.963> Iter 862 time: 265.408 ms
[gpt_2] [Rank 0] <19:12:30.265> Iter 863 time: 301.769 ms
[gpt_2] [Rank 0] <19:12:30.492> Iter 864 time: 227.437 ms
[gpt_2] [Rank 0] <19:12:31.569> Iter 865 time: 1076.481 ms
[gpt_2] [Rank 0] <19:12:31.849> Iter 866 time: 280.072 ms
[gpt_2] [Rank 0] <19:12:32.071> Iter 867 time: 222.585 ms
[gpt_2] [Rank 0] <19:12:32.312> Iter 868 time: 240.859 ms
[gpt_2] [Rank 0] <19:12:32.549> Iter 869 time: 237.382 ms
[gpt_2] [Rank 0] <19:12:33.460> Iter 870 time: 910.942 ms
[gpt_2] (mean, median, min, max) = (405.482907ms, 260.966886ms, 127.336041ms, 2.089992606s)
[gpt_2] [Rank 0] <19:12:33.734> Iter 871 time: 273.518 ms
[gpt_2] [Rank 0] <19:12:33.999> Iter 872 time: 264.749 ms
[gpt_2] [Rank 0] <19:12:34.276> Iter 873 time: 277.41 ms
[gpt_2] [Rank 0] <19:12:34.514> Iter 874 time: 237.95 ms
[gpt_2] [Rank 0] <19:12:36.076> Iter 875 time: 1562.047 ms
[gpt_2] [Rank 0] <19:12:36.336> Iter 876 time: 259.999 ms
[gpt_2] [Rank 0] <19:12:36.593> Iter 877 time: 257.391 ms
[gpt_2] [Rank 0] <19:12:36.900> Iter 878 time: 306.61 ms
[gpt_2] [Rank 0] <19:12:37.201> Iter 879 time: 301.387 ms
[gpt_2] [Rank 0] <19:12:37.981> Iter 880 time: 779.76 ms
[gpt_2] [Rank 0] <19:12:38.313> Iter 881 time: 331.423 ms
[gpt_2] [Rank 0] <19:12:38.581> Iter 882 time: 268.009 ms
[gpt_2] [Rank 0] <19:12:38.840> Iter 883 time: 259.414 ms
[gpt_2] [Rank 0] <19:12:39.105> Iter 884 time: 264.569 ms
[gpt_2] [Rank 0] <19:12:40.661> Iter 885 time: 1555.885 ms
[gpt_2] [Rank 0] <19:12:40.969> Iter 886 time: 308.131 ms
[gpt_2] [Rank 0] <19:12:41.240> Iter 887 time: 271.753 ms
[gpt_2] [Rank 0] <19:12:41.489> Iter 888 time: 249.096 ms
[gpt_2] [Rank 0] <19:12:41.745> Iter 889 time: 255.942 ms
[gpt_2] [Rank 0] <19:12:42.429> Iter 890 time: 683.752 ms
[gpt_2] [Rank 0] <19:12:42.688> Iter 891 time: 258.967 ms
[gpt_2] [Rank 0] <19:12:42.944> Iter 892 time: 256.109 ms
[gpt_2] [Rank 0] <19:12:43.208> Iter 893 time: 264.001 ms
[gpt_2] [Rank 0] <19:12:43.485> Iter 894 time: 276.367 ms
[gpt_2] [Rank 0] <19:12:44.788> Iter 895 time: 1303.458 ms
[gpt_2] [Rank 0] <19:12:45.081> Iter 896 time: 293.312 ms
[gpt_2] [Rank 0] <19:12:45.345> Iter 897 time: 263.737 ms
[gpt_2] [Rank 0] <19:12:45.620> Iter 898 time: 274.914 ms
[gpt_2] [Rank 0] <19:12:45.853> Iter 899 time: 233.377 ms
[gpt_2] [Rank 0] <19:12:47.029> Iter 900 time: 1175.71 ms
[gpt_2] (mean, median, min, max) = (407.078675ms, 262.309048ms, 127.336041ms, 2.089992606s)
[gpt_2] [Rank 0] <19:12:47.276> Iter 901 time: 247.243 ms
[gpt_2] [Rank 0] <19:12:47.528> Iter 902 time: 251.268 ms
[gpt_2] [Rank 0] <19:12:47.813> Iter 903 time: 285.786 ms
[gpt_2] [Rank 0] <19:12:48.072> Iter 904 time: 258.613 ms
[gpt_2] [Rank 0] <19:12:49.149> Iter 905 time: 1077.145 ms
[gpt_2] [Rank 0] <19:12:49.472> Iter 906 time: 322.852 ms
[gpt_2] [Rank 0] <19:12:49.716> Iter 907 time: 244.005 ms
[gpt_2] [Rank 0] <19:12:50.012> Iter 908 time: 295.995 ms
[gpt_2] [Rank 0] <19:12:50.297> Iter 909 time: 285.364 ms
[gpt_2] [Rank 0] <19:12:50.914> Iter 910 time: 616.925 ms
[gpt_2] [Rank 0] <19:12:51.172> Iter 911 time: 258.034 ms
[gpt_2] [Rank 0] <19:12:51.453> Iter 912 time: 281.041 ms
[gpt_2] [Rank 0] <19:12:51.753> Iter 913 time: 300.012 ms
[gpt_2] [Rank 0] <19:12:52.033> Iter 914 time: 280.026 ms
[gpt_2] [Rank 0] <19:12:53.060> Iter 915 time: 1026.598 ms
[gpt_2] [Rank 0] <19:12:53.333> Iter 916 time: 273.4 ms
[gpt_2] [Rank 0] <19:12:53.629> Iter 917 time: 295.951 ms
[gpt_2] [Rank 0] <19:12:53.920> Iter 918 time: 290.646 ms
[gpt_2] [Rank 0] <19:12:54.180> Iter 919 time: 259.996 ms
[gpt_2] [Rank 0] <19:12:54.784> Iter 920 time: 603.999 ms
[gpt_2] [Rank 0] <19:12:55.037> Iter 921 time: 253.379 ms
[gpt_2] [Rank 0] <19:12:55.329> Iter 922 time: 291.181 ms
[gpt_2] [Rank 0] <19:12:55.560> Iter 923 time: 231.441 ms
[gpt_2] [Rank 0] <19:12:55.853> Iter 924 time: 292.595 ms
[gpt_2] [Rank 0] <19:12:56.681> Iter 925 time: 828.52 ms
[gpt_2] [Rank 0] <19:12:56.960> Iter 926 time: 278.948 ms
[gpt_2] [Rank 0] <19:12:57.157> Iter 927 time: 197.306 ms
[gpt_2] [Rank 0] <19:12:57.441> Iter 928 time: 283.193 ms
[gpt_2] [Rank 0] <19:12:57.696> Iter 929 time: 255.761 ms
[gpt_2] [Rank 0] <19:12:58.662> Iter 930 time: 965.906 ms
[gpt_2] (mean, median, min, max) = (406.442177ms, 262.617836ms, 127.336041ms, 2.089992606s)
[gpt_2] [Rank 0] <19:12:58.861> Iter 931 time: 198.342 ms
[gpt_2] [Rank 0] <19:12:59.121> Iter 932 time: 260.795 ms
[gpt_2] [Rank 0] <19:12:59.401> Iter 933 time: 280.002 ms
[gpt_2] [Rank 0] <19:12:59.704> Iter 934 time: 302.622 ms
[gpt_2] [Rank 0] <19:13:00.344> Iter 935 time: 639.939 ms
[gpt_2] [Rank 0] <19:13:00.617> Iter 936 time: 273.028 ms
[gpt_2] [Rank 0] <19:13:00.900> Iter 937 time: 283.369 ms
[gpt_2] [Rank 0] <19:13:01.165> Iter 938 time: 264.646 ms
[gpt_2] [Rank 0] <19:13:01.437> Iter 939 time: 271.996 ms
[gpt_2] [Rank 0] <19:13:02.401> Iter 940 time: 964.165 ms
[gpt_2] [Rank 0] <19:13:02.825> Iter 941 time: 423.426 ms
[gpt_2] [Rank 0] <19:13:03.067> Iter 942 time: 242.034 ms
[gpt_2] [Rank 0] <19:13:03.312> Iter 943 time: 245.614 ms
[gpt_2] [Rank 0] <19:13:03.565> Iter 944 time: 252.651 ms
[gpt_2] [Rank 0] <19:13:04.313> Iter 945 time: 747.689 ms
[gpt_2] [Rank 0] <19:13:04.572> Iter 946 time: 259.439 ms
[gpt_2] [Rank 0] <19:13:04.833> Iter 947 time: 261.391 ms
[gpt_2] [Rank 0] <19:13:05.121> Iter 948 time: 287.181 ms
[gpt_2] [Rank 0] <19:13:05.405> Iter 949 time: 284.816 ms
[gpt_2] [Rank 0] <19:13:06.752> Iter 950 time: 1346.614 ms
[gpt_2] [Rank 0] <19:13:07.072> Iter 951 time: 319.999 ms
[gpt_2] [Rank 0] <19:13:07.345> Iter 952 time: 272.572 ms
[gpt_2] [Rank 0] <19:13:07.579> Iter 953 time: 234.089 ms
[gpt_2] [Rank 0] <19:13:07.816> Iter 954 time: 237.239 ms
[gpt_2] [Rank 0] <19:13:08.833> Iter 955 time: 1017.189 ms
[gpt_2] [Rank 0] <19:13:09.105> Iter 956 time: 272.284 ms
[gpt_2] [Rank 0] <19:13:09.404> Iter 957 time: 298.958 ms
[gpt_2] [Rank 0] <19:13:09.649> Iter 958 time: 245.059 ms
[gpt_2] [Rank 0] <19:13:09.924> Iter 959 time: 274.987 ms
[gpt_2] [Rank 0] <19:13:10.803> Iter 960 time: 878.889 ms
[gpt_2] (mean, median, min, max) = (406.386615ms, 263.219147ms, 127.336041ms, 2.089992606s)
[gpt_2] [Rank 0] <19:13:11.048> Iter 961 time: 244.66 ms
[gpt_2] [Rank 0] <19:13:11.313> Iter 962 time: 264.649 ms
[gpt_2] [Rank 0] <19:13:11.576> Iter 963 time: 263.633 ms
[gpt_2] [Rank 0] <19:13:11.797> Iter 964 time: 220.729 ms
[gpt_2] [Rank 0] <19:13:13.241> Iter 965 time: 1443.598 ms
[gpt_2] [Rank 0] <19:13:13.428> Iter 966 time: 187.457 ms
[gpt_2] [Rank 0] <19:13:13.717> Iter 967 time: 288.595 ms
[gpt_2] [Rank 0] <19:13:13.957> Iter 968 time: 239.966 ms
[gpt_2] [Rank 0] <19:13:14.228> Iter 969 time: 271.436 ms
[gpt_2] [Rank 0] <19:13:15.281> Iter 970 time: 1052.589 ms
[gpt_2] [Rank 0] <19:13:15.504> Iter 971 time: 223.412 ms
[gpt_2] [Rank 0] <19:13:15.789> Iter 972 time: 285.406 ms
[gpt_2] [Rank 0] <19:13:16.081> Iter 973 time: 291.156 ms
[gpt_2] [Rank 0] <19:13:16.301> Iter 974 time: 220.388 ms
[gpt_2] [Rank 0] <19:13:17.964> Iter 975 time: 1663.12 ms
[gpt_2] [Rank 0] <19:13:18.232> Iter 976 time: 267.931 ms
[gpt_2] [Rank 0] <19:13:18.436> Iter 977 time: 204.066 ms
[gpt_2] [Rank 0] <19:13:18.657> Iter 978 time: 221.267 ms
[gpt_2] [Rank 0] <19:13:18.930> Iter 979 time: 272.656 ms
[gpt_2] [Rank 0] <19:13:19.609> Iter 980 time: 679.138 ms
[gpt_2] [Rank 0] <19:13:19.949> Iter 981 time: 340.236 ms
[gpt_2] [Rank 0] <19:13:20.177> Iter 982 time: 227.336 ms
[gpt_2] [Rank 0] <19:13:20.416> Iter 983 time: 239.294 ms
[gpt_2] [Rank 0] <19:13:20.760> Iter 984 time: 344.336 ms
[gpt_2] [Rank 0] <19:13:21.316> Iter 985 time: 555.663 ms
[gpt_2] [Rank 0] <19:13:21.660> Iter 986 time: 344.333 ms
[gpt_2] [Rank 0] <19:13:21.917> Iter 987 time: 256.764 ms
[gpt_2] [Rank 0] <19:13:22.191> Iter 988 time: 273.731 ms
[gpt_2] [Rank 0] <19:13:22.468> Iter 989 time: 277.169 ms
[gpt_2] [Rank 0] <19:13:23.112> Iter 990 time: 644.35 ms
[gpt_2] (mean, median, min, max) = (406.507728ms, 263.639759ms, 127.336041ms, 2.089992606s)
[gpt_2] [Rank 0] <19:13:23.341> Iter 991 time: 228.622 ms
[gpt_2] [Rank 0] <19:13:23.629> Iter 992 time: 287.585 ms
[gpt_2] [Rank 0] <19:13:23.913> Iter 993 time: 284.825 ms
[gpt_2] [Rank 0] <19:13:24.192> Iter 994 time: 278.617 ms
[gpt_2] [Rank 0] <19:13:24.640> Iter 995 time: 448.332 ms
[gpt_2] [Rank 0] <19:13:24.874> Iter 996 time: 233.772 ms
[gpt_2] [Rank 0] <19:13:25.141> Iter 997 time: 266.485 ms
[gpt_2] [Rank 0] <19:13:25.396> Iter 998 time: 255.409 ms
[gpt_2] [Rank 0] <19:13:25.642> Iter 999 time: 246.133 ms
[gpt_2] [Rank 0] <19:13:26.528> Iter 1000 time: 885.866 ms
[gpt_2] [Rank 0] <19:13:26.724> Iter 1001 time: 195.998 ms
[gpt_2] [Rank 0] <19:13:27.017> Iter 1002 time: 292.61 ms
[gpt_2] [Rank 0] <19:13:27.284> Iter 1003 time: 267.391 ms
[gpt_2] [Rank 0] <19:13:27.517> Iter 1004 time: 233.056 ms
[gpt_2] [Rank 0] <19:13:29.044> Iter 1005 time: 1527.28 ms
[gpt_2] [Rank 0] <19:13:29.268> Iter 1006 time: 223.66 ms
[gpt_2] [Rank 0] <19:13:29.547> Iter 1007 time: 278.595 ms
[gpt_2] [Rank 0] <19:13:29.781> Iter 1008 time: 234.563 ms
[gpt_2] [Rank 0] <19:13:30.024> Iter 1009 time: 243.052 ms
[gpt_2] [Rank 0] <19:13:30.916> Iter 1010 time: 891.241 ms
[gpt_2] [Rank 0] <19:13:31.183> Iter 1011 time: 267.381 ms
[gpt_2] [Rank 0] <19:13:31.461> Iter 1012 time: 277.729 ms
[gpt_2] [Rank 0] <19:13:31.684> Iter 1013 time: 223.438 ms
[gpt_2] [Rank 0] <19:13:31.972> Iter 1014 time: 288.335 ms
[gpt_2] [Rank 0] <19:13:32.503> Iter 1015 time: 530.599 ms
[gpt_2] [Rank 0] <19:13:32.773> Iter 1016 time: 270.433 ms
[gpt_2] [Rank 0] <19:13:33.052> Iter 1017 time: 278.956 ms
[gpt_2] [Rank 0] <19:13:33.272> Iter 1018 time: 220.013 ms
[gpt_2] [Rank 0] <19:13:33.565> Iter 1019 time: 292.216 ms
[gpt_2] [Rank 0] <19:13:34.386> Iter 1020 time: 821.052 ms
[gpt_2] (mean, median, min, max) = (405.585754ms, 263.985304ms, 127.336041ms, 2.089992606s)
[gpt_2] [Rank 0] <19:13:34.625> Iter 1021 time: 238.95 ms
[gpt_2] [Rank 0] <19:13:34.912> Iter 1022 time: 287.441 ms
[gpt_2] [Rank 0] <19:13:35.172> Iter 1023 time: 260.004 ms
[gpt_2] [Rank 0] <19:13:35.428> Iter 1024 time: 255.994 ms
[gpt_2] [Rank 0] <19:13:36.340> Iter 1025 time: 911.475 ms
[gpt_2] [Rank 0] <19:13:36.588> Iter 1026 time: 248.518 ms
[gpt_2] [Rank 0] <19:13:36.849> Iter 1027 time: 260.947 ms
[gpt_2] [Rank 0] <19:13:37.117> Iter 1028 time: 267.619 ms
[gpt_2] [Rank 0] <19:13:37.385> Iter 1029 time: 268.012 ms
[gpt_2] [Rank 0] <19:13:38.572> Iter 1030 time: 1187.43 ms
[gpt_2] [Rank 0] <19:13:38.844> Iter 1031 time: 272.318 ms
[gpt_2] [Rank 0] <19:13:39.092> Iter 1032 time: 247.68 ms
[gpt_2] [Rank 0] <19:13:39.349> Iter 1033 time: 256.576 ms
[gpt_2] [Rank 0] <19:13:39.495> Iter 1034 time: 146.867 ms
[gpt_2] [Rank 0] <19:13:40.617> Iter 1035 time: 1121.134 ms
[gpt_2] [Rank 0] <19:13:40.869> Iter 1036 time: 252.555 ms
[gpt_2] [Rank 0] <19:13:41.145> Iter 1037 time: 276.257 ms
[gpt_2] [Rank 0] <19:13:41.413> Iter 1038 time: 267.189 ms
[gpt_2] [Rank 0] <19:13:41.632> Iter 1039 time: 219.372 ms
[gpt_2] [Rank 0] <19:13:42.741> Iter 1040 time: 1109.174 ms
[gpt_2] [Rank 0] <19:13:43.078> Iter 1041 time: 337.248 ms
[gpt_2] [Rank 0] <19:13:43.335> Iter 1042 time: 256.552 ms
[gpt_2] [Rank 0] <19:13:43.641> Iter 1043 time: 305.635 ms
[gpt_2] [Rank 0] <19:13:43.839> Iter 1044 time: 197.963 ms
[gpt_2] [Rank 0] <19:13:44.977> Iter 1045 time: 1138.048 ms
[gpt_2] [Rank 0] <19:13:45.217> Iter 1046 time: 240.801 ms
[gpt_2] [Rank 0] <19:13:45.497> Iter 1047 time: 279.998 ms
[gpt_2] [Rank 0] <19:13:45.761> Iter 1048 time: 263.199 ms
[gpt_2] [Rank 0] <19:13:46.045> Iter 1049 time: 284.001 ms
[gpt_2] [Rank 0] <19:13:46.480> Iter 1050 time: 435.503 ms
[gpt_2] (mean, median, min, max) = (405.514784ms, 263.999299ms, 127.336041ms, 2.089992606s)
[gpt_2] [Rank 0] <19:13:46.737> Iter 1051 time: 256.462 ms
[gpt_2] [Rank 0] <19:13:46.987> Iter 1052 time: 250.077 ms
[gpt_2] [Rank 0] <19:13:47.240> Iter 1053 time: 253.704 ms
[gpt_2] [Rank 0] <19:13:47.457> Iter 1054 time: 217.043 ms
[gpt_2] [Rank 0] <19:13:48.561> Iter 1055 time: 1103.789 ms
[gpt_2] [Rank 0] <19:13:48.884> Iter 1056 time: 323.182 ms
[gpt_2] [Rank 0] <19:13:49.090> Iter 1057 time: 206.068 ms
[gpt_2] [Rank 0] <19:13:49.345> Iter 1058 time: 254.165 ms
[gpt_2] [Rank 0] <19:13:49.620> Iter 1059 time: 275.761 ms
[gpt_2] [Rank 0] <19:13:50.744> Iter 1060 time: 1123.666 ms
[gpt_2] [Rank 0] <19:13:50.971> Iter 1061 time: 227.266 ms
[gpt_2] [Rank 0] <19:13:51.221> Iter 1062 time: 250.132 ms
[gpt_2] [Rank 0] <19:13:51.476> Iter 1063 time: 254.596 ms
[gpt_2] [Rank 0] <19:13:51.784> Iter 1064 time: 308.335 ms
[gpt_2] [Rank 0] <19:13:53.036> Iter 1065 time: 1251.665 ms
[gpt_2] [Rank 0] <19:13:53.285> Iter 1066 time: 249.385 ms
[gpt_2] [Rank 0] <19:13:53.557> Iter 1067 time: 272.014 ms
[gpt_2] [Rank 0] <19:13:53.849> Iter 1068 time: 291.149 ms
[gpt_2] [Rank 0] <19:13:54.102> Iter 1069 time: 253.872 ms
[gpt_2] [Rank 0] <19:13:55.230> Iter 1070 time: 1127.26 ms
[gpt_2] [Rank 0] <19:13:55.488> Iter 1071 time: 258.647 ms
[gpt_2] [Rank 0] <19:13:55.748> Iter 1072 time: 259.668 ms
[gpt_2] [Rank 0] <19:13:56.011> Iter 1073 time: 263.051 ms
[gpt_2] [Rank 0] <19:13:56.252> Iter 1074 time: 240.948 ms
[gpt_2] [Rank 0] <19:13:56.963> Iter 1075 time: 710.702 ms
[gpt_2] [Rank 0] <19:13:57.208> Iter 1076 time: 245.296 ms
[gpt_2] [Rank 0] <19:13:57.473> Iter 1077 time: 265.386 ms
[gpt_2] [Rank 0] <19:13:57.732> Iter 1078 time: 258.629 ms
[gpt_2] [Rank 0] <19:13:57.979> Iter 1079 time: 247.249 ms
[gpt_2] [Rank 0] <19:13:59.297> Iter 1080 time: 1317.712 ms
[gpt_2] (mean, median, min, max) = (406.129362ms, 263.714909ms, 127.336041ms, 2.089992606s)
[gpt_2] [Rank 0] <19:13:59.496> Iter 1081 time: 199.141 ms
[gpt_2] [Rank 0] <19:13:59.724> Iter 1082 time: 227.884 ms
[gpt_2] [Rank 0] <19:13:59.976> Iter 1083 time: 251.997 ms
[gpt_2] [Rank 0] <19:14:00.232> Iter 1084 time: 256.001 ms
[gpt_2] [Rank 0] <19:14:01.068> Iter 1085 time: 836.012 ms
[gpt_2] [Rank 0] <19:14:01.328> Iter 1086 time: 260.096 ms
[gpt_2] [Rank 0] <19:14:01.593> Iter 1087 time: 264.444 ms
[gpt_2] [Rank 0] <19:14:01.814> Iter 1088 time: 221.405 ms
[gpt_2] [Rank 0] <19:14:02.036> Iter 1089 time: 222.375 ms
[gpt_2] [Rank 0] <19:14:02.819> Iter 1090 time: 782.586 ms
[gpt_2] [Rank 0] <19:14:03.072> Iter 1091 time: 253.079 ms
[gpt_2] [Rank 0] <19:14:03.320> Iter 1092 time: 247.999 ms
[gpt_2] [Rank 0] <19:14:03.556> Iter 1093 time: 236.329 ms
[gpt_2] [Rank 0] <19:14:03.824> Iter 1094 time: 267.669 ms
[gpt_2] [Rank 0] <19:14:04.737> Iter 1095 time: 912.621 ms
[gpt_2] [Rank 0] <19:14:05.061> Iter 1096 time: 324.448 ms
[gpt_2] [Rank 0] <19:14:05.292> Iter 1097 time: 230.852 ms
[gpt_2] [Rank 0] <19:14:05.597> Iter 1098 time: 304.757 ms
[gpt_2] [Rank 0] <19:14:05.792> Iter 1099 time: 195.323 ms
[gpt_2] [Rank 0] <19:14:06.804> Iter 1100 time: 1011.722 ms
[gpt_2] [Rank 0] <19:14:07.020> Iter 1101 time: 216.613 ms
[gpt_2] [Rank 0] <19:14:07.285> Iter 1102 time: 265.011 ms
[gpt_2] [Rank 0] <19:14:07.557> Iter 1103 time: 272.019 ms
[gpt_2] [Rank 0] <19:14:07.820> Iter 1104 time: 262.965 ms
[gpt_2] [Rank 0] <19:14:08.321> Iter 1105 time: 500.25 ms
[gpt_2] [Rank 0] <19:14:08.565> Iter 1106 time: 244.793 ms
[gpt_2] [Rank 0] <19:14:08.812> Iter 1107 time: 246.939 ms
[gpt_2] [Rank 0] <19:14:09.085> Iter 1108 time: 273.071 ms
[gpt_2] [Rank 0] <19:14:09.392> Iter 1109 time: 306.607 ms
[gpt_2] [Rank 0] <19:14:10.157> Iter 1110 time: 764.568 ms
[gpt_2] (mean, median, min, max) = (404.914418ms, 263.669209ms, 127.336041ms, 2.089992606s)
[gpt_2] [Rank 0] <19:14:10.404> Iter 1111 time: 247.789 ms
[gpt_2] [Rank 0] <19:14:10.596> Iter 1112 time: 191.992 ms
[gpt_2] [Rank 0] <19:14:10.850> Iter 1113 time: 253.408 ms
[gpt_2] [Rank 0] <19:14:11.096> Iter 1114 time: 246.24 ms
[gpt_2] [Rank 0] <19:14:12.021> Iter 1115 time: 925.421 ms
[gpt_2] [Rank 0] <19:14:12.281> Iter 1116 time: 259.154 ms
[gpt_2] [Rank 0] <19:14:12.511> Iter 1117 time: 230.592 ms
[gpt_2] [Rank 0] <19:14:12.765> Iter 1118 time: 254.206 ms
[gpt_2] [Rank 0] <19:14:13.000> Iter 1119 time: 234.596 ms
[gpt_2] [Rank 0] <19:14:14.248> Iter 1120 time: 1248.031 ms
[gpt_2] [Rank 0] <19:14:14.456> Iter 1121 time: 207.996 ms
[gpt_2] [Rank 0] <19:14:14.684> Iter 1122 time: 227.998 ms
[gpt_2] [Rank 0] <19:14:14.940> Iter 1123 time: 256.218 ms
[gpt_2] [Rank 0] <19:14:15.173> Iter 1124 time: 233.19 ms
[gpt_2] [Rank 0] <19:14:16.313> Iter 1125 time: 1139.046 ms
[gpt_2] [Rank 0] <19:14:16.516> Iter 1126 time: 203.686 ms
[gpt_2] [Rank 0] <19:14:16.785> Iter 1127 time: 268.416 ms
[gpt_2] [Rank 0] <19:14:17.009> Iter 1128 time: 224.828 ms
[gpt_2] [Rank 0] <19:14:17.257> Iter 1129 time: 247.869 ms
[gpt_2] [Rank 0] <19:14:17.776> Iter 1130 time: 519.018 ms
[gpt_2] [Rank 0] <19:14:18.006> Iter 1131 time: 229.736 ms
[gpt_2] [Rank 0] <19:14:18.301> Iter 1132 time: 294.738 ms
[gpt_2] [Rank 0] <19:14:18.573> Iter 1133 time: 271.826 ms
[gpt_2] [Rank 0] <19:14:18.788> Iter 1134 time: 215.426 ms
[gpt_2] [Rank 0] <19:14:19.648> Iter 1135 time: 860.33 ms
[gpt_2] [Rank 0] <19:14:19.865> Iter 1136 time: 217.034 ms
[gpt_2] [Rank 0] <19:14:20.073> Iter 1137 time: 207.575 ms
[gpt_2] [Rank 0] <19:14:20.302> Iter 1138 time: 229.442 ms
[gpt_2] [Rank 0] <19:14:20.585> Iter 1139 time: 282.184 ms
[gpt_2] [Rank 0] <19:14:21.680> Iter 1140 time: 1095.774 ms
[gpt_2] (mean, median, min, max) = (404.357581ms, 263.219147ms, 127.336041ms, 2.089992606s)
[gpt_2] [Rank 0] <19:14:21.929> Iter 1141 time: 249.02 ms
[gpt_2] [Rank 0] <19:14:22.157> Iter 1142 time: 227.976 ms
[gpt_2] [Rank 0] <19:14:22.356> Iter 1143 time: 198.278 ms
[gpt_2] [Rank 0] <19:14:22.600> Iter 1144 time: 244.719 ms
[gpt_2] [Rank 0] <19:14:23.372> Iter 1145 time: 771.664 ms
[gpt_2] [Rank 0] <19:14:23.646> Iter 1146 time: 273.782 ms
[gpt_2] [Rank 0] <19:14:23.940> Iter 1147 time: 294.546 ms
[gpt_2] [Rank 0] <19:14:24.153> Iter 1148 time: 212.648 ms
[gpt_2] [Rank 0] <19:14:24.365> Iter 1149 time: 212.008 ms
[gpt_2] [Rank 0] <19:14:25.421> Iter 1150 time: 1056.126 ms
[gpt_2] [Rank 0] <19:14:25.809> Iter 1151 time: 387.452 ms
[gpt_2] [Rank 0] <19:14:26.052> Iter 1152 time: 243.436 ms
[gpt_2] [Rank 0] <19:14:26.281> Iter 1153 time: 229.353 ms
[gpt_2] [Rank 0] <19:14:26.474> Iter 1154 time: 193.047 ms
[gpt_2] [Rank 0] <19:14:27.333> Iter 1155 time: 858.73 ms
[gpt_2] [Rank 0] <19:14:27.668> Iter 1156 time: 334.868 ms
[gpt_2] [Rank 0] <19:14:27.834> Iter 1157 time: 165.608 ms
[gpt_2] [Rank 0] <19:14:28.081> Iter 1158 time: 246.957 ms
[gpt_2] [Rank 0] <19:14:28.300> Iter 1159 time: 219.433 ms
[gpt_2] [Rank 0] <19:14:29.420> Iter 1160 time: 1120.338 ms
[gpt_2] [Rank 0] <19:14:29.673> Iter 1161 time: 252.233 ms
[gpt_2] [Rank 0] <19:14:29.904> Iter 1162 time: 231.428 ms
[gpt_2] [Rank 0] <19:14:30.136> Iter 1163 time: 232.336 ms
[gpt_2] [Rank 0] <19:14:30.369> Iter 1164 time: 233.026 ms
[gpt_2] [Rank 0] <19:14:31.344> Iter 1165 time: 974.638 ms
[gpt_2] [Rank 0] <19:14:31.557> Iter 1166 time: 212.638 ms
[gpt_2] [Rank 0] <19:14:31.789> Iter 1167 time: 232.756 ms
[gpt_2] [Rank 0] <19:14:32.029> Iter 1168 time: 239.968 ms
[gpt_2] [Rank 0] <19:14:32.288> Iter 1169 time: 258.98 ms
[gpt_2] [Rank 0] <19:14:33.052> Iter 1170 time: 763.654 ms
[gpt_2] (mean, median, min, max) = (403.697521ms, 263.008802ms, 127.336041ms, 2.089992606s)
[gpt_2] [Rank 0] <19:14:33.292> Iter 1171 time: 239.998 ms
[gpt_2] [Rank 0] <19:14:33.484> Iter 1172 time: 191.586 ms
[gpt_2] [Rank 0] <19:14:33.781> Iter 1173 time: 296.921 ms
[gpt_2] [Rank 0] <19:14:34.052> Iter 1174 time: 271.494 ms
[gpt_2] [Rank 0] <19:14:35.201> Iter 1175 time: 1148.452 ms
[gpt_2] [Rank 0] <19:14:35.441> Iter 1176 time: 240.39 ms
[gpt_2] [Rank 0] <19:14:35.632> Iter 1177 time: 191.155 ms
[gpt_2] [Rank 0] <19:14:35.881> Iter 1178 time: 249.363 ms
[gpt_2] [Rank 0] <19:14:36.161> Iter 1179 time: 280.026 ms
[gpt_2] [Rank 0] <19:14:37.001> Iter 1180 time: 839.459 ms
[gpt_2] [Rank 0] <19:14:37.256> Iter 1181 time: 255.484 ms
[gpt_2] [Rank 0] <19:14:37.402> Iter 1182 time: 145.958 ms
[gpt_2] [Rank 0] <19:14:37.677> Iter 1183 time: 275.097 ms
[gpt_2] [Rank 0] <19:14:37.869> Iter 1184 time: 191.172 ms
[gpt_2] [Rank 0] <19:14:38.391> Iter 1185 time: 522.387 ms
[gpt_2] [Rank 0] <19:14:38.625> Iter 1186 time: 234.419 ms
[gpt_2] [Rank 0] <19:14:38.908> Iter 1187 time: 282.633 ms
[gpt_2] [Rank 0] <19:14:39.153> Iter 1188 time: 245.386 ms
[gpt_2] [Rank 0] <19:14:39.409> Iter 1189 time: 255.174 ms
[gpt_2] [Rank 0] <19:14:41.097> Iter 1190 time: 1688.002 ms
[gpt_2] [Rank 0] <19:14:41.349> Iter 1191 time: 252.58 ms
[gpt_2] [Rank 0] <19:14:41.633> Iter 1192 time: 284.253 ms
[gpt_2] [Rank 0] <19:14:41.893> Iter 1193 time: 259.166 ms
[gpt_2] [Rank 0] <19:14:42.144> Iter 1194 time: 251.433 ms
[gpt_2] [Rank 0] <19:14:42.909> Iter 1195 time: 764.561 ms
[gpt_2] [Rank 0] <19:14:43.117> Iter 1196 time: 208.812 ms
[gpt_2] [Rank 0] <19:14:43.312> Iter 1197 time: 194.627 ms
[gpt_2] [Rank 0] <19:14:43.564> Iter 1198 time: 251.997 ms
[gpt_2] [Rank 0] <19:14:43.769> Iter 1199 time: 205.365 ms
[gpt_2] [Rank 0] <19:14:44.537> Iter 1200 time: 767.212 ms
[gpt_2] (mean, median, min, max) = (403.166716ms, 262.617836ms, 127.336041ms, 2.089992606s)
[gpt_2] [Rank 0] <19:14:44.772> Iter 1201 time: 235.772 ms
[gpt_2] [Rank 0] <19:14:45.040> Iter 1202 time: 267.667 ms
[gpt_2] [Rank 0] <19:14:45.272> Iter 1203 time: 231.983 ms
[gpt_2] [Rank 0] <19:14:45.505> Iter 1204 time: 233.367 ms
[gpt_2] [Rank 0] <19:14:46.929> Iter 1205 time: 1423.185 ms
[gpt_2] [Rank 0] <19:14:47.160> Iter 1206 time: 231.663 ms
[gpt_2] [Rank 0] <19:14:47.441> Iter 1207 time: 281.157 ms
[gpt_2] [Rank 0] <19:14:47.685> Iter 1208 time: 243.197 ms
[gpt_2] [Rank 0] <19:14:47.937> Iter 1209 time: 251.976 ms
[gpt_2] [Rank 0] <19:14:49.156> Iter 1210 time: 1219.452 ms
[gpt_2] [Rank 0] <19:14:49.552> Iter 1211 time: 396.333 ms
[gpt_2] [Rank 0] <19:14:49.761> Iter 1212 time: 208.63 ms
[gpt_2] [Rank 0] <19:14:50.034> Iter 1213 time: 272.523 ms
[gpt_2] [Rank 0] <19:14:50.336> Iter 1214 time: 302.511 ms
[gpt_2] [Rank 0] <19:14:51.632> Iter 1215 time: 1296.337 ms
[gpt_2] [Rank 0] <19:14:51.829> Iter 1216 time: 196.156 ms
[gpt_2] [Rank 0] <19:14:52.132> Iter 1217 time: 303.505 ms
[gpt_2] [Rank 0] <19:14:52.385> Iter 1218 time: 253.37 ms
[gpt_2] [Rank 0] <19:14:52.668> Iter 1219 time: 282.629 ms
[gpt_2] [Rank 0] <19:14:53.652> Iter 1220 time: 984.002 ms
[gpt_2] [Rank 0] <19:14:53.949> Iter 1221 time: 296.57 ms
[gpt_2] [Rank 0] <19:14:54.190> Iter 1222 time: 241.819 ms
[gpt_2] [Rank 0] <19:14:54.412> Iter 1223 time: 221.956 ms
[gpt_2] [Rank 0] <19:14:54.608> Iter 1224 time: 195.654 ms
[gpt_2] [Rank 0] <19:14:55.188> Iter 1225 time: 579.999 ms
[gpt_2] [Rank 0] <19:14:55.413> Iter 1226 time: 225.389 ms
[gpt_2] [Rank 0] <19:14:55.693> Iter 1227 time: 280.011 ms
[gpt_2] [Rank 0] <19:14:55.969> Iter 1228 time: 275.141 ms
[gpt_2] [Rank 0] <19:14:56.178> Iter 1229 time: 209.851 ms
[gpt_2] [Rank 0] <19:14:57.502> Iter 1230 time: 1323.607 ms
[gpt_2] (mean, median, min, max) = (403.886075ms, 262.633244ms, 127.336041ms, 2.089992606s)
[gpt_2] [Rank 0] <19:14:57.729> Iter 1231 time: 226.693 ms
[gpt_2] [Rank 0] <19:14:57.977> Iter 1232 time: 248.661 ms
[gpt_2] [Rank 0] <19:14:58.232> Iter 1233 time: 254.642 ms
[gpt_2] [Rank 0] <19:14:58.501> Iter 1234 time: 269.363 ms
[gpt_2] [Rank 0] <19:15:00.433> Iter 1235 time: 1931.987 ms
[gpt_2] [Rank 0] <19:15:00.685> Iter 1236 time: 252.051 ms
[gpt_2] [Rank 0] <19:15:00.913> Iter 1237 time: 227.175 ms
[gpt_2] [Rank 0] <19:15:01.109> Iter 1238 time: 196.644 ms
[gpt_2] [Rank 0] <19:15:01.293> Iter 1239 time: 184.17 ms
[gpt_2] [Rank 0] <19:15:01.905> Iter 1240 time: 611.185 ms
[gpt_2] [Rank 0] <19:15:02.148> Iter 1241 time: 243.417 ms
[gpt_2] [Rank 0] <19:15:02.409> Iter 1242 time: 261.381 ms
[gpt_2] [Rank 0] <19:15:02.660> Iter 1243 time: 250.947 ms
[gpt_2] [Rank 0] <19:15:02.916> Iter 1244 time: 255.793 ms
[gpt_2] [Rank 0] <19:15:04.289> Iter 1245 time: 1373.017 ms
[gpt_2] [Rank 0] <19:15:04.704> Iter 1246 time: 414.86 ms
[gpt_2] [Rank 0] <19:15:04.838> Iter 1247 time: 134.404 ms
[gpt_2] [Rank 0] <19:15:05.032> Iter 1248 time: 193.593 ms
[gpt_2] [Rank 0] <19:15:05.303> Iter 1249 time: 270.796 ms
[gpt_2] [Rank 0] <19:15:06.182> Iter 1250 time: 878.795 ms
[gpt_2] [Rank 0] <19:15:06.461> Iter 1251 time: 278.985 ms
[gpt_2] [Rank 0] <19:15:06.701> Iter 1252 time: 240.81 ms
[gpt_2] [Rank 0] <19:15:06.916> Iter 1253 time: 214.616 ms
[gpt_2] [Rank 0] <19:15:07.165> Iter 1254 time: 249.378 ms
[gpt_2] [Rank 0] <19:15:07.913> Iter 1255 time: 747.461 ms
[gpt_2] [Rank 0] <19:15:08.209> Iter 1256 time: 295.732 ms
[gpt_2] [Rank 0] <19:15:08.428> Iter 1257 time: 219.424 ms
[gpt_2] [Rank 0] <19:15:08.680> Iter 1258 time: 252 ms
[gpt_2] [Rank 0] <19:15:08.933> Iter 1259 time: 253.378 ms
[gpt_2] [Rank 0] <19:15:10.069> Iter 1260 time: 1135.941 ms
[gpt_2] (mean, median, min, max) = (404.249569ms, 262.522444ms, 127.336041ms, 2.089992606s)
[gpt_2] [Rank 0] <19:15:10.298> Iter 1261 time: 228.454 ms
[gpt_2] [Rank 0] <19:15:10.617> Iter 1262 time: 318.795 ms
[gpt_2] [Rank 0] <19:15:10.880> Iter 1263 time: 263.876 ms
[gpt_2] [Rank 0] <19:15:11.121> Iter 1264 time: 240.411 ms
[gpt_2] [Rank 0] <19:15:11.968> Iter 1265 time: 847.476 ms
[gpt_2] [Rank 0] <19:15:12.204> Iter 1266 time: 235.663 ms
[gpt_2] [Rank 0] <19:15:12.477> Iter 1267 time: 272.554 ms
[gpt_2] [Rank 0] <19:15:12.724> Iter 1268 time: 247.777 ms
[gpt_2] [Rank 0] <19:15:12.977> Iter 1269 time: 252.227 ms
[gpt_2] [Rank 0] <19:15:13.638> Iter 1270 time: 661.562 ms
[gpt_2] [Rank 0] <19:15:13.889> Iter 1271 time: 251.257 ms
[gpt_2] [Rank 0] <19:15:14.166> Iter 1272 time: 276.568 ms
[gpt_2] [Rank 0] <19:15:14.417> Iter 1273 time: 250.616 ms
[gpt_2] [Rank 0] <19:15:14.681> Iter 1274 time: 263.997 ms
[gpt_2] [Rank 0] <19:15:15.392> Iter 1275 time: 711.442 ms
[gpt_2] [Rank 0] <19:15:15.617> Iter 1276 time: 225.323 ms
[gpt_2] [Rank 0] <19:15:15.914> Iter 1277 time: 296.152 ms
[gpt_2] [Rank 0] <19:15:16.115> Iter 1278 time: 201.413 ms
[gpt_2] [Rank 0] <19:15:16.347> Iter 1279 time: 231.707 ms
[gpt_2] [Rank 0] <19:15:17.137> Iter 1280 time: 790.148 ms
[gpt_2] [Rank 0] <19:15:17.424> Iter 1281 time: 287.329 ms
[gpt_2] [Rank 0] <19:15:17.653> Iter 1282 time: 228.921 ms
[gpt_2] [Rank 0] <19:15:17.908> Iter 1283 time: 255.001 ms
[gpt_2] [Rank 0] <19:15:18.152> Iter 1284 time: 244.004 ms
[gpt_2] [Rank 0] <19:15:19.632> Iter 1285 time: 1479.997 ms
[gpt_2] [Rank 0] <19:15:19.864> Iter 1286 time: 232.325 ms
[gpt_2] [Rank 0] <19:15:20.084> Iter 1287 time: 219.671 ms
[gpt_2] [Rank 0] <19:15:20.377> Iter 1288 time: 293.377 ms
[gpt_2] [Rank 0] <19:15:20.649> Iter 1289 time: 272.053 ms
[gpt_2] [Rank 0] <19:15:21.368> Iter 1290 time: 718.569 ms
[gpt_2] (mean, median, min, max) = (403.596965ms, 262.522444ms, 127.336041ms, 2.089992606s)
[gpt_2] [Rank 0] <19:15:21.625> Iter 1291 time: 257.387 ms
[gpt_2] [Rank 0] <19:15:21.835> Iter 1292 time: 209.138 ms
[gpt_2] [Rank 0] <19:15:22.105> Iter 1293 time: 270.044 ms
[gpt_2] [Rank 0] <19:15:22.360> Iter 1294 time: 255.428 ms
[gpt_2] [Rank 0] <19:15:23.065> Iter 1295 time: 705.384 ms
[gpt_2] [Rank 0] <19:15:23.344> Iter 1296 time: 278.616 ms
[gpt_2] [Rank 0] <19:15:23.541> Iter 1297 time: 196.499 ms
[gpt_2] [Rank 0] <19:15:23.845> Iter 1298 time: 304.087 ms
[gpt_2] [Rank 0] <19:15:24.080> Iter 1299 time: 235.413 ms
[gpt_2] [Rank 0] <19:15:25.197> Iter 1300 time: 1117.129 ms
[gpt_2] [Rank 0] <19:15:25.529> Iter 1301 time: 331.852 ms
[gpt_2] [Rank 0] <19:15:25.757> Iter 1302 time: 227.742 ms
[gpt_2] [Rank 0] <19:15:26.017> Iter 1303 time: 259.858 ms
[gpt_2] [Rank 0] <19:15:26.225> Iter 1304 time: 208.135 ms
[gpt_2] [Rank 0] <19:15:27.300> Iter 1305 time: 1075.284 ms
[gpt_2] [Rank 0] <19:15:27.484> Iter 1306 time: 183.997 ms
[gpt_2] [Rank 0] <19:15:27.749> Iter 1307 time: 265.383 ms
[gpt_2] [Rank 0] <19:15:27.993> Iter 1308 time: 243.959 ms
[gpt_2] [Rank 0] <19:15:28.289> Iter 1309 time: 296.035 ms
[gpt_2] [Rank 0] <19:15:29.368> Iter 1310 time: 1078.624 ms
[gpt_2] [Rank 0] <19:15:29.581> Iter 1311 time: 213.306 ms
[gpt_2] [Rank 0] <19:15:29.840> Iter 1312 time: 258.719 ms
[gpt_2] [Rank 0] <19:15:30.029> Iter 1313 time: 188.549 ms
[gpt_2] [Rank 0] <19:15:30.288> Iter 1314 time: 259.423 ms
[gpt_2] [Rank 0] <19:15:31.172> Iter 1315 time: 884.336 ms
[gpt_2] [Rank 0] <19:15:31.417> Iter 1316 time: 244.999 ms
[gpt_2] [Rank 0] <19:15:31.669> Iter 1317 time: 252.069 ms
[gpt_2] [Rank 0] <19:15:31.888> Iter 1318 time: 218.596 ms
[gpt_2] [Rank 0] <19:15:32.097> Iter 1319 time: 209.372 ms
[gpt_2] [Rank 0] <19:15:32.871> Iter 1320 time: 773.585 ms
[gpt_2] (mean, median, min, max) = (403.13162ms, 262.088959ms, 127.336041ms, 2.089992606s)
[gpt_2] [Rank 0] <19:15:33.084> Iter 1321 time: 213.168 ms
[gpt_2] [Rank 0] <19:15:33.297> Iter 1322 time: 212.438 ms
[gpt_2] [Rank 0] <19:15:33.472> Iter 1323 time: 174.95 ms
[gpt_2] [Rank 0] <19:15:33.717> Iter 1324 time: 245.065 ms
[gpt_2] [Rank 0] <19:15:34.528> Iter 1325 time: 811.419 ms
[gpt_2] [Rank 0] <19:15:34.757> Iter 1326 time: 229.38 ms
[gpt_2] [Rank 0] <19:15:34.916> Iter 1327 time: 158.617 ms
[gpt_2] [Rank 0] <19:15:35.201> Iter 1328 time: 285.339 ms
[gpt_2] [Rank 0] <19:15:35.453> Iter 1329 time: 251.12 ms
[gpt_2] [Rank 0] <19:15:36.249> Iter 1330 time: 796.897 ms
[gpt_2] [Rank 0] <19:15:36.497> Iter 1331 time: 248.029 ms
[gpt_2] [Rank 0] <19:15:36.769> Iter 1332 time: 271.186 ms
[gpt_2] [Rank 0] <19:15:37.013> Iter 1333 time: 244.804 ms
[gpt_2] [Rank 0] <19:15:37.281> Iter 1334 time: 268.035 ms
[gpt_2] [Rank 0] <19:15:38.367> Iter 1335 time: 1085.896 ms
[gpt_2] [Rank 0] <19:15:38.617> Iter 1336 time: 250.054 ms
[gpt_2] [Rank 0] <19:15:38.916> Iter 1337 time: 298.634 ms
[gpt_2] [Rank 0] <19:15:39.124> Iter 1338 time: 208 ms
[gpt_2] [Rank 0] <19:15:39.303> Iter 1339 time: 178.482 ms
[gpt_2] [Rank 0] <19:15:40.201> Iter 1340 time: 898.792 ms
[gpt_2] [Rank 0] <19:15:40.457> Iter 1341 time: 255.281 ms
[gpt_2] [Rank 0] <19:15:40.680> Iter 1342 time: 223.443 ms
[gpt_2] [Rank 0] <19:15:40.894> Iter 1343 time: 213.519 ms
[gpt_2] [Rank 0] <19:15:41.065> Iter 1344 time: 171.87 ms
[gpt_2] [Rank 0] <19:15:41.865> Iter 1345 time: 799.739 ms
[gpt_2] [Rank 0] <19:15:42.124> Iter 1346 time: 258.87 ms
[gpt_2] [Rank 0] <19:15:42.377> Iter 1347 time: 253.373 ms
[gpt_2] [Rank 0] <19:15:42.645> Iter 1348 time: 267.176 ms
[gpt_2] [Rank 0] <19:15:42.900> Iter 1349 time: 255.779 ms
[gpt_2] [Rank 0] <19:15:44.504> Iter 1350 time: 1603.67 ms
[gpt_2] (mean, median, min, max) = (402.785073ms, 261.386542ms, 127.336041ms, 2.089992606s)
[gpt_2] [Rank 0] <19:15:44.739> Iter 1351 time: 234.584 ms
[gpt_2] [Rank 0] <19:15:44.973> Iter 1352 time: 234.794 ms
[gpt_2] [Rank 0] <19:15:45.229> Iter 1353 time: 255.185 ms
[gpt_2] [Rank 0] <19:15:45.442> Iter 1354 time: 213.435 ms
[gpt_2] [Rank 0] <19:15:46.548> Iter 1355 time: 1105.721 ms
[gpt_2] [Rank 0] <19:15:46.821> Iter 1356 time: 273.675 ms
[gpt_2] [Rank 0] <19:15:47.065> Iter 1357 time: 243.572 ms
[gpt_2] [Rank 0] <19:15:47.337> Iter 1358 time: 271.609 ms
[gpt_2] [Rank 0] <19:15:47.565> Iter 1359 time: 227.976 ms
[gpt_2] [Rank 0] <19:15:48.456> Iter 1360 time: 890.938 ms
[gpt_2] [Rank 0] <19:15:48.725> Iter 1361 time: 269.909 ms
[gpt_2] [Rank 0] <19:15:49.009> Iter 1362 time: 283.144 ms
[gpt_2] [Rank 0] <19:15:49.261> Iter 1363 time: 252.803 ms
[gpt_2] [Rank 0] <19:15:49.529> Iter 1364 time: 268.042 ms
[gpt_2] [Rank 0] <19:15:50.572> Iter 1365 time: 1042.053 ms
[gpt_2] [Rank 0] <19:15:50.860> Iter 1366 time: 288.886 ms
[gpt_2] [Rank 0] <19:15:51.097> Iter 1367 time: 237.072 ms
[gpt_2] [Rank 0] <19:15:51.328> Iter 1368 time: 230.797 ms
[gpt_2] [Rank 0] <19:15:51.581> Iter 1369 time: 252.365 ms
[gpt_2] [Rank 0] <19:15:53.184> Iter 1370 time: 1603.432 ms
[gpt_2] [Rank 0] <19:15:53.421> Iter 1371 time: 237.374 ms
[gpt_2] [Rank 0] <19:15:53.657> Iter 1372 time: 235.99 ms
[gpt_2] [Rank 0] <19:15:53.912> Iter 1373 time: 254.63 ms
[gpt_2] [Rank 0] <19:15:54.169> Iter 1374 time: 257.379 ms
[gpt_2] [Rank 0] <19:15:55.261> Iter 1375 time: 1091.183 ms
[gpt_2] [Rank 0] <19:15:55.468> Iter 1376 time: 207.437 ms
[gpt_2] [Rank 0] <19:15:55.682> Iter 1377 time: 213.897 ms
[gpt_2] [Rank 0] <19:15:56.001> Iter 1378 time: 319.49 ms
[gpt_2] [Rank 0] <19:15:56.269> Iter 1379 time: 268.007 ms
[gpt_2] [Rank 0] <19:15:57.752> Iter 1380 time: 1482.935 ms
[gpt_2] (mean, median, min, max) = (403.641527ms, 261.215657ms, 127.336041ms, 2.089992606s)
[gpt_2] [Rank 0] <19:15:57.936> Iter 1381 time: 183.637 ms
[gpt_2] [Rank 0] <19:15:58.228> Iter 1382 time: 292.362 ms
[gpt_2] [Rank 0] <19:15:58.453> Iter 1383 time: 224.168 ms
[gpt_2] [Rank 0] <19:15:58.720> Iter 1384 time: 267.498 ms
[gpt_2] [Rank 0] <19:15:59.305> Iter 1385 time: 584.581 ms
[gpt_2] [Rank 0] <19:15:59.536> Iter 1386 time: 231.549 ms
[gpt_2] [Rank 0] <19:15:59.761> Iter 1387 time: 224.874 ms
[gpt_2] [Rank 0] <19:16:00.060> Iter 1388 time: 299.351 ms
[gpt_2] [Rank 0] <19:16:00.244> Iter 1389 time: 183.646 ms
[gpt_2] [Rank 0] <19:16:01.319> Iter 1390 time: 1074.925 ms
[gpt_2] [Rank 0] <19:16:01.520> Iter 1391 time: 200.672 ms
[gpt_2] [Rank 0] <19:16:01.729> Iter 1392 time: 209.757 ms
[gpt_2] [Rank 0] <19:16:01.980> Iter 1393 time: 250.644 ms
[gpt_2] [Rank 0] <19:16:02.235> Iter 1394 time: 254.799 ms
[gpt_2] [Rank 0] <19:16:02.933> Iter 1395 time: 698.326 ms
[gpt_2] [Rank 0] <19:16:03.304> Iter 1396 time: 370.874 ms
[gpt_2] [Rank 0] <19:16:03.549> Iter 1397 time: 245.384 ms
[gpt_2] [Rank 0] <19:16:03.856> Iter 1398 time: 306.619 ms
[gpt_2] [Rank 0] <19:16:04.128> Iter 1399 time: 271.995 ms
[gpt_2] [Rank 0] <19:16:05.088> Iter 1400 time: 960.007 ms
[gpt_2] [Rank 0] <19:16:05.384> Iter 1401 time: 295.996 ms
[gpt_2] [Rank 0] <19:16:05.588> Iter 1402 time: 203.997 ms
[gpt_2] [Rank 0] <19:16:05.880> Iter 1403 time: 292.338 ms
[gpt_2] [Rank 0] <19:16:06.145> Iter 1404 time: 265.043 ms
[gpt_2] [Rank 0] <19:16:07.136> Iter 1405 time: 990.707 ms
[gpt_2] [Rank 0] <19:16:07.397> Iter 1406 time: 261.309 ms
[gpt_2] [Rank 0] <19:16:07.620> Iter 1407 time: 222.941 ms
[gpt_2] [Rank 0] <19:16:07.831> Iter 1408 time: 210.95 ms
[gpt_2] [Rank 0] <19:16:08.072> Iter 1409 time: 240.706 ms
[gpt_2] [Rank 0] <19:16:08.895> Iter 1410 time: 823.112 ms
[gpt_2] (mean, median, min, max) = (402.946229ms, 261.345681ms, 127.336041ms, 2.089992606s)
[gpt_2] [Rank 0] <19:16:09.149> Iter 1411 time: 254.233 ms
[gpt_2] [Rank 0] <19:16:09.381> Iter 1412 time: 231.627 ms
[gpt_2] [Rank 0] <19:16:09.621> Iter 1413 time: 240.376 ms
[gpt_2] [Rank 0] <19:16:09.880> Iter 1414 time: 258.65 ms
[gpt_2] [Rank 0] <19:16:10.872> Iter 1415 time: 992.072 ms
[gpt_2] [Rank 0] <19:16:11.125> Iter 1416 time: 252.652 ms
[gpt_2] [Rank 0] <19:16:11.397> Iter 1417 time: 272.669 ms
[gpt_2] [Rank 0] <19:16:11.632> Iter 1418 time: 234.606 ms
[gpt_2] [Rank 0] <19:16:11.892> Iter 1419 time: 260.207 ms
[gpt_2] [Rank 0] <19:16:13.046> Iter 1420 time: 1153.476 ms
[gpt_2] [Rank 0] <19:16:13.276> Iter 1421 time: 230.314 ms
[gpt_2] [Rank 0] <19:16:13.509> Iter 1422 time: 233.375 ms
[gpt_2] [Rank 0] <19:16:13.712> Iter 1423 time: 202.624 ms
[gpt_2] [Rank 0] <19:16:14.009> Iter 1424 time: 296.569 ms
[gpt_2] [Rank 0] <19:16:14.784> Iter 1425 time: 775.434 ms
[gpt_2] [Rank 0] <19:16:15.013> Iter 1426 time: 229.354 ms
[gpt_2] [Rank 0] <19:16:15.269> Iter 1427 time: 256.03 ms
[gpt_2] [Rank 0] <19:16:15.524> Iter 1428 time: 254.61 ms
[gpt_2] [Rank 0] <19:16:15.812> Iter 1429 time: 288.004 ms
[gpt_2] [Rank 0] <19:16:16.712> Iter 1430 time: 900.238 ms
[gpt_2] [Rank 0] <19:16:16.953> Iter 1431 time: 241.123 ms
[gpt_2] [Rank 0] <19:16:17.240> Iter 1432 time: 286.975 ms
[gpt_2] [Rank 0] <19:16:17.484> Iter 1433 time: 243.606 ms
[gpt_2] [Rank 0] <19:16:17.750> Iter 1434 time: 266.019 ms
[gpt_2] [Rank 0] <19:16:18.228> Iter 1435 time: 478.031 ms
[gpt_2] [Rank 0] <19:16:18.496> Iter 1436 time: 268.335 ms
[gpt_2] [Rank 0] <19:16:18.696> Iter 1437 time: 200.107 ms
[gpt_2] [Rank 0] <19:16:18.973> Iter 1438 time: 276.907 ms
[gpt_2] [Rank 0] <19:16:19.205> Iter 1439 time: 232.018 ms
[gpt_2] [Rank 0] <19:16:20.226> Iter 1440 time: 1020.81 ms
[gpt_2] (mean, median, min, max) = (402.412906ms, 261.040788ms, 127.336041ms, 2.089992606s)
[gpt_2] [Rank 0] <19:16:20.453> Iter 1441 time: 226.408 ms
[gpt_2] [Rank 0] <19:16:20.700> Iter 1442 time: 247.41 ms
[gpt_2] [Rank 0] <19:16:20.908> Iter 1443 time: 208.012 ms
[gpt_2] [Rank 0] <19:16:21.180> Iter 1444 time: 271.989 ms
[gpt_2] [Rank 0] <19:16:22.548> Iter 1445 time: 1368.001 ms
[gpt_2] [Rank 0] <19:16:22.813> Iter 1446 time: 264.558 ms
[gpt_2] [Rank 0] <19:16:23.100> Iter 1447 time: 287.765 ms
[gpt_2] [Rank 0] <19:16:23.329> Iter 1448 time: 229.062 ms
[gpt_2] [Rank 0] <19:16:23.572> Iter 1449 time: 242.61 ms
[gpt_2] [Rank 0] <19:16:24.244> Iter 1450 time: 672.222 ms
[gpt_2] [Rank 0] <19:16:24.464> Iter 1451 time: 220.197 ms
[gpt_2] [Rank 0] <19:16:24.724> Iter 1452 time: 259.797 ms
[gpt_2] [Rank 0] <19:16:24.917> Iter 1453 time: 193.193 ms
[gpt_2] [Rank 0] <19:16:25.185> Iter 1454 time: 267.914 ms
[gpt_2] [Rank 0] <19:16:26.251> Iter 1455 time: 1065.578 ms
[gpt_2] [Rank 0] <19:16:26.550> Iter 1456 time: 299.05 ms
[gpt_2] [Rank 0] <19:16:26.820> Iter 1457 time: 270.047 ms
[gpt_2] [Rank 0] <19:16:27.085> Iter 1458 time: 265.383 ms
[gpt_2] [Rank 0] <19:16:27.353> Iter 1459 time: 267.271 ms
[gpt_2] [Rank 0] <19:16:28.429> Iter 1460 time: 1076.454 ms
[gpt_2] [Rank 0] <19:16:28.697> Iter 1461 time: 268.263 ms
[gpt_2] [Rank 0] <19:16:28.953> Iter 1462 time: 255.575 ms
[gpt_2] [Rank 0] <19:16:29.240> Iter 1463 time: 287.389 ms
[gpt_2] [Rank 0] <19:16:29.505> Iter 1464 time: 265.072 ms
[gpt_2] [Rank 0] <19:16:30.492> Iter 1465 time: 986.593 ms
[gpt_2] [Rank 0] <19:16:30.889> Iter 1466 time: 397.381 ms
[gpt_2] [Rank 0] <19:16:31.124> Iter 1467 time: 234.944 ms
[gpt_2] [Rank 0] <19:16:31.417> Iter 1468 time: 293.033 ms
[gpt_2] [Rank 0] <19:16:31.685> Iter 1469 time: 267.179 ms
