register ctx: prefix="/tmp/mccs-caoz0a", control="control.sock", affinity=None
[gpt_1] Rank 0: start warmup
[gpt_1] Rank 0: warmup phase AG finished
[gpt_1] Rank 0: warmup phase finished
[gpt_1] [Rank 0] <18:58:34.893> Iter 0 time: 315.512 ms
[gpt_1] [Rank 0] <18:58:35.218> Iter 1 time: 324.611 ms
[gpt_1] [Rank 0] <18:58:35.538> Iter 2 time: 319.614 ms
[gpt_1] [Rank 0] <18:58:35.865> Iter 3 time: 327.751 ms
[gpt_1] [Rank 0] <18:58:36.106> Iter 4 time: 240.298 ms
[gpt_1] [Rank 0] <18:58:36.374> Iter 5 time: 268.297 ms
[gpt_1] [Rank 0] <18:58:36.749> Iter 6 time: 375.424 ms
[gpt_1] [Rank 0] <18:58:37.106> Iter 7 time: 356.553 ms
[gpt_1] [Rank 0] <18:58:37.417> Iter 8 time: 311.451 ms
[gpt_1] [Rank 0] <18:58:37.632> Iter 9 time: 214.785 ms
[gpt_1] [Rank 0] <18:58:37.889> Iter 10 time: 257.183 ms
[gpt_1] [Rank 0] <18:58:38.180> Iter 11 time: 290.53 ms
[gpt_1] [Rank 0] <18:58:38.514> Iter 12 time: 334.073 ms
[gpt_1] [Rank 0] <18:58:38.837> Iter 13 time: 323.184 ms
[gpt_1] [Rank 0] <18:58:39.157> Iter 14 time: 319.436 ms
[gpt_1] [Rank 0] <18:58:39.470> Iter 15 time: 313.112 ms
[gpt_1] [Rank 0] <18:58:39.806> Iter 16 time: 336.265 ms
[gpt_1] [Rank 0] <18:58:40.170> Iter 17 time: 363.987 ms
[gpt_1] [Rank 0] <18:58:40.469> Iter 18 time: 299.199 ms
[gpt_1] [Rank 0] <18:58:40.765> Iter 19 time: 295.909 ms
[gpt_1] [Rank 0] <18:58:41.002> Iter 20 time: 236.978 ms
[gpt_1] [Rank 0] <18:58:41.333> Iter 21 time: 331.355 ms
[gpt_1] [Rank 0] <18:58:41.585> Iter 22 time: 251.993 ms
[gpt_1] [Rank 0] <18:58:41.870> Iter 23 time: 284.544 ms
[gpt_1] [Rank 0] <18:58:42.150> Iter 24 time: 279.913 ms
[gpt_1] [Rank 0] <18:58:42.413> Iter 25 time: 263.531 ms
[gpt_1] [Rank 0] <18:58:42.644> Iter 26 time: 230.501 ms
[gpt_1] [Rank 0] <18:58:42.910> Iter 27 time: 265.925 ms
[gpt_1] [Rank 0] <18:58:43.242> Iter 28 time: 331.887 ms
[gpt_1] [Rank 0] <18:58:43.578> Iter 29 time: 336.285 ms
[gpt_1] [Rank 0] <18:58:43.905> Iter 30 time: 326.676 ms
[gpt_1] (mean, median, min, max) = (290.261382ms, 282.228879ms, 230.501151ms, 336.285337ms)
[gpt_1] [Rank 0] <18:58:44.285> Iter 31 time: 380.478 ms
[gpt_1] [Rank 0] <18:58:44.590> Iter 32 time: 304.656 ms
[gpt_1] [Rank 0] <18:58:44.909> Iter 33 time: 319.558 ms
[gpt_1] [Rank 0] <18:58:45.197> Iter 34 time: 287.914 ms
[gpt_1] [Rank 0] <18:58:45.461> Iter 35 time: 264.115 ms
[gpt_1] [Rank 0] <18:58:45.718> Iter 36 time: 256.166 ms
[gpt_1] [Rank 0] <18:58:46.025> Iter 37 time: 307.592 ms
[gpt_1] [Rank 0] <18:58:46.305> Iter 38 time: 279.471 ms
[gpt_1] [Rank 0] <18:58:46.577> Iter 39 time: 272.764 ms
[gpt_1] [Rank 0] <18:58:46.918> Iter 40 time: 340.541 ms
[gpt_1] [Rank 0] <18:58:47.238> Iter 41 time: 320.024 ms
[gpt_1] [Rank 0] <18:58:47.515> Iter 42 time: 276.605 ms
[gpt_1] [Rank 0] <18:58:47.763> Iter 43 time: 248.841 ms
[gpt_1] [Rank 0] <18:58:47.976> Iter 44 time: 212.553 ms
[gpt_1] [Rank 0] <18:58:48.243> Iter 45 time: 266.803 ms
[gpt_1] [Rank 0] <18:58:48.546> Iter 46 time: 302.925 ms
[gpt_1] [Rank 0] <18:58:48.777> Iter 47 time: 231.151 ms
[gpt_1] [Rank 0] <18:58:49.050> Iter 48 time: 273.394 ms
[gpt_1] [Rank 0] <18:58:49.300> Iter 49 time: 249.722 ms
[gpt_1] [Rank 0] <18:58:49.579> Iter 50 time: 278.979 ms
[gpt_1] [Rank 0] <18:58:49.862> Iter 51 time: 282.801 ms
[gpt_1] [Rank 0] <18:58:50.154> Iter 52 time: 292.234 ms
[gpt_1] [Rank 0] <18:58:50.420> Iter 53 time: 266.088 ms
[gpt_1] [Rank 0] <18:58:50.706> Iter 54 time: 285.508 ms
[gpt_1] [Rank 0] <18:58:50.994> Iter 55 time: 288.12 ms
[gpt_1] [Rank 0] <18:58:51.268> Iter 56 time: 273.879 ms
[gpt_1] [Rank 0] <18:58:51.512> Iter 57 time: 244.003 ms
[gpt_1] [Rank 0] <18:58:51.761> Iter 58 time: 249.818 ms
[gpt_1] [Rank 0] <18:58:52.049> Iter 59 time: 288.009 ms
[gpt_1] [Rank 0] <18:58:52.325> Iter 60 time: 275.91 ms
[gpt_1] (mean, median, min, max) = (283.081314ms, 279.225518ms, 212.553584ms, 380.478193ms)
[gpt_1] [Rank 0] <18:58:52.583> Iter 61 time: 257.279 ms
[gpt_1] [Rank 0] <18:58:52.908> Iter 62 time: 325.231 ms
[gpt_1] [Rank 0] <18:58:53.148> Iter 63 time: 239.999 ms
[gpt_1] [Rank 0] <18:58:53.388> Iter 64 time: 240.235 ms
[gpt_1] [Rank 0] <18:58:53.682> Iter 65 time: 293.941 ms
[gpt_1] [Rank 0] <18:58:53.949> Iter 66 time: 267.411 ms
[gpt_1] [Rank 0] <18:58:54.225> Iter 67 time: 275.741 ms
[gpt_1] [Rank 0] <18:58:54.461> Iter 68 time: 235.579 ms
[gpt_1] [Rank 0] <18:58:54.705> Iter 69 time: 244.672 ms
[gpt_1] [Rank 0] <18:58:54.949> Iter 70 time: 243.762 ms
[gpt_1] [Rank 0] <18:58:55.209> Iter 71 time: 260.228 ms
[gpt_1] [Rank 0] <18:58:55.485> Iter 72 time: 275.761 ms
[gpt_1] [Rank 0] <18:58:55.743> Iter 73 time: 257.329 ms
[gpt_1] [Rank 0] <18:58:56.009> Iter 74 time: 266.663 ms
[gpt_1] [Rank 0] <18:58:56.261> Iter 75 time: 252.262 ms
[gpt_1] [Rank 0] <18:58:56.550> Iter 76 time: 288.328 ms
[gpt_1] [Rank 0] <18:58:56.777> Iter 77 time: 227.417 ms
[gpt_1] [Rank 0] <18:58:57.013> Iter 78 time: 235.887 ms
[gpt_1] [Rank 0] <18:58:57.374> Iter 79 time: 361.016 ms
[gpt_1] [Rank 0] <18:58:57.694> Iter 80 time: 319.893 ms
[gpt_1] [Rank 0] <18:58:58.081> Iter 81 time: 387.218 ms
[gpt_1] [Rank 0] <18:58:58.361> Iter 82 time: 279.987 ms
[gpt_1] [Rank 0] <18:58:58.617> Iter 83 time: 255.497 ms
[gpt_1] [Rank 0] <18:58:58.925> Iter 84 time: 308.512 ms
[gpt_1] [Rank 0] <18:58:59.195> Iter 85 time: 270.227 ms
[gpt_1] [Rank 0] <18:58:59.416> Iter 86 time: 220.641 ms
[gpt_1] [Rank 0] <18:58:59.659> Iter 87 time: 243.314 ms
[gpt_1] [Rank 0] <18:58:59.905> Iter 88 time: 246.017 ms
[gpt_1] [Rank 0] <18:59:00.170> Iter 89 time: 264.313 ms
[gpt_1] [Rank 0] <18:59:00.477> Iter 90 time: 307.588 ms
[gpt_1] (mean, median, min, max) = (278.217381ms, 273.63705ms, 212.553584ms, 387.218557ms)
[gpt_1] [Rank 0] <18:59:00.749> Iter 91 time: 272.11 ms
[gpt_1] [Rank 0] <18:59:01.061> Iter 92 time: 311.769 ms
[gpt_1] [Rank 0] <18:59:01.305> Iter 93 time: 244.006 ms
[gpt_1] [Rank 0] <18:59:01.545> Iter 94 time: 240.142 ms
[gpt_1] [Rank 0] <18:59:01.608> Iter 95 time: 63.007 ms
[gpt_1] [Rank 0] <18:59:01.701> Iter 96 time: 92.436 ms
[gpt_1] [Rank 0] <18:59:01.975> Iter 97 time: 273.833 ms
[gpt_1] [Rank 0] <18:59:02.230> Iter 98 time: 255.15 ms
[gpt_1] [Rank 0] <18:59:02.479> Iter 99 time: 248.846 ms
[gpt_1] [Rank 0] <18:59:02.708> Iter 100 time: 229.466 ms
[gpt_1] [Rank 0] <18:59:02.982> Iter 101 time: 273.666 ms
[gpt_1] [Rank 0] <18:59:03.193> Iter 102 time: 211.672 ms
[gpt_1] [Rank 0] <18:59:03.402> Iter 103 time: 208.304 ms
[gpt_1] [Rank 0] <18:59:03.701> Iter 104 time: 298.965 ms
[gpt_1] [Rank 0] <18:59:04.013> Iter 105 time: 312.388 ms
[gpt_1] [Rank 0] <18:59:04.309> Iter 106 time: 296.352 ms
[gpt_1] [Rank 0] <18:59:04.586> Iter 107 time: 276.265 ms
[gpt_1] [Rank 0] <18:59:04.820> Iter 108 time: 234.439 ms
[gpt_1] [Rank 0] <18:59:05.107> Iter 109 time: 287.324 ms
[gpt_1] [Rank 0] <18:59:05.443> Iter 110 time: 335.989 ms
[gpt_1] [Rank 0] <18:59:05.705> Iter 111 time: 261.98 ms
[gpt_1] [Rank 0] <18:59:05.981> Iter 112 time: 275.769 ms
[gpt_1] [Rank 0] <18:59:06.338> Iter 113 time: 356.79 ms
[gpt_1] [Rank 0] <18:59:06.703> Iter 114 time: 365.458 ms
[gpt_1] [Rank 0] <18:59:07.007> Iter 115 time: 303.966 ms
[gpt_1] [Rank 0] <18:59:07.258> Iter 116 time: 250.609 ms
[gpt_1] [Rank 0] <18:59:07.543> Iter 117 time: 285.397 ms
[gpt_1] [Rank 0] <18:59:07.858> Iter 118 time: 314.632 ms
[gpt_1] [Rank 0] <18:59:08.173> Iter 119 time: 315.374 ms
[gpt_1] [Rank 0] <18:59:08.527> Iter 120 time: 353.194 ms
[gpt_1] (mean, median, min, max) = (275.245303ms, 273.856883ms, 63.007772ms, 387.218557ms)
[gpt_1] [Rank 0] <18:59:08.877> Iter 121 time: 350.819 ms
[gpt_1] [Rank 0] <18:59:09.126> Iter 122 time: 248.375 ms
[gpt_1] [Rank 0] <18:59:09.450> Iter 123 time: 323.733 ms
[gpt_1] [Rank 0] <18:59:09.692> Iter 124 time: 242.613 ms
[gpt_1] [Rank 0] <18:59:09.982> Iter 125 time: 289.89 ms
[gpt_1] [Rank 0] <18:59:10.318> Iter 126 time: 336.298 ms
[gpt_1] [Rank 0] <18:59:10.605> Iter 127 time: 286.841 ms
[gpt_1] [Rank 0] <18:59:10.874> Iter 128 time: 268.826 ms
[gpt_1] [Rank 0] <18:59:11.202> Iter 129 time: 327.84 ms
[gpt_1] [Rank 0] <18:59:11.502> Iter 130 time: 300.554 ms
[gpt_1] [Rank 0] <18:59:11.730> Iter 131 time: 227.478 ms
[gpt_1] [Rank 0] <18:59:11.952> Iter 132 time: 222.086 ms
[gpt_1] [Rank 0] <18:59:12.178> Iter 133 time: 226.329 ms
[gpt_1] [Rank 0] <18:59:12.477> Iter 134 time: 298.761 ms
[gpt_1] [Rank 0] <18:59:12.797> Iter 135 time: 320.351 ms
[gpt_1] [Rank 0] <18:59:13.086> Iter 136 time: 288.585 ms
[gpt_1] [Rank 0] <18:59:13.281> Iter 137 time: 194.893 ms
[gpt_1] [Rank 0] <18:59:13.489> Iter 138 time: 207.708 ms
[gpt_1] [Rank 0] <18:59:13.721> Iter 139 time: 232.589 ms
[gpt_1] [Rank 0] <18:59:13.942> Iter 140 time: 220.539 ms
[gpt_1] [Rank 0] <18:59:14.269> Iter 141 time: 327.473 ms
[gpt_1] [Rank 0] <18:59:14.582> Iter 142 time: 313.146 ms
[gpt_1] [Rank 0] <18:59:14.954> Iter 143 time: 371.387 ms
[gpt_1] [Rank 0] <18:59:15.281> Iter 144 time: 327.45 ms
[gpt_1] [Rank 0] <18:59:15.558> Iter 145 time: 276.525 ms
[gpt_1] [Rank 0] <18:59:15.942> Iter 146 time: 384.289 ms
[gpt_1] [Rank 0] <18:59:16.318> Iter 147 time: 376.399 ms
[gpt_1] [Rank 0] <18:59:16.614> Iter 148 time: 295.473 ms
[gpt_1] [Rank 0] <18:59:16.914> Iter 149 time: 300.126 ms
[gpt_1] [Rank 0] <18:59:17.222> Iter 150 time: 307.726 ms
[gpt_1] (mean, median, min, max) = (278.612678ms, 276.088129ms, 63.007772ms, 387.218557ms)
[gpt_1] [Rank 0] <18:59:17.558> Iter 151 time: 335.85 ms
[gpt_1] [Rank 0] <18:59:17.758> Iter 152 time: 200.414 ms
[gpt_1] [Rank 0] <18:59:18.071> Iter 153 time: 312.579 ms
[gpt_1] [Rank 0] <18:59:18.394> Iter 154 time: 323.012 ms
[gpt_1] [Rank 0] <18:59:18.685> Iter 155 time: 291.261 ms
[gpt_1] [Rank 0] <18:59:18.947> Iter 156 time: 262.343 ms
[gpt_1] [Rank 0] <18:59:19.227> Iter 157 time: 279.393 ms
[gpt_1] [Rank 0] <18:59:19.518> Iter 158 time: 291.442 ms
[gpt_1] [Rank 0] <18:59:19.822> Iter 159 time: 303.491 ms
[gpt_1] [Rank 0] <18:59:20.125> Iter 160 time: 303.658 ms
[gpt_1] [Rank 0] <18:59:20.406> Iter 161 time: 280.692 ms
[gpt_1] [Rank 0] <18:59:20.652> Iter 162 time: 245.743 ms
[gpt_1] [Rank 0] <18:59:20.970> Iter 163 time: 318.393 ms
[gpt_1] [Rank 0] <18:59:21.250> Iter 164 time: 279.722 ms
[gpt_1] [Rank 0] <18:59:21.558> Iter 165 time: 307.987 ms
[gpt_1] [Rank 0] <18:59:21.815> Iter 166 time: 256.884 ms
[gpt_1] [Rank 0] <18:59:22.101> Iter 167 time: 286.592 ms
[gpt_1] [Rank 0] <18:59:22.350> Iter 168 time: 248.789 ms
[gpt_1] [Rank 0] <18:59:22.601> Iter 169 time: 250.866 ms
[gpt_1] [Rank 0] <18:59:22.821> Iter 170 time: 220.574 ms
[gpt_1] [Rank 0] <18:59:23.101> Iter 171 time: 280.006 ms
[gpt_1] [Rank 0] <18:59:23.390> Iter 172 time: 288.59 ms
[gpt_1] [Rank 0] <18:59:23.724> Iter 173 time: 334.047 ms
[gpt_1] [Rank 0] <18:59:24.030> Iter 174 time: 305.663 ms
[gpt_1] [Rank 0] <18:59:24.334> Iter 175 time: 303.979 ms
[gpt_1] [Rank 0] <18:59:24.595> Iter 176 time: 260.892 ms
[gpt_1] [Rank 0] <18:59:24.887> Iter 177 time: 292.797 ms
[gpt_1] [Rank 0] <18:59:25.229> Iter 178 time: 342.029 ms
[gpt_1] [Rank 0] <18:59:25.513> Iter 179 time: 283.747 ms
[gpt_1] [Rank 0] <18:59:25.717> Iter 180 time: 204.253 ms
[gpt_1] (mean, median, min, max) = (279.47094ms, 279.597112ms, 63.007772ms, 387.218557ms)
[gpt_1] [Rank 0] <18:59:25.970> Iter 181 time: 252.289 ms
[gpt_1] [Rank 0] <18:59:26.229> Iter 182 time: 259.699 ms
[gpt_1] [Rank 0] <18:59:26.574> Iter 183 time: 344.403 ms
[gpt_1] [Rank 0] <18:59:26.933> Iter 184 time: 359.613 ms
[gpt_1] [Rank 0] <18:59:27.206> Iter 185 time: 272.272 ms
[gpt_1] [Rank 0] <18:59:27.508> Iter 186 time: 302.23 ms
[gpt_1] [Rank 0] <18:59:27.762> Iter 187 time: 254.071 ms
[gpt_1] [Rank 0] <18:59:28.031> Iter 188 time: 268.628 ms
[gpt_1] [Rank 0] <18:59:28.282> Iter 189 time: 251.09 ms
[gpt_1] [Rank 0] <18:59:28.590> Iter 190 time: 308.15 ms
[gpt_1] [Rank 0] <18:59:28.803> Iter 191 time: 212.746 ms
[gpt_1] [Rank 0] <18:59:29.098> Iter 192 time: 295.425 ms
[gpt_1] [Rank 0] <18:59:29.392> Iter 193 time: 294.285 ms
[gpt_1] [Rank 0] <18:59:29.601> Iter 194 time: 209.071 ms
[gpt_1] [Rank 0] <18:59:29.938> Iter 195 time: 336.329 ms
[gpt_1] [Rank 0] <18:59:30.230> Iter 196 time: 292.156 ms
[gpt_1] [Rank 0] <18:59:30.494> Iter 197 time: 264.121 ms
[gpt_1] [Rank 0] <18:59:30.778> Iter 198 time: 284.031 ms
[gpt_1] [Rank 0] <18:59:31.030> Iter 199 time: 252.35 ms
[gpt_1] [Rank 0] <18:59:31.278> Iter 200 time: 247.737 ms
[gpt_1] [Rank 0] <18:59:31.533> Iter 201 time: 255.053 ms
[gpt_1] [Rank 0] <18:59:31.858> Iter 202 time: 324.309 ms
[gpt_1] [Rank 0] <18:59:32.169> Iter 203 time: 311.959 ms
[gpt_1] [Rank 0] <18:59:32.498> Iter 204 time: 328.522 ms
[gpt_1] [Rank 0] <18:59:32.742> Iter 205 time: 243.872 ms
[gpt_1] [Rank 0] <18:59:32.970> Iter 206 time: 227.72 ms
[gpt_1] [Rank 0] <18:59:33.225> Iter 207 time: 255.861 ms
[gpt_1] [Rank 0] <18:59:33.517> Iter 208 time: 291.734 ms
[gpt_1] [Rank 0] <18:59:33.818> Iter 209 time: 300.856 ms
[gpt_1] [Rank 0] <18:59:34.057> Iter 210 time: 239.443 ms
[gpt_1] (mean, median, min, max) = (279.238913ms, 279.432588ms, 63.007772ms, 387.218557ms)
[gpt_1] [Rank 0] <18:59:34.350> Iter 211 time: 292.887 ms
[gpt_1] [Rank 0] <18:59:34.611> Iter 212 time: 261.048 ms
[gpt_1] [Rank 0] <18:59:34.837> Iter 213 time: 225.442 ms
[gpt_1] [Rank 0] <18:59:35.110> Iter 214 time: 272.886 ms
[gpt_1] [Rank 0] <18:59:35.369> Iter 215 time: 259.379 ms
[gpt_1] [Rank 0] <18:59:35.611> Iter 216 time: 242.318 ms
[gpt_1] [Rank 0] <18:59:35.825> Iter 217 time: 213.243 ms
[gpt_1] [Rank 0] <18:59:36.134> Iter 218 time: 309.301 ms
[gpt_1] [Rank 0] <18:59:36.378> Iter 219 time: 244.074 ms
[gpt_1] [Rank 0] <18:59:36.686> Iter 220 time: 307.991 ms
[gpt_1] [Rank 0] <18:59:36.977> Iter 221 time: 291.36 ms
[gpt_1] [Rank 0] <18:59:37.225> Iter 222 time: 247.445 ms
[gpt_1] [Rank 0] <18:59:37.477> Iter 223 time: 252.564 ms
[gpt_1] [Rank 0] <18:59:37.741> Iter 224 time: 264.008 ms
[gpt_1] [Rank 0] <18:59:38.049> Iter 225 time: 307.123 ms
[gpt_1] [Rank 0] <18:59:38.346> Iter 226 time: 297.471 ms
[gpt_1] [Rank 0] <18:59:38.681> Iter 227 time: 334.6 ms
[gpt_1] [Rank 0] <18:59:38.979> Iter 228 time: 298.761 ms
[gpt_1] [Rank 0] <18:59:39.238> Iter 229 time: 259.016 ms
[gpt_1] [Rank 0] <18:59:39.442> Iter 230 time: 204.04 ms
[gpt_1] [Rank 0] <18:59:39.716> Iter 231 time: 273.132 ms
[gpt_1] [Rank 0] <18:59:39.994> Iter 232 time: 278.422 ms
[gpt_1] [Rank 0] <18:59:40.233> Iter 233 time: 238.847 ms
[gpt_1] [Rank 0] <18:59:40.446> Iter 234 time: 213.033 ms
[gpt_1] [Rank 0] <18:59:40.753> Iter 235 time: 307.538 ms
[gpt_1] [Rank 0] <18:59:41.013> Iter 236 time: 259.653 ms
[gpt_1] [Rank 0] <18:59:41.314> Iter 237 time: 300.659 ms
[gpt_1] [Rank 0] <18:59:41.594> Iter 238 time: 280.008 ms
[gpt_1] [Rank 0] <18:59:41.833> Iter 239 time: 239.692 ms
[gpt_1] [Rank 0] <18:59:42.081> Iter 240 time: 247.768 ms
[gpt_1] (mean, median, min, max) = (277.632349ms, 276.565912ms, 63.007772ms, 387.218557ms)
[gpt_1] [Rank 0] <18:59:42.367> Iter 241 time: 285.362 ms
[gpt_1] [Rank 0] <18:59:42.673> Iter 242 time: 306.113 ms
[gpt_1] [Rank 0] <18:59:43.026> Iter 243 time: 353.394 ms
[gpt_1] [Rank 0] <18:59:43.301> Iter 244 time: 275.37 ms
[gpt_1] [Rank 0] <18:59:43.586> Iter 245 time: 284.543 ms
[gpt_1] [Rank 0] <18:59:43.853> Iter 246 time: 267.425 ms
[gpt_1] [Rank 0] <18:59:44.127> Iter 247 time: 274.028 ms
[gpt_1] [Rank 0] <18:59:44.449> Iter 248 time: 321.978 ms
[gpt_1] [Rank 0] <18:59:44.755> Iter 249 time: 305.49 ms
[gpt_1] [Rank 0] <18:59:45.037> Iter 250 time: 282.391 ms
[gpt_1] [Rank 0] <18:59:45.321> Iter 251 time: 284.116 ms
[gpt_1] [Rank 0] <18:59:45.625> Iter 252 time: 304.025 ms
[gpt_1] [Rank 0] <18:59:45.942> Iter 253 time: 316.3 ms
[gpt_1] [Rank 0] <18:59:46.254> Iter 254 time: 311.764 ms
[gpt_1] [Rank 0] <18:59:46.649> Iter 255 time: 395.688 ms
[gpt_1] [Rank 0] <18:59:46.897> Iter 256 time: 247.489 ms
[gpt_1] [Rank 0] <18:59:47.230> Iter 257 time: 333.622 ms
[gpt_1] [Rank 0] <18:59:47.561> Iter 258 time: 331.135 ms
[gpt_1] [Rank 0] <18:59:47.802> Iter 259 time: 240.897 ms
[gpt_1] [Rank 0] <18:59:48.043> Iter 260 time: 240.283 ms
[gpt_1] [Rank 0] <18:59:48.382> Iter 261 time: 339.393 ms
[gpt_1] [Rank 0] <18:59:48.613> Iter 262 time: 230.639 ms
[gpt_1] [Rank 0] <18:59:48.835> Iter 263 time: 221.998 ms
[gpt_1] [Rank 0] <18:59:49.062> Iter 264 time: 227.386 ms
[gpt_1] [Rank 0] <18:59:49.354> Iter 265 time: 291.912 ms
[gpt_1] [Rank 0] <18:59:49.650> Iter 266 time: 296.048 ms
[gpt_1] [Rank 0] <18:59:49.959> Iter 267 time: 308.933 ms
[gpt_1] [Rank 0] <18:59:50.189> Iter 268 time: 229.699 ms
[gpt_1] [Rank 0] <18:59:50.494> Iter 269 time: 305.23 ms
[gpt_1] [Rank 0] <18:59:50.721> Iter 270 time: 226.985 ms
[gpt_1] (mean, median, min, max) = (278.875072ms, 279.432588ms, 63.007772ms, 395.68846ms)
[gpt_1] [Rank 0] <18:59:50.920> Iter 271 time: 199.63 ms
[gpt_1] [Rank 0] <18:59:51.265> Iter 272 time: 344.196 ms
[gpt_1] [Rank 0] <18:59:51.529> Iter 273 time: 264.056 ms
[gpt_1] [Rank 0] <18:59:51.833> Iter 274 time: 304.55 ms
[gpt_1] [Rank 0] <18:59:52.205> Iter 275 time: 371.356 ms
[gpt_1] [Rank 0] <18:59:52.518> Iter 276 time: 313.08 ms
[gpt_1] [Rank 0] <18:59:52.805> Iter 277 time: 287.167 ms
[gpt_1] [Rank 0] <18:59:53.159> Iter 278 time: 354.532 ms
[gpt_1] [Rank 0] <18:59:53.470> Iter 279 time: 310.798 ms
[gpt_1] [Rank 0] <18:59:53.726> Iter 280 time: 255.937 ms
[gpt_1] [Rank 0] <18:59:53.994> Iter 281 time: 267.589 ms
[gpt_1] [Rank 0] <18:59:54.253> Iter 282 time: 259.445 ms
[gpt_1] [Rank 0] <18:59:54.521> Iter 283 time: 267.878 ms
[gpt_1] [Rank 0] <18:59:54.822> Iter 284 time: 300.484 ms
[gpt_1] [Rank 0] <18:59:55.137> Iter 285 time: 315.524 ms
[gpt_1] [Rank 0] <18:59:55.430> Iter 286 time: 292.706 ms
[gpt_1] [Rank 0] <18:59:55.675> Iter 287 time: 245.623 ms
[gpt_1] [Rank 0] <18:59:55.882> Iter 288 time: 206.247 ms
[gpt_1] [Rank 0] <18:59:56.158> Iter 289 time: 276.503 ms
[gpt_1] [Rank 0] <18:59:56.506> Iter 290 time: 348.13 ms
[gpt_1] [Rank 0] <18:59:56.806> Iter 291 time: 299.225 ms
[gpt_1] [Rank 0] <18:59:57.115> Iter 292 time: 309.234 ms
[gpt_1] [Rank 0] <18:59:57.417> Iter 293 time: 301.84 ms
[gpt_1] [Rank 0] <18:59:57.709> Iter 294 time: 292.816 ms
[gpt_1] [Rank 0] <18:59:58.021> Iter 295 time: 312.026 ms
[gpt_1] [Rank 0] <18:59:58.311> Iter 296 time: 289.971 ms
[gpt_1] [Rank 0] <18:59:58.613> Iter 297 time: 301.788 ms
[gpt_1] [Rank 0] <18:59:58.916> Iter 298 time: 302.623 ms
[gpt_1] [Rank 0] <18:59:59.230> Iter 299 time: 314.024 ms
[gpt_1] [Rank 0] <18:59:59.513> Iter 300 time: 283.581 ms
[gpt_1] (mean, median, min, max) = (280.397648ms, 280.350524ms, 63.007772ms, 395.68846ms)
[gpt_1] [Rank 0] <18:59:59.933> Iter 301 time: 419.761 ms
[gpt_1] [Rank 0] <19:00:00.329> Iter 302 time: 396.203 ms
[gpt_1] [Rank 0] <19:00:00.558> Iter 303 time: 228.599 ms
[gpt_1] [Rank 0] <19:00:00.825> Iter 304 time: 266.883 ms
[gpt_1] [Rank 0] <19:00:01.132> Iter 305 time: 306.927 ms
[gpt_1] [Rank 0] <19:00:01.362> Iter 306 time: 230.213 ms
[gpt_1] [Rank 0] <19:00:01.638> Iter 307 time: 275.646 ms
[gpt_1] [Rank 0] <19:00:01.948> Iter 308 time: 310.224 ms
[gpt_1] [Rank 0] <19:00:02.260> Iter 309 time: 311.79 ms
[gpt_1] [Rank 0] <19:00:02.462> Iter 310 time: 202.053 ms
[gpt_1] [Rank 0] <19:00:02.719> Iter 311 time: 257.71 ms
[gpt_1] [Rank 0] <19:00:02.959> Iter 312 time: 239.952 ms
[gpt_1] [Rank 0] <19:00:03.226> Iter 313 time: 266.346 ms
[gpt_1] [Rank 0] <19:00:03.497> Iter 314 time: 271.153 ms
[gpt_1] [Rank 0] <19:00:03.797> Iter 315 time: 300.537 ms
[gpt_1] [Rank 0] <19:00:04.049> Iter 316 time: 251.994 ms
[gpt_1] [Rank 0] <19:00:04.274> Iter 317 time: 224.629 ms
[gpt_1] [Rank 0] <19:00:04.572> Iter 318 time: 298.133 ms
[gpt_1] [Rank 0] <19:00:04.838> Iter 319 time: 265.863 ms
[gpt_1] [Rank 0] <19:00:05.108> Iter 320 time: 270.357 ms
[gpt_1] [Rank 0] <19:00:05.347> Iter 321 time: 238.746 ms
[gpt_1] [Rank 0] <19:00:05.553> Iter 322 time: 205.974 ms
[gpt_1] [Rank 0] <19:00:05.830> Iter 323 time: 276.91 ms
[gpt_1] [Rank 0] <19:00:06.136> Iter 324 time: 305.565 ms
[gpt_1] [Rank 0] <19:00:06.426> Iter 325 time: 290.144 ms
[gpt_1] [Rank 0] <19:00:06.721> Iter 326 time: 295.68 ms
[gpt_1] [Rank 0] <19:00:06.930> Iter 327 time: 208.16 ms
[gpt_1] [Rank 0] <19:00:07.301> Iter 328 time: 371.603 ms
[gpt_1] [Rank 0] <19:00:07.722> Iter 329 time: 420.54 ms
[gpt_1] [Rank 0] <19:00:08.082> Iter 330 time: 359.996 ms
[gpt_1] (mean, median, min, max) = (280.90208ms, 279.997177ms, 63.007772ms, 420.540965ms)
[gpt_1] [Rank 0] <19:00:08.443> Iter 331 time: 360.879 ms
[gpt_1] [Rank 0] <19:00:08.730> Iter 332 time: 287.162 ms
[gpt_1] [Rank 0] <19:00:09.065> Iter 333 time: 335.659 ms
[gpt_1] [Rank 0] <19:00:09.322> Iter 334 time: 256.575 ms
[gpt_1] [Rank 0] <19:00:09.622> Iter 335 time: 299.997 ms
[gpt_1] [Rank 0] <19:00:09.863> Iter 336 time: 241.427 ms
[gpt_1] [Rank 0] <19:00:10.164> Iter 337 time: 300.358 ms
[gpt_1] [Rank 0] <19:00:10.466> Iter 338 time: 301.946 ms
[gpt_1] [Rank 0] <19:00:10.745> Iter 339 time: 279.332 ms
[gpt_1] [Rank 0] <19:00:11.117> Iter 340 time: 372.401 ms
[gpt_1] [Rank 0] <19:00:11.396> Iter 341 time: 278.609 ms
[gpt_1] [Rank 0] <19:00:11.674> Iter 342 time: 277.483 ms
[gpt_1] [Rank 0] <19:00:12.010> Iter 343 time: 336.487 ms
[gpt_1] [Rank 0] <19:00:12.330> Iter 344 time: 319.671 ms
[gpt_1] [Rank 0] <19:00:12.675> Iter 345 time: 345.046 ms
[gpt_1] [Rank 0] <19:00:12.995> Iter 346 time: 320.016 ms
[gpt_1] [Rank 0] <19:00:13.314> Iter 347 time: 319.341 ms
[gpt_1] [Rank 0] <19:00:13.617> Iter 348 time: 302.559 ms
[gpt_1] [Rank 0] <19:00:13.882> Iter 349 time: 265.218 ms
[gpt_1] [Rank 0] <19:00:14.126> Iter 350 time: 244.276 ms
[gpt_1] [Rank 0] <19:00:14.490> Iter 351 time: 363.815 ms
[gpt_1] [Rank 0] <19:00:14.758> Iter 352 time: 268.215 ms
[gpt_1] [Rank 0] <19:00:14.981> Iter 353 time: 223.138 ms
[gpt_1] [Rank 0] <19:00:15.293> Iter 354 time: 311.312 ms
[gpt_1] [Rank 0] <19:00:15.585> Iter 355 time: 292.754 ms
[gpt_1] [Rank 0] <19:00:15.862> Iter 356 time: 276.23 ms
[gpt_1] [Rank 0] <19:00:16.103> Iter 357 time: 241.684 ms
[gpt_1] [Rank 0] <19:00:16.462> Iter 358 time: 358.457 ms
[gpt_1] [Rank 0] <19:00:16.737> Iter 359 time: 275.627 ms
[gpt_1] [Rank 0] <19:00:17.048> Iter 360 time: 310.077 ms
[gpt_1] (mean, median, min, max) = (282.486495ms, 281.541856ms, 63.007772ms, 420.540965ms)
[gpt_1] [Rank 0] <19:00:17.389> Iter 361 time: 341.91 ms
[gpt_1] [Rank 0] <19:00:17.646> Iter 362 time: 256.577 ms
[gpt_1] [Rank 0] <19:00:17.978> Iter 363 time: 332.452 ms
[gpt_1] [Rank 0] <19:00:18.272> Iter 364 time: 293.503 ms
[gpt_1] [Rank 0] <19:00:18.577> Iter 365 time: 305.491 ms
[gpt_1] [Rank 0] <19:00:18.844> Iter 366 time: 266.778 ms
[gpt_1] [Rank 0] <19:00:19.129> Iter 367 time: 284.829 ms
[gpt_1] [Rank 0] <19:00:19.353> Iter 368 time: 223.889 ms
[gpt_1] [Rank 0] <19:00:19.634> Iter 369 time: 280.916 ms
[gpt_1] [Rank 0] <19:00:19.965> Iter 370 time: 331.118 ms
[gpt_1] [Rank 0] <19:00:20.296> Iter 371 time: 330.626 ms
[gpt_1] [Rank 0] <19:00:20.566> Iter 372 time: 270.55 ms
[gpt_1] [Rank 0] <19:00:20.857> Iter 373 time: 291.276 ms
[gpt_1] [Rank 0] <19:00:21.070> Iter 374 time: 212.387 ms
[gpt_1] [Rank 0] <19:00:21.346> Iter 375 time: 275.77 ms
[gpt_1] [Rank 0] <19:00:21.581> Iter 376 time: 235.85 ms
[gpt_1] [Rank 0] <19:00:21.901> Iter 377 time: 319.435 ms
[gpt_1] [Rank 0] <19:00:22.269> Iter 378 time: 368.572 ms
[gpt_1] [Rank 0] <19:00:22.518> Iter 379 time: 248.464 ms
[gpt_1] [Rank 0] <19:00:22.754> Iter 380 time: 236.457 ms
[gpt_1] [Rank 0] <19:00:22.991> Iter 381 time: 237.054 ms
[gpt_1] [Rank 0] <19:00:23.269> Iter 382 time: 278.021 ms
[gpt_1] [Rank 0] <19:00:23.461> Iter 383 time: 191.418 ms
[gpt_1] [Rank 0] <19:00:23.702> Iter 384 time: 241.158 ms
[gpt_1] [Rank 0] <19:00:23.929> Iter 385 time: 227.182 ms
[gpt_1] [Rank 0] <19:00:24.191> Iter 386 time: 261.305 ms
[gpt_1] [Rank 0] <19:00:24.405> Iter 387 time: 214.926 ms
[gpt_1] [Rank 0] <19:00:24.685> Iter 388 time: 280.005 ms
[gpt_1] [Rank 0] <19:00:24.961> Iter 389 time: 276.004 ms
[gpt_1] [Rank 0] <19:00:25.174> Iter 390 time: 212.294 ms
[gpt_1] (mean, median, min, max) = (281.544976ms, 279.996675ms, 63.007772ms, 420.540965ms)
[gpt_1] [Rank 0] <19:00:25.426> Iter 391 time: 252.389 ms
[gpt_1] [Rank 0] <19:00:25.710> Iter 392 time: 283.901 ms
[gpt_1] [Rank 0] <19:00:25.981> Iter 393 time: 271.402 ms
[gpt_1] [Rank 0] <19:00:26.301> Iter 394 time: 320.016 ms
[gpt_1] [Rank 0] <19:00:26.598> Iter 395 time: 296.853 ms
[gpt_1] [Rank 0] <19:00:26.835> Iter 396 time: 237.117 ms
[gpt_1] [Rank 0] <19:00:27.126> Iter 397 time: 290.608 ms
[gpt_1] [Rank 0] <19:00:27.446> Iter 398 time: 320 ms
[gpt_1] [Rank 0] <19:00:27.725> Iter 399 time: 279.17 ms
[gpt_1] [Rank 0] <19:00:27.962> Iter 400 time: 236.83 ms
[gpt_1] [Rank 0] <19:00:28.246> Iter 401 time: 284.223 ms
[gpt_1] [Rank 0] <19:00:28.529> Iter 402 time: 282.698 ms
[gpt_1] [Rank 0] <19:00:28.792> Iter 403 time: 263.51 ms
[gpt_1] [Rank 0] <19:00:29.002> Iter 404 time: 209.294 ms
[gpt_1] [Rank 0] <19:00:29.285> Iter 405 time: 282.913 ms
[gpt_1] [Rank 0] <19:00:29.674> Iter 406 time: 389.325 ms
[gpt_1] [Rank 0] <19:00:29.962> Iter 407 time: 287.994 ms
[gpt_1] [Rank 0] <19:00:30.217> Iter 408 time: 254.525 ms
[gpt_1] [Rank 0] <19:00:30.538> Iter 409 time: 321.248 ms
[gpt_1] [Rank 0] <19:00:30.933> Iter 410 time: 395.673 ms
[gpt_1] [Rank 0] <19:00:31.218> Iter 411 time: 284.6 ms
[gpt_1] [Rank 0] <19:00:31.535> Iter 412 time: 317.181 ms
[gpt_1] [Rank 0] <19:00:31.842> Iter 413 time: 306.452 ms
[gpt_1] [Rank 0] <19:00:32.201> Iter 414 time: 359.752 ms
[gpt_1] [Rank 0] <19:00:32.530> Iter 415 time: 329.033 ms
[gpt_1] [Rank 0] <19:00:32.845> Iter 416 time: 314.958 ms
[gpt_1] [Rank 0] <19:00:33.131> Iter 417 time: 285.371 ms
[gpt_1] [Rank 0] <19:00:33.414> Iter 418 time: 282.974 ms
[gpt_1] [Rank 0] <19:00:33.741> Iter 419 time: 327.318 ms
[gpt_1] [Rank 0] <19:00:34.026> Iter 420 time: 284.701 ms
[gpt_1] (mean, median, min, max) = (282.559212ms, 282.750138ms, 63.007772ms, 420.540965ms)
[gpt_1] [Rank 0] <19:00:34.269> Iter 421 time: 243.653 ms
[gpt_1] [Rank 0] <19:00:34.561> Iter 422 time: 291.999 ms
[gpt_1] [Rank 0] <19:00:34.867> Iter 423 time: 305.188 ms
[gpt_1] [Rank 0] <19:00:35.082> Iter 424 time: 215.4 ms
[gpt_1] [Rank 0] <19:00:35.331> Iter 425 time: 249.382 ms
[gpt_1] [Rank 0] <19:00:35.593> Iter 426 time: 262.037 ms
[gpt_1] [Rank 0] <19:00:35.849> Iter 427 time: 255.42 ms
[gpt_1] [Rank 0] <19:00:36.071> Iter 428 time: 222.264 ms
[gpt_1] [Rank 0] <19:00:36.366> Iter 429 time: 294.959 ms
[gpt_1] [Rank 0] <19:00:36.687> Iter 430 time: 321.204 ms
[gpt_1] [Rank 0] <19:00:36.930> Iter 431 time: 242.47 ms
[gpt_1] [Rank 0] <19:00:37.198> Iter 432 time: 268.256 ms
[gpt_1] [Rank 0] <19:00:37.466> Iter 433 time: 268.03 ms
[gpt_1] [Rank 0] <19:00:37.750> Iter 434 time: 283.962 ms
[gpt_1] [Rank 0] <19:00:37.985> Iter 435 time: 235.187 ms
[gpt_1] [Rank 0] <19:00:38.218> Iter 436 time: 232.709 ms
[gpt_1] [Rank 0] <19:00:38.466> Iter 437 time: 248.108 ms
[gpt_1] [Rank 0] <19:00:38.762> Iter 438 time: 295.879 ms
[gpt_1] [Rank 0] <19:00:38.993> Iter 439 time: 231.409 ms
[gpt_1] [Rank 0] <19:00:39.306> Iter 440 time: 312.595 ms
[gpt_1] [Rank 0] <19:00:39.523> Iter 441 time: 217.067 ms
[gpt_1] [Rank 0] <19:00:39.770> Iter 442 time: 247.063 ms
[gpt_1] [Rank 0] <19:00:39.988> Iter 443 time: 217.609 ms
[gpt_1] [Rank 0] <19:00:40.190> Iter 444 time: 202.38 ms
[gpt_1] [Rank 0] <19:00:40.489> Iter 445 time: 299.435 ms
[gpt_1] [Rank 0] <19:00:40.741> Iter 446 time: 251.742 ms
[gpt_1] [Rank 0] <19:00:40.966> Iter 447 time: 224.301 ms
[gpt_1] [Rank 0] <19:00:41.207> Iter 448 time: 241.938 ms
[gpt_1] [Rank 0] <19:00:41.509> Iter 449 time: 302.012 ms
[gpt_1] [Rank 0] <19:00:41.777> Iter 450 time: 267.985 ms
[gpt_1] (mean, median, min, max) = (280.87289ms, 280.005959ms, 63.007772ms, 420.540965ms)
[gpt_1] [Rank 0] <19:00:41.995> Iter 451 time: 217.51 ms
[gpt_1] [Rank 0] <19:00:42.270> Iter 452 time: 275.069 ms
[gpt_1] [Rank 0] <19:00:42.478> Iter 453 time: 208.041 ms
[gpt_1] [Rank 0] <19:00:42.797> Iter 454 time: 319.394 ms
[gpt_1] [Rank 0] <19:00:43.014> Iter 455 time: 216.468 ms
[gpt_1] [Rank 0] <19:00:43.289> Iter 456 time: 275.264 ms
[gpt_1] [Rank 0] <19:00:43.517> Iter 457 time: 228.239 ms
[gpt_1] [Rank 0] <19:00:43.761> Iter 458 time: 243.889 ms
[gpt_1] [Rank 0] <19:00:43.987> Iter 459 time: 225.271 ms
[gpt_1] [Rank 0] <19:00:44.258> Iter 460 time: 271.291 ms
[gpt_1] [Rank 0] <19:00:44.468> Iter 461 time: 210.217 ms
[gpt_1] [Rank 0] <19:00:44.814> Iter 462 time: 345.891 ms
[gpt_1] [Rank 0] <19:00:45.173> Iter 463 time: 359.218 ms
[gpt_1] [Rank 0] <19:00:45.458> Iter 464 time: 284.399 ms
[gpt_1] [Rank 0] <19:00:45.696> Iter 465 time: 238.202 ms
[gpt_1] [Rank 0] <19:00:45.966> Iter 466 time: 270.203 ms
[gpt_1] [Rank 0] <19:00:46.238> Iter 467 time: 271.896 ms
[gpt_1] [Rank 0] <19:00:46.585> Iter 468 time: 347.525 ms
[gpt_1] [Rank 0] <19:00:46.868> Iter 469 time: 282.551 ms
[gpt_1] [Rank 0] <19:00:47.106> Iter 470 time: 238.027 ms
[gpt_1] [Rank 0] <19:00:47.340> Iter 471 time: 233.864 ms
[gpt_1] [Rank 0] <19:00:47.674> Iter 472 time: 334.13 ms
[gpt_1] [Rank 0] <19:00:47.938> Iter 473 time: 264.031 ms
[gpt_1] [Rank 0] <19:00:48.314> Iter 474 time: 375.699 ms
[gpt_1] [Rank 0] <19:00:48.605> Iter 475 time: 290.917 ms
[gpt_1] [Rank 0] <19:00:48.873> Iter 476 time: 268.21 ms
[gpt_1] [Rank 0] <19:00:49.169> Iter 477 time: 296.558 ms
[gpt_1] [Rank 0] <19:00:49.516> Iter 478 time: 346.207 ms
[gpt_1] [Rank 0] <19:00:49.752> Iter 479 time: 236.771 ms
[gpt_1] [Rank 0] <19:00:50.025> Iter 480 time: 273.043 ms
[gpt_1] (mean, median, min, max) = (280.485549ms, 279.597112ms, 63.007772ms, 420.540965ms)
[gpt_1] [Rank 0] <19:00:50.297> Iter 481 time: 271.857 ms
[gpt_1] [Rank 0] <19:00:50.623> Iter 482 time: 326.165 ms
[gpt_1] [Rank 0] <19:00:50.893> Iter 483 time: 269.727 ms
[gpt_1] [Rank 0] <19:00:51.141> Iter 484 time: 248.216 ms
[gpt_1] [Rank 0] <19:00:51.426> Iter 485 time: 284.611 ms
[gpt_1] [Rank 0] <19:00:51.693> Iter 486 time: 267.318 ms
[gpt_1] [Rank 0] <19:00:52.073> Iter 487 time: 380.087 ms
[gpt_1] [Rank 0] <19:00:52.438> Iter 488 time: 364.087 ms
[gpt_1] [Rank 0] <19:00:52.798> Iter 489 time: 360.371 ms
[gpt_1] [Rank 0] <19:00:53.158> Iter 490 time: 359.668 ms
[gpt_1] [Rank 0] <19:00:53.492> Iter 491 time: 334.354 ms
[gpt_1] [Rank 0] <19:00:53.805> Iter 492 time: 313.518 ms
[gpt_1] [Rank 0] <19:00:54.094> Iter 493 time: 288.967 ms
[gpt_1] [Rank 0] <19:00:54.366> Iter 494 time: 271.355 ms
[gpt_1] [Rank 0] <19:00:54.645> Iter 495 time: 279.119 ms
[gpt_1] [Rank 0] <19:00:54.906> Iter 496 time: 260.862 ms
[gpt_1] [Rank 0] <19:00:55.177> Iter 497 time: 271.332 ms
[gpt_1] [Rank 0] <19:00:55.410> Iter 498 time: 232.963 ms
[gpt_1] [Rank 0] <19:00:55.622> Iter 499 time: 211.998 ms
[gpt_1] [Rank 0] <19:00:55.835> Iter 500 time: 212.553 ms
[gpt_1] [Rank 0] <19:00:56.083> Iter 501 time: 248.762 ms
[gpt_1] [Rank 0] <19:00:56.366> Iter 502 time: 282.631 ms
[gpt_1] [Rank 0] <19:00:56.621> Iter 503 time: 255.09 ms
[gpt_1] [Rank 0] <19:00:56.945> Iter 504 time: 324.126 ms
[gpt_1] [Rank 0] <19:00:57.226> Iter 505 time: 280.808 ms
[gpt_1] [Rank 0] <19:00:57.529> Iter 506 time: 303.185 ms
[gpt_1] [Rank 0] <19:00:57.791> Iter 507 time: 261.578 ms
[gpt_1] [Rank 0] <19:00:58.050> Iter 508 time: 259.282 ms
[gpt_1] [Rank 0] <19:00:58.343> Iter 509 time: 292.549 ms
[gpt_1] [Rank 0] <19:00:58.606> Iter 510 time: 263.433 ms
[gpt_1] (mean, median, min, max) = (280.824369ms, 279.432588ms, 63.007772ms, 420.540965ms)
[gpt_1] [Rank 0] <19:00:58.937> Iter 511 time: 331.168 ms
[gpt_1] [Rank 0] <19:00:59.131> Iter 512 time: 193.455 ms
[gpt_1] [Rank 0] <19:00:59.372> Iter 513 time: 241.494 ms
[gpt_1] [Rank 0] <19:00:59.715> Iter 514 time: 342.524 ms
[gpt_1] [Rank 0] <19:01:00.050> Iter 515 time: 335.21 ms
[gpt_1] [Rank 0] <19:01:00.349> Iter 516 time: 299.559 ms
[gpt_1] [Rank 0] <19:01:00.580> Iter 517 time: 230.293 ms
[gpt_1] [Rank 0] <19:01:00.878> Iter 518 time: 298.635 ms
[gpt_1] [Rank 0] <19:01:01.158> Iter 519 time: 279.424 ms
[gpt_1] [Rank 0] <19:01:01.413> Iter 520 time: 255.064 ms
[gpt_1] [Rank 0] <19:01:01.609> Iter 521 time: 196.577 ms
[gpt_1] [Rank 0] <19:01:01.869> Iter 522 time: 259.996 ms
[gpt_1] [Rank 0] <19:01:02.170> Iter 523 time: 300.927 ms
[gpt_1] [Rank 0] <19:01:02.415> Iter 524 time: 245.043 ms
[gpt_1] [Rank 0] <19:01:02.739> Iter 525 time: 324.085 ms
[gpt_1] [Rank 0] <19:01:03.001> Iter 526 time: 261.709 ms
[gpt_1] [Rank 0] <19:01:03.235> Iter 527 time: 234.229 ms
[gpt_1] [Rank 0] <19:01:03.490> Iter 528 time: 254.297 ms
[gpt_1] [Rank 0] <19:01:03.699> Iter 529 time: 208.901 ms
[gpt_1] [Rank 0] <19:01:03.987> Iter 530 time: 288.769 ms
[gpt_1] [Rank 0] <19:01:04.245> Iter 531 time: 257.793 ms
[gpt_1] [Rank 0] <19:01:04.566> Iter 532 time: 320.559 ms
[gpt_1] [Rank 0] <19:01:04.895> Iter 533 time: 329.662 ms
[gpt_1] [Rank 0] <19:01:05.177> Iter 534 time: 281.282 ms
[gpt_1] [Rank 0] <19:01:05.459> Iter 535 time: 282.52 ms
[gpt_1] [Rank 0] <19:01:05.793> Iter 536 time: 334.203 ms
[gpt_1] [Rank 0] <19:01:06.042> Iter 537 time: 248.686 ms
[gpt_1] [Rank 0] <19:01:06.309> Iter 538 time: 266.842 ms
[gpt_1] [Rank 0] <19:01:06.671> Iter 539 time: 362.204 ms
[gpt_1] [Rank 0] <19:01:06.966> Iter 540 time: 294.74 ms
[gpt_1] (mean, median, min, max) = (280.699629ms, 279.447873ms, 63.007772ms, 420.540965ms)
[gpt_1] [Rank 0] <19:01:07.241> Iter 541 time: 275.113 ms
[gpt_1] [Rank 0] <19:01:07.530> Iter 542 time: 288.974 ms
[gpt_1] [Rank 0] <19:01:07.830> Iter 543 time: 299.881 ms
[gpt_1] [Rank 0] <19:01:08.070> Iter 544 time: 240.281 ms
[gpt_1] [Rank 0] <19:01:08.346> Iter 545 time: 276.097 ms
[gpt_1] [Rank 0] <19:01:08.601> Iter 546 time: 255.173 ms
[gpt_1] [Rank 0] <19:01:08.869> Iter 547 time: 268.02 ms
[gpt_1] [Rank 0] <19:01:09.112> Iter 548 time: 242.543 ms
[gpt_1] [Rank 0] <19:01:09.430> Iter 549 time: 318.066 ms
[gpt_1] [Rank 0] <19:01:09.738> Iter 550 time: 307.75 ms
[gpt_1] [Rank 0] <19:01:10.074> Iter 551 time: 336.244 ms
[gpt_1] [Rank 0] <19:01:10.374> Iter 552 time: 299.691 ms
[gpt_1] [Rank 0] <19:01:10.748> Iter 553 time: 373.888 ms
[gpt_1] [Rank 0] <19:01:11.090> Iter 554 time: 341.98 ms
[gpt_1] [Rank 0] <19:01:11.324> Iter 555 time: 234.659 ms
[gpt_1] [Rank 0] <19:01:11.650> Iter 556 time: 325.76 ms
[gpt_1] [Rank 0] <19:01:11.994> Iter 557 time: 343.961 ms
[gpt_1] [Rank 0] <19:01:12.318> Iter 558 time: 324.022 ms
[gpt_1] [Rank 0] <19:01:12.669> Iter 559 time: 351.397 ms
[gpt_1] [Rank 0] <19:01:13.013> Iter 560 time: 344.018 ms
[gpt_1] [Rank 0] <19:01:13.264> Iter 561 time: 250.583 ms
[gpt_1] [Rank 0] <19:01:13.550> Iter 562 time: 285.841 ms
[gpt_1] [Rank 0] <19:01:13.877> Iter 563 time: 327.378 ms
[gpt_1] [Rank 0] <19:01:14.250> Iter 564 time: 372.817 ms
[gpt_1] [Rank 0] <19:01:14.612> Iter 565 time: 361.744 ms
[gpt_1] [Rank 0] <19:01:14.985> Iter 566 time: 373.634 ms
[gpt_1] [Rank 0] <19:01:15.289> Iter 567 time: 304.006 ms
[gpt_1] [Rank 0] <19:01:15.641> Iter 568 time: 351.423 ms
[gpt_1] [Rank 0] <19:01:15.961> Iter 569 time: 320.575 ms
[gpt_1] [Rank 0] <19:01:16.293> Iter 570 time: 331.43 ms
[gpt_1] (mean, median, min, max) = (282.346854ms, 280.350524ms, 63.007772ms, 420.540965ms)
[gpt_1] [Rank 0] <19:01:16.650> Iter 571 time: 357.016 ms
[gpt_1] [Rank 0] <19:01:16.911> Iter 572 time: 260.755 ms
[gpt_1] [Rank 0] <19:01:17.190> Iter 573 time: 279.288 ms
[gpt_1] [Rank 0] <19:01:17.449> Iter 574 time: 259.501 ms
[gpt_1] [Rank 0] <19:01:17.801> Iter 575 time: 351.872 ms
[gpt_1] [Rank 0] <19:01:18.016> Iter 576 time: 214.219 ms
[gpt_1] [Rank 0] <19:01:18.330> Iter 577 time: 314.093 ms
[gpt_1] [Rank 0] <19:01:18.595> Iter 578 time: 265.335 ms
[gpt_1] [Rank 0] <19:01:18.953> Iter 579 time: 357.687 ms
[gpt_1] [Rank 0] <19:01:19.298> Iter 580 time: 345.111 ms
[gpt_1] [Rank 0] <19:01:19.713> Iter 581 time: 415.147 ms
[gpt_1] [Rank 0] <19:01:20.024> Iter 582 time: 311.406 ms
[gpt_1] [Rank 0] <19:01:20.293> Iter 583 time: 268.899 ms
[gpt_1] [Rank 0] <19:01:20.559> Iter 584 time: 266.24 ms
[gpt_1] [Rank 0] <19:01:20.794> Iter 585 time: 234.312 ms
[gpt_1] [Rank 0] <19:01:21.090> Iter 586 time: 296.72 ms
[gpt_1] [Rank 0] <19:01:21.394> Iter 587 time: 304.016 ms
[gpt_1] [Rank 0] <19:01:21.618> Iter 588 time: 223.015 ms
[gpt_1] [Rank 0] <19:01:21.829> Iter 589 time: 211.352 ms
[gpt_1] [Rank 0] <19:01:22.134> Iter 590 time: 304.983 ms
[gpt_1] [Rank 0] <19:01:22.373> Iter 591 time: 239.018 ms
[gpt_1] [Rank 0] <19:01:22.649> Iter 592 time: 276.578 ms
[gpt_1] [Rank 0] <19:01:22.935> Iter 593 time: 286.009 ms
[gpt_1] [Rank 0] <19:01:23.235> Iter 594 time: 299.137 ms
[gpt_1] [Rank 0] <19:01:23.563> Iter 595 time: 328.024 ms
[gpt_1] [Rank 0] <19:01:23.869> Iter 596 time: 306.248 ms
[gpt_1] [Rank 0] <19:01:24.147> Iter 597 time: 278.373 ms
[gpt_1] [Rank 0] <19:01:24.418> Iter 598 time: 270.902 ms
[gpt_1] [Rank 0] <19:01:24.774> Iter 599 time: 355.853 ms
[gpt_1] [Rank 0] <19:01:25.054> Iter 600 time: 280.438 ms
[gpt_1] (mean, median, min, max) = (282.848849ms, 280.565578ms, 63.007772ms, 420.540965ms)
[gpt_1] [Rank 0] <19:01:25.354> Iter 601 time: 299.324 ms
[gpt_1] [Rank 0] <19:01:25.646> Iter 602 time: 292.348 ms
[gpt_1] [Rank 0] <19:01:25.937> Iter 603 time: 291.389 ms
[gpt_1] [Rank 0] <19:01:26.237> Iter 604 time: 299.711 ms
[gpt_1] [Rank 0] <19:01:26.490> Iter 605 time: 253.021 ms
[gpt_1] [Rank 0] <19:01:26.749> Iter 606 time: 258.634 ms
[gpt_1] [Rank 0] <19:01:27.014> Iter 607 time: 265.163 ms
[gpt_1] [Rank 0] <19:01:27.258> Iter 608 time: 244.023 ms
[gpt_1] [Rank 0] <19:01:27.502> Iter 609 time: 243.483 ms
[gpt_1] [Rank 0] <19:01:27.719> Iter 610 time: 217.047 ms
[gpt_1] [Rank 0] <19:01:28.005> Iter 611 time: 286.497 ms
[gpt_1] [Rank 0] <19:01:28.210> Iter 612 time: 204.754 ms
[gpt_1] [Rank 0] <19:01:28.422> Iter 613 time: 211.937 ms
[gpt_1] [Rank 0] <19:01:28.754> Iter 614 time: 332.211 ms
[gpt_1] [Rank 0] <19:01:28.984> Iter 615 time: 229.642 ms
[gpt_1] [Rank 0] <19:01:29.234> Iter 616 time: 250.375 ms
[gpt_1] [Rank 0] <19:01:29.514> Iter 617 time: 279.74 ms
[gpt_1] [Rank 0] <19:01:29.749> Iter 618 time: 235.693 ms
[gpt_1] [Rank 0] <19:01:29.967> Iter 619 time: 217.306 ms
[gpt_1] [Rank 0] <19:01:30.206> Iter 620 time: 239.007 ms
[gpt_1] [Rank 0] <19:01:30.477> Iter 621 time: 271.454 ms
[gpt_1] [Rank 0] <19:01:30.863> Iter 622 time: 385.975 ms
[gpt_1] [Rank 0] <19:01:31.194> Iter 623 time: 330.827 ms
[gpt_1] [Rank 0] <19:01:31.469> Iter 624 time: 275.304 ms
[gpt_1] [Rank 0] <19:01:31.766> Iter 625 time: 296.576 ms
[gpt_1] [Rank 0] <19:01:32.052> Iter 626 time: 285.807 ms
[gpt_1] [Rank 0] <19:01:32.386> Iter 627 time: 334.581 ms
[gpt_1] [Rank 0] <19:01:32.730> Iter 628 time: 343.98 ms
[gpt_1] [Rank 0] <19:01:33.049> Iter 629 time: 319.187 ms
[gpt_1] [Rank 0] <19:01:33.341> Iter 630 time: 291.425 ms
[gpt_1] (mean, median, min, max) = (282.522573ms, 280.22385ms, 63.007772ms, 420.540965ms)
[gpt_1] [Rank 0] <19:01:33.634> Iter 631 time: 292.906 ms
[gpt_1] [Rank 0] <19:01:33.933> Iter 632 time: 298.852 ms
[gpt_1] [Rank 0] <19:01:34.266> Iter 633 time: 333.268 ms
[gpt_1] [Rank 0] <19:01:34.558> Iter 634 time: 291.953 ms
[gpt_1] [Rank 0] <19:01:34.790> Iter 635 time: 232.132 ms
[gpt_1] [Rank 0] <19:01:35.102> Iter 636 time: 312.049 ms
[gpt_1] [Rank 0] <19:01:35.426> Iter 637 time: 323.99 ms
[gpt_1] [Rank 0] <19:01:35.753> Iter 638 time: 327.197 ms
[gpt_1] [Rank 0] <19:01:36.054> Iter 639 time: 301.128 ms
[gpt_1] [Rank 0] <19:01:36.449> Iter 640 time: 394.869 ms
[gpt_1] [Rank 0] <19:01:36.698> Iter 641 time: 248.371 ms
[gpt_1] [Rank 0] <19:01:37.079> Iter 642 time: 381.279 ms
[gpt_1] [Rank 0] <19:01:37.330> Iter 643 time: 251.286 ms
[gpt_1] [Rank 0] <19:01:37.689> Iter 644 time: 359.285 ms
[gpt_1] [Rank 0] <19:01:37.929> Iter 645 time: 239.233 ms
[gpt_1] [Rank 0] <19:01:38.270> Iter 646 time: 341.341 ms
[gpt_1] [Rank 0] <19:01:38.609> Iter 647 time: 339.201 ms
[gpt_1] [Rank 0] <19:01:38.874> Iter 648 time: 264.812 ms
[gpt_1] [Rank 0] <19:01:39.145> Iter 649 time: 271.06 ms
[gpt_1] [Rank 0] <19:01:39.406> Iter 650 time: 260.96 ms
[gpt_1] [Rank 0] <19:01:39.738> Iter 651 time: 332.003 ms
[gpt_1] [Rank 0] <19:01:40.081> Iter 652 time: 343.151 ms
[gpt_1] [Rank 0] <19:01:40.370> Iter 653 time: 288.935 ms
[gpt_1] [Rank 0] <19:01:40.594> Iter 654 time: 223.864 ms
[gpt_1] [Rank 0] <19:01:40.969> Iter 655 time: 375.434 ms
[gpt_1] [Rank 0] <19:01:41.257> Iter 656 time: 287.7 ms
[gpt_1] [Rank 0] <19:01:41.546> Iter 657 time: 288.609 ms
[gpt_1] [Rank 0] <19:01:41.901> Iter 658 time: 355.687 ms
[gpt_1] [Rank 0] <19:01:42.241> Iter 659 time: 339.774 ms
[gpt_1] [Rank 0] <19:01:42.538> Iter 660 time: 297.105 ms
[gpt_1] (mean, median, min, max) = (283.650339ms, 282.535887ms, 63.007772ms, 420.540965ms)
[gpt_1] [Rank 0] <19:01:42.890> Iter 661 time: 351.955 ms
[gpt_1] [Rank 0] <19:01:43.213> Iter 662 time: 323.2 ms
[gpt_1] [Rank 0] <19:01:43.465> Iter 663 time: 251.606 ms
[gpt_1] [Rank 0] <19:01:43.743> Iter 664 time: 278.165 ms
[gpt_1] [Rank 0] <19:01:44.029> Iter 665 time: 285.571 ms
[gpt_1] [Rank 0] <19:01:44.338> Iter 666 time: 309.244 ms
[gpt_1] [Rank 0] <19:01:44.645> Iter 667 time: 306.852 ms
[gpt_1] [Rank 0] <19:01:44.916> Iter 668 time: 271.489 ms
[gpt_1] [Rank 0] <19:01:45.254> Iter 669 time: 337.59 ms
[gpt_1] [Rank 0] <19:01:45.590> Iter 670 time: 335.747 ms
[gpt_1] [Rank 0] <19:01:45.921> Iter 671 time: 331.473 ms
[gpt_1] [Rank 0] <19:01:46.218> Iter 672 time: 296.789 ms
[gpt_1] [Rank 0] <19:01:46.545> Iter 673 time: 326.631 ms
[gpt_1] [Rank 0] <19:01:46.811> Iter 674 time: 265.98 ms
[gpt_1] [Rank 0] <19:01:47.122> Iter 675 time: 311.453 ms
[gpt_1] [Rank 0] <19:01:47.427> Iter 676 time: 305.336 ms
[gpt_1] [Rank 0] <19:01:47.787> Iter 677 time: 359.178 ms
[gpt_1] [Rank 0] <19:01:48.113> Iter 678 time: 325.982 ms
[gpt_1] [Rank 0] <19:01:48.414> Iter 679 time: 301.436 ms
[gpt_1] [Rank 0] <19:01:48.733> Iter 680 time: 319.07 ms
[gpt_1] [Rank 0] <19:01:49.018> Iter 681 time: 284.975 ms
[gpt_1] [Rank 0] <19:01:49.334> Iter 682 time: 315.64 ms
[gpt_1] [Rank 0] <19:01:49.698> Iter 683 time: 364.318 ms
[gpt_1] [Rank 0] <19:01:50.001> Iter 684 time: 303.194 ms
[gpt_1] [Rank 0] <19:01:50.281> Iter 685 time: 280.249 ms
[gpt_1] [Rank 0] <19:01:50.569> Iter 686 time: 288.034 ms
[gpt_1] [Rank 0] <19:01:50.861> Iter 687 time: 291.382 ms
[gpt_1] [Rank 0] <19:01:51.163> Iter 688 time: 301.729 ms
[gpt_1] [Rank 0] <19:01:51.466> Iter 689 time: 303.14 ms
[gpt_1] [Rank 0] <19:01:51.797> Iter 690 time: 331.087 ms
[gpt_1] (mean, median, min, max) = (284.768252ms, 283.996819ms, 63.007772ms, 420.540965ms)
[gpt_1] [Rank 0] <19:01:52.058> Iter 691 time: 261.057 ms
[gpt_1] [Rank 0] <19:01:52.378> Iter 692 time: 320.174 ms
[gpt_1] [Rank 0] <19:01:52.757> Iter 693 time: 379.144 ms
[gpt_1] [Rank 0] <19:01:53.105> Iter 694 time: 348.238 ms
[gpt_1] [Rank 0] <19:01:53.442> Iter 695 time: 336.495 ms
[gpt_1] [Rank 0] <19:01:53.744> Iter 696 time: 302.011 ms
[gpt_1] [Rank 0] <19:01:54.046> Iter 697 time: 302.075 ms
[gpt_1] [Rank 0] <19:01:54.313> Iter 698 time: 266.844 ms
[gpt_1] [Rank 0] <19:01:54.638> Iter 699 time: 325.142 ms
[gpt_1] [Rank 0] <19:01:54.901> Iter 700 time: 262.853 ms
[gpt_1] [Rank 0] <19:01:55.194> Iter 701 time: 293.197 ms
[gpt_1] [Rank 0] <19:01:55.549> Iter 702 time: 355.389 ms
[gpt_1] [Rank 0] <19:01:55.813> Iter 703 time: 263.419 ms
[gpt_1] [Rank 0] <19:01:56.042> Iter 704 time: 229.127 ms
[gpt_1] [Rank 0] <19:01:56.355> Iter 705 time: 313.415 ms
[gpt_1] [Rank 0] <19:01:56.661> Iter 706 time: 306.019 ms
[gpt_1] [Rank 0] <19:01:56.965> Iter 707 time: 303.447 ms
[gpt_1] [Rank 0] <19:01:57.225> Iter 708 time: 260.537 ms
[gpt_1] [Rank 0] <19:01:57.502> Iter 709 time: 276.345 ms
[gpt_1] [Rank 0] <19:01:57.745> Iter 710 time: 243.294 ms
[gpt_1] [Rank 0] <19:01:58.020> Iter 711 time: 274.888 ms
[gpt_1] [Rank 0] <19:01:58.322> Iter 712 time: 302.116 ms
[gpt_1] [Rank 0] <19:01:58.658> Iter 713 time: 335.841 ms
[gpt_1] [Rank 0] <19:01:58.927> Iter 714 time: 269.281 ms
[gpt_1] [Rank 0] <19:01:59.142> Iter 715 time: 214.396 ms
[gpt_1] [Rank 0] <19:01:59.419> Iter 716 time: 277.838 ms
[gpt_1] [Rank 0] <19:01:59.745> Iter 717 time: 325.664 ms
[gpt_1] [Rank 0] <19:01:59.990> Iter 718 time: 244.931 ms
[gpt_1] [Rank 0] <19:02:00.345> Iter 719 time: 355.199 ms
[gpt_1] [Rank 0] <19:02:00.625> Iter 720 time: 279.922 ms
[gpt_1] (mean, median, min, max) = (285.175771ms, 284.074082ms, 63.007772ms, 420.540965ms)
[gpt_1] [Rank 0] <19:02:00.873> Iter 721 time: 247.431 ms
[gpt_1] [Rank 0] <19:02:01.133> Iter 722 time: 260.291 ms
[gpt_1] [Rank 0] <19:02:01.474> Iter 723 time: 341.14 ms
[gpt_1] [Rank 0] <19:02:01.767> Iter 724 time: 292.569 ms
[gpt_1] [Rank 0] <19:02:02.074> Iter 725 time: 307.178 ms
[gpt_1] [Rank 0] <19:02:02.402> Iter 726 time: 328.249 ms
[gpt_1] [Rank 0] <19:02:02.746> Iter 727 time: 344.02 ms
[gpt_1] [Rank 0] <19:02:03.113> Iter 728 time: 367.405 ms
[gpt_1] [Rank 0] <19:02:03.361> Iter 729 time: 247.31 ms
[gpt_1] [Rank 0] <19:02:03.529> Iter 730 time: 167.87 ms
[gpt_1] [Rank 0] <19:02:03.759> Iter 731 time: 229.966 ms
[gpt_1] [Rank 0] <19:02:03.960> Iter 732 time: 201.774 ms
[gpt_1] [Rank 0] <19:02:04.218> Iter 733 time: 257.564 ms
[gpt_1] [Rank 0] <19:02:04.391> Iter 734 time: 173.527 ms
[gpt_1] [Rank 0] <19:02:04.698> Iter 735 time: 306.313 ms
[gpt_1] [Rank 0] <19:02:04.941> Iter 736 time: 243.565 ms
[gpt_1] [Rank 0] <19:02:05.222> Iter 737 time: 280.657 ms
[gpt_1] [Rank 0] <19:02:05.494> Iter 738 time: 272.055 ms
[gpt_1] [Rank 0] <19:02:05.733> Iter 739 time: 238.83 ms
[gpt_1] [Rank 0] <19:02:05.985> Iter 740 time: 252.571 ms
[gpt_1] [Rank 0] <19:02:06.261> Iter 741 time: 275.993 ms
[gpt_1] [Rank 0] <19:02:06.478> Iter 742 time: 216.614 ms
[gpt_1] [Rank 0] <19:02:06.742> Iter 743 time: 263.961 ms
[gpt_1] [Rank 0] <19:02:06.974> Iter 744 time: 232.023 ms
[gpt_1] [Rank 0] <19:02:07.259> Iter 745 time: 285.181 ms
[gpt_1] [Rank 0] <19:02:07.483> Iter 746 time: 224.193 ms
[gpt_1] [Rank 0] <19:02:07.701> Iter 747 time: 218.038 ms
[gpt_1] [Rank 0] <19:02:07.946> Iter 748 time: 244.297 ms
[gpt_1] [Rank 0] <19:02:08.246> Iter 749 time: 300.132 ms
[gpt_1] [Rank 0] <19:02:08.541> Iter 750 time: 295.584 ms
[gpt_1] (mean, median, min, max) = (284.300491ms, 283.277805ms, 63.007772ms, 420.540965ms)
[gpt_1] [Rank 0] <19:02:08.761> Iter 751 time: 219.692 ms
[gpt_1] [Rank 0] <19:02:08.998> Iter 752 time: 236.504 ms
[gpt_1] [Rank 0] <19:02:09.305> Iter 753 time: 307.781 ms
[gpt_1] [Rank 0] <19:02:09.562> Iter 754 time: 256.285 ms
[gpt_1] [Rank 0] <19:02:09.828> Iter 755 time: 265.801 ms
[gpt_1] [Rank 0] <19:02:10.058> Iter 756 time: 230.951 ms
[gpt_1] [Rank 0] <19:02:10.349> Iter 757 time: 290.981 ms
[gpt_1] [Rank 0] <19:02:10.605> Iter 758 time: 255.478 ms
[gpt_1] [Rank 0] <19:02:10.894> Iter 759 time: 288.818 ms
[gpt_1] [Rank 0] <19:02:11.194> Iter 760 time: 300.315 ms
[gpt_1] [Rank 0] <19:02:11.585> Iter 761 time: 391.353 ms
[gpt_1] [Rank 0] <19:02:11.833> Iter 762 time: 248.015 ms
[gpt_1] [Rank 0] <19:02:12.090> Iter 763 time: 256.111 ms
[gpt_1] [Rank 0] <19:02:12.302> Iter 764 time: 212.193 ms
[gpt_1] [Rank 0] <19:02:12.621> Iter 765 time: 319.129 ms
[gpt_1] [Rank 0] <19:02:12.917> Iter 766 time: 296.21 ms
[gpt_1] [Rank 0] <19:02:13.165> Iter 767 time: 248.357 ms
[gpt_1] [Rank 0] <19:02:13.370> Iter 768 time: 204.577 ms
[gpt_1] [Rank 0] <19:02:13.590> Iter 769 time: 220.004 ms
[gpt_1] [Rank 0] <19:02:13.842> Iter 770 time: 251.712 ms
[gpt_1] [Rank 0] <19:02:14.094> Iter 771 time: 252.106 ms
[gpt_1] [Rank 0] <19:02:14.338> Iter 772 time: 244.16 ms
[gpt_1] [Rank 0] <19:02:14.627> Iter 773 time: 288.65 ms
[gpt_1] [Rank 0] <19:02:14.825> Iter 774 time: 198.807 ms
[gpt_1] [Rank 0] <19:02:15.062> Iter 775 time: 236.581 ms
[gpt_1] [Rank 0] <19:02:15.310> Iter 776 time: 248.062 ms
[gpt_1] [Rank 0] <19:02:15.602> Iter 777 time: 291.946 ms
[gpt_1] [Rank 0] <19:02:15.874> Iter 778 time: 271.943 ms
[gpt_1] [Rank 0] <19:02:16.193> Iter 779 time: 319.449 ms
[gpt_1] [Rank 0] <19:02:16.471> Iter 780 time: 278.02 ms
[gpt_1] (mean, median, min, max) = (283.51232ms, 282.591607ms, 63.007772ms, 420.540965ms)
[gpt_1] [Rank 0] <19:02:16.770> Iter 781 time: 298.524 ms
[gpt_1] [Rank 0] <19:02:17.037> Iter 782 time: 266.54 ms
[gpt_1] [Rank 0] <19:02:17.326> Iter 783 time: 289.589 ms
[gpt_1] [Rank 0] <19:02:17.626> Iter 784 time: 299.645 ms
[gpt_1] [Rank 0] <19:02:17.894> Iter 785 time: 268.257 ms
[gpt_1] [Rank 0] <19:02:18.170> Iter 786 time: 275.886 ms
[gpt_1] [Rank 0] <19:02:18.457> Iter 787 time: 287.511 ms
[gpt_1] [Rank 0] <19:02:18.698> Iter 788 time: 240.583 ms
[gpt_1] [Rank 0] <19:02:18.978> Iter 789 time: 279.75 ms
[gpt_1] [Rank 0] <19:02:19.266> Iter 790 time: 288.313 ms
[gpt_1] [Rank 0] <19:02:19.530> Iter 791 time: 264.359 ms
[gpt_1] [Rank 0] <19:02:19.852> Iter 792 time: 321.455 ms
[gpt_1] [Rank 0] <19:02:20.181> Iter 793 time: 328.781 ms
[gpt_1] [Rank 0] <19:02:20.493> Iter 794 time: 312.776 ms
[gpt_1] [Rank 0] <19:02:20.785> Iter 795 time: 291.227 ms
[gpt_1] [Rank 0] <19:02:20.993> Iter 796 time: 208.529 ms
[gpt_1] [Rank 0] <19:02:21.258> Iter 797 time: 264.836 ms
[gpt_1] [Rank 0] <19:02:21.529> Iter 798 time: 271.301 ms
[gpt_1] [Rank 0] <19:02:21.773> Iter 799 time: 244.115 ms
[gpt_1] [Rank 0] <19:02:22.054> Iter 800 time: 280.389 ms
[gpt_1] [Rank 0] <19:02:22.348> Iter 801 time: 294.094 ms
[gpt_1] [Rank 0] <19:02:22.683> Iter 802 time: 335.542 ms
[gpt_1] [Rank 0] <19:02:22.958> Iter 803 time: 274.543 ms
[gpt_1] [Rank 0] <19:02:23.238> Iter 804 time: 280.112 ms
[gpt_1] [Rank 0] <19:02:23.506> Iter 805 time: 268.275 ms
[gpt_1] [Rank 0] <19:02:23.813> Iter 806 time: 307.057 ms
[gpt_1] [Rank 0] <19:02:24.098> Iter 807 time: 284.33 ms
[gpt_1] [Rank 0] <19:02:24.434> Iter 808 time: 336.63 ms
[gpt_1] [Rank 0] <19:02:24.798> Iter 809 time: 364 ms
[gpt_1] [Rank 0] <19:02:25.069> Iter 810 time: 270.784 ms
[gpt_1] (mean, median, min, max) = (283.629257ms, 282.591607ms, 63.007772ms, 420.540965ms)
[gpt_1] [Rank 0] <19:02:25.290> Iter 811 time: 220.545 ms
[gpt_1] [Rank 0] <19:02:25.615> Iter 812 time: 325.351 ms
[gpt_1] [Rank 0] <19:02:25.929> Iter 813 time: 314.377 ms
[gpt_1] [Rank 0] <19:02:26.237> Iter 814 time: 307.722 ms
[gpt_1] [Rank 0] <19:02:26.493> Iter 815 time: 256.269 ms
[gpt_1] [Rank 0] <19:02:26.754> Iter 816 time: 260.378 ms
[gpt_1] [Rank 0] <19:02:27.026> Iter 817 time: 271.906 ms
[gpt_1] [Rank 0] <19:02:27.306> Iter 818 time: 280.018 ms
[gpt_1] [Rank 0] <19:02:27.600> Iter 819 time: 293.844 ms
[gpt_1] [Rank 0] <19:02:27.910> Iter 820 time: 310.116 ms
[gpt_1] [Rank 0] <19:02:28.262> Iter 821 time: 352.556 ms
[gpt_1] [Rank 0] <19:02:28.502> Iter 822 time: 240.046 ms
[gpt_1] [Rank 0] <19:02:28.773> Iter 823 time: 270.867 ms
[gpt_1] [Rank 0] <19:02:29.101> Iter 824 time: 328.258 ms
[gpt_1] [Rank 0] <19:02:29.374> Iter 825 time: 272.345 ms
[gpt_1] [Rank 0] <19:02:29.689> Iter 826 time: 314.986 ms
[gpt_1] [Rank 0] <19:02:29.988> Iter 827 time: 299.612 ms
[gpt_1] [Rank 0] <19:02:30.349> Iter 828 time: 360.451 ms
[gpt_1] [Rank 0] <19:02:30.617> Iter 829 time: 267.99 ms
[gpt_1] [Rank 0] <19:02:30.889> Iter 830 time: 272.617 ms
[gpt_1] [Rank 0] <19:02:31.190> Iter 831 time: 300.507 ms
[gpt_1] [Rank 0] <19:02:31.425> Iter 832 time: 235.095 ms
[gpt_1] [Rank 0] <19:02:31.706> Iter 833 time: 280.636 ms
[gpt_1] [Rank 0] <19:02:32.045> Iter 834 time: 339.493 ms
[gpt_1] [Rank 0] <19:02:32.381> Iter 835 time: 336.212 ms
[gpt_1] [Rank 0] <19:02:32.693> Iter 836 time: 311.439 ms
[gpt_1] [Rank 0] <19:02:33.017> Iter 837 time: 324.112 ms
[gpt_1] [Rank 0] <19:02:33.425> Iter 838 time: 408.447 ms
[gpt_1] [Rank 0] <19:02:33.661> Iter 839 time: 235.446 ms
[gpt_1] [Rank 0] <19:02:34.018> Iter 840 time: 357.615 ms
[gpt_1] (mean, median, min, max) = (284.166325ms, 282.750138ms, 63.007772ms, 420.540965ms)
[gpt_1] [Rank 0] <19:02:34.430> Iter 841 time: 411.348 ms
[gpt_1] [Rank 0] <19:02:34.712> Iter 842 time: 282.121 ms
[gpt_1] [Rank 0] <19:02:35.089> Iter 843 time: 377.501 ms
[gpt_1] [Rank 0] <19:02:35.309> Iter 844 time: 219.049 ms
[gpt_1] [Rank 0] <19:02:35.597> Iter 845 time: 288.021 ms
[gpt_1] [Rank 0] <19:02:35.883> Iter 846 time: 286.053 ms
[gpt_1] [Rank 0] <19:02:36.173> Iter 847 time: 290.127 ms
[gpt_1] [Rank 0] <19:02:36.442> Iter 848 time: 269.149 ms
[gpt_1] [Rank 0] <19:02:36.850> Iter 849 time: 408.579 ms
[gpt_1] [Rank 0] <19:02:37.269> Iter 850 time: 418.709 ms
[gpt_1] [Rank 0] <19:02:37.597> Iter 851 time: 328.306 ms
[gpt_1] [Rank 0] <19:02:37.929> Iter 852 time: 331.275 ms
[gpt_1] [Rank 0] <19:02:38.239> Iter 853 time: 310.683 ms
[gpt_1] [Rank 0] <19:02:38.540> Iter 854 time: 300.842 ms
[gpt_1] [Rank 0] <19:02:38.910> Iter 855 time: 369.982 ms
[gpt_1] [Rank 0] <19:02:39.210> Iter 856 time: 299.494 ms
[gpt_1] [Rank 0] <19:02:39.514> Iter 857 time: 304.286 ms
[gpt_1] [Rank 0] <19:02:39.837> Iter 858 time: 323.064 ms
[gpt_1] [Rank 0] <19:02:40.097> Iter 859 time: 259.996 ms
[gpt_1] [Rank 0] <19:02:40.374> Iter 860 time: 276.469 ms
[gpt_1] [Rank 0] <19:02:40.641> Iter 861 time: 267.08 ms
[gpt_1] [Rank 0] <19:02:40.934> Iter 862 time: 293.415 ms
[gpt_1] [Rank 0] <19:02:41.249> Iter 863 time: 315.38 ms
[gpt_1] [Rank 0] <19:02:41.633> Iter 864 time: 383.439 ms
[gpt_1] [Rank 0] <19:02:41.983> Iter 865 time: 350.584 ms
[gpt_1] [Rank 0] <19:02:42.337> Iter 866 time: 354.025 ms
[gpt_1] [Rank 0] <19:02:42.630> Iter 867 time: 292.238 ms
[gpt_1] [Rank 0] <19:02:42.905> Iter 868 time: 275.319 ms
[gpt_1] [Rank 0] <19:02:43.233> Iter 869 time: 328.18 ms
[gpt_1] [Rank 0] <19:02:43.529> Iter 870 time: 296.234 ms
[gpt_1] (mean, median, min, max) = (285.326295ms, 284.074082ms, 63.007772ms, 420.540965ms)
[gpt_1] [Rank 0] <19:02:43.858> Iter 871 time: 328.313 ms
[gpt_1] [Rank 0] <19:02:44.081> Iter 872 time: 222.918 ms
[gpt_1] [Rank 0] <19:02:44.353> Iter 873 time: 272.427 ms
[gpt_1] [Rank 0] <19:02:44.654> Iter 874 time: 301.349 ms
[gpt_1] [Rank 0] <19:02:44.959> Iter 875 time: 304.123 ms
[gpt_1] [Rank 0] <19:02:45.218> Iter 876 time: 259.156 ms
[gpt_1] [Rank 0] <19:02:45.506> Iter 877 time: 288.282 ms
[gpt_1] [Rank 0] <19:02:45.825> Iter 878 time: 319.432 ms
[gpt_1] [Rank 0] <19:02:46.130> Iter 879 time: 304.332 ms
[gpt_1] [Rank 0] <19:02:46.473> Iter 880 time: 343.41 ms
[gpt_1] [Rank 0] <19:02:46.677> Iter 881 time: 203.982 ms
[gpt_1] [Rank 0] <19:02:46.949> Iter 882 time: 271.687 ms
[gpt_1] [Rank 0] <19:02:47.257> Iter 883 time: 308.038 ms
[gpt_1] [Rank 0] <19:02:47.494> Iter 884 time: 236.78 ms
[gpt_1] [Rank 0] <19:02:47.782> Iter 885 time: 288.353 ms
[gpt_1] [Rank 0] <19:02:48.078> Iter 886 time: 295.996 ms
[gpt_1] [Rank 0] <19:02:48.302> Iter 887 time: 223.82 ms
[gpt_1] [Rank 0] <19:02:48.653> Iter 888 time: 351.601 ms
[gpt_1] [Rank 0] <19:02:48.933> Iter 889 time: 279.195 ms
[gpt_1] [Rank 0] <19:02:49.262> Iter 890 time: 329.144 ms
[gpt_1] [Rank 0] <19:02:49.562> Iter 891 time: 299.831 ms
[gpt_1] [Rank 0] <19:02:49.822> Iter 892 time: 260.41 ms
[gpt_1] [Rank 0] <19:02:50.038> Iter 893 time: 216 ms
[gpt_1] [Rank 0] <19:02:50.310> Iter 894 time: 271.988 ms
[gpt_1] [Rank 0] <19:02:50.549> Iter 895 time: 238.703 ms
[gpt_1] [Rank 0] <19:02:50.838> Iter 896 time: 288.901 ms
[gpt_1] [Rank 0] <19:02:51.133> Iter 897 time: 295.82 ms
[gpt_1] [Rank 0] <19:02:51.437> Iter 898 time: 303.183 ms
[gpt_1] [Rank 0] <19:02:51.698> Iter 899 time: 261.093 ms
[gpt_1] [Rank 0] <19:02:51.933> Iter 900 time: 234.809 ms
[gpt_1] (mean, median, min, max) = (285.148228ms, 284.169869ms, 63.007772ms, 420.540965ms)
[gpt_1] [Rank 0] <19:02:52.233> Iter 901 time: 300.951 ms
[gpt_1] [Rank 0] <19:02:52.549> Iter 902 time: 315.722 ms
[gpt_1] [Rank 0] <19:02:52.874> Iter 903 time: 324.598 ms
[gpt_1] [Rank 0] <19:02:53.121> Iter 904 time: 247.614 ms
[gpt_1] [Rank 0] <19:02:53.393> Iter 905 time: 272.009 ms
[gpt_1] [Rank 0] <19:02:53.670> Iter 906 time: 277.048 ms
[gpt_1] [Rank 0] <19:02:53.984> Iter 907 time: 313.282 ms
[gpt_1] [Rank 0] <19:02:54.305> Iter 908 time: 321.647 ms
[gpt_1] [Rank 0] <19:02:54.641> Iter 909 time: 336.041 ms
[gpt_1] [Rank 0] <19:02:54.962> Iter 910 time: 320.28 ms
[gpt_1] [Rank 0] <19:02:55.198> Iter 911 time: 236.5 ms
[gpt_1] [Rank 0] <19:02:55.478> Iter 912 time: 279.773 ms
[gpt_1] [Rank 0] <19:02:55.717> Iter 913 time: 238.867 ms
[gpt_1] [Rank 0] <19:02:56.014> Iter 914 time: 296.761 ms
[gpt_1] [Rank 0] <19:02:56.301> Iter 915 time: 287.22 ms
[gpt_1] [Rank 0] <19:02:56.546> Iter 916 time: 244.908 ms
[gpt_1] [Rank 0] <19:02:56.846> Iter 917 time: 300.157 ms
[gpt_1] [Rank 0] <19:02:57.122> Iter 918 time: 276.097 ms
[gpt_1] [Rank 0] <19:02:57.369> Iter 919 time: 247.261 ms
[gpt_1] [Rank 0] <19:02:57.689> Iter 920 time: 319.583 ms
[gpt_1] [Rank 0] <19:02:57.943> Iter 921 time: 254.523 ms
[gpt_1] [Rank 0] <19:02:58.206> Iter 922 time: 262.473 ms
[gpt_1] [Rank 0] <19:02:58.470> Iter 923 time: 263.888 ms
[gpt_1] [Rank 0] <19:02:58.733> Iter 924 time: 263.68 ms
[gpt_1] [Rank 0] <19:02:58.980> Iter 925 time: 246.991 ms
[gpt_1] [Rank 0] <19:02:59.253> Iter 926 time: 272.996 ms
[gpt_1] [Rank 0] <19:02:59.540> Iter 927 time: 286.313 ms
[gpt_1] [Rank 0] <19:02:59.739> Iter 928 time: 199.011 ms
[gpt_1] [Rank 0] <19:03:00.041> Iter 929 time: 302.115 ms
[gpt_1] [Rank 0] <19:03:00.267> Iter 930 time: 226.551 ms
[gpt_1] (mean, median, min, max) = (284.906938ms, 283.996819ms, 63.007772ms, 420.540965ms)
[gpt_1] [Rank 0] <19:03:00.585> Iter 931 time: 317.813 ms
[gpt_1] [Rank 0] <19:03:00.870> Iter 932 time: 284.523 ms
[gpt_1] [Rank 0] <19:03:01.118> Iter 933 time: 248.534 ms
[gpt_1] [Rank 0] <19:03:01.369> Iter 934 time: 250.939 ms
[gpt_1] [Rank 0] <19:03:01.705> Iter 935 time: 336.242 ms
[gpt_1] [Rank 0] <19:03:01.913> Iter 936 time: 207.5 ms
[gpt_1] [Rank 0] <19:03:02.168> Iter 937 time: 254.973 ms
[gpt_1] [Rank 0] <19:03:02.473> Iter 938 time: 305.455 ms
[gpt_1] [Rank 0] <19:03:02.686> Iter 939 time: 212.32 ms
[gpt_1] [Rank 0] <19:03:03.034> Iter 940 time: 348.336 ms
[gpt_1] [Rank 0] <19:03:03.379> Iter 941 time: 344.547 ms
[gpt_1] [Rank 0] <19:03:03.605> Iter 942 time: 226.266 ms
[gpt_1] [Rank 0] <19:03:03.934> Iter 943 time: 329.538 ms
[gpt_1] [Rank 0] <19:03:04.194> Iter 944 time: 259.629 ms
[gpt_1] [Rank 0] <19:03:04.486> Iter 945 time: 291.823 ms
[gpt_1] [Rank 0] <19:03:04.764> Iter 946 time: 278.077 ms
[gpt_1] [Rank 0] <19:03:05.071> Iter 947 time: 306.622 ms
[gpt_1] [Rank 0] <19:03:05.322> Iter 948 time: 251.903 ms
[gpt_1] [Rank 0] <19:03:05.671> Iter 949 time: 348.983 ms
[gpt_1] [Rank 0] <19:03:05.947> Iter 950 time: 275.974 ms
[gpt_1] [Rank 0] <19:03:06.229> Iter 951 time: 281.452 ms
[gpt_1] [Rank 0] <19:03:06.507> Iter 952 time: 277.922 ms
[gpt_1] [Rank 0] <19:03:06.780> Iter 953 time: 273.47 ms
[gpt_1] [Rank 0] <19:03:07.022> Iter 954 time: 242.185 ms
[gpt_1] [Rank 0] <19:03:07.314> Iter 955 time: 291.795 ms
[gpt_1] [Rank 0] <19:03:07.605> Iter 956 time: 291.186 ms
[gpt_1] [Rank 0] <19:03:07.814> Iter 957 time: 208.336 ms
[gpt_1] [Rank 0] <19:03:08.188> Iter 958 time: 374.454 ms
[gpt_1] [Rank 0] <19:03:08.411> Iter 959 time: 222.787 ms
[gpt_1] [Rank 0] <19:03:08.654> Iter 960 time: 242.993 ms
[gpt_1] (mean, median, min, max) = (284.736067ms, 283.824716ms, 63.007772ms, 420.540965ms)
[gpt_1] [Rank 0] <19:03:08.958> Iter 961 time: 304.068 ms
[gpt_1] [Rank 0] <19:03:09.210> Iter 962 time: 252.007 ms
[gpt_1] [Rank 0] <19:03:09.457> Iter 963 time: 246.797 ms
[gpt_1] [Rank 0] <19:03:09.734> Iter 964 time: 277.188 ms
[gpt_1] [Rank 0] <19:03:10.021> Iter 965 time: 287.274 ms
[gpt_1] [Rank 0] <19:03:10.295> Iter 966 time: 273.23 ms
[gpt_1] [Rank 0] <19:03:10.601> Iter 967 time: 306.871 ms
[gpt_1] [Rank 0] <19:03:10.826> Iter 968 time: 224.482 ms
[gpt_1] [Rank 0] <19:03:11.138> Iter 969 time: 312.096 ms
[gpt_1] [Rank 0] <19:03:11.529> Iter 970 time: 391.443 ms
[gpt_1] [Rank 0] <19:03:11.798> Iter 971 time: 268.209 ms
[gpt_1] [Rank 0] <19:03:12.158> Iter 972 time: 360.344 ms
[gpt_1] [Rank 0] <19:03:12.473> Iter 973 time: 315.191 ms
[gpt_1] [Rank 0] <19:03:12.697> Iter 974 time: 223.996 ms
[gpt_1] [Rank 0] <19:03:12.997> Iter 975 time: 300.093 ms
[gpt_1] [Rank 0] <19:03:13.278> Iter 976 time: 281.056 ms
[gpt_1] [Rank 0] <19:03:13.558> Iter 977 time: 279.774 ms
[gpt_1] [Rank 0] <19:03:13.853> Iter 978 time: 294.401 ms
[gpt_1] [Rank 0] <19:03:14.125> Iter 979 time: 272.334 ms
[gpt_1] [Rank 0] <19:03:14.442> Iter 980 time: 317.632 ms
[gpt_1] [Rank 0] <19:03:14.730> Iter 981 time: 287.54 ms
[gpt_1] [Rank 0] <19:03:14.950> Iter 982 time: 219.973 ms
[gpt_1] [Rank 0] <19:03:15.198> Iter 983 time: 247.853 ms
[gpt_1] [Rank 0] <19:03:15.500> Iter 984 time: 301.784 ms
[gpt_1] [Rank 0] <19:03:15.793> Iter 985 time: 293.772 ms
[gpt_1] [Rank 0] <19:03:16.118> Iter 986 time: 324.47 ms
[gpt_1] [Rank 0] <19:03:16.410> Iter 987 time: 291.867 ms
[gpt_1] [Rank 0] <19:03:16.742> Iter 988 time: 332.271 ms
[gpt_1] [Rank 0] <19:03:17.087> Iter 989 time: 344.642 ms
[gpt_1] [Rank 0] <19:03:17.393> Iter 990 time: 306.766 ms
[gpt_1] (mean, median, min, max) = (284.939526ms, 284.074082ms, 63.007772ms, 420.540965ms)
[gpt_1] [Rank 0] <19:03:17.641> Iter 991 time: 247.789 ms
[gpt_1] [Rank 0] <19:03:17.886> Iter 992 time: 244.364 ms
[gpt_1] [Rank 0] <19:03:18.157> Iter 993 time: 271.268 ms
[gpt_1] [Rank 0] <19:03:18.437> Iter 994 time: 279.834 ms
[gpt_1] [Rank 0] <19:03:18.693> Iter 995 time: 256.263 ms
[gpt_1] [Rank 0] <19:03:18.930> Iter 996 time: 236.85 ms
[gpt_1] [Rank 0] <19:03:19.213> Iter 997 time: 283.608 ms
[gpt_1] [Rank 0] <19:03:19.505> Iter 998 time: 291.787 ms
[gpt_1] [Rank 0] <19:03:19.741> Iter 999 time: 236.222 ms
[gpt_1] [Rank 0] <19:03:19.985> Iter 1000 time: 243.993 ms
[gpt_1] [Rank 0] <19:03:20.326> Iter 1001 time: 340.635 ms
[gpt_1] [Rank 0] <19:03:20.561> Iter 1002 time: 235.374 ms
[gpt_1] [Rank 0] <19:03:20.882> Iter 1003 time: 320.54 ms
[gpt_1] [Rank 0] <19:03:21.148> Iter 1004 time: 265.907 ms
[gpt_1] [Rank 0] <19:03:21.490> Iter 1005 time: 342.125 ms
[gpt_1] [Rank 0] <19:03:21.771> Iter 1006 time: 281.471 ms
[gpt_1] [Rank 0] <19:03:22.017> Iter 1007 time: 245.928 ms
[gpt_1] [Rank 0] <19:03:22.381> Iter 1008 time: 363.503 ms
[gpt_1] [Rank 0] <19:03:22.657> Iter 1009 time: 276.161 ms
[gpt_1] [Rank 0] <19:03:22.973> Iter 1010 time: 316.367 ms
[gpt_1] [Rank 0] <19:03:23.297> Iter 1011 time: 323.437 ms
[gpt_1] [Rank 0] <19:03:23.625> Iter 1012 time: 328.546 ms
[gpt_1] [Rank 0] <19:03:23.957> Iter 1013 time: 331.997 ms
[gpt_1] [Rank 0] <19:03:24.216> Iter 1014 time: 258.8 ms
[gpt_1] [Rank 0] <19:03:24.553> Iter 1015 time: 336.773 ms
[gpt_1] [Rank 0] <19:03:24.845> Iter 1016 time: 292.084 ms
[gpt_1] [Rank 0] <19:03:25.124> Iter 1017 time: 278.849 ms
[gpt_1] [Rank 0] <19:03:25.382> Iter 1018 time: 258.124 ms
[gpt_1] [Rank 0] <19:03:25.638> Iter 1019 time: 255.673 ms
[gpt_1] [Rank 0] <19:03:25.926> Iter 1020 time: 287.949 ms
[gpt_1] (mean, median, min, max) = (284.923578ms, 283.824716ms, 63.007772ms, 420.540965ms)
[gpt_1] [Rank 0] <19:03:26.270> Iter 1021 time: 344.194 ms
[gpt_1] [Rank 0] <19:03:26.618> Iter 1022 time: 348.183 ms
[gpt_1] [Rank 0] <19:03:26.877> Iter 1023 time: 259.383 ms
[gpt_1] [Rank 0] <19:03:27.180> Iter 1024 time: 302.65 ms
[gpt_1] [Rank 0] <19:03:27.498> Iter 1025 time: 317.907 ms
[gpt_1] [Rank 0] <19:03:27.814> Iter 1026 time: 315.737 ms
[gpt_1] [Rank 0] <19:03:28.051> Iter 1027 time: 237.681 ms
[gpt_1] [Rank 0] <19:03:28.303> Iter 1028 time: 251.979 ms
[gpt_1] [Rank 0] <19:03:28.645> Iter 1029 time: 341.686 ms
[gpt_1] [Rank 0] <19:03:28.979> Iter 1030 time: 334.319 ms
[gpt_1] [Rank 0] <19:03:29.215> Iter 1031 time: 236.002 ms
[gpt_1] [Rank 0] <19:03:29.578> Iter 1032 time: 362.644 ms
[gpt_1] [Rank 0] <19:03:29.854> Iter 1033 time: 275.694 ms
[gpt_1] [Rank 0] <19:03:30.138> Iter 1034 time: 284.27 ms
[gpt_1] [Rank 0] <19:03:30.414> Iter 1035 time: 275.751 ms
[gpt_1] [Rank 0] <19:03:30.705> Iter 1036 time: 291.453 ms
[gpt_1] [Rank 0] <19:03:31.018> Iter 1037 time: 312.529 ms
[gpt_1] [Rank 0] <19:03:31.386> Iter 1038 time: 367.986 ms
[gpt_1] [Rank 0] <19:03:31.663> Iter 1039 time: 277.464 ms
[gpt_1] [Rank 0] <19:03:31.981> Iter 1040 time: 318.022 ms
[gpt_1] [Rank 0] <19:03:32.253> Iter 1041 time: 271.476 ms
[gpt_1] [Rank 0] <19:03:32.537> Iter 1042 time: 284.501 ms
[gpt_1] [Rank 0] <19:03:32.809> Iter 1043 time: 271.431 ms
[gpt_1] [Rank 0] <19:03:33.074> Iter 1044 time: 265.133 ms
[gpt_1] [Rank 0] <19:03:33.362> Iter 1045 time: 288.08 ms
[gpt_1] [Rank 0] <19:03:33.709> Iter 1046 time: 347.083 ms
[gpt_1] [Rank 0] <19:03:34.082> Iter 1047 time: 373.535 ms
[gpt_1] [Rank 0] <19:03:34.334> Iter 1048 time: 251.535 ms
[gpt_1] [Rank 0] <19:03:34.649> Iter 1049 time: 315.465 ms
[gpt_1] [Rank 0] <19:03:34.989> Iter 1050 time: 339.95 ms
[gpt_1] (mean, median, min, max) = (285.424578ms, 284.169869ms, 63.007772ms, 420.540965ms)
[gpt_1] [Rank 0] <19:03:35.258> Iter 1051 time: 269.084 ms
[gpt_1] [Rank 0] <19:03:35.630> Iter 1052 time: 371.249 ms
[gpt_1] [Rank 0] <19:03:35.893> Iter 1053 time: 262.963 ms
[gpt_1] [Rank 0] <19:03:36.218> Iter 1054 time: 325.305 ms
[gpt_1] [Rank 0] <19:03:36.531> Iter 1055 time: 313.41 ms
[gpt_1] [Rank 0] <19:03:36.793> Iter 1056 time: 261.794 ms
[gpt_1] [Rank 0] <19:03:37.050> Iter 1057 time: 256.827 ms
[gpt_1] [Rank 0] <19:03:37.357> Iter 1058 time: 306.813 ms
[gpt_1] [Rank 0] <19:03:37.621> Iter 1059 time: 264.572 ms
[gpt_1] [Rank 0] <19:03:37.878> Iter 1060 time: 256.588 ms
[gpt_1] [Rank 0] <19:03:38.171> Iter 1061 time: 293.387 ms
[gpt_1] [Rank 0] <19:03:38.428> Iter 1062 time: 256.193 ms
[gpt_1] [Rank 0] <19:03:38.753> Iter 1063 time: 325.854 ms
[gpt_1] [Rank 0] <19:03:39.057> Iter 1064 time: 303.997 ms
[gpt_1] [Rank 0] <19:03:39.317> Iter 1065 time: 259.976 ms
[gpt_1] [Rank 0] <19:03:39.581> Iter 1066 time: 263.254 ms
[gpt_1] [Rank 0] <19:03:39.861> Iter 1067 time: 279.98 ms
[gpt_1] [Rank 0] <19:03:40.101> Iter 1068 time: 240.197 ms
[gpt_1] [Rank 0] <19:03:40.445> Iter 1069 time: 344.594 ms
[gpt_1] [Rank 0] <19:03:40.761> Iter 1070 time: 315.134 ms
[gpt_1] [Rank 0] <19:03:41.063> Iter 1071 time: 302.845 ms
[gpt_1] [Rank 0] <19:03:41.325> Iter 1072 time: 261.74 ms
[gpt_1] [Rank 0] <19:03:41.618> Iter 1073 time: 292.57 ms
[gpt_1] [Rank 0] <19:03:41.939> Iter 1074 time: 321.078 ms
[gpt_1] [Rank 0] <19:03:42.221> Iter 1075 time: 281.679 ms
[gpt_1] [Rank 0] <19:03:42.508> Iter 1076 time: 287.153 ms
[gpt_1] [Rank 0] <19:03:42.773> Iter 1077 time: 265.771 ms
[gpt_1] [Rank 0] <19:03:43.069> Iter 1078 time: 296.012 ms
[gpt_1] [Rank 0] <19:03:43.393> Iter 1079 time: 323.741 ms
[gpt_1] [Rank 0] <19:03:43.645> Iter 1080 time: 251.487 ms
[gpt_1] (mean, median, min, max) = (285.511865ms, 284.169869ms, 63.007772ms, 420.540965ms)
[gpt_1] [Rank 0] <19:03:43.929> Iter 1081 time: 284.637 ms
[gpt_1] [Rank 0] <19:03:44.234> Iter 1082 time: 304.428 ms
[gpt_1] [Rank 0] <19:03:44.482> Iter 1083 time: 248.317 ms
[gpt_1] [Rank 0] <19:03:44.809> Iter 1084 time: 327.383 ms
[gpt_1] [Rank 0] <19:03:45.084> Iter 1085 time: 274.321 ms
[gpt_1] [Rank 0] <19:03:45.381> Iter 1086 time: 297.677 ms
[gpt_1] [Rank 0] <19:03:45.617> Iter 1087 time: 235.876 ms
[gpt_1] [Rank 0] <19:03:45.882> Iter 1088 time: 264.429 ms
[gpt_1] [Rank 0] <19:03:46.201> Iter 1089 time: 319.691 ms
[gpt_1] [Rank 0] <19:03:46.482> Iter 1090 time: 280.542 ms
[gpt_1] [Rank 0] <19:03:46.770> Iter 1091 time: 288.011 ms
[gpt_1] [Rank 0] <19:03:47.071> Iter 1092 time: 301.426 ms
[gpt_1] [Rank 0] <19:03:47.314> Iter 1093 time: 242.612 ms
[gpt_1] [Rank 0] <19:03:47.585> Iter 1094 time: 270.832 ms
[gpt_1] [Rank 0] <19:03:47.853> Iter 1095 time: 268.458 ms
[gpt_1] [Rank 0] <19:03:48.121> Iter 1096 time: 267.539 ms
[gpt_1] [Rank 0] <19:03:48.417> Iter 1097 time: 295.737 ms
[gpt_1] [Rank 0] <19:03:48.665> Iter 1098 time: 248.828 ms
[gpt_1] [Rank 0] <19:03:48.969> Iter 1099 time: 303.994 ms
[gpt_1] [Rank 0] <19:03:49.227> Iter 1100 time: 258.028 ms
[gpt_1] [Rank 0] <19:03:49.547> Iter 1101 time: 319.144 ms
[gpt_1] [Rank 0] <19:03:49.909> Iter 1102 time: 362.614 ms
[gpt_1] [Rank 0] <19:03:50.106> Iter 1103 time: 196.745 ms
[gpt_1] [Rank 0] <19:03:50.390> Iter 1104 time: 284.055 ms
[gpt_1] [Rank 0] <19:03:50.746> Iter 1105 time: 356.005 ms
[gpt_1] [Rank 0] <19:03:51.014> Iter 1106 time: 267.742 ms
[gpt_1] [Rank 0] <19:03:51.254> Iter 1107 time: 240.255 ms
[gpt_1] [Rank 0] <19:03:51.538> Iter 1108 time: 284.303 ms
[gpt_1] [Rank 0] <19:03:51.845> Iter 1109 time: 306.886 ms
[gpt_1] [Rank 0] <19:03:52.134> Iter 1110 time: 288.794 ms
[gpt_1] (mean, median, min, max) = (285.442112ms, 284.169869ms, 63.007772ms, 420.540965ms)
[gpt_1] [Rank 0] <19:03:52.421> Iter 1111 time: 287.438 ms
[gpt_1] [Rank 0] <19:03:52.750> Iter 1112 time: 328.175 ms
[gpt_1] [Rank 0] <19:03:53.094> Iter 1113 time: 344.426 ms
[gpt_1] [Rank 0] <19:03:53.433> Iter 1114 time: 339.378 ms
[gpt_1] [Rank 0] <19:03:53.655> Iter 1115 time: 222.008 ms
[gpt_1] [Rank 0] <19:03:53.938> Iter 1116 time: 282.733 ms
[gpt_1] [Rank 0] <19:03:54.197> Iter 1117 time: 259.256 ms
[gpt_1] [Rank 0] <19:03:54.469> Iter 1118 time: 271.907 ms
[gpt_1] [Rank 0] <19:03:54.737> Iter 1119 time: 267.755 ms
[gpt_1] [Rank 0] <19:03:55.001> Iter 1120 time: 264.356 ms
[gpt_1] [Rank 0] <19:03:55.234> Iter 1121 time: 232.458 ms
[gpt_1] [Rank 0] <19:03:55.481> Iter 1122 time: 247.53 ms
[gpt_1] [Rank 0] <19:03:55.770> Iter 1123 time: 288.333 ms
[gpt_1] [Rank 0] <19:03:56.093> Iter 1124 time: 323.105 ms
[gpt_1] [Rank 0] <19:03:56.406> Iter 1125 time: 313.427 ms
[gpt_1] [Rank 0] <19:03:56.677> Iter 1126 time: 270.648 ms
[gpt_1] [Rank 0] <19:03:56.937> Iter 1127 time: 259.843 ms
[gpt_1] [Rank 0] <19:03:57.253> Iter 1128 time: 316.418 ms
[gpt_1] [Rank 0] <19:03:57.530> Iter 1129 time: 276.806 ms
[gpt_1] [Rank 0] <19:03:57.910> Iter 1130 time: 380.157 ms
[gpt_1] [Rank 0] <19:03:58.210> Iter 1131 time: 299.577 ms
[gpt_1] [Rank 0] <19:03:58.575> Iter 1132 time: 364.917 ms
[gpt_1] [Rank 0] <19:03:58.825> Iter 1133 time: 250.541 ms
[gpt_1] [Rank 0] <19:03:59.115> Iter 1134 time: 289.584 ms
[gpt_1] [Rank 0] <19:03:59.414> Iter 1135 time: 299.479 ms
[gpt_1] [Rank 0] <19:03:59.762> Iter 1136 time: 347.88 ms
[gpt_1] [Rank 0] <19:03:59.981> Iter 1137 time: 218.502 ms
[gpt_1] [Rank 0] <19:04:00.319> Iter 1138 time: 338.837 ms
[gpt_1] [Rank 0] <19:04:00.601> Iter 1139 time: 281.121 ms
[gpt_1] [Rank 0] <19:04:00.838> Iter 1140 time: 237.132 ms
[gpt_1] (mean, median, min, max) = (285.567538ms, 284.169869ms, 63.007772ms, 420.540965ms)
[gpt_1] [Rank 0] <19:04:01.169> Iter 1141 time: 330.947 ms
[gpt_1] [Rank 0] <19:04:01.457> Iter 1142 time: 288.177 ms
[gpt_1] [Rank 0] <19:04:01.732> Iter 1143 time: 275.541 ms
[gpt_1] [Rank 0] <19:04:02.020> Iter 1144 time: 287.947 ms
[gpt_1] [Rank 0] <19:04:02.321> Iter 1145 time: 301.089 ms
[gpt_1] [Rank 0] <19:04:02.539> Iter 1146 time: 217.24 ms
[gpt_1] [Rank 0] <19:04:02.753> Iter 1147 time: 214.182 ms
[gpt_1] [Rank 0] <19:04:02.985> Iter 1148 time: 231.991 ms
[gpt_1] [Rank 0] <19:04:03.235> Iter 1149 time: 250.556 ms
[gpt_1] [Rank 0] <19:04:03.497> Iter 1150 time: 261.293 ms
[gpt_1] [Rank 0] <19:04:03.781> Iter 1151 time: 284.706 ms
[gpt_1] [Rank 0] <19:04:04.097> Iter 1152 time: 316.025 ms
[gpt_1] [Rank 0] <19:04:04.345> Iter 1153 time: 247.418 ms
[gpt_1] [Rank 0] <19:04:04.597> Iter 1154 time: 252.279 ms
[gpt_1] [Rank 0] <19:04:04.897> Iter 1155 time: 299.939 ms
[gpt_1] [Rank 0] <19:04:05.114> Iter 1156 time: 216.78 ms
[gpt_1] [Rank 0] <19:04:05.398> Iter 1157 time: 284.596 ms
[gpt_1] [Rank 0] <19:04:05.565> Iter 1158 time: 166.404 ms
[gpt_1] [Rank 0] <19:04:05.806> Iter 1159 time: 240.878 ms
[gpt_1] [Rank 0] <19:04:06.134> Iter 1160 time: 328.136 ms
[gpt_1] [Rank 0] <19:04:06.414> Iter 1161 time: 280.032 ms
[gpt_1] [Rank 0] <19:04:06.669> Iter 1162 time: 254.918 ms
[gpt_1] [Rank 0] <19:04:06.843> Iter 1163 time: 174.613 ms
[gpt_1] [Rank 0] <19:04:07.081> Iter 1164 time: 237.422 ms
[gpt_1] [Rank 0] <19:04:07.406> Iter 1165 time: 325.271 ms
[gpt_1] [Rank 0] <19:04:07.665> Iter 1166 time: 258.992 ms
[gpt_1] [Rank 0] <19:04:07.873> Iter 1167 time: 207.735 ms
[gpt_1] [Rank 0] <19:04:08.138> Iter 1168 time: 265.105 ms
[gpt_1] [Rank 0] <19:04:08.462> Iter 1169 time: 323.536 ms
[gpt_1] [Rank 0] <19:04:08.662> Iter 1170 time: 200.734 ms
[gpt_1] (mean, median, min, max) = (284.921859ms, 283.931788ms, 63.007772ms, 420.540965ms)
[gpt_1] [Rank 0] <19:04:08.914> Iter 1171 time: 251.535 ms
[gpt_1] [Rank 0] <19:04:09.190> Iter 1172 time: 276.224 ms
[gpt_1] [Rank 0] <19:04:09.525> Iter 1173 time: 335.448 ms
[gpt_1] [Rank 0] <19:04:09.749> Iter 1174 time: 223.986 ms
[gpt_1] [Rank 0] <19:04:09.999> Iter 1175 time: 249.911 ms
[gpt_1] [Rank 0] <19:04:10.293> Iter 1176 time: 293.987 ms
[gpt_1] [Rank 0] <19:04:10.533> Iter 1177 time: 240.109 ms
[gpt_1] [Rank 0] <19:04:10.834> Iter 1178 time: 300.578 ms
[gpt_1] [Rank 0] <19:04:11.097> Iter 1179 time: 263.356 ms
[gpt_1] [Rank 0] <19:04:11.322> Iter 1180 time: 224.53 ms
[gpt_1] [Rank 0] <19:04:11.617> Iter 1181 time: 295.531 ms
[gpt_1] [Rank 0] <19:04:11.885> Iter 1182 time: 268.005 ms
[gpt_1] [Rank 0] <19:04:12.161> Iter 1183 time: 275.418 ms
[gpt_1] [Rank 0] <19:04:12.485> Iter 1184 time: 324.363 ms
[gpt_1] [Rank 0] <19:04:12.690> Iter 1185 time: 204.799 ms
[gpt_1] [Rank 0] <19:04:12.978> Iter 1186 time: 287.874 ms
[gpt_1] [Rank 0] <19:04:13.257> Iter 1187 time: 278.962 ms
[gpt_1] [Rank 0] <19:04:13.570> Iter 1188 time: 312.978 ms
[gpt_1] [Rank 0] <19:04:13.830> Iter 1189 time: 260.191 ms
[gpt_1] [Rank 0] <19:04:14.065> Iter 1190 time: 234.912 ms
[gpt_1] [Rank 0] <19:04:14.310> Iter 1191 time: 245.105 ms
[gpt_1] [Rank 0] <19:04:14.570> Iter 1192 time: 259.963 ms
[gpt_1] [Rank 0] <19:04:14.897> Iter 1193 time: 327.188 ms
[gpt_1] [Rank 0] <19:04:15.122> Iter 1194 time: 224.744 ms
[gpt_1] [Rank 0] <19:04:15.417> Iter 1195 time: 295.265 ms
[gpt_1] [Rank 0] <19:04:15.670> Iter 1196 time: 252.531 ms
[gpt_1] [Rank 0] <19:04:15.930> Iter 1197 time: 260.481 ms
[gpt_1] [Rank 0] <19:04:16.218> Iter 1198 time: 287.789 ms
[gpt_1] [Rank 0] <19:04:16.462> Iter 1199 time: 243.704 ms
[gpt_1] [Rank 0] <19:04:16.730> Iter 1200 time: 268.291 ms
[gpt_1] (mean, median, min, max) = (284.515178ms, 282.944055ms, 63.007772ms, 420.540965ms)
[gpt_1] [Rank 0] <19:04:17.017> Iter 1201 time: 287.429 ms
[gpt_1] [Rank 0] <19:04:17.223> Iter 1202 time: 205.966 ms
[gpt_1] [Rank 0] <19:04:17.446> Iter 1203 time: 222.655 ms
[gpt_1] [Rank 0] <19:04:17.694> Iter 1204 time: 247.952 ms
[gpt_1] [Rank 0] <19:04:17.909> Iter 1205 time: 214.64 ms
[gpt_1] [Rank 0] <19:04:18.130> Iter 1206 time: 221.071 ms
[gpt_1] [Rank 0] <19:04:18.414> Iter 1207 time: 284.338 ms
[gpt_1] [Rank 0] <19:04:18.686> Iter 1208 time: 271.944 ms
[gpt_1] [Rank 0] <19:04:18.945> Iter 1209 time: 259.42 ms
[gpt_1] [Rank 0] <19:04:19.225> Iter 1210 time: 279.997 ms
[gpt_1] [Rank 0] <19:04:19.418> Iter 1211 time: 192.168 ms
[gpt_1] [Rank 0] <19:04:19.702> Iter 1212 time: 284.14 ms
[gpt_1] [Rank 0] <19:04:19.997> Iter 1213 time: 295.473 ms
[gpt_1] [Rank 0] <19:04:20.330> Iter 1214 time: 332.688 ms
[gpt_1] [Rank 0] <19:04:20.578> Iter 1215 time: 248.181 ms
[gpt_1] [Rank 0] <19:04:20.749> Iter 1216 time: 171.375 ms
[gpt_1] [Rank 0] <19:04:21.002> Iter 1217 time: 252.627 ms
[gpt_1] [Rank 0] <19:04:21.318> Iter 1218 time: 315.957 ms
[gpt_1] [Rank 0] <19:04:21.622> Iter 1219 time: 303.984 ms
[gpt_1] [Rank 0] <19:04:21.841> Iter 1220 time: 218.695 ms
[gpt_1] [Rank 0] <19:04:22.097> Iter 1221 time: 256.144 ms
[gpt_1] [Rank 0] <19:04:22.337> Iter 1222 time: 240.009 ms
[gpt_1] [Rank 0] <19:04:22.565> Iter 1223 time: 228.545 ms
[gpt_1] [Rank 0] <19:04:22.774> Iter 1224 time: 208.85 ms
[gpt_1] [Rank 0] <19:04:23.053> Iter 1225 time: 279.158 ms
[gpt_1] [Rank 0] <19:04:23.310> Iter 1226 time: 256.613 ms
[gpt_1] [Rank 0] <19:04:23.565> Iter 1227 time: 254.642 ms
[gpt_1] [Rank 0] <19:04:23.765> Iter 1228 time: 199.939 ms
[gpt_1] [Rank 0] <19:04:24.026> Iter 1229 time: 261.139 ms
[gpt_1] [Rank 0] <19:04:24.197> Iter 1230 time: 171.427 ms
[gpt_1] (mean, median, min, max) = (283.632307ms, 282.256541ms, 63.007772ms, 420.540965ms)
[gpt_1] [Rank 0] <19:04:24.485> Iter 1231 time: 288.261 ms
[gpt_1] [Rank 0] <19:04:24.726> Iter 1232 time: 240.53 ms
[gpt_1] [Rank 0] <19:04:25.045> Iter 1233 time: 319.247 ms
[gpt_1] [Rank 0] <19:04:25.309> Iter 1234 time: 263.678 ms
[gpt_1] [Rank 0] <19:04:25.593> Iter 1235 time: 284.55 ms
[gpt_1] [Rank 0] <19:04:25.765> Iter 1236 time: 172.041 ms
[gpt_1] [Rank 0] <19:04:26.041> Iter 1237 time: 275.713 ms
[gpt_1] [Rank 0] <19:04:26.246> Iter 1238 time: 204.796 ms
[gpt_1] [Rank 0] <19:04:26.536> Iter 1239 time: 290.467 ms
[gpt_1] [Rank 0] <19:04:26.758> Iter 1240 time: 221.34 ms
[gpt_1] [Rank 0] <19:04:27.057> Iter 1241 time: 299.044 ms
[gpt_1] [Rank 0] <19:04:27.318> Iter 1242 time: 261.573 ms
[gpt_1] [Rank 0] <19:04:27.513> Iter 1243 time: 194.239 ms
[gpt_1] [Rank 0] <19:04:27.761> Iter 1244 time: 248.805 ms
[gpt_1] [Rank 0] <19:04:28.046> Iter 1245 time: 284.694 ms
[gpt_1] [Rank 0] <19:04:28.325> Iter 1246 time: 279.256 ms
[gpt_1] [Rank 0] <19:04:28.624> Iter 1247 time: 298.166 ms
[gpt_1] [Rank 0] <19:04:28.910> Iter 1248 time: 286.859 ms
[gpt_1] [Rank 0] <19:04:29.187> Iter 1249 time: 276.1 ms
[gpt_1] [Rank 0] <19:04:29.489> Iter 1250 time: 302.864 ms
[gpt_1] [Rank 0] <19:04:29.742> Iter 1251 time: 252.586 ms
[gpt_1] [Rank 0] <19:04:30.073> Iter 1252 time: 331.426 ms
[gpt_1] [Rank 0] <19:04:30.405> Iter 1253 time: 331.426 ms
[gpt_1] [Rank 0] <19:04:30.638> Iter 1254 time: 233.158 ms
[gpt_1] [Rank 0] <19:04:30.921> Iter 1255 time: 282.684 ms
[gpt_1] [Rank 0] <19:04:31.217> Iter 1256 time: 296.629 ms
[gpt_1] [Rank 0] <19:04:31.462> Iter 1257 time: 244.914 ms
[gpt_1] [Rank 0] <19:04:31.733> Iter 1258 time: 270.965 ms
[gpt_1] [Rank 0] <19:04:32.042> Iter 1259 time: 308.657 ms
[gpt_1] [Rank 0] <19:04:32.314> Iter 1260 time: 272.516 ms
[gpt_1] (mean, median, min, max) = (283.316362ms, 281.900446ms, 63.007772ms, 420.540965ms)
[gpt_1] [Rank 0] <19:04:32.544> Iter 1261 time: 229.654 ms
[gpt_1] [Rank 0] <19:04:32.809> Iter 1262 time: 265.144 ms
[gpt_1] [Rank 0] <19:04:33.158> Iter 1263 time: 348.805 ms
[gpt_1] [Rank 0] <19:04:33.420> Iter 1264 time: 262.235 ms
[gpt_1] [Rank 0] <19:04:33.726> Iter 1265 time: 305.763 ms
[gpt_1] [Rank 0] <19:04:33.999> Iter 1266 time: 272.829 ms
[gpt_1] [Rank 0] <19:04:34.290> Iter 1267 time: 291.006 ms
[gpt_1] [Rank 0] <19:04:34.630> Iter 1268 time: 339.961 ms
[gpt_1] [Rank 0] <19:04:34.919> Iter 1269 time: 289.277 ms
[gpt_1] [Rank 0] <19:04:35.215> Iter 1270 time: 296.327 ms
[gpt_1] [Rank 0] <19:04:35.509> Iter 1271 time: 294.057 ms
[gpt_1] [Rank 0] <19:04:35.834> Iter 1272 time: 324.583 ms
[gpt_1] [Rank 0] <19:04:36.119> Iter 1273 time: 285.391 ms
[gpt_1] [Rank 0] <19:04:36.381> Iter 1274 time: 261.304 ms
[gpt_1] [Rank 0] <19:04:36.702> Iter 1275 time: 321.663 ms
[gpt_1] [Rank 0] <19:04:37.017> Iter 1276 time: 315.054 ms
[gpt_1] [Rank 0] <19:04:37.197> Iter 1277 time: 179.156 ms
[gpt_1] [Rank 0] <19:04:37.494> Iter 1278 time: 297.405 ms
[gpt_1] [Rank 0] <19:04:37.761> Iter 1279 time: 267.199 ms
[gpt_1] [Rank 0] <19:04:38.054> Iter 1280 time: 292.824 ms
[gpt_1] [Rank 0] <19:04:38.337> Iter 1281 time: 283.393 ms
[gpt_1] [Rank 0] <19:04:38.590> Iter 1282 time: 252.612 ms
[gpt_1] [Rank 0] <19:04:38.832> Iter 1283 time: 241.871 ms
[gpt_1] [Rank 0] <19:04:39.145> Iter 1284 time: 313.501 ms
[gpt_1] [Rank 0] <19:04:39.377> Iter 1285 time: 232.016 ms
[gpt_1] [Rank 0] <19:04:39.635> Iter 1286 time: 257.469 ms
[gpt_1] [Rank 0] <19:04:39.957> Iter 1287 time: 322.55 ms
[gpt_1] [Rank 0] <19:04:40.209> Iter 1288 time: 251.984 ms
[gpt_1] [Rank 0] <19:04:40.538> Iter 1289 time: 328.595 ms
[gpt_1] [Rank 0] <19:04:40.798> Iter 1290 time: 260.375 ms
[gpt_1] (mean, median, min, max) = (283.304178ms, 282.455829ms, 63.007772ms, 420.540965ms)
[gpt_1] [Rank 0] <19:04:41.080> Iter 1291 time: 281.219 ms
[gpt_1] [Rank 0] <19:04:41.398> Iter 1292 time: 317.997 ms
[gpt_1] [Rank 0] <19:04:41.665> Iter 1293 time: 267.828 ms
[gpt_1] [Rank 0] <19:04:41.930> Iter 1294 time: 264.266 ms
[gpt_1] [Rank 0] <19:04:42.301> Iter 1295 time: 371.718 ms
[gpt_1] [Rank 0] <19:04:42.629> Iter 1296 time: 327.774 ms
[gpt_1] [Rank 0] <19:04:42.898> Iter 1297 time: 268.801 ms
[gpt_1] [Rank 0] <19:04:43.115> Iter 1298 time: 216.733 ms
[gpt_1] [Rank 0] <19:04:43.382> Iter 1299 time: 267.092 ms
[gpt_1] [Rank 0] <19:04:43.677> Iter 1300 time: 295.36 ms
[gpt_1] [Rank 0] <19:04:43.958> Iter 1301 time: 280.828 ms
[gpt_1] [Rank 0] <19:04:44.321> Iter 1302 time: 363.171 ms
[gpt_1] [Rank 0] <19:04:44.638> Iter 1303 time: 316.783 ms
[gpt_1] [Rank 0] <19:04:44.916> Iter 1304 time: 277.99 ms
[gpt_1] [Rank 0] <19:04:45.189> Iter 1305 time: 272.701 ms
[gpt_1] [Rank 0] <19:04:45.350> Iter 1306 time: 161.108 ms
[gpt_1] [Rank 0] <19:04:45.558> Iter 1307 time: 208.084 ms
[gpt_1] [Rank 0] <19:04:45.769> Iter 1308 time: 210.729 ms
[gpt_1] [Rank 0] <19:04:46.054> Iter 1309 time: 285.244 ms
[gpt_1] [Rank 0] <19:04:46.304> Iter 1310 time: 250.053 ms
[gpt_1] [Rank 0] <19:04:46.638> Iter 1311 time: 333.854 ms
[gpt_1] [Rank 0] <19:04:46.846> Iter 1312 time: 208.303 ms
[gpt_1] [Rank 0] <19:04:47.101> Iter 1313 time: 255.148 ms
[gpt_1] [Rank 0] <19:04:47.347> Iter 1314 time: 246.248 ms
[gpt_1] [Rank 0] <19:04:47.594> Iter 1315 time: 246.552 ms
[gpt_1] [Rank 0] <19:04:47.850> Iter 1316 time: 255.74 ms
[gpt_1] [Rank 0] <19:04:48.110> Iter 1317 time: 260.268 ms
[gpt_1] [Rank 0] <19:04:48.341> Iter 1318 time: 231.426 ms
[gpt_1] [Rank 0] <19:04:48.581> Iter 1319 time: 239.65 ms
[gpt_1] [Rank 0] <19:04:48.802> Iter 1320 time: 220.504 ms
[gpt_1] (mean, median, min, max) = (282.922688ms, 281.170722ms, 63.007772ms, 420.540965ms)
[gpt_1] [Rank 0] <19:04:49.053> Iter 1321 time: 251.271 ms
[gpt_1] [Rank 0] <19:04:49.278> Iter 1322 time: 225.162 ms
[gpt_1] [Rank 0] <19:04:49.590> Iter 1323 time: 311.845 ms
[gpt_1] [Rank 0] <19:04:49.857> Iter 1324 time: 266.852 ms
[gpt_1] [Rank 0] <19:04:50.107> Iter 1325 time: 250.041 ms
[gpt_1] [Rank 0] <19:04:50.394> Iter 1326 time: 287.533 ms
[gpt_1] [Rank 0] <19:04:50.625> Iter 1327 time: 230.752 ms
[gpt_1] [Rank 0] <19:04:50.895> Iter 1328 time: 269.54 ms
[gpt_1] [Rank 0] <19:04:51.150> Iter 1329 time: 254.99 ms
[gpt_1] [Rank 0] <19:04:51.402> Iter 1330 time: 252.45 ms
[gpt_1] [Rank 0] <19:04:51.677> Iter 1331 time: 274.92 ms
[gpt_1] [Rank 0] <19:04:51.962> Iter 1332 time: 284.789 ms
[gpt_1] [Rank 0] <19:04:52.298> Iter 1333 time: 336.298 ms
[gpt_1] [Rank 0] <19:04:52.609> Iter 1334 time: 310.841 ms
[gpt_1] [Rank 0] <19:04:52.901> Iter 1335 time: 292.321 ms
[gpt_1] [Rank 0] <19:04:53.166> Iter 1336 time: 265.057 ms
[gpt_1] [Rank 0] <19:04:53.533> Iter 1337 time: 366.948 ms
[gpt_1] [Rank 0] <19:04:53.818> Iter 1338 time: 284.79 ms
[gpt_1] [Rank 0] <19:04:54.149> Iter 1339 time: 331.463 ms
[gpt_1] [Rank 0] <19:04:54.442> Iter 1340 time: 292.525 ms
[gpt_1] [Rank 0] <19:04:54.674> Iter 1341 time: 232.031 ms
[gpt_1] [Rank 0] <19:04:55.029> Iter 1342 time: 355.401 ms
[gpt_1] [Rank 0] <19:04:55.281> Iter 1343 time: 251.988 ms
[gpt_1] [Rank 0] <19:04:55.559> Iter 1344 time: 277.204 ms
[gpt_1] [Rank 0] <19:04:55.824> Iter 1345 time: 265.481 ms
[gpt_1] [Rank 0] <19:04:56.110> Iter 1346 time: 285.667 ms
[gpt_1] [Rank 0] <19:04:56.429> Iter 1347 time: 319.66 ms
[gpt_1] [Rank 0] <19:04:56.726> Iter 1348 time: 296.315 ms
[gpt_1] [Rank 0] <19:04:57.015> Iter 1349 time: 289.289 ms
[gpt_1] [Rank 0] <19:04:57.286> Iter 1350 time: 270.702 ms
[gpt_1] (mean, median, min, max) = (282.920027ms, 281.170722ms, 63.007772ms, 420.540965ms)
[gpt_1] [Rank 0] <19:04:57.504> Iter 1351 time: 218.362 ms
[gpt_1] [Rank 0] <19:04:57.725> Iter 1352 time: 220.551 ms
[gpt_1] [Rank 0] <19:04:58.044> Iter 1353 time: 319.158 ms
[gpt_1] [Rank 0] <19:04:58.283> Iter 1354 time: 239.507 ms
[gpt_1] [Rank 0] <19:04:58.574> Iter 1355 time: 290.243 ms
[gpt_1] [Rank 0] <19:04:58.842> Iter 1356 time: 268.452 ms
[gpt_1] [Rank 0] <19:04:59.129> Iter 1357 time: 287.427 ms
[gpt_1] [Rank 0] <19:04:59.357> Iter 1358 time: 227.635 ms
[gpt_1] [Rank 0] <19:04:59.607> Iter 1359 time: 250.344 ms
[gpt_1] [Rank 0] <19:04:59.798> Iter 1360 time: 191.039 ms
[gpt_1] [Rank 0] <19:05:00.121> Iter 1361 time: 322.972 ms
[gpt_1] [Rank 0] <19:05:00.393> Iter 1362 time: 271.206 ms
[gpt_1] [Rank 0] <19:05:00.647> Iter 1363 time: 254.765 ms
[gpt_1] [Rank 0] <19:05:00.893> Iter 1364 time: 246.04 ms
[gpt_1] [Rank 0] <19:05:01.111> Iter 1365 time: 217.998 ms
[gpt_1] [Rank 0] <19:05:01.377> Iter 1366 time: 265.881 ms
[gpt_1] [Rank 0] <19:05:01.554> Iter 1367 time: 176.923 ms
[gpt_1] [Rank 0] <19:05:01.705> Iter 1368 time: 150.47 ms
[gpt_1] [Rank 0] <19:05:01.903> Iter 1369 time: 197.842 ms
[gpt_1] [Rank 0] <19:05:02.153> Iter 1370 time: 250.674 ms
[gpt_1] [Rank 0] <19:05:02.425> Iter 1371 time: 272.236 ms
[gpt_1] [Rank 0] <19:05:02.621> Iter 1372 time: 195.669 ms
[gpt_1] [Rank 0] <19:05:02.805> Iter 1373 time: 183.561 ms
[gpt_1] [Rank 0] <19:05:03.074> Iter 1374 time: 269.06 ms
[gpt_1] [Rank 0] <19:05:03.257> Iter 1375 time: 182.93 ms
[gpt_1] [Rank 0] <19:05:03.469> Iter 1376 time: 212.752 ms
[gpt_1] [Rank 0] <19:05:03.714> Iter 1377 time: 244.25 ms
[gpt_1] [Rank 0] <19:05:03.942> Iter 1378 time: 227.978 ms
[gpt_1] [Rank 0] <19:05:04.194> Iter 1379 time: 252.332 ms
[gpt_1] [Rank 0] <19:05:04.422> Iter 1380 time: 227.747 ms
[gpt_1] (mean, median, min, max) = (281.926216ms, 280.319578ms, 63.007772ms, 420.540965ms)
[gpt_1] [Rank 0] <19:05:04.785> Iter 1381 time: 363.696 ms
[gpt_1] [Rank 0] <19:05:05.014> Iter 1382 time: 228.426 ms
[gpt_1] [Rank 0] <19:05:05.277> Iter 1383 time: 263.548 ms
[gpt_1] [Rank 0] <19:05:05.541> Iter 1384 time: 264.036 ms
[gpt_1] [Rank 0] <19:05:05.823> Iter 1385 time: 281.148 ms
[gpt_1] [Rank 0] <19:05:06.081> Iter 1386 time: 258.046 ms
[gpt_1] [Rank 0] <19:05:06.273> Iter 1387 time: 192.544 ms
[gpt_1] [Rank 0] <19:05:06.453> Iter 1388 time: 179.891 ms
[gpt_1] [Rank 0] <19:05:06.697> Iter 1389 time: 244.148 ms
[gpt_1] [Rank 0] <19:05:06.949> Iter 1390 time: 251.996 ms
[gpt_1] [Rank 0] <19:05:07.185> Iter 1391 time: 236.199 ms
[gpt_1] [Rank 0] <19:05:07.419> Iter 1392 time: 233.569 ms
[gpt_1] [Rank 0] <19:05:07.667> Iter 1393 time: 248.092 ms
[gpt_1] [Rank 0] <19:05:07.886> Iter 1394 time: 218.944 ms
[gpt_1] [Rank 0] <19:05:08.146> Iter 1395 time: 259.831 ms
[gpt_1] [Rank 0] <19:05:08.376> Iter 1396 time: 230.178 ms
[gpt_1] [Rank 0] <19:05:08.597> Iter 1397 time: 221.376 ms
[gpt_1] [Rank 0] <19:05:08.782> Iter 1398 time: 184.572 ms
[gpt_1] [Rank 0] <19:05:09.008> Iter 1399 time: 225.801 ms
[gpt_1] [Rank 0] <19:05:09.238> Iter 1400 time: 230.114 ms
[gpt_1] [Rank 0] <19:05:09.471> Iter 1401 time: 233.325 ms
[gpt_1] [Rank 0] <19:05:09.746> Iter 1402 time: 274.65 ms
[gpt_1] [Rank 0] <19:05:09.974> Iter 1403 time: 227.832 ms
[gpt_1] [Rank 0] <19:05:10.213> Iter 1404 time: 238.886 ms
[gpt_1] [Rank 0] <19:05:10.425> Iter 1405 time: 212.261 ms
[gpt_1] [Rank 0] <19:05:10.682> Iter 1406 time: 257.165 ms
[gpt_1] [Rank 0] <19:05:10.947> Iter 1407 time: 264.956 ms
[gpt_1] [Rank 0] <19:05:11.201> Iter 1408 time: 254.216 ms
[gpt_1] [Rank 0] <19:05:11.461> Iter 1409 time: 260.225 ms
[gpt_1] [Rank 0] <19:05:11.741> Iter 1410 time: 279.986 ms
[gpt_1] (mean, median, min, max) = (281.107429ms, 279.873915ms, 63.007772ms, 420.540965ms)
[gpt_1] [Rank 0] <19:05:11.977> Iter 1411 time: 235.433 ms
[gpt_1] [Rank 0] <19:05:12.281> Iter 1412 time: 304.58 ms
[gpt_1] [Rank 0] <19:05:12.613> Iter 1413 time: 331.761 ms
[gpt_1] [Rank 0] <19:05:12.973> Iter 1414 time: 360.259 ms
[gpt_1] [Rank 0] <19:05:13.261> Iter 1415 time: 287.525 ms
[gpt_1] [Rank 0] <19:05:13.689> Iter 1416 time: 428.086 ms
[gpt_1] [Rank 0] <19:05:14.030> Iter 1417 time: 340.691 ms
[gpt_1] [Rank 0] <19:05:14.361> Iter 1418 time: 331.432 ms
[gpt_1] [Rank 0] <19:05:14.773> Iter 1419 time: 412.014 ms
[gpt_1] [Rank 0] <19:05:15.053> Iter 1420 time: 279.713 ms
[gpt_1] [Rank 0] <19:05:15.418> Iter 1421 time: 364.968 ms
[gpt_1] [Rank 0] <19:05:15.766> Iter 1422 time: 348.11 ms
[gpt_1] [Rank 0] <19:05:16.090> Iter 1423 time: 323.879 ms
[gpt_1] [Rank 0] <19:05:16.418> Iter 1424 time: 327.845 ms
[gpt_1] [Rank 0] <19:05:16.774> Iter 1425 time: 356.316 ms
[gpt_1] [Rank 0] <19:05:17.090> Iter 1426 time: 315.708 ms
[gpt_1] [Rank 0] <19:05:17.362> Iter 1427 time: 272.245 ms
[gpt_1] [Rank 0] <19:05:17.617> Iter 1428 time: 254.557 ms
[gpt_1] [Rank 0] <19:05:17.870> Iter 1429 time: 253.477 ms
[gpt_1] [Rank 0] <19:05:18.183> Iter 1430 time: 313.374 ms
[gpt_1] [Rank 0] <19:05:18.521> Iter 1431 time: 338.039 ms
[gpt_1] [Rank 0] <19:05:18.813> Iter 1432 time: 291.746 ms
[gpt_1] [Rank 0] <19:05:19.089> Iter 1433 time: 276.254 ms
[gpt_1] [Rank 0] <19:05:19.394> Iter 1434 time: 304.291 ms
[gpt_1] [Rank 0] <19:05:19.713> Iter 1435 time: 319.442 ms
[gpt_1] [Rank 0] <19:05:20.050> Iter 1436 time: 336.57 ms
[gpt_1] [Rank 0] <19:05:20.367> Iter 1437 time: 317.083 ms
[gpt_1] [Rank 0] <19:05:20.637> Iter 1438 time: 270.614 ms
[gpt_1] [Rank 0] <19:05:20.993> Iter 1439 time: 355.778 ms
[gpt_1] [Rank 0] <19:05:21.259> Iter 1440 time: 266.216 ms
[gpt_1] (mean, median, min, max) = (281.871372ms, 280.005959ms, 63.007772ms, 428.086248ms)
[gpt_1] [Rank 0] <19:05:21.622> Iter 1441 time: 362.623 ms
[gpt_1] [Rank 0] <19:05:21.949> Iter 1442 time: 327.345 ms
[gpt_1] [Rank 0] <19:05:22.197> Iter 1443 time: 247.258 ms
[gpt_1] [Rank 0] <19:05:22.457> Iter 1444 time: 260.414 ms
[gpt_1] [Rank 0] <19:05:22.677> Iter 1445 time: 219.998 ms
[gpt_1] [Rank 0] <19:05:23.017> Iter 1446 time: 340.341 ms
[gpt_1] [Rank 0] <19:05:23.305> Iter 1447 time: 287.774 ms
[gpt_1] [Rank 0] <19:05:23.625> Iter 1448 time: 319.336 ms
[gpt_1] [Rank 0] <19:05:23.946> Iter 1449 time: 321.645 ms
[gpt_1] [Rank 0] <19:05:24.238> Iter 1450 time: 291.548 ms
[gpt_1] [Rank 0] <19:05:24.530> Iter 1451 time: 292.001 ms
[gpt_1] [Rank 0] <19:05:24.778> Iter 1452 time: 248.345 ms
[gpt_1] [Rank 0] <19:05:25.072> Iter 1453 time: 294.101 ms
[gpt_1] [Rank 0] <19:05:25.337> Iter 1454 time: 265.263 ms
[gpt_1] [Rank 0] <19:05:25.613> Iter 1455 time: 276.021 ms
[gpt_1] [Rank 0] <19:05:25.929> Iter 1456 time: 315.236 ms
[gpt_1] [Rank 0] <19:05:26.162> Iter 1457 time: 233.2 ms
[gpt_1] [Rank 0] <19:05:26.441> Iter 1458 time: 279.4 ms
[gpt_1] [Rank 0] <19:05:26.716> Iter 1459 time: 275.026 ms
[gpt_1] [Rank 0] <19:05:26.974> Iter 1460 time: 257.714 ms
[gpt_1] [Rank 0] <19:05:27.266> Iter 1461 time: 291.693 ms
[gpt_1] [Rank 0] <19:05:27.610> Iter 1462 time: 344.3 ms
[gpt_1] [Rank 0] <19:05:27.906> Iter 1463 time: 295.955 ms
[gpt_1] [Rank 0] <19:05:28.214> Iter 1464 time: 308.066 ms
[gpt_1] [Rank 0] <19:05:28.545> Iter 1465 time: 331.394 ms
[gpt_1] [Rank 0] <19:05:28.753> Iter 1466 time: 207.405 ms
[gpt_1] [Rank 0] <19:05:29.058> Iter 1467 time: 304.893 ms
[gpt_1] [Rank 0] <19:05:29.457> Iter 1468 time: 399.453 ms
[gpt_1] [Rank 0] <19:05:29.729> Iter 1469 time: 272.231 ms
[gpt_1] [Rank 0] <19:05:30.037> Iter 1470 time: 307.984 ms
[gpt_1] (mean, median, min, max) = (282.093327ms, 280.025556ms, 63.007772ms, 428.086248ms)
[gpt_1] [Rank 0] <19:05:30.283> Iter 1471 time: 245.406 ms
[gpt_1] [Rank 0] <19:05:30.611> Iter 1472 time: 328.595 ms
[gpt_1] [Rank 0] <19:05:30.942> Iter 1473 time: 330.569 ms
[gpt_1] [Rank 0] <19:05:31.226> Iter 1474 time: 283.753 ms
[gpt_1] [Rank 0] <19:05:31.430> Iter 1475 time: 203.984 ms
[gpt_1] [Rank 0] <19:05:31.706> Iter 1476 time: 276.295 ms
[gpt_1] [Rank 0] <19:05:31.960> Iter 1477 time: 253.608 ms
[gpt_1] [Rank 0] <19:05:32.315> Iter 1478 time: 355.788 ms
[gpt_1] [Rank 0] <19:05:32.601> Iter 1479 time: 286.012 ms
[gpt_1] [Rank 0] <19:05:32.882> Iter 1480 time: 280.489 ms
[gpt_1] [Rank 0] <19:05:33.137> Iter 1481 time: 255.522 ms
[gpt_1] [Rank 0] <19:05:33.378> Iter 1482 time: 240.294 ms
[gpt_1] [Rank 0] <19:05:33.634> Iter 1483 time: 256.277 ms
[gpt_1] [Rank 0] <19:05:33.977> Iter 1484 time: 343.416 ms
[gpt_1] [Rank 0] <19:05:34.277> Iter 1485 time: 300 ms
[gpt_1] [Rank 0] <19:05:34.605> Iter 1486 time: 327.767 ms
[gpt_1] [Rank 0] <19:05:34.877> Iter 1487 time: 271.994 ms
[gpt_1] [Rank 0] <19:05:35.114> Iter 1488 time: 236.796 ms
[gpt_1] [Rank 0] <19:05:35.386> Iter 1489 time: 272.007 ms
[gpt_1] [Rank 0] <19:05:35.706> Iter 1490 time: 320.403 ms
[gpt_1] [Rank 0] <19:05:36.017> Iter 1491 time: 311.022 ms
[gpt_1] [Rank 0] <19:05:36.289> Iter 1492 time: 272 ms
[gpt_1] [Rank 0] <19:05:36.606> Iter 1493 time: 316.539 ms
[gpt_1] [Rank 0] <19:05:36.955> Iter 1494 time: 349.334 ms
[gpt_1] [Rank 0] <19:05:37.229> Iter 1495 time: 274.151 ms
[gpt_1] [Rank 0] <19:05:37.453> Iter 1496 time: 223.744 ms
[gpt_1] [Rank 0] <19:05:37.758> Iter 1497 time: 304.325 ms
[gpt_1] [Rank 0] <19:05:38.018> Iter 1498 time: 260.654 ms
[gpt_1] [Rank 0] <19:05:38.305> Iter 1499 time: 287.273 ms
[gpt_1] [Rank 0] <19:05:38.581> Iter 1500 time: 275.744 ms
[gpt_1] (mean, median, min, max) = (282.148042ms, 280.025556ms, 63.007772ms, 428.086248ms)
[gpt_1] Rank 0: run time: 424003 ms
