register ctx: prefix="/tmp/mccs-caoz0a", control="control.sock", affinity=None
[gpt_2] Rank 0: start warmup
[gpt_2] Rank 0: warmup phase AG finished
[gpt_2] Rank 0: warmup phase finished
[gpt_2] [Rank 0] <18:58:34.252> Iter 0 time: 219.904 ms
[gpt_2] [Rank 0] <18:58:34.496> Iter 1 time: 243.996 ms
[gpt_2] [Rank 0] <18:58:34.752> Iter 2 time: 256.069 ms
[gpt_2] [Rank 0] <18:58:34.996> Iter 3 time: 243.93 ms
[gpt_2] [Rank 0] <18:58:35.260> Iter 4 time: 264.002 ms
[gpt_2] [Rank 0] <18:58:35.532> Iter 5 time: 271.997 ms
[gpt_2] [Rank 0] <18:58:35.804> Iter 6 time: 271.998 ms
[gpt_2] [Rank 0] <18:58:36.032> Iter 7 time: 227.998 ms
[gpt_2] [Rank 0] <18:58:36.296> Iter 8 time: 264.002 ms
[gpt_2] [Rank 0] <18:58:36.576> Iter 9 time: 280.001 ms
[gpt_2] [Rank 0] <18:58:36.804> Iter 10 time: 228.096 ms
[gpt_2] [Rank 0] <18:58:37.060> Iter 11 time: 255.903 ms
[gpt_2] [Rank 0] <18:58:37.324> Iter 12 time: 263.998 ms
[gpt_2] [Rank 0] <18:58:37.588> Iter 13 time: 264 ms
[gpt_2] [Rank 0] <18:58:37.800> Iter 14 time: 211.998 ms
[gpt_2] [Rank 0] <18:58:38.092> Iter 15 time: 292 ms
[gpt_2] [Rank 0] <18:58:38.320> Iter 16 time: 227.998 ms
[gpt_2] [Rank 0] <18:58:38.620> Iter 17 time: 300 ms
[gpt_2] [Rank 0] <18:58:38.864> Iter 18 time: 244.004 ms
[gpt_2] [Rank 0] <18:58:39.120> Iter 19 time: 255.995 ms
[gpt_2] [Rank 0] <18:58:39.340> Iter 20 time: 219.998 ms
[gpt_2] [Rank 0] <18:58:39.620> Iter 21 time: 280 ms
[gpt_2] [Rank 0] <18:58:39.888> Iter 22 time: 268.01 ms
[gpt_2] [Rank 0] <18:58:40.120> Iter 23 time: 231.987 ms
[gpt_2] [Rank 0] <18:58:40.388> Iter 24 time: 267.999 ms
[gpt_2] [Rank 0] <18:58:40.656> Iter 25 time: 268.004 ms
[gpt_2] [Rank 0] <18:58:40.928> Iter 26 time: 271.999 ms
[gpt_2] [Rank 0] <18:58:41.204> Iter 27 time: 275.998 ms
[gpt_2] [Rank 0] <18:58:41.484> Iter 28 time: 279.999 ms
[gpt_2] [Rank 0] <18:58:41.704> Iter 29 time: 220.005 ms
[gpt_2] [Rank 0] <18:58:41.955> Iter 30 time: 251.225 ms
[gpt_2] (mean, median, min, max) = (261.523097ms, 268.007659ms, 220.005489ms, 280.00063ms)
[gpt_2] [Rank 0] <18:58:42.212> Iter 31 time: 256.768 ms
[gpt_2] [Rank 0] <18:58:42.416> Iter 32 time: 203.999 ms
[gpt_2] [Rank 0] <18:58:42.692> Iter 33 time: 276 ms
[gpt_2] [Rank 0] <18:58:42.992> Iter 34 time: 300.002 ms
[gpt_2] [Rank 0] <18:58:43.236> Iter 35 time: 244.003 ms
[gpt_2] [Rank 0] <18:58:43.516> Iter 36 time: 279.994 ms
[gpt_2] [Rank 0] <18:58:43.812> Iter 37 time: 295.999 ms
[gpt_2] [Rank 0] <18:58:44.024> Iter 38 time: 212.006 ms
[gpt_2] [Rank 0] <18:58:44.300> Iter 39 time: 275.994 ms
[gpt_2] [Rank 0] <18:58:44.580> Iter 40 time: 279.998 ms
[gpt_2] [Rank 0] <18:58:44.824> Iter 41 time: 243.998 ms
[gpt_2] [Rank 0] <18:58:45.096> Iter 42 time: 272.002 ms
[gpt_2] [Rank 0] <18:58:45.296> Iter 43 time: 199.998 ms
[gpt_2] [Rank 0] <18:58:45.564> Iter 44 time: 267.999 ms
[gpt_2] [Rank 0] <18:58:45.796> Iter 45 time: 232.003 ms
[gpt_2] [Rank 0] <18:58:46.044> Iter 46 time: 247.999 ms
[gpt_2] [Rank 0] <18:58:46.277> Iter 47 time: 233.364 ms
[gpt_2] [Rank 0] <18:58:46.504> Iter 48 time: 226.631 ms
[gpt_2] [Rank 0] <18:58:46.748> Iter 49 time: 244.001 ms
[gpt_2] [Rank 0] <18:58:46.948> Iter 50 time: 200.001 ms
[gpt_2] [Rank 0] <18:58:47.168> Iter 51 time: 220 ms
[gpt_2] [Rank 0] <18:58:47.408> Iter 52 time: 240.09 ms
[gpt_2] [Rank 0] <18:58:47.628> Iter 53 time: 219.904 ms
[gpt_2] [Rank 0] <18:58:47.824> Iter 54 time: 196 ms
[gpt_2] [Rank 0] <18:58:48.085> Iter 55 time: 261.06 ms
[gpt_2] [Rank 0] <18:58:48.260> Iter 56 time: 174.941 ms
[gpt_2] [Rank 0] <18:58:48.456> Iter 57 time: 196.001 ms
[gpt_2] [Rank 0] <18:58:48.708> Iter 58 time: 252.002 ms
[gpt_2] [Rank 0] <18:58:48.940> Iter 59 time: 231.999 ms
[gpt_2] [Rank 0] <18:58:49.192> Iter 60 time: 252.011 ms
[gpt_2] (mean, median, min, max) = (246.30038ms, 249.612752ms, 174.941726ms, 300.002796ms)
[gpt_2] [Rank 0] <18:58:49.456> Iter 61 time: 264.119 ms
[gpt_2] [Rank 0] <18:58:49.736> Iter 62 time: 279.865 ms
[gpt_2] [Rank 0] <18:58:49.932> Iter 63 time: 196.002 ms
[gpt_2] [Rank 0] <18:58:50.156> Iter 64 time: 223.999 ms
[gpt_2] [Rank 0] <18:58:50.392> Iter 65 time: 235.999 ms
[gpt_2] [Rank 0] <18:58:50.616> Iter 66 time: 224.001 ms
[gpt_2] [Rank 0] <18:58:50.836> Iter 67 time: 219.999 ms
[gpt_2] [Rank 0] <18:58:51.036> Iter 68 time: 199.997 ms
[gpt_2] [Rank 0] <18:58:51.236> Iter 69 time: 200 ms
[gpt_2] [Rank 0] <18:58:51.444> Iter 70 time: 208.001 ms
[gpt_2] [Rank 0] <18:58:51.712> Iter 71 time: 267.998 ms
[gpt_2] [Rank 0] <18:58:51.968> Iter 72 time: 256 ms
[gpt_2] [Rank 0] <18:58:52.196> Iter 73 time: 228 ms
[gpt_2] [Rank 0] <18:58:52.452> Iter 74 time: 255.999 ms
[gpt_2] [Rank 0] <18:58:52.752> Iter 75 time: 300 ms
[gpt_2] [Rank 0] <18:58:53.028> Iter 76 time: 275.998 ms
[gpt_2] [Rank 0] <18:58:53.288> Iter 77 time: 260.001 ms
[gpt_2] [Rank 0] <18:58:53.564> Iter 78 time: 276 ms
[gpt_2] [Rank 0] <18:58:53.836> Iter 79 time: 271.997 ms
[gpt_2] [Rank 0] <18:58:54.112> Iter 80 time: 276 ms
[gpt_2] [Rank 0] <18:58:54.360> Iter 81 time: 248 ms
[gpt_2] [Rank 0] <18:58:54.580> Iter 82 time: 219.998 ms
[gpt_2] [Rank 0] <18:58:54.812> Iter 83 time: 232.007 ms
[gpt_2] [Rank 0] <18:58:55.116> Iter 84 time: 303.995 ms
[gpt_2] [Rank 0] <18:58:55.376> Iter 85 time: 259.998 ms
[gpt_2] [Rank 0] <18:58:55.636> Iter 86 time: 259.999 ms
[gpt_2] [Rank 0] <18:58:55.952> Iter 87 time: 316 ms
[gpt_2] [Rank 0] <18:58:56.228> Iter 88 time: 276 ms
[gpt_2] [Rank 0] <18:58:56.484> Iter 89 time: 255.999 ms
[gpt_2] [Rank 0] <18:58:56.716> Iter 90 time: 232 ms
[gpt_2] (mean, median, min, max) = (248.228591ms, 252.006981ms, 174.941726ms, 316.000129ms)
[gpt_2] [Rank 0] <18:58:57.000> Iter 91 time: 284.001 ms
[gpt_2] [Rank 0] <18:58:57.220> Iter 92 time: 219.998 ms
[gpt_2] [Rank 0] <18:58:57.460> Iter 93 time: 240.009 ms
[gpt_2] [Rank 0] <18:58:57.764> Iter 94 time: 303.991 ms
[gpt_2] [Rank 0] <18:58:58.036> Iter 95 time: 271.998 ms
[gpt_2] [Rank 0] <18:58:58.256> Iter 96 time: 219.998 ms
[gpt_2] [Rank 0] <18:58:58.460> Iter 97 time: 204.005 ms
[gpt_2] [Rank 0] <18:58:58.708> Iter 98 time: 247.995 ms
[gpt_2] [Rank 0] <18:58:58.980> Iter 99 time: 271.998 ms
[gpt_2] [Rank 0] <18:58:59.256> Iter 100 time: 276 ms
[gpt_2] [Rank 0] <18:58:59.540> Iter 101 time: 284 ms
[gpt_2] [Rank 0] <18:58:59.820> Iter 102 time: 280.001 ms
[gpt_2] [Rank 0] <18:59:00.092> Iter 103 time: 271.998 ms
[gpt_2] [Rank 0] <18:59:00.292> Iter 104 time: 200 ms
[gpt_2] [Rank 0] <18:59:00.544> Iter 105 time: 251.997 ms
[gpt_2] [Rank 0] <18:59:00.788> Iter 106 time: 243.999 ms
[gpt_2] [Rank 0] <18:59:01.064> Iter 107 time: 276.005 ms
[gpt_2] [Rank 0] <18:59:01.368> Iter 108 time: 303.996 ms
[gpt_2] [Rank 0] <18:59:01.652> Iter 109 time: 284 ms
[gpt_2] [Rank 0] <18:59:01.900> Iter 110 time: 248.001 ms
[gpt_2] [Rank 0] <18:59:02.140> Iter 111 time: 240 ms
[gpt_2] [Rank 0] <18:59:02.392> Iter 112 time: 251.998 ms
[gpt_2] [Rank 0] <18:59:02.660> Iter 113 time: 268 ms
[gpt_2] [Rank 0] <18:59:02.844> Iter 114 time: 184 ms
[gpt_2] [Rank 0] <18:59:03.060> Iter 115 time: 216.038 ms
[gpt_2] [Rank 0] <18:59:03.308> Iter 116 time: 247.962 ms
[gpt_2] [Rank 0] <18:59:03.548> Iter 117 time: 240.001 ms
[gpt_2] [Rank 0] <18:59:03.812> Iter 118 time: 263.996 ms
[gpt_2] [Rank 0] <18:59:04.092> Iter 119 time: 280.008 ms
[gpt_2] [Rank 0] <18:59:04.352> Iter 120 time: 259.992 ms
[gpt_2] (mean, median, min, max) = (250.120012ms, 252.006981ms, 174.941726ms, 316.000129ms)
[gpt_2] [Rank 0] <18:59:04.572> Iter 121 time: 220.01 ms
[gpt_2] [Rank 0] <18:59:04.832> Iter 122 time: 259.991 ms
[gpt_2] [Rank 0] <18:59:05.096> Iter 123 time: 263.997 ms
[gpt_2] [Rank 0] <18:59:05.368> Iter 124 time: 272 ms
[gpt_2] [Rank 0] <18:59:05.632> Iter 125 time: 264 ms
[gpt_2] [Rank 0] <18:59:05.916> Iter 126 time: 284.001 ms
[gpt_2] [Rank 0] <18:59:06.096> Iter 127 time: 180.001 ms
[gpt_2] [Rank 0] <18:59:06.300> Iter 128 time: 203.996 ms
[gpt_2] [Rank 0] <18:59:06.560> Iter 129 time: 260.008 ms
[gpt_2] [Rank 0] <18:59:06.724> Iter 130 time: 163.99 ms
[gpt_2] [Rank 0] <18:59:06.964> Iter 131 time: 240.002 ms
[gpt_2] [Rank 0] <18:59:07.240> Iter 132 time: 276 ms
[gpt_2] [Rank 0] <18:59:07.508> Iter 133 time: 267.997 ms
[gpt_2] [Rank 0] <18:59:07.792> Iter 134 time: 284.001 ms
[gpt_2] [Rank 0] <18:59:08.004> Iter 135 time: 212.002 ms
[gpt_2] [Rank 0] <18:59:08.272> Iter 136 time: 267.996 ms
[gpt_2] [Rank 0] <18:59:08.528> Iter 137 time: 255.999 ms
[gpt_2] [Rank 0] <18:59:08.768> Iter 138 time: 240.001 ms
[gpt_2] [Rank 0] <18:59:09.032> Iter 139 time: 263.999 ms
[gpt_2] [Rank 0] <18:59:09.264> Iter 140 time: 232.007 ms
[gpt_2] [Rank 0] <18:59:09.548> Iter 141 time: 283.993 ms
[gpt_2] [Rank 0] <18:59:09.748> Iter 142 time: 200.001 ms
[gpt_2] [Rank 0] <18:59:10.012> Iter 143 time: 263.998 ms
[gpt_2] [Rank 0] <18:59:10.252> Iter 144 time: 240.001 ms
[gpt_2] [Rank 0] <18:59:10.528> Iter 145 time: 275.998 ms
[gpt_2] [Rank 0] <18:59:10.796> Iter 146 time: 267.999 ms
[gpt_2] [Rank 0] <18:59:11.020> Iter 147 time: 224.002 ms
[gpt_2] [Rank 0] <18:59:11.212> Iter 148 time: 191.997 ms
[gpt_2] [Rank 0] <18:59:11.464> Iter 149 time: 252 ms
[gpt_2] [Rank 0] <18:59:11.740> Iter 150 time: 276.001 ms
[gpt_2] (mean, median, min, max) = (249.230791ms, 255.999444ms, 163.990339ms, 316.000129ms)
[gpt_2] [Rank 0] <18:59:11.952> Iter 151 time: 212 ms
[gpt_2] [Rank 0] <18:59:12.176> Iter 152 time: 223.998 ms
[gpt_2] [Rank 0] <18:59:12.448> Iter 153 time: 272.001 ms
[gpt_2] [Rank 0] <18:59:12.688> Iter 154 time: 239.999 ms
[gpt_2] [Rank 0] <18:59:12.912> Iter 155 time: 224.006 ms
[gpt_2] [Rank 0] <18:59:13.192> Iter 156 time: 279.993 ms
[gpt_2] [Rank 0] <18:59:13.396> Iter 157 time: 204.014 ms
[gpt_2] [Rank 0] <18:59:13.648> Iter 158 time: 252.004 ms
[gpt_2] [Rank 0] <18:59:13.966> Iter 159 time: 317.995 ms
[gpt_2] [Rank 0] <18:59:14.208> Iter 160 time: 241.991 ms
[gpt_2] [Rank 0] <18:59:14.488> Iter 161 time: 280 ms
[gpt_2] [Rank 0] <18:59:14.789> Iter 162 time: 300.961 ms
[gpt_2] [Rank 0] <18:59:15.061> Iter 163 time: 271.685 ms
[gpt_2] [Rank 0] <18:59:15.316> Iter 164 time: 255.747 ms
[gpt_2] [Rank 0] <18:59:15.521> Iter 165 time: 205.028 ms
[gpt_2] [Rank 0] <18:59:15.772> Iter 166 time: 250.57 ms
[gpt_2] [Rank 0] <18:59:15.986> Iter 167 time: 214.422 ms
[gpt_2] [Rank 0] <18:59:16.180> Iter 168 time: 193.58 ms
[gpt_2] [Rank 0] <18:59:16.380> Iter 169 time: 200.003 ms
[gpt_2] [Rank 0] <18:59:16.596> Iter 170 time: 216.108 ms
[gpt_2] [Rank 0] <18:59:16.821> Iter 171 time: 224.848 ms
[gpt_2] [Rank 0] <18:59:17.065> Iter 172 time: 244.446 ms
[gpt_2] [Rank 0] <18:59:17.295> Iter 173 time: 229.126 ms
[gpt_2] [Rank 0] <18:59:17.512> Iter 174 time: 217.905 ms
[gpt_2] [Rank 0] <18:59:17.705> Iter 175 time: 192.943 ms
[gpt_2] [Rank 0] <18:59:17.973> Iter 176 time: 267.961 ms
[gpt_2] [Rank 0] <18:59:18.200> Iter 177 time: 226.8 ms
[gpt_2] [Rank 0] <18:59:18.452> Iter 178 time: 251.772 ms
[gpt_2] [Rank 0] <18:59:18.668> Iter 179 time: 216.086 ms
[gpt_2] [Rank 0] <18:59:18.861> Iter 180 time: 193.393 ms
[gpt_2] (mean, median, min, max) = (247.008744ms, 251.885057ms, 163.990339ms, 317.995527ms)
[gpt_2] [Rank 0] <18:59:19.109> Iter 181 time: 248.032 ms
[gpt_2] [Rank 0] <18:59:19.337> Iter 182 time: 227.932 ms
[gpt_2] [Rank 0] <18:59:19.552> Iter 183 time: 214.98 ms
[gpt_2] [Rank 0] <18:59:19.813> Iter 184 time: 261.034 ms
[gpt_2] [Rank 0] <18:59:20.030> Iter 185 time: 216.597 ms
[gpt_2] [Rank 0] <18:59:20.308> Iter 186 time: 278.027 ms
[gpt_2] [Rank 0] <18:59:20.521> Iter 187 time: 212.856 ms
[gpt_2] [Rank 0] <18:59:20.736> Iter 188 time: 215.228 ms
[gpt_2] [Rank 0] <18:59:20.952> Iter 189 time: 215.916 ms
[gpt_2] [Rank 0] <18:59:21.209> Iter 190 time: 256.556 ms
[gpt_2] [Rank 0] <18:59:21.442> Iter 191 time: 233.431 ms
[gpt_2] [Rank 0] <18:59:21.647> Iter 192 time: 204.893 ms
[gpt_2] [Rank 0] <18:59:21.889> Iter 193 time: 241.689 ms
[gpt_2] [Rank 0] <18:59:22.177> Iter 194 time: 288.785 ms
[gpt_2] [Rank 0] <18:59:22.428> Iter 195 time: 250.639 ms
[gpt_2] [Rank 0] <18:59:22.622> Iter 196 time: 193.936 ms
[gpt_2] [Rank 0] <18:59:22.845> Iter 197 time: 223.457 ms
[gpt_2] [Rank 0] <18:59:23.141> Iter 198 time: 295.178 ms
[gpt_2] [Rank 0] <18:59:23.413> Iter 199 time: 272.006 ms
[gpt_2] [Rank 0] <18:59:23.656> Iter 200 time: 243.644 ms
[gpt_2] [Rank 0] <18:59:23.844> Iter 201 time: 188.121 ms
[gpt_2] [Rank 0] <18:59:24.092> Iter 202 time: 247.655 ms
[gpt_2] [Rank 0] <18:59:24.284> Iter 203 time: 192.036 ms
[gpt_2] [Rank 0] <18:59:24.561> Iter 204 time: 276.536 ms
[gpt_2] [Rank 0] <18:59:24.752> Iter 205 time: 191.367 ms
[gpt_2] [Rank 0] <18:59:25.004> Iter 206 time: 252.061 ms
[gpt_2] [Rank 0] <18:59:25.225> Iter 207 time: 220.518 ms
[gpt_2] [Rank 0] <18:59:25.473> Iter 208 time: 248.287 ms
[gpt_2] [Rank 0] <18:59:25.745> Iter 209 time: 272.558 ms
[gpt_2] [Rank 0] <18:59:25.985> Iter 210 time: 239.872 ms
[gpt_2] (mean, median, min, max) = (245.501265ms, 248.016639ms, 163.990339ms, 317.995527ms)
[gpt_2] [Rank 0] <18:59:26.232> Iter 211 time: 246.766 ms
[gpt_2] [Rank 0] <18:59:26.480> Iter 212 time: 248.106 ms
[gpt_2] [Rank 0] <18:59:26.658> Iter 213 time: 178.034 ms
[gpt_2] [Rank 0] <18:59:26.861> Iter 214 time: 202.757 ms
[gpt_2] [Rank 0] <18:59:27.065> Iter 215 time: 203.649 ms
[gpt_2] [Rank 0] <18:59:27.264> Iter 216 time: 199.446 ms
[gpt_2] [Rank 0] <18:59:27.458> Iter 217 time: 193.683 ms
[gpt_2] [Rank 0] <18:59:27.721> Iter 218 time: 263.69 ms
[gpt_2] [Rank 0] <18:59:27.925> Iter 219 time: 203.832 ms
[gpt_2] [Rank 0] <18:59:28.141> Iter 220 time: 215.754 ms
[gpt_2] [Rank 0] <18:59:28.393> Iter 221 time: 252.004 ms
[gpt_2] [Rank 0] <18:59:28.636> Iter 222 time: 243.038 ms
[gpt_2] [Rank 0] <18:59:28.885> Iter 223 time: 248.556 ms
[gpt_2] [Rank 0] <18:59:29.156> Iter 224 time: 271.439 ms
[gpt_2] [Rank 0] <18:59:29.396> Iter 225 time: 239.54 ms
[gpt_2] [Rank 0] <18:59:29.643> Iter 226 time: 247.342 ms
[gpt_2] [Rank 0] <18:59:29.840> Iter 227 time: 197.118 ms
[gpt_2] [Rank 0] <18:59:30.105> Iter 228 time: 265.442 ms
[gpt_2] [Rank 0] <18:59:30.368> Iter 229 time: 262.891 ms
[gpt_2] [Rank 0] <18:59:30.661> Iter 230 time: 292.245 ms
[gpt_2] [Rank 0] <18:59:30.916> Iter 231 time: 255.754 ms
[gpt_2] [Rank 0] <18:59:31.065> Iter 232 time: 148.89 ms
[gpt_2] [Rank 0] <18:59:31.320> Iter 233 time: 254.775 ms
[gpt_2] [Rank 0] <18:59:31.509> Iter 234 time: 189.382 ms
[gpt_2] [Rank 0] <18:59:31.805> Iter 235 time: 295.19 ms
[gpt_2] [Rank 0] <18:59:32.057> Iter 236 time: 251.981 ms
[gpt_2] [Rank 0] <18:59:32.248> Iter 237 time: 191.884 ms
[gpt_2] [Rank 0] <18:59:32.428> Iter 238 time: 179.821 ms
[gpt_2] [Rank 0] <18:59:32.644> Iter 239 time: 215.736 ms
[gpt_2] [Rank 0] <18:59:32.892> Iter 240 time: 247.998 ms
[gpt_2] (mean, median, min, max) = (243.418171ms, 247.999116ms, 148.890475ms, 317.995527ms)
[gpt_2] [Rank 0] <18:59:33.094> Iter 241 time: 202.066 ms
[gpt_2] [Rank 0] <18:59:33.357> Iter 242 time: 262.532 ms
[gpt_2] [Rank 0] <18:59:33.516> Iter 243 time: 159.401 ms
[gpt_2] [Rank 0] <18:59:33.756> Iter 244 time: 239.999 ms
[gpt_2] [Rank 0] <18:59:33.960> Iter 245 time: 203.998 ms
[gpt_2] [Rank 0] <18:59:34.205> Iter 246 time: 244.989 ms
[gpt_2] [Rank 0] <18:59:34.424> Iter 247 time: 219.011 ms
[gpt_2] [Rank 0] <18:59:34.604> Iter 248 time: 180 ms
[gpt_2] [Rank 0] <18:59:34.821> Iter 249 time: 216.557 ms
[gpt_2] [Rank 0] <18:59:35.028> Iter 250 time: 207.879 ms
[gpt_2] [Rank 0] <18:59:35.264> Iter 251 time: 235.893 ms
[gpt_2] [Rank 0] <18:59:35.456> Iter 252 time: 191.991 ms
[gpt_2] [Rank 0] <18:59:35.664> Iter 253 time: 207.677 ms
[gpt_2] [Rank 0] <18:59:35.932> Iter 254 time: 268.002 ms
[gpt_2] [Rank 0] <18:59:36.188> Iter 255 time: 255.92 ms
[gpt_2] [Rank 0] <18:59:36.408> Iter 256 time: 220.083 ms
[gpt_2] [Rank 0] <18:59:36.677> Iter 257 time: 269.341 ms
[gpt_2] [Rank 0] <18:59:36.892> Iter 258 time: 214.652 ms
[gpt_2] [Rank 0] <18:59:37.122> Iter 259 time: 230.018 ms
[gpt_2] [Rank 0] <18:59:37.356> Iter 260 time: 234.314 ms
[gpt_2] [Rank 0] <18:59:37.629> Iter 261 time: 273.057 ms
[gpt_2] [Rank 0] <18:59:37.899> Iter 262 time: 269.437 ms
[gpt_2] [Rank 0] <18:59:38.117> Iter 263 time: 218.553 ms
[gpt_2] [Rank 0] <18:59:38.361> Iter 264 time: 243.998 ms
[gpt_2] [Rank 0] <18:59:38.624> Iter 265 time: 262.974 ms
[gpt_2] [Rank 0] <18:59:38.880> Iter 266 time: 255.645 ms
[gpt_2] [Rank 0] <18:59:39.141> Iter 267 time: 260.565 ms
[gpt_2] [Rank 0] <18:59:39.416> Iter 268 time: 275.78 ms
[gpt_2] [Rank 0] <18:59:39.633> Iter 269 time: 217.025 ms
[gpt_2] [Rank 0] <18:59:39.861> Iter 270 time: 227.202 ms
[gpt_2] (mean, median, min, max) = (242.082289ms, 247.054787ms, 148.890475ms, 317.995527ms)
[gpt_2] [Rank 0] <18:59:40.105> Iter 271 time: 244.787 ms
[gpt_2] [Rank 0] <18:59:40.332> Iter 272 time: 226.858 ms
[gpt_2] [Rank 0] <18:59:40.600> Iter 273 time: 268.104 ms
[gpt_2] [Rank 0] <18:59:40.849> Iter 274 time: 249.042 ms
[gpt_2] [Rank 0] <18:59:41.105> Iter 275 time: 256.032 ms
[gpt_2] [Rank 0] <18:59:41.306> Iter 276 time: 201.024 ms
[gpt_2] [Rank 0] <18:59:41.504> Iter 277 time: 197.914 ms
[gpt_2] [Rank 0] <18:59:41.761> Iter 278 time: 257.024 ms
[gpt_2] [Rank 0] <18:59:42.028> Iter 279 time: 266.637 ms
[gpt_2] [Rank 0] <18:59:42.267> Iter 280 time: 239.149 ms
[gpt_2] [Rank 0] <18:59:42.460> Iter 281 time: 192.851 ms
[gpt_2] [Rank 0] <18:59:42.656> Iter 282 time: 196.012 ms
[gpt_2] [Rank 0] <18:59:42.904> Iter 283 time: 247.923 ms
[gpt_2] [Rank 0] <18:59:43.164> Iter 284 time: 259.994 ms
[gpt_2] [Rank 0] <18:59:43.373> Iter 285 time: 208.812 ms
[gpt_2] [Rank 0] <18:59:43.637> Iter 286 time: 264.638 ms
[gpt_2] [Rank 0] <18:59:43.869> Iter 287 time: 232.002 ms
[gpt_2] [Rank 0] <18:59:44.157> Iter 288 time: 287.196 ms
[gpt_2] [Rank 0] <18:59:44.324> Iter 289 time: 167.418 ms
[gpt_2] [Rank 0] <18:59:44.577> Iter 290 time: 253.388 ms
[gpt_2] [Rank 0] <18:59:44.849> Iter 291 time: 271.997 ms
[gpt_2] [Rank 0] <18:59:45.120> Iter 292 time: 270.955 ms
[gpt_2] [Rank 0] <18:59:45.368> Iter 293 time: 247.77 ms
[gpt_2] [Rank 0] <18:59:45.639> Iter 294 time: 270.617 ms
[gpt_2] [Rank 0] <18:59:45.889> Iter 295 time: 250.668 ms
[gpt_2] [Rank 0] <18:59:46.169> Iter 296 time: 279.941 ms
[gpt_2] [Rank 0] <18:59:46.420> Iter 297 time: 250.661 ms
[gpt_2] [Rank 0] <18:59:46.570> Iter 298 time: 150.278 ms
[gpt_2] [Rank 0] <18:59:46.792> Iter 299 time: 221.94 ms
[gpt_2] [Rank 0] <18:59:46.992> Iter 300 time: 199.895 ms
[gpt_2] (mean, median, min, max) = (241.614685ms, 247.71316ms, 148.890475ms, 317.995527ms)
[gpt_2] [Rank 0] <18:59:47.221> Iter 301 time: 229.258 ms
[gpt_2] [Rank 0] <18:59:47.394> Iter 302 time: 172.873 ms
[gpt_2] [Rank 0] <18:59:47.572> Iter 303 time: 178.021 ms
[gpt_2] [Rank 0] <18:59:47.772> Iter 304 time: 199.733 ms
[gpt_2] [Rank 0] <18:59:47.996> Iter 305 time: 224.354 ms
[gpt_2] [Rank 0] <18:59:48.192> Iter 306 time: 195.643 ms
[gpt_2] [Rank 0] <18:59:48.460> Iter 307 time: 268 ms
[gpt_2] [Rank 0] <18:59:48.660> Iter 308 time: 200.218 ms
[gpt_2] [Rank 0] <18:59:48.864> Iter 309 time: 203.782 ms
[gpt_2] [Rank 0] <18:59:49.129> Iter 310 time: 264.858 ms
[gpt_2] [Rank 0] <18:59:49.401> Iter 311 time: 272.516 ms
[gpt_2] [Rank 0] <18:59:49.613> Iter 312 time: 212.014 ms
[gpt_2] [Rank 0] <18:59:49.832> Iter 313 time: 218.946 ms
[gpt_2] [Rank 0] <18:59:50.084> Iter 314 time: 251.663 ms
[gpt_2] [Rank 0] <18:59:50.273> Iter 315 time: 189.078 ms
[gpt_2] [Rank 0] <18:59:50.501> Iter 316 time: 227.495 ms
[gpt_2] [Rank 0] <18:59:50.749> Iter 317 time: 248.807 ms
[gpt_2] [Rank 0] <18:59:51.016> Iter 318 time: 266.964 ms
[gpt_2] [Rank 0] <18:59:51.248> Iter 319 time: 231.652 ms
[gpt_2] [Rank 0] <18:59:51.513> Iter 320 time: 264.567 ms
[gpt_2] [Rank 0] <18:59:51.793> Iter 321 time: 279.994 ms
[gpt_2] [Rank 0] <18:59:52.068> Iter 322 time: 275.439 ms
[gpt_2] [Rank 0] <18:59:52.344> Iter 323 time: 276.106 ms
[gpt_2] [Rank 0] <18:59:52.608> Iter 324 time: 264.221 ms
[gpt_2] [Rank 0] <18:59:52.861> Iter 325 time: 252.531 ms
[gpt_2] [Rank 0] <18:59:53.100> Iter 326 time: 239.141 ms
[gpt_2] [Rank 0] <18:59:53.357> Iter 327 time: 257.36 ms
[gpt_2] [Rank 0] <18:59:53.632> Iter 328 time: 274.642 ms
[gpt_2] [Rank 0] <18:59:53.912> Iter 329 time: 279.998 ms
[gpt_2] [Rank 0] <18:59:54.172> Iter 330 time: 260 ms
[gpt_2] (mean, median, min, max) = (241.393549ms, 247.846947ms, 148.890475ms, 317.995527ms)
[gpt_2] [Rank 0] <18:59:54.372> Iter 331 time: 199.998 ms
[gpt_2] [Rank 0] <18:59:54.616> Iter 332 time: 244.001 ms
[gpt_2] [Rank 0] <18:59:54.860> Iter 333 time: 243.999 ms
[gpt_2] [Rank 0] <18:59:54.991> Iter 334 time: 130.536 ms
[gpt_2] [Rank 0] <18:59:55.223> Iter 335 time: 232.28 ms
[gpt_2] [Rank 0] <18:59:55.481> Iter 336 time: 258.583 ms
[gpt_2] [Rank 0] <18:59:55.724> Iter 337 time: 242.816 ms
[gpt_2] [Rank 0] <18:59:55.912> Iter 338 time: 187.782 ms
[gpt_2] [Rank 0] <18:59:56.149> Iter 339 time: 236.56 ms
[gpt_2] [Rank 0] <18:59:56.360> Iter 340 time: 211.439 ms
[gpt_2] [Rank 0] <18:59:56.601> Iter 341 time: 241.385 ms
[gpt_2] [Rank 0] <18:59:56.788> Iter 342 time: 186.718 ms
[gpt_2] [Rank 0] <18:59:57.045> Iter 343 time: 257.252 ms
[gpt_2] [Rank 0] <18:59:57.296> Iter 344 time: 250.978 ms
[gpt_2] [Rank 0] <18:59:57.525> Iter 345 time: 228.225 ms
[gpt_2] [Rank 0] <18:59:57.724> Iter 346 time: 199.779 ms
[gpt_2] [Rank 0] <18:59:57.973> Iter 347 time: 249.059 ms
[gpt_2] [Rank 0] <18:59:58.190> Iter 348 time: 216.865 ms
[gpt_2] [Rank 0] <18:59:58.389> Iter 349 time: 199.139 ms
[gpt_2] [Rank 0] <18:59:58.620> Iter 350 time: 230.596 ms
[gpt_2] [Rank 0] <18:59:58.820> Iter 351 time: 199.999 ms
[gpt_2] [Rank 0] <18:59:59.019> Iter 352 time: 198.852 ms
[gpt_2] [Rank 0] <18:59:59.243> Iter 353 time: 223.707 ms
[gpt_2] [Rank 0] <18:59:59.440> Iter 354 time: 197.759 ms
[gpt_2] [Rank 0] <18:59:59.669> Iter 355 time: 229.035 ms
[gpt_2] [Rank 0] <18:59:59.900> Iter 356 time: 230.644 ms
[gpt_2] [Rank 0] <19:00:00.135> Iter 357 time: 235.13 ms
[gpt_2] [Rank 0] <19:00:00.329> Iter 358 time: 194.257 ms
[gpt_2] [Rank 0] <19:00:00.569> Iter 359 time: 239.63 ms
[gpt_2] [Rank 0] <19:00:00.820> Iter 360 time: 250.98 ms
[gpt_2] (mean, median, min, max) = (239.647059ms, 244.000602ms, 130.536483ms, 317.995527ms)
[gpt_2] [Rank 0] <19:00:00.997> Iter 361 time: 177.363 ms
[gpt_2] [Rank 0] <19:00:01.233> Iter 362 time: 235.173 ms
[gpt_2] [Rank 0] <19:00:01.445> Iter 363 time: 212.431 ms
[gpt_2] [Rank 0] <19:00:01.648> Iter 364 time: 203.031 ms
[gpt_2] [Rank 0] <19:00:01.826> Iter 365 time: 177.774 ms
[gpt_2] [Rank 0] <19:00:02.002> Iter 366 time: 176.234 ms
[gpt_2] [Rank 0] <19:00:02.260> Iter 367 time: 257.87 ms
[gpt_2] [Rank 0] <19:00:02.493> Iter 368 time: 233.075 ms
[gpt_2] [Rank 0] <19:00:02.776> Iter 369 time: 283.387 ms
[gpt_2] [Rank 0] <19:00:02.928> Iter 370 time: 151.596 ms
[gpt_2] [Rank 0] <19:00:03.168> Iter 371 time: 240.06 ms
[gpt_2] [Rank 0] <19:00:03.448> Iter 372 time: 280.003 ms
[gpt_2] [Rank 0] <19:00:03.634> Iter 373 time: 185.568 ms
[gpt_2] [Rank 0] <19:00:03.924> Iter 374 time: 290.429 ms
[gpt_2] [Rank 0] <19:00:04.169> Iter 375 time: 245.374 ms
[gpt_2] [Rank 0] <19:00:04.424> Iter 376 time: 254.953 ms
[gpt_2] [Rank 0] <19:00:04.616> Iter 377 time: 191.778 ms
[gpt_2] [Rank 0] <19:00:04.897> Iter 378 time: 281.282 ms
[gpt_2] [Rank 0] <19:00:05.164> Iter 379 time: 266.533 ms
[gpt_2] [Rank 0] <19:00:05.358> Iter 380 time: 194.344 ms
[gpt_2] [Rank 0] <19:00:05.593> Iter 381 time: 234.716 ms
[gpt_2] [Rank 0] <19:00:05.832> Iter 382 time: 239.276 ms
[gpt_2] [Rank 0] <19:00:06.055> Iter 383 time: 222.211 ms
[gpt_2] [Rank 0] <19:00:06.320> Iter 384 time: 265.9 ms
[gpt_2] [Rank 0] <19:00:06.541> Iter 385 time: 220.21 ms
[gpt_2] [Rank 0] <19:00:06.696> Iter 386 time: 155.643 ms
[gpt_2] [Rank 0] <19:00:06.952> Iter 387 time: 255.775 ms
[gpt_2] [Rank 0] <19:00:07.145> Iter 388 time: 193.097 ms
[gpt_2] [Rank 0] <19:00:07.392> Iter 389 time: 246.9 ms
[gpt_2] [Rank 0] <19:00:07.614> Iter 390 time: 222.036 ms
[gpt_2] (mean, median, min, max) = (238.578476ms, 243.821316ms, 130.536483ms, 317.995527ms)
[gpt_2] [Rank 0] <19:00:07.892> Iter 391 time: 277.963 ms
[gpt_2] [Rank 0] <19:00:08.152> Iter 392 time: 260.329 ms
[gpt_2] [Rank 0] <19:00:08.333> Iter 393 time: 180.79 ms
[gpt_2] [Rank 0] <19:00:08.533> Iter 394 time: 200.253 ms
[gpt_2] [Rank 0] <19:00:08.762> Iter 395 time: 228.315 ms
[gpt_2] [Rank 0] <19:00:08.996> Iter 396 time: 234.313 ms
[gpt_2] [Rank 0] <19:00:09.258> Iter 397 time: 262.014 ms
[gpt_2] [Rank 0] <19:00:09.499> Iter 398 time: 240.796 ms
[gpt_2] [Rank 0] <19:00:09.736> Iter 399 time: 237.187 ms
[gpt_2] [Rank 0] <19:00:09.996> Iter 400 time: 260.333 ms
[gpt_2] [Rank 0] <19:00:10.285> Iter 401 time: 288.225 ms
[gpt_2] [Rank 0] <19:00:10.468> Iter 402 time: 183.343 ms
[gpt_2] [Rank 0] <19:00:10.760> Iter 403 time: 292.099 ms
[gpt_2] [Rank 0] <19:00:11.024> Iter 404 time: 264.433 ms
[gpt_2] [Rank 0] <19:00:11.253> Iter 405 time: 228.913 ms
[gpt_2] [Rank 0] <19:00:11.524> Iter 406 time: 270.992 ms
[gpt_2] [Rank 0] <19:00:11.742> Iter 407 time: 217.683 ms
[gpt_2] [Rank 0] <19:00:11.920> Iter 408 time: 178.085 ms
[gpt_2] [Rank 0] <19:00:12.164> Iter 409 time: 244.239 ms
[gpt_2] [Rank 0] <19:00:12.371> Iter 410 time: 206.966 ms
[gpt_2] [Rank 0] <19:00:12.564> Iter 411 time: 192.947 ms
[gpt_2] [Rank 0] <19:00:12.820> Iter 412 time: 255.737 ms
[gpt_2] [Rank 0] <19:00:12.988> Iter 413 time: 168 ms
[gpt_2] [Rank 0] <19:00:13.273> Iter 414 time: 284.575 ms
[gpt_2] [Rank 0] <19:00:13.486> Iter 415 time: 213.569 ms
[gpt_2] [Rank 0] <19:00:13.788> Iter 416 time: 301.854 ms
[gpt_2] [Rank 0] <19:00:14.027> Iter 417 time: 238.564 ms
[gpt_2] [Rank 0] <19:00:14.297> Iter 418 time: 270.518 ms
[gpt_2] [Rank 0] <19:00:14.537> Iter 419 time: 240.291 ms
[gpt_2] [Rank 0] <19:00:14.768> Iter 420 time: 230.623 ms
[gpt_2] (mean, median, min, max) = (238.570001ms, 242.92762ms, 130.536483ms, 317.995527ms)
[gpt_2] [Rank 0] <19:00:15.025> Iter 421 time: 257.38 ms
[gpt_2] [Rank 0] <19:00:15.313> Iter 422 time: 288.002 ms
[gpt_2] [Rank 0] <19:00:15.613> Iter 423 time: 299.196 ms
[gpt_2] [Rank 0] <19:00:15.872> Iter 424 time: 259.42 ms
[gpt_2] [Rank 0] <19:00:16.120> Iter 425 time: 248.001 ms
[gpt_2] [Rank 0] <19:00:16.361> Iter 426 time: 240.624 ms
[gpt_2] [Rank 0] <19:00:16.589> Iter 427 time: 228.769 ms
[gpt_2] [Rank 0] <19:00:16.860> Iter 428 time: 270.603 ms
[gpt_2] [Rank 0] <19:00:17.128> Iter 429 time: 268 ms
[gpt_2] [Rank 0] <19:00:17.421> Iter 430 time: 292.57 ms
[gpt_2] [Rank 0] <19:00:17.668> Iter 431 time: 247.428 ms
[gpt_2] [Rank 0] <19:00:17.927> Iter 432 time: 259.21 ms
[gpt_2] [Rank 0] <19:00:18.126> Iter 433 time: 198.751 ms
[gpt_2] [Rank 0] <19:00:18.372> Iter 434 time: 246.305 ms
[gpt_2] [Rank 0] <19:00:18.646> Iter 435 time: 273.554 ms
[gpt_2] [Rank 0] <19:00:18.936> Iter 436 time: 290.178 ms
[gpt_2] [Rank 0] <19:00:19.181> Iter 437 time: 245.363 ms
[gpt_2] [Rank 0] <19:00:19.485> Iter 438 time: 303.221 ms
[gpt_2] [Rank 0] <19:00:19.780> Iter 439 time: 295.421 ms
[gpt_2] [Rank 0] <19:00:20.008> Iter 440 time: 227.911 ms
[gpt_2] [Rank 0] <19:00:20.296> Iter 441 time: 288.236 ms
[gpt_2] [Rank 0] <19:00:20.557> Iter 442 time: 260.436 ms
[gpt_2] [Rank 0] <19:00:20.824> Iter 443 time: 267.41 ms
[gpt_2] [Rank 0] <19:00:21.086> Iter 444 time: 261.948 ms
[gpt_2] [Rank 0] <19:00:21.289> Iter 445 time: 203.092 ms
[gpt_2] [Rank 0] <19:00:21.520> Iter 446 time: 230.939 ms
[gpt_2] [Rank 0] <19:00:21.737> Iter 447 time: 216.583 ms
[gpt_2] [Rank 0] <19:00:21.996> Iter 448 time: 259.38 ms
[gpt_2] [Rank 0] <19:00:22.209> Iter 449 time: 213.434 ms
[gpt_2] [Rank 0] <19:00:22.433> Iter 450 time: 223.72 ms
[gpt_2] (mean, median, min, max) = (239.751398ms, 244.000602ms, 130.536483ms, 317.995527ms)
[gpt_2] [Rank 0] <19:00:22.692> Iter 451 time: 259.244 ms
[gpt_2] [Rank 0] <19:00:22.874> Iter 452 time: 181.571 ms
[gpt_2] [Rank 0] <19:00:23.093> Iter 453 time: 218.636 ms
[gpt_2] [Rank 0] <19:00:23.337> Iter 454 time: 244.826 ms
[gpt_2] [Rank 0] <19:00:23.593> Iter 455 time: 255.969 ms
[gpt_2] [Rank 0] <19:00:23.804> Iter 456 time: 210.654 ms
[gpt_2] [Rank 0] <19:00:23.993> Iter 457 time: 188.963 ms
[gpt_2] [Rank 0] <19:00:24.280> Iter 458 time: 287.371 ms
[gpt_2] [Rank 0] <19:00:24.588> Iter 459 time: 307.666 ms
[gpt_2] [Rank 0] <19:00:24.841> Iter 460 time: 253.376 ms
[gpt_2] [Rank 0] <19:00:25.120> Iter 461 time: 278.956 ms
[gpt_2] [Rank 0] <19:00:25.292> Iter 462 time: 171.861 ms
[gpt_2] [Rank 0] <19:00:25.495> Iter 463 time: 202.595 ms
[gpt_2] [Rank 0] <19:00:25.722> Iter 464 time: 227.179 ms
[gpt_2] [Rank 0] <19:00:25.972> Iter 465 time: 250.372 ms
[gpt_2] [Rank 0] <19:00:26.220> Iter 466 time: 248.003 ms
[gpt_2] [Rank 0] <19:00:26.488> Iter 467 time: 267.648 ms
[gpt_2] [Rank 0] <19:00:26.709> Iter 468 time: 220.593 ms
[gpt_2] [Rank 0] <19:00:26.916> Iter 469 time: 207.316 ms
[gpt_2] [Rank 0] <19:00:27.120> Iter 470 time: 204.092 ms
[gpt_2] [Rank 0] <19:00:27.352> Iter 471 time: 232.218 ms
[gpt_2] [Rank 0] <19:00:27.529> Iter 472 time: 177.176 ms
[gpt_2] [Rank 0] <19:00:27.772> Iter 473 time: 242.934 ms
[gpt_2] [Rank 0] <19:00:27.996> Iter 474 time: 224.014 ms
[gpt_2] [Rank 0] <19:00:28.205> Iter 475 time: 208.618 ms
[gpt_2] [Rank 0] <19:00:28.417> Iter 476 time: 212.41 ms
[gpt_2] [Rank 0] <19:00:28.624> Iter 477 time: 206.971 ms
[gpt_2] [Rank 0] <19:00:28.865> Iter 478 time: 240.993 ms
[gpt_2] [Rank 0] <19:00:29.104> Iter 479 time: 238.769 ms
[gpt_2] [Rank 0] <19:00:29.324> Iter 480 time: 219.894 ms
[gpt_2] (mean, median, min, max) = (239.095655ms, 243.341431ms, 130.536483ms, 317.995527ms)
[gpt_2] [Rank 0] <19:00:29.617> Iter 481 time: 292.568 ms
[gpt_2] [Rank 0] <19:00:29.849> Iter 482 time: 232.778 ms
[gpt_2] [Rank 0] <19:00:30.136> Iter 483 time: 286.653 ms
[gpt_2] [Rank 0] <19:00:30.368> Iter 484 time: 231.93 ms
[gpt_2] [Rank 0] <19:00:30.617> Iter 485 time: 249.45 ms
[gpt_2] [Rank 0] <19:00:30.836> Iter 486 time: 218.617 ms
[gpt_2] [Rank 0] <19:00:31.077> Iter 487 time: 240.989 ms
[gpt_2] [Rank 0] <19:00:31.264> Iter 488 time: 187.012 ms
[gpt_2] [Rank 0] <19:00:31.528> Iter 489 time: 263.998 ms
[gpt_2] [Rank 0] <19:00:31.776> Iter 490 time: 248.347 ms
[gpt_2] [Rank 0] <19:00:31.934> Iter 491 time: 157.921 ms
[gpt_2] [Rank 0] <19:00:32.091> Iter 492 time: 156.773 ms
[gpt_2] [Rank 0] <19:00:32.295> Iter 493 time: 204.144 ms
[gpt_2] [Rank 0] <19:00:32.497> Iter 494 time: 201.385 ms
[gpt_2] [Rank 0] <19:00:32.698> Iter 495 time: 201.341 ms
[gpt_2] [Rank 0] <19:00:32.904> Iter 496 time: 206.083 ms
[gpt_2] [Rank 0] <19:00:33.172> Iter 497 time: 268.001 ms
[gpt_2] [Rank 0] <19:00:33.425> Iter 498 time: 253.116 ms
[gpt_2] [Rank 0] <19:00:33.668> Iter 499 time: 242.842 ms
[gpt_2] [Rank 0] <19:00:33.889> Iter 500 time: 221.129 ms
[gpt_2] [Rank 0] <19:00:34.074> Iter 501 time: 185.295 ms
[gpt_2] [Rank 0] <19:00:34.281> Iter 502 time: 206.263 ms
[gpt_2] [Rank 0] <19:00:34.540> Iter 503 time: 259.567 ms
[gpt_2] [Rank 0] <19:00:34.789> Iter 504 time: 248.355 ms
[gpt_2] [Rank 0] <19:00:34.959> Iter 505 time: 170.722 ms
[gpt_2] [Rank 0] <19:00:35.144> Iter 506 time: 185.051 ms
[gpt_2] [Rank 0] <19:00:35.372> Iter 507 time: 227.656 ms
[gpt_2] [Rank 0] <19:00:35.580> Iter 508 time: 208.001 ms
[gpt_2] [Rank 0] <19:00:35.828> Iter 509 time: 248 ms
[gpt_2] [Rank 0] <19:00:35.992> Iter 510 time: 163.995 ms
[gpt_2] (mean, median, min, max) = (238.065308ms, 241.840864ms, 130.536483ms, 317.995527ms)
[gpt_2] [Rank 0] <19:00:36.256> Iter 511 time: 264.002 ms
[gpt_2] [Rank 0] <19:00:36.412> Iter 512 time: 155.999 ms
[gpt_2] [Rank 0] <19:00:36.636> Iter 513 time: 224.093 ms
[gpt_2] [Rank 0] <19:00:36.772> Iter 514 time: 135.905 ms
[gpt_2] [Rank 0] <19:00:36.928> Iter 515 time: 156.004 ms
[gpt_2] [Rank 0] <19:00:37.160> Iter 516 time: 231.997 ms
[gpt_2] [Rank 0] <19:00:37.404> Iter 517 time: 243.999 ms
[gpt_2] [Rank 0] <19:00:37.556> Iter 518 time: 151.997 ms
[gpt_2] [Rank 0] <19:00:37.736> Iter 519 time: 180.004 ms
[gpt_2] [Rank 0] <19:00:37.980> Iter 520 time: 244.002 ms
[gpt_2] [Rank 0] <19:00:38.200> Iter 521 time: 219.998 ms
[gpt_2] [Rank 0] <19:00:38.405> Iter 522 time: 204.447 ms
[gpt_2] [Rank 0] <19:00:38.644> Iter 523 time: 239.548 ms
[gpt_2] [Rank 0] <19:00:38.892> Iter 524 time: 248 ms
[gpt_2] [Rank 0] <19:00:39.092> Iter 525 time: 200 ms
[gpt_2] [Rank 0] <19:00:39.268> Iter 526 time: 176.001 ms
[gpt_2] [Rank 0] <19:00:39.464> Iter 527 time: 196.002 ms
[gpt_2] [Rank 0] <19:00:39.648> Iter 528 time: 183.995 ms
[gpt_2] [Rank 0] <19:00:39.868> Iter 529 time: 220.001 ms
[gpt_2] [Rank 0] <19:00:40.096> Iter 530 time: 227.999 ms
[gpt_2] [Rank 0] <19:00:40.228> Iter 531 time: 132.009 ms
[gpt_2] [Rank 0] <19:00:40.444> Iter 532 time: 215.99 ms
[gpt_2] [Rank 0] <19:00:40.648> Iter 533 time: 203.999 ms
[gpt_2] [Rank 0] <19:00:40.892> Iter 534 time: 244.001 ms
[gpt_2] [Rank 0] <19:00:41.092> Iter 535 time: 200.008 ms
[gpt_2] [Rank 0] <19:00:41.272> Iter 536 time: 179.991 ms
[gpt_2] [Rank 0] <19:00:41.432> Iter 537 time: 160.001 ms
[gpt_2] [Rank 0] <19:00:41.716> Iter 538 time: 284.001 ms
[gpt_2] [Rank 0] <19:00:41.972> Iter 539 time: 256.003 ms
[gpt_2] [Rank 0] <19:00:42.220> Iter 540 time: 247.993 ms
[gpt_2] (mean, median, min, max) = (236.307697ms, 240.191104ms, 130.536483ms, 317.995527ms)
[gpt_2] [Rank 0] <19:00:42.500> Iter 541 time: 280 ms
[gpt_2] [Rank 0] <19:00:42.708> Iter 542 time: 208.379 ms
[gpt_2] [Rank 0] <19:00:42.997> Iter 543 time: 288.2 ms
[gpt_2] [Rank 0] <19:00:43.272> Iter 544 time: 275.435 ms
[gpt_2] [Rank 0] <19:00:43.525> Iter 545 time: 252.549 ms
[gpt_2] [Rank 0] <19:00:43.717> Iter 546 time: 192.494 ms
[gpt_2] [Rank 0] <19:00:43.953> Iter 547 time: 235.51 ms
[gpt_2] [Rank 0] <19:00:44.173> Iter 548 time: 220.004 ms
[gpt_2] [Rank 0] <19:00:44.319> Iter 549 time: 145.945 ms
[gpt_2] [Rank 0] <19:00:44.537> Iter 550 time: 218.855 ms
[gpt_2] [Rank 0] <19:00:44.723> Iter 551 time: 185.679 ms
[gpt_2] [Rank 0] <19:00:44.976> Iter 552 time: 253.388 ms
[gpt_2] [Rank 0] <19:00:45.184> Iter 553 time: 207.572 ms
[gpt_2] [Rank 0] <19:00:45.401> Iter 554 time: 216.577 ms
[gpt_2] [Rank 0] <19:00:45.672> Iter 555 time: 271.78 ms
[gpt_2] [Rank 0] <19:00:45.858> Iter 556 time: 185.348 ms
[gpt_2] [Rank 0] <19:00:46.096> Iter 557 time: 238.625 ms
[gpt_2] [Rank 0] <19:00:46.303> Iter 558 time: 206.508 ms
[gpt_2] [Rank 0] <19:00:46.480> Iter 559 time: 177.52 ms
[gpt_2] [Rank 0] <19:00:46.721> Iter 560 time: 240.219 ms
[gpt_2] [Rank 0] <19:00:46.997> Iter 561 time: 276.793 ms
[gpt_2] [Rank 0] <19:00:47.245> Iter 562 time: 247.198 ms
[gpt_2] [Rank 0] <19:00:47.382> Iter 563 time: 137.05 ms
[gpt_2] [Rank 0] <19:00:47.600> Iter 564 time: 218.702 ms
[gpt_2] [Rank 0] <19:00:47.848> Iter 565 time: 247.988 ms
[gpt_2] [Rank 0] <19:00:47.947> Iter 566 time: 99.032 ms
[gpt_2] [Rank 0] <19:00:48.143> Iter 567 time: 195.639 ms
[gpt_2] [Rank 0] <19:00:48.343> Iter 568 time: 199.454 ms
[gpt_2] [Rank 0] <19:00:48.517> Iter 569 time: 174.941 ms
[gpt_2] [Rank 0] <19:00:48.719> Iter 570 time: 201.051 ms
[gpt_2] (mean, median, min, max) = (235.233547ms, 240.001237ms, 99.032174ms, 317.995527ms)
[gpt_2] [Rank 0] <19:00:48.925> Iter 571 time: 206.928 ms
[gpt_2] [Rank 0] <19:00:49.164> Iter 572 time: 238.636 ms
[gpt_2] [Rank 0] <19:00:49.308> Iter 573 time: 144.409 ms
[gpt_2] [Rank 0] <19:00:49.485> Iter 574 time: 176.233 ms
[gpt_2] [Rank 0] <19:00:49.702> Iter 575 time: 217.779 ms
[gpt_2] [Rank 0] <19:00:49.852> Iter 576 time: 149.567 ms
[gpt_2] [Rank 0] <19:00:50.076> Iter 577 time: 224.359 ms
[gpt_2] [Rank 0] <19:00:50.304> Iter 578 time: 228.012 ms
[gpt_2] [Rank 0] <19:00:50.450> Iter 579 time: 145.65 ms
[gpt_2] [Rank 0] <19:00:50.651> Iter 580 time: 200.698 ms
[gpt_2] [Rank 0] <19:00:50.901> Iter 581 time: 250.669 ms
[gpt_2] [Rank 0] <19:00:51.053> Iter 582 time: 151.774 ms
[gpt_2] [Rank 0] <19:00:51.245> Iter 583 time: 191.782 ms
[gpt_2] [Rank 0] <19:00:51.408> Iter 584 time: 163.06 ms
[gpt_2] [Rank 0] <19:00:51.628> Iter 585 time: 220 ms
[gpt_2] [Rank 0] <19:00:51.880> Iter 586 time: 252.211 ms
[gpt_2] [Rank 0] <19:00:52.057> Iter 587 time: 176.636 ms
[gpt_2] [Rank 0] <19:00:52.228> Iter 588 time: 171.409 ms
[gpt_2] [Rank 0] <19:00:52.452> Iter 589 time: 224.072 ms
[gpt_2] [Rank 0] <19:00:52.613> Iter 590 time: 160.139 ms
[gpt_2] [Rank 0] <19:00:52.812> Iter 591 time: 199.457 ms
[gpt_2] [Rank 0] <19:00:53.036> Iter 592 time: 224.454 ms
[gpt_2] [Rank 0] <19:00:53.284> Iter 593 time: 247.617 ms
[gpt_2] [Rank 0] <19:00:53.509> Iter 594 time: 225.353 ms
[gpt_2] [Rank 0] <19:00:53.681> Iter 595 time: 171.611 ms
[gpt_2] [Rank 0] <19:00:53.909> Iter 596 time: 228.395 ms
[gpt_2] [Rank 0] <19:00:54.056> Iter 597 time: 146.411 ms
[gpt_2] [Rank 0] <19:00:54.191> Iter 598 time: 135.092 ms
[gpt_2] [Rank 0] <19:00:54.392> Iter 599 time: 201.137 ms
[gpt_2] [Rank 0] <19:00:54.605> Iter 600 time: 212.971 ms
[gpt_2] (mean, median, min, max) = (233.215496ms, 238.955219ms, 99.032174ms, 317.995527ms)
[gpt_2] [Rank 0] <19:00:54.852> Iter 601 time: 246.959 ms
[gpt_2] [Rank 0] <19:00:55.088> Iter 602 time: 236.069 ms
[gpt_2] [Rank 0] <19:00:55.252> Iter 603 time: 164.419 ms
[gpt_2] [Rank 0] <19:00:55.413> Iter 604 time: 160.114 ms
[gpt_2] [Rank 0] <19:00:55.613> Iter 605 time: 200.837 ms
[gpt_2] [Rank 0] <19:00:55.833> Iter 606 time: 219.175 ms
[gpt_2] [Rank 0] <19:00:56.032> Iter 607 time: 199.794 ms
[gpt_2] [Rank 0] <19:00:56.234> Iter 608 time: 201.255 ms
[gpt_2] [Rank 0] <19:00:56.416> Iter 609 time: 182.569 ms
[gpt_2] [Rank 0] <19:00:56.609> Iter 610 time: 192.366 ms
[gpt_2] [Rank 0] <19:00:56.820> Iter 611 time: 211.466 ms
[gpt_2] [Rank 0] <19:00:57.029> Iter 612 time: 209.019 ms
[gpt_2] [Rank 0] <19:00:57.309> Iter 613 time: 280.368 ms
[gpt_2] [Rank 0] <19:00:57.561> Iter 614 time: 251.167 ms
[gpt_2] [Rank 0] <19:00:57.817> Iter 615 time: 255.988 ms
[gpt_2] [Rank 0] <19:00:57.955> Iter 616 time: 138.731 ms
[gpt_2] [Rank 0] <19:00:58.135> Iter 617 time: 179.958 ms
[gpt_2] [Rank 0] <19:00:58.313> Iter 618 time: 177.238 ms
[gpt_2] [Rank 0] <19:00:58.492> Iter 619 time: 179.522 ms
[gpt_2] [Rank 0] <19:00:58.717> Iter 620 time: 224.552 ms
[gpt_2] [Rank 0] <19:00:58.989> Iter 621 time: 272.8 ms
[gpt_2] [Rank 0] <19:00:59.217> Iter 622 time: 228.028 ms
[gpt_2] [Rank 0] <19:00:59.434> Iter 623 time: 216.61 ms
[gpt_2] [Rank 0] <19:00:59.614> Iter 624 time: 179.959 ms
[gpt_2] [Rank 0] <19:00:59.840> Iter 625 time: 226.138 ms
[gpt_2] [Rank 0] <19:01:00.097> Iter 626 time: 256.457 ms
[gpt_2] [Rank 0] <19:01:00.357> Iter 627 time: 260.811 ms
[gpt_2] [Rank 0] <19:01:00.576> Iter 628 time: 218.696 ms
[gpt_2] [Rank 0] <19:01:00.796> Iter 629 time: 219.944 ms
[gpt_2] [Rank 0] <19:01:01.076> Iter 630 time: 279.871 ms
[gpt_2] (mean, median, min, max) = (232.353913ms, 236.034452ms, 99.032174ms, 317.995527ms)
[gpt_2] [Rank 0] <19:01:01.298> Iter 631 time: 222.077 ms
[gpt_2] [Rank 0] <19:01:01.597> Iter 632 time: 299.419 ms
[gpt_2] [Rank 0] <19:01:01.836> Iter 633 time: 238.83 ms
[gpt_2] [Rank 0] <19:01:02.016> Iter 634 time: 179.796 ms
[gpt_2] [Rank 0] <19:01:02.240> Iter 635 time: 224.006 ms
[gpt_2] [Rank 0] <19:01:02.433> Iter 636 time: 193.067 ms
[gpt_2] [Rank 0] <19:01:02.660> Iter 637 time: 227.293 ms
[gpt_2] [Rank 0] <19:01:02.865> Iter 638 time: 204.222 ms
[gpt_2] [Rank 0] <19:01:03.080> Iter 639 time: 215.411 ms
[gpt_2] [Rank 0] <19:01:03.316> Iter 640 time: 236.434 ms
[gpt_2] [Rank 0] <19:01:03.517> Iter 641 time: 200.931 ms
[gpt_2] [Rank 0] <19:01:03.748> Iter 642 time: 230.628 ms
[gpt_2] [Rank 0] <19:01:03.928> Iter 643 time: 180.006 ms
[gpt_2] [Rank 0] <19:01:04.137> Iter 644 time: 208.847 ms
[gpt_2] [Rank 0] <19:01:04.338> Iter 645 time: 201.191 ms
[gpt_2] [Rank 0] <19:01:04.497> Iter 646 time: 158.896 ms
[gpt_2] [Rank 0] <19:01:04.741> Iter 647 time: 243.625 ms
[gpt_2] [Rank 0] <19:01:04.941> Iter 648 time: 200.814 ms
[gpt_2] [Rank 0] <19:01:05.200> Iter 649 time: 258.626 ms
[gpt_2] [Rank 0] <19:01:05.425> Iter 650 time: 225.044 ms
[gpt_2] [Rank 0] <19:01:05.564> Iter 651 time: 139.337 ms
[gpt_2] [Rank 0] <19:01:05.672> Iter 652 time: 107.556 ms
[gpt_2] [Rank 0] <19:01:05.847> Iter 653 time: 174.896 ms
[gpt_2] [Rank 0] <19:01:06.045> Iter 654 time: 198.536 ms
[gpt_2] [Rank 0] <19:01:06.248> Iter 655 time: 203.028 ms
[gpt_2] [Rank 0] <19:01:06.372> Iter 656 time: 123.685 ms
[gpt_2] [Rank 0] <19:01:06.604> Iter 657 time: 232.002 ms
[gpt_2] [Rank 0] <19:01:06.844> Iter 658 time: 240.233 ms
[gpt_2] [Rank 0] <19:01:07.081> Iter 659 time: 236.623 ms
[gpt_2] [Rank 0] <19:01:07.344> Iter 660 time: 263.054 ms
[gpt_2] (mean, median, min, max) = (231.256274ms, 234.314113ms, 99.032174ms, 317.995527ms)
[gpt_2] [Rank 0] <19:01:07.552> Iter 661 time: 207.89 ms
[gpt_2] [Rank 0] <19:01:07.865> Iter 662 time: 312.665 ms
[gpt_2] [Rank 0] <19:01:08.081> Iter 663 time: 216.014 ms
[gpt_2] [Rank 0] <19:01:08.327> Iter 664 time: 246.357 ms
[gpt_2] [Rank 0] <19:01:08.528> Iter 665 time: 201.071 ms
[gpt_2] [Rank 0] <19:01:08.666> Iter 666 time: 137.956 ms
[gpt_2] [Rank 0] <19:01:08.776> Iter 667 time: 109.52 ms
[gpt_2] [Rank 0] <19:01:09.040> Iter 668 time: 264.728 ms
[gpt_2] [Rank 0] <19:01:09.269> Iter 669 time: 229.179 ms
[gpt_2] [Rank 0] <19:01:09.445> Iter 670 time: 175.53 ms
[gpt_2] [Rank 0] <19:01:09.649> Iter 671 time: 203.876 ms
[gpt_2] [Rank 0] <19:01:09.805> Iter 672 time: 155.785 ms
[gpt_2] [Rank 0] <19:01:10.008> Iter 673 time: 203.652 ms
[gpt_2] [Rank 0] <19:01:10.187> Iter 674 time: 178.271 ms
[gpt_2] [Rank 0] <19:01:10.376> Iter 675 time: 189.699 ms
[gpt_2] [Rank 0] <19:01:10.625> Iter 676 time: 248.724 ms
[gpt_2] [Rank 0] <19:01:10.873> Iter 677 time: 248.445 ms
[gpt_2] [Rank 0] <19:01:11.149> Iter 678 time: 275.989 ms
[gpt_2] [Rank 0] <19:01:11.369> Iter 679 time: 219.208 ms
[gpt_2] [Rank 0] <19:01:11.669> Iter 680 time: 300.794 ms
[gpt_2] [Rank 0] <19:01:11.916> Iter 681 time: 246.639 ms
[gpt_2] [Rank 0] <19:01:12.209> Iter 682 time: 292.59 ms
[gpt_2] [Rank 0] <19:01:12.469> Iter 683 time: 259.976 ms
[gpt_2] [Rank 0] <19:01:12.732> Iter 684 time: 263.434 ms
[gpt_2] [Rank 0] <19:01:12.989> Iter 685 time: 257.372 ms
[gpt_2] [Rank 0] <19:01:13.233> Iter 686 time: 243.197 ms
[gpt_2] [Rank 0] <19:01:13.489> Iter 687 time: 256.746 ms
[gpt_2] [Rank 0] <19:01:13.764> Iter 688 time: 274.878 ms
[gpt_2] [Rank 0] <19:01:14.012> Iter 689 time: 247.803 ms
[gpt_2] [Rank 0] <19:01:14.308> Iter 690 time: 296.208 ms
[gpt_2] (mean, median, min, max) = (231.295858ms, 234.923462ms, 99.032174ms, 317.995527ms)
[gpt_2] [Rank 0] <19:01:14.566> Iter 691 time: 257.585 ms
[gpt_2] [Rank 0] <19:01:14.773> Iter 692 time: 206.7 ms
[gpt_2] [Rank 0] <19:01:15.001> Iter 693 time: 228.038 ms
[gpt_2] [Rank 0] <19:01:15.216> Iter 694 time: 215.463 ms
[gpt_2] [Rank 0] <19:01:15.453> Iter 695 time: 237.326 ms
[gpt_2] [Rank 0] <19:01:15.656> Iter 696 time: 202.672 ms
[gpt_2] [Rank 0] <19:01:15.913> Iter 697 time: 257.352 ms
[gpt_2] [Rank 0] <19:01:16.212> Iter 698 time: 298.993 ms
[gpt_2] [Rank 0] <19:01:16.457> Iter 699 time: 244.209 ms
[gpt_2] [Rank 0] <19:01:16.733> Iter 700 time: 276.792 ms
[gpt_2] [Rank 0] <19:01:16.996> Iter 701 time: 262.649 ms
[gpt_2] [Rank 0] <19:01:17.232> Iter 702 time: 236.009 ms
[gpt_2] [Rank 0] <19:01:17.545> Iter 703 time: 312.589 ms
[gpt_2] [Rank 0] <19:01:17.773> Iter 704 time: 228.776 ms
[gpt_2] [Rank 0] <19:01:18.013> Iter 705 time: 239.972 ms
[gpt_2] [Rank 0] <19:01:18.288> Iter 706 time: 274.657 ms
[gpt_2] [Rank 0] <19:01:18.540> Iter 707 time: 252 ms
[gpt_2] [Rank 0] <19:01:18.832> Iter 708 time: 292.318 ms
[gpt_2] [Rank 0] <19:01:19.092> Iter 709 time: 260 ms
[gpt_2] [Rank 0] <19:01:19.369> Iter 710 time: 277.048 ms
[gpt_2] [Rank 0] <19:01:19.570> Iter 711 time: 200.602 ms
[gpt_2] [Rank 0] <19:01:19.800> Iter 712 time: 230.393 ms
[gpt_2] [Rank 0] <19:01:20.089> Iter 713 time: 288.969 ms
[gpt_2] [Rank 0] <19:01:20.318> Iter 714 time: 228.713 ms
[gpt_2] [Rank 0] <19:01:20.576> Iter 715 time: 258.334 ms
[gpt_2] [Rank 0] <19:01:20.840> Iter 716 time: 263.622 ms
[gpt_2] [Rank 0] <19:01:21.099> Iter 717 time: 258.558 ms
[gpt_2] [Rank 0] <19:01:21.356> Iter 718 time: 257.433 ms
[gpt_2] [Rank 0] <19:01:21.528> Iter 719 time: 172.003 ms
[gpt_2] [Rank 0] <19:01:21.796> Iter 720 time: 268.304 ms
[gpt_2] (mean, median, min, max) = (232.080456ms, 236.039419ms, 99.032174ms, 317.995527ms)
[gpt_2] [Rank 0] <19:01:22.000> Iter 721 time: 203.801 ms
[gpt_2] [Rank 0] <19:01:22.288> Iter 722 time: 287.892 ms
[gpt_2] [Rank 0] <19:01:22.540> Iter 723 time: 252.368 ms
[gpt_2] [Rank 0] <19:01:22.817> Iter 724 time: 276.977 ms
[gpt_2] [Rank 0] <19:01:23.069> Iter 725 time: 252.016 ms
[gpt_2] [Rank 0] <19:01:23.310> Iter 726 time: 240.98 ms
[gpt_2] [Rank 0] <19:01:23.604> Iter 727 time: 294.019 ms
[gpt_2] [Rank 0] <19:01:23.884> Iter 728 time: 279.636 ms
[gpt_2] [Rank 0] <19:01:24.140> Iter 729 time: 256.319 ms
[gpt_2] [Rank 0] <19:01:24.421> Iter 730 time: 281.025 ms
[gpt_2] [Rank 0] <19:01:24.688> Iter 731 time: 266.653 ms
[gpt_2] [Rank 0] <19:01:24.980> Iter 732 time: 292.328 ms
[gpt_2] [Rank 0] <19:01:25.233> Iter 733 time: 253.015 ms
[gpt_2] [Rank 0] <19:01:25.545> Iter 734 time: 311.21 ms
[gpt_2] [Rank 0] <19:01:25.821> Iter 735 time: 276.814 ms
[gpt_2] [Rank 0] <19:01:26.127> Iter 736 time: 305.386 ms
[gpt_2] [Rank 0] <19:01:26.390> Iter 737 time: 263.224 ms
[gpt_2] [Rank 0] <19:01:26.645> Iter 738 time: 255.369 ms
[gpt_2] [Rank 0] <19:01:26.921> Iter 739 time: 275.216 ms
[gpt_2] [Rank 0] <19:01:27.192> Iter 740 time: 271.44 ms
[gpt_2] [Rank 0] <19:01:27.448> Iter 741 time: 255.937 ms
[gpt_2] [Rank 0] <19:01:27.745> Iter 742 time: 296.609 ms
[gpt_2] [Rank 0] <19:01:27.984> Iter 743 time: 239.646 ms
[gpt_2] [Rank 0] <19:01:28.244> Iter 744 time: 259.803 ms
[gpt_2] [Rank 0] <19:01:28.513> Iter 745 time: 268.56 ms
[gpt_2] [Rank 0] <19:01:28.769> Iter 746 time: 256.772 ms
[gpt_2] [Rank 0] <19:01:29.048> Iter 747 time: 279.035 ms
[gpt_2] [Rank 0] <19:01:29.273> Iter 748 time: 225.014 ms
[gpt_2] [Rank 0] <19:01:29.568> Iter 749 time: 294.95 ms
[gpt_2] [Rank 0] <19:01:29.790> Iter 750 time: 221.23 ms
[gpt_2] (mean, median, min, max) = (233.492575ms, 239.145469ms, 99.032174ms, 317.995527ms)
[gpt_2] [Rank 0] <19:01:30.061> Iter 751 time: 271.228 ms
[gpt_2] [Rank 0] <19:01:30.329> Iter 752 time: 267.782 ms
[gpt_2] [Rank 0] <19:01:30.584> Iter 753 time: 255.626 ms
[gpt_2] [Rank 0] <19:01:30.830> Iter 754 time: 245.583 ms
[gpt_2] [Rank 0] <19:01:31.149> Iter 755 time: 319.574 ms
[gpt_2] [Rank 0] <19:01:31.456> Iter 756 time: 306.635 ms
[gpt_2] [Rank 0] <19:01:31.728> Iter 757 time: 272.308 ms
[gpt_2] [Rank 0] <19:01:32.021> Iter 758 time: 293.068 ms
[gpt_2] [Rank 0] <19:01:32.232> Iter 759 time: 210.292 ms
[gpt_2] [Rank 0] <19:01:32.536> Iter 760 time: 304.33 ms
[gpt_2] [Rank 0] <19:01:32.833> Iter 761 time: 297.38 ms
[gpt_2] [Rank 0] <19:01:33.090> Iter 762 time: 256.511 ms
[gpt_2] [Rank 0] <19:01:33.341> Iter 763 time: 250.547 ms
[gpt_2] [Rank 0] <19:01:33.593> Iter 764 time: 252.12 ms
[gpt_2] [Rank 0] <19:01:33.844> Iter 765 time: 251.435 ms
[gpt_2] [Rank 0] <19:01:34.113> Iter 766 time: 269.386 ms
[gpt_2] [Rank 0] <19:01:34.373> Iter 767 time: 259.972 ms
[gpt_2] [Rank 0] <19:01:34.644> Iter 768 time: 270.862 ms
[gpt_2] [Rank 0] <19:01:34.898> Iter 769 time: 253.72 ms
[gpt_2] [Rank 0] <19:01:35.073> Iter 770 time: 174.566 ms
[gpt_2] [Rank 0] <19:01:35.348> Iter 771 time: 275.831 ms
[gpt_2] [Rank 0] <19:01:35.602> Iter 772 time: 253.182 ms
[gpt_2] [Rank 0] <19:01:35.901> Iter 773 time: 298.923 ms
[gpt_2] [Rank 0] <19:01:36.153> Iter 774 time: 252.946 ms
[gpt_2] [Rank 0] <19:01:36.436> Iter 775 time: 282.612 ms
[gpt_2] [Rank 0] <19:01:36.598> Iter 776 time: 162.432 ms
[gpt_2] [Rank 0] <19:01:36.840> Iter 777 time: 241.95 ms
[gpt_2] [Rank 0] <19:01:37.058> Iter 778 time: 217.877 ms
[gpt_2] [Rank 0] <19:01:37.224> Iter 779 time: 165.741 ms
[gpt_2] [Rank 0] <19:01:37.457> Iter 780 time: 232.978 ms
[gpt_2] (mean, median, min, max) = (234.364465ms, 239.999738ms, 99.032174ms, 319.574713ms)
[gpt_2] [Rank 0] <19:01:37.724> Iter 781 time: 267.012 ms
[gpt_2] [Rank 0] <19:01:37.981> Iter 782 time: 256.581 ms
[gpt_2] [Rank 0] <19:01:38.204> Iter 783 time: 223.837 ms
[gpt_2] [Rank 0] <19:01:38.441> Iter 784 time: 236.974 ms
[gpt_2] [Rank 0] <19:01:38.644> Iter 785 time: 202.212 ms
[gpt_2] [Rank 0] <19:01:38.844> Iter 786 time: 199.969 ms
[gpt_2] [Rank 0] <19:01:39.104> Iter 787 time: 260.431 ms
[gpt_2] [Rank 0] <19:01:39.289> Iter 788 time: 185.044 ms
[gpt_2] [Rank 0] <19:01:39.481> Iter 789 time: 192.311 ms
[gpt_2] [Rank 0] <19:01:39.737> Iter 790 time: 256.047 ms
[gpt_2] [Rank 0] <19:01:40.028> Iter 791 time: 290.686 ms
[gpt_2] [Rank 0] <19:01:40.248> Iter 792 time: 219.994 ms
[gpt_2] [Rank 0] <19:01:40.481> Iter 793 time: 232.48 ms
[gpt_2] [Rank 0] <19:01:40.656> Iter 794 time: 175.859 ms
[gpt_2] [Rank 0] <19:01:40.887> Iter 795 time: 230.742 ms
[gpt_2] [Rank 0] <19:01:41.164> Iter 796 time: 277.166 ms
[gpt_2] [Rank 0] <19:01:41.384> Iter 797 time: 219.667 ms
[gpt_2] [Rank 0] <19:01:41.645> Iter 798 time: 260.557 ms
[gpt_2] [Rank 0] <19:01:41.883> Iter 799 time: 238.599 ms
[gpt_2] [Rank 0] <19:01:42.145> Iter 800 time: 262.193 ms
[gpt_2] [Rank 0] <19:01:42.406> Iter 801 time: 260.248 ms
[gpt_2] [Rank 0] <19:01:42.662> Iter 802 time: 256.156 ms
[gpt_2] [Rank 0] <19:01:42.885> Iter 803 time: 223.637 ms
[gpt_2] [Rank 0] <19:01:43.110> Iter 804 time: 224.215 ms
[gpt_2] [Rank 0] <19:01:43.361> Iter 805 time: 251.552 ms
[gpt_2] [Rank 0] <19:01:43.564> Iter 806 time: 202.659 ms
[gpt_2] [Rank 0] <19:01:43.825> Iter 807 time: 260.712 ms
[gpt_2] [Rank 0] <19:01:44.068> Iter 808 time: 243.886 ms
[gpt_2] [Rank 0] <19:01:44.310> Iter 809 time: 241.953 ms
[gpt_2] [Rank 0] <19:01:44.548> Iter 810 time: 238.06 ms
[gpt_2] (mean, median, min, max) = (234.441073ms, 239.986105ms, 99.032174ms, 319.574713ms)
[gpt_2] [Rank 0] <19:01:44.840> Iter 811 time: 291.896 ms
[gpt_2] [Rank 0] <19:01:45.029> Iter 812 time: 188.922 ms
[gpt_2] [Rank 0] <19:01:45.276> Iter 813 time: 246.199 ms
[gpt_2] [Rank 0] <19:01:45.545> Iter 814 time: 269.882 ms
[gpt_2] [Rank 0] <19:01:45.788> Iter 815 time: 243.094 ms
[gpt_2] [Rank 0] <19:01:46.013> Iter 816 time: 224.064 ms
[gpt_2] [Rank 0] <19:01:46.213> Iter 817 time: 200.716 ms
[gpt_2] [Rank 0] <19:01:46.452> Iter 818 time: 238.451 ms
[gpt_2] [Rank 0] <19:01:46.690> Iter 819 time: 238.503 ms
[gpt_2] [Rank 0] <19:01:46.972> Iter 820 time: 282.158 ms
[gpt_2] [Rank 0] <19:01:47.196> Iter 821 time: 223.674 ms
[gpt_2] [Rank 0] <19:01:47.413> Iter 822 time: 216.932 ms
[gpt_2] [Rank 0] <19:01:47.555> Iter 823 time: 141.83 ms
[gpt_2] [Rank 0] <19:01:47.748> Iter 824 time: 193.552 ms
[gpt_2] [Rank 0] <19:01:47.968> Iter 825 time: 219.902 ms
[gpt_2] [Rank 0] <19:01:48.176> Iter 826 time: 207.266 ms
[gpt_2] [Rank 0] <19:01:48.469> Iter 827 time: 293.098 ms
[gpt_2] [Rank 0] <19:01:48.634> Iter 828 time: 165.504 ms
[gpt_2] [Rank 0] <19:01:48.816> Iter 829 time: 181.917 ms
[gpt_2] [Rank 0] <19:01:49.071> Iter 830 time: 254.96 ms
[gpt_2] [Rank 0] <19:01:49.349> Iter 831 time: 277.581 ms
[gpt_2] [Rank 0] <19:01:49.597> Iter 832 time: 248.821 ms
[gpt_2] [Rank 0] <19:01:49.871> Iter 833 time: 273.776 ms
[gpt_2] [Rank 0] <19:01:50.113> Iter 834 time: 242.231 ms
[gpt_2] [Rank 0] <19:01:50.348> Iter 835 time: 234.958 ms
[gpt_2] [Rank 0] <19:01:50.601> Iter 836 time: 253.013 ms
[gpt_2] [Rank 0] <19:01:50.856> Iter 837 time: 254.648 ms
[gpt_2] [Rank 0] <19:01:51.097> Iter 838 time: 241.377 ms
[gpt_2] [Rank 0] <19:01:51.312> Iter 839 time: 215.041 ms
[gpt_2] [Rank 0] <19:01:51.584> Iter 840 time: 271.583 ms
[gpt_2] (mean, median, min, max) = (234.443919ms, 239.986105ms, 99.032174ms, 319.574713ms)
[gpt_2] [Rank 0] <19:01:51.822> Iter 841 time: 237.899 ms
[gpt_2] [Rank 0] <19:01:51.983> Iter 842 time: 161.161 ms
[gpt_2] [Rank 0] <19:01:52.184> Iter 843 time: 200.401 ms
[gpt_2] [Rank 0] <19:01:52.421> Iter 844 time: 237.511 ms
[gpt_2] [Rank 0] <19:01:52.658> Iter 845 time: 237.006 ms
[gpt_2] [Rank 0] <19:01:52.916> Iter 846 time: 258.33 ms
[gpt_2] [Rank 0] <19:01:53.172> Iter 847 time: 256.101 ms
[gpt_2] [Rank 0] <19:01:53.411> Iter 848 time: 238.721 ms
[gpt_2] [Rank 0] <19:01:53.655> Iter 849 time: 243.356 ms
[gpt_2] [Rank 0] <19:01:53.881> Iter 850 time: 226.883 ms
[gpt_2] [Rank 0] <19:01:54.177> Iter 851 time: 296.008 ms
[gpt_2] [Rank 0] <19:01:54.439> Iter 852 time: 261.704 ms
[gpt_2] [Rank 0] <19:01:54.683> Iter 853 time: 243.459 ms
[gpt_2] [Rank 0] <19:01:54.928> Iter 854 time: 245.878 ms
[gpt_2] [Rank 0] <19:01:55.180> Iter 855 time: 251.906 ms
[gpt_2] [Rank 0] <19:01:55.361> Iter 856 time: 181.007 ms
[gpt_2] [Rank 0] <19:01:55.581> Iter 857 time: 220.016 ms
[gpt_2] [Rank 0] <19:01:55.824> Iter 858 time: 242.977 ms
[gpt_2] [Rank 0] <19:01:56.102> Iter 859 time: 277.586 ms
[gpt_2] [Rank 0] <19:01:56.301> Iter 860 time: 199.332 ms
[gpt_2] [Rank 0] <19:01:56.541> Iter 861 time: 240.12 ms
[gpt_2] [Rank 0] <19:01:56.805> Iter 862 time: 263.197 ms
[gpt_2] [Rank 0] <19:01:57.057> Iter 863 time: 252.784 ms
[gpt_2] [Rank 0] <19:01:57.301> Iter 864 time: 244 ms
[gpt_2] [Rank 0] <19:01:57.564> Iter 865 time: 262.547 ms
[gpt_2] [Rank 0] <19:01:57.824> Iter 866 time: 260.464 ms
[gpt_2] [Rank 0] <19:01:58.060> Iter 867 time: 235.582 ms
[gpt_2] [Rank 0] <19:01:58.325> Iter 868 time: 265.428 ms
[gpt_2] [Rank 0] <19:01:58.533> Iter 869 time: 207.172 ms
[gpt_2] [Rank 0] <19:01:58.784> Iter 870 time: 251.774 ms
[gpt_2] (mean, median, min, max) = (234.640399ms, 240.000634ms, 99.032174ms, 319.574713ms)
[gpt_2] [Rank 0] <19:01:59.005> Iter 871 time: 220.642 ms
[gpt_2] [Rank 0] <19:01:59.260> Iter 872 time: 255.372 ms
[gpt_2] [Rank 0] <19:01:59.460> Iter 873 time: 200.036 ms
[gpt_2] [Rank 0] <19:01:59.708> Iter 874 time: 247.073 ms
[gpt_2] [Rank 0] <19:01:59.981> Iter 875 time: 273.918 ms
[gpt_2] [Rank 0] <19:02:00.224> Iter 876 time: 243 ms
[gpt_2] [Rank 0] <19:02:00.404> Iter 877 time: 179.623 ms
[gpt_2] [Rank 0] <19:02:00.584> Iter 878 time: 179.663 ms
[gpt_2] [Rank 0] <19:02:00.861> Iter 879 time: 276.901 ms
[gpt_2] [Rank 0] <19:02:01.109> Iter 880 time: 248.37 ms
[gpt_2] [Rank 0] <19:02:01.361> Iter 881 time: 252.413 ms
[gpt_2] [Rank 0] <19:02:01.585> Iter 882 time: 223.624 ms
[gpt_2] [Rank 0] <19:02:01.864> Iter 883 time: 279.033 ms
[gpt_2] [Rank 0] <19:02:02.132> Iter 884 time: 268.116 ms
[gpt_2] [Rank 0] <19:02:02.309> Iter 885 time: 176.474 ms
[gpt_2] [Rank 0] <19:02:02.585> Iter 886 time: 276.772 ms
[gpt_2] [Rank 0] <19:02:02.866> Iter 887 time: 280.627 ms
[gpt_2] [Rank 0] <19:02:03.129> Iter 888 time: 262.568 ms
[gpt_2] [Rank 0] <19:02:03.353> Iter 889 time: 223.88 ms
[gpt_2] [Rank 0] <19:02:03.569> Iter 890 time: 216.137 ms
[gpt_2] [Rank 0] <19:02:03.756> Iter 891 time: 187.426 ms
[gpt_2] [Rank 0] <19:02:04.004> Iter 892 time: 248.316 ms
[gpt_2] [Rank 0] <19:02:04.228> Iter 893 time: 223.999 ms
[gpt_2] [Rank 0] <19:02:04.509> Iter 894 time: 281.05 ms
[gpt_2] [Rank 0] <19:02:04.764> Iter 895 time: 254.973 ms
[gpt_2] [Rank 0] <19:02:05.018> Iter 896 time: 253.907 ms
[gpt_2] [Rank 0] <19:02:05.209> Iter 897 time: 191.122 ms
[gpt_2] [Rank 0] <19:02:05.476> Iter 898 time: 266.506 ms
[gpt_2] [Rank 0] <19:02:05.748> Iter 899 time: 272.324 ms
[gpt_2] [Rank 0] <19:02:06.029> Iter 900 time: 280.34 ms
[gpt_2] (mean, median, min, max) = (234.873362ms, 240.005742ms, 99.032174ms, 319.574713ms)
[gpt_2] [Rank 0] <19:02:06.290> Iter 901 time: 261.219 ms
[gpt_2] [Rank 0] <19:02:06.518> Iter 902 time: 228.451 ms
[gpt_2] [Rank 0] <19:02:06.709> Iter 903 time: 190.362 ms
[gpt_2] [Rank 0] <19:02:06.945> Iter 904 time: 236.742 ms
[gpt_2] [Rank 0] <19:02:07.193> Iter 905 time: 248.045 ms
[gpt_2] [Rank 0] <19:02:07.394> Iter 906 time: 200.851 ms
[gpt_2] [Rank 0] <19:02:07.593> Iter 907 time: 199.153 ms
[gpt_2] [Rank 0] <19:02:07.893> Iter 908 time: 299.997 ms
[gpt_2] [Rank 0] <19:02:08.116> Iter 909 time: 222.962 ms
[gpt_2] [Rank 0] <19:02:08.340> Iter 910 time: 224.006 ms
[gpt_2] [Rank 0] <19:02:08.644> Iter 911 time: 304.089 ms
[gpt_2] [Rank 0] <19:02:08.856> Iter 912 time: 211.135 ms
[gpt_2] [Rank 0] <19:02:09.029> Iter 913 time: 173.498 ms
[gpt_2] [Rank 0] <19:02:09.297> Iter 914 time: 268.289 ms
[gpt_2] [Rank 0] <19:02:09.545> Iter 915 time: 247.196 ms
[gpt_2] [Rank 0] <19:02:09.772> Iter 916 time: 227.781 ms
[gpt_2] [Rank 0] <19:02:10.017> Iter 917 time: 245.038 ms
[gpt_2] [Rank 0] <19:02:10.317> Iter 918 time: 300.007 ms
[gpt_2] [Rank 0] <19:02:10.569> Iter 919 time: 251.44 ms
[gpt_2] [Rank 0] <19:02:10.813> Iter 920 time: 244.142 ms
[gpt_2] [Rank 0] <19:02:11.077> Iter 921 time: 263.48 ms
[gpt_2] [Rank 0] <19:02:11.297> Iter 922 time: 220.372 ms
[gpt_2] [Rank 0] <19:02:11.549> Iter 923 time: 252.532 ms
[gpt_2] [Rank 0] <19:02:11.797> Iter 924 time: 247.201 ms
[gpt_2] [Rank 0] <19:02:12.097> Iter 925 time: 300.811 ms
[gpt_2] [Rank 0] <19:02:12.280> Iter 926 time: 182.985 ms
[gpt_2] [Rank 0] <19:02:12.510> Iter 927 time: 230.037 ms
[gpt_2] [Rank 0] <19:02:12.741> Iter 928 time: 230.99 ms
[gpt_2] [Rank 0] <19:02:13.006> Iter 929 time: 264.554 ms
[gpt_2] [Rank 0] <19:02:13.260> Iter 930 time: 254.184 ms
[gpt_2] (mean, median, min, max) = (235.077059ms, 240.034895ms, 99.032174ms, 319.574713ms)
[gpt_2] [Rank 0] <19:02:13.463> Iter 931 time: 202.849 ms
[gpt_2] [Rank 0] <19:02:13.721> Iter 932 time: 258.397 ms
[gpt_2] [Rank 0] <19:02:13.980> Iter 933 time: 258.642 ms
[gpt_2] [Rank 0] <19:02:14.220> Iter 934 time: 240.329 ms
[gpt_2] [Rank 0] <19:02:14.525> Iter 935 time: 305.041 ms
[gpt_2] [Rank 0] <19:02:14.793> Iter 936 time: 267.594 ms
[gpt_2] [Rank 0] <19:02:15.008> Iter 937 time: 215.03 ms
[gpt_2] [Rank 0] <19:02:15.284> Iter 938 time: 276.353 ms
[gpt_2] [Rank 0] <19:02:15.468> Iter 939 time: 183.113 ms
[gpt_2] [Rank 0] <19:02:15.703> Iter 940 time: 235.75 ms
[gpt_2] [Rank 0] <19:02:15.925> Iter 941 time: 222.147 ms
[gpt_2] [Rank 0] <19:02:16.204> Iter 942 time: 278.171 ms
[gpt_2] [Rank 0] <19:02:16.356> Iter 943 time: 152.468 ms
[gpt_2] [Rank 0] <19:02:16.587> Iter 944 time: 230.975 ms
[gpt_2] [Rank 0] <19:02:16.852> Iter 945 time: 265.027 ms
[gpt_2] [Rank 0] <19:02:17.059> Iter 946 time: 206.723 ms
[gpt_2] [Rank 0] <19:02:17.329> Iter 947 time: 270.637 ms
[gpt_2] [Rank 0] <19:02:17.508> Iter 948 time: 178.904 ms
[gpt_2] [Rank 0] <19:02:17.753> Iter 949 time: 244.188 ms
[gpt_2] [Rank 0] <19:02:17.987> Iter 950 time: 234.766 ms
[gpt_2] [Rank 0] <19:02:18.228> Iter 951 time: 241.095 ms
[gpt_2] [Rank 0] <19:02:18.428> Iter 952 time: 200.071 ms
[gpt_2] [Rank 0] <19:02:18.634> Iter 953 time: 205.833 ms
[gpt_2] [Rank 0] <19:02:18.884> Iter 954 time: 250.189 ms
[gpt_2] [Rank 0] <19:02:19.089> Iter 955 time: 204.959 ms
[gpt_2] [Rank 0] <19:02:19.309> Iter 956 time: 219.296 ms
[gpt_2] [Rank 0] <19:02:19.505> Iter 957 time: 196.057 ms
[gpt_2] [Rank 0] <19:02:19.788> Iter 958 time: 283.381 ms
[gpt_2] [Rank 0] <19:02:19.995> Iter 959 time: 206.84 ms
[gpt_2] [Rank 0] <19:02:20.205> Iter 960 time: 210.422 ms
[gpt_2] (mean, median, min, max) = (234.963174ms, 240.001725ms, 99.032174ms, 319.574713ms)
[gpt_2] [Rank 0] <19:02:20.412> Iter 961 time: 206.625 ms
[gpt_2] [Rank 0] <19:02:20.649> Iter 962 time: 236.58 ms
[gpt_2] [Rank 0] <19:02:20.893> Iter 963 time: 244.106 ms
[gpt_2] [Rank 0] <19:02:21.071> Iter 964 time: 178.72 ms
[gpt_2] [Rank 0] <19:02:21.367> Iter 965 time: 295.733 ms
[gpt_2] [Rank 0] <19:02:21.589> Iter 966 time: 221.588 ms
[gpt_2] [Rank 0] <19:02:21.794> Iter 967 time: 205.317 ms
[gpt_2] [Rank 0] <19:02:22.029> Iter 968 time: 234.488 ms
[gpt_2] [Rank 0] <19:02:22.313> Iter 969 time: 284.85 ms
[gpt_2] [Rank 0] <19:02:22.492> Iter 970 time: 178.263 ms
[gpt_2] [Rank 0] <19:02:22.765> Iter 971 time: 273.699 ms
[gpt_2] [Rank 0] <19:02:23.092> Iter 972 time: 326.656 ms
[gpt_2] [Rank 0] <19:02:23.345> Iter 973 time: 253.333 ms
[gpt_2] [Rank 0] <19:02:23.636> Iter 974 time: 290.667 ms
[gpt_2] [Rank 0] <19:02:23.892> Iter 975 time: 256.383 ms
[gpt_2] [Rank 0] <19:02:24.193> Iter 976 time: 300.981 ms
[gpt_2] [Rank 0] <19:02:24.448> Iter 977 time: 254.637 ms
[gpt_2] [Rank 0] <19:02:24.716> Iter 978 time: 267.999 ms
[gpt_2] [Rank 0] <19:02:24.965> Iter 979 time: 249.145 ms
[gpt_2] [Rank 0] <19:02:25.236> Iter 980 time: 270.85 ms
[gpt_2] [Rank 0] <19:02:25.540> Iter 981 time: 303.996 ms
[gpt_2] [Rank 0] <19:02:25.756> Iter 982 time: 216.004 ms
[gpt_2] [Rank 0] <19:02:26.013> Iter 983 time: 257.377 ms
[gpt_2] [Rank 0] <19:02:26.313> Iter 984 time: 299.996 ms
[gpt_2] [Rank 0] <19:02:26.619> Iter 985 time: 305.23 ms
[gpt_2] [Rank 0] <19:02:26.876> Iter 986 time: 257.27 ms
[gpt_2] [Rank 0] <19:02:27.156> Iter 987 time: 280.442 ms
[gpt_2] [Rank 0] <19:02:27.340> Iter 988 time: 183.573 ms
[gpt_2] [Rank 0] <19:02:27.637> Iter 989 time: 296.659 ms
[gpt_2] [Rank 0] <19:02:27.912> Iter 990 time: 275.794 ms
[gpt_2] (mean, median, min, max) = (235.641607ms, 240.226337ms, 99.032174ms, 326.656207ms)
[gpt_2] [Rank 0] <19:02:28.157> Iter 991 time: 245.015 ms
[gpt_2] [Rank 0] <19:02:28.472> Iter 992 time: 314.946 ms
[gpt_2] [Rank 0] <19:02:28.718> Iter 993 time: 245.956 ms
[gpt_2] [Rank 0] <19:02:28.957> Iter 994 time: 239.103 ms
[gpt_2] [Rank 0] <19:02:29.276> Iter 995 time: 318.966 ms
[gpt_2] [Rank 0] <19:02:29.541> Iter 996 time: 265.043 ms
[gpt_2] [Rank 0] <19:02:29.817> Iter 997 time: 276.006 ms
[gpt_2] [Rank 0] <19:02:30.100> Iter 998 time: 282.615 ms
[gpt_2] [Rank 0] <19:02:30.401> Iter 999 time: 301.372 ms
[gpt_2] [Rank 0] <19:02:30.661> Iter 1000 time: 260.01 ms
[gpt_2] [Rank 0] <19:02:30.924> Iter 1001 time: 262.624 ms
[gpt_2] [Rank 0] <19:02:31.200> Iter 1002 time: 275.994 ms
[gpt_2] [Rank 0] <19:02:31.464> Iter 1003 time: 263.996 ms
[gpt_2] [Rank 0] <19:02:31.745> Iter 1004 time: 280.544 ms
[gpt_2] [Rank 0] <19:02:32.025> Iter 1005 time: 280.827 ms
[gpt_2] [Rank 0] <19:02:32.321> Iter 1006 time: 295.171 ms
[gpt_2] [Rank 0] <19:02:32.543> Iter 1007 time: 222.654 ms
[gpt_2] [Rank 0] <19:02:32.703> Iter 1008 time: 159.385 ms
[gpt_2] [Rank 0] <19:02:32.984> Iter 1009 time: 281.415 ms
[gpt_2] [Rank 0] <19:02:33.213> Iter 1010 time: 229.371 ms
[gpt_2] [Rank 0] <19:02:33.448> Iter 1011 time: 234.63 ms
[gpt_2] [Rank 0] <19:02:33.745> Iter 1012 time: 297.39 ms
[gpt_2] [Rank 0] <19:02:34.008> Iter 1013 time: 262.604 ms
[gpt_2] [Rank 0] <19:02:34.301> Iter 1014 time: 293.376 ms
[gpt_2] [Rank 0] <19:02:34.564> Iter 1015 time: 262.957 ms
[gpt_2] [Rank 0] <19:02:34.775> Iter 1016 time: 210.903 ms
[gpt_2] [Rank 0] <19:02:35.046> Iter 1017 time: 270.612 ms
[gpt_2] [Rank 0] <19:02:35.348> Iter 1018 time: 302.416 ms
[gpt_2] [Rank 0] <19:02:35.625> Iter 1019 time: 277.097 ms
[gpt_2] [Rank 0] <19:02:35.937> Iter 1020 time: 311.212 ms
[gpt_2] (mean, median, min, max) = (236.596584ms, 241.236486ms, 99.032174ms, 326.656207ms)
[gpt_2] [Rank 0] <19:02:36.188> Iter 1021 time: 251.724 ms
[gpt_2] [Rank 0] <19:02:36.388> Iter 1022 time: 199.598 ms
[gpt_2] [Rank 0] <19:02:36.617> Iter 1023 time: 229.267 ms
[gpt_2] [Rank 0] <19:02:36.869> Iter 1024 time: 252.217 ms
[gpt_2] [Rank 0] <19:02:37.149> Iter 1025 time: 279.179 ms
[gpt_2] [Rank 0] <19:02:37.388> Iter 1026 time: 239.35 ms
[gpt_2] [Rank 0] <19:02:37.663> Iter 1027 time: 275.247 ms
[gpt_2] [Rank 0] <19:02:37.912> Iter 1028 time: 248.749 ms
[gpt_2] [Rank 0] <19:02:38.189> Iter 1029 time: 276.645 ms
[gpt_2] [Rank 0] <19:02:38.457> Iter 1030 time: 268.005 ms
[gpt_2] [Rank 0] <19:02:38.732> Iter 1031 time: 275.442 ms
[gpt_2] [Rank 0] <19:02:38.952> Iter 1032 time: 220.324 ms
[gpt_2] [Rank 0] <19:02:39.192> Iter 1033 time: 239.67 ms
[gpt_2] [Rank 0] <19:02:39.409> Iter 1034 time: 217.375 ms
[gpt_2] [Rank 0] <19:02:39.652> Iter 1035 time: 242.734 ms
[gpt_2] [Rank 0] <19:02:39.908> Iter 1036 time: 256.225 ms
[gpt_2] [Rank 0] <19:02:40.140> Iter 1037 time: 231.665 ms
[gpt_2] [Rank 0] <19:02:40.356> Iter 1038 time: 215.962 ms
[gpt_2] [Rank 0] <19:02:40.580> Iter 1039 time: 224.041 ms
[gpt_2] [Rank 0] <19:02:40.815> Iter 1040 time: 234.847 ms
[gpt_2] [Rank 0] <19:02:41.034> Iter 1041 time: 219.137 ms
[gpt_2] [Rank 0] <19:02:41.276> Iter 1042 time: 242.057 ms
[gpt_2] [Rank 0] <19:02:41.573> Iter 1043 time: 296.818 ms
[gpt_2] [Rank 0] <19:02:41.775> Iter 1044 time: 201.859 ms
[gpt_2] [Rank 0] <19:02:41.992> Iter 1045 time: 217.541 ms
[gpt_2] [Rank 0] <19:02:42.213> Iter 1046 time: 221.097 ms
[gpt_2] [Rank 0] <19:02:42.475> Iter 1047 time: 261.194 ms
[gpt_2] [Rank 0] <19:02:42.733> Iter 1048 time: 258.001 ms
[gpt_2] [Rank 0] <19:02:42.990> Iter 1049 time: 257.464 ms
[gpt_2] [Rank 0] <19:02:43.236> Iter 1050 time: 246.319 ms
[gpt_2] (mean, median, min, max) = (236.792575ms, 241.381261ms, 99.032174ms, 326.656207ms)
[gpt_2] [Rank 0] <19:02:43.413> Iter 1051 time: 177.028 ms
[gpt_2] [Rank 0] <19:02:43.640> Iter 1052 time: 226.631 ms
[gpt_2] [Rank 0] <19:02:43.864> Iter 1053 time: 224.321 ms
[gpt_2] [Rank 0] <19:02:44.137> Iter 1054 time: 272.242 ms
[gpt_2] [Rank 0] <19:02:44.357> Iter 1055 time: 220.13 ms
[gpt_2] [Rank 0] <19:02:44.641> Iter 1056 time: 284.667 ms
[gpt_2] [Rank 0] <19:02:44.872> Iter 1057 time: 230.959 ms
[gpt_2] [Rank 0] <19:02:45.157> Iter 1058 time: 285.053 ms
[gpt_2] [Rank 0] <19:02:45.403> Iter 1059 time: 245.34 ms
[gpt_2] [Rank 0] <19:02:45.673> Iter 1060 time: 269.748 ms
[gpt_2] [Rank 0] <19:02:45.873> Iter 1061 time: 200.178 ms
[gpt_2] [Rank 0] <19:02:46.117> Iter 1062 time: 244.69 ms
[gpt_2] [Rank 0] <19:02:46.381> Iter 1063 time: 264.004 ms
[gpt_2] [Rank 0] <19:02:46.601> Iter 1064 time: 219.755 ms
[gpt_2] [Rank 0] <19:02:46.773> Iter 1065 time: 171.47 ms
[gpt_2] [Rank 0] <19:02:47.004> Iter 1066 time: 231.435 ms
[gpt_2] [Rank 0] <19:02:47.261> Iter 1067 time: 256.545 ms
[gpt_2] [Rank 0] <19:02:47.440> Iter 1068 time: 179.654 ms
[gpt_2] [Rank 0] <19:02:47.621> Iter 1069 time: 180.446 ms
[gpt_2] [Rank 0] <19:02:47.845> Iter 1070 time: 224.08 ms
[gpt_2] [Rank 0] <19:02:48.061> Iter 1071 time: 215.832 ms
[gpt_2] [Rank 0] <19:02:48.261> Iter 1072 time: 200.274 ms
[gpt_2] [Rank 0] <19:02:48.481> Iter 1073 time: 220.538 ms
[gpt_2] [Rank 0] <19:02:48.745> Iter 1074 time: 263.982 ms
[gpt_2] [Rank 0] <19:02:49.024> Iter 1075 time: 278.645 ms
[gpt_2] [Rank 0] <19:02:49.241> Iter 1076 time: 216.554 ms
[gpt_2] [Rank 0] <19:02:49.521> Iter 1077 time: 280.003 ms
[gpt_2] [Rank 0] <19:02:49.766> Iter 1078 time: 245.418 ms
[gpt_2] [Rank 0] <19:02:49.992> Iter 1079 time: 225.614 ms
[gpt_2] [Rank 0] <19:02:50.265> Iter 1080 time: 272.963 ms
[gpt_2] (mean, median, min, max) = (236.72129ms, 241.044319ms, 99.032174ms, 326.656207ms)
[gpt_2] [Rank 0] <19:02:50.544> Iter 1081 time: 279.772 ms
[gpt_2] [Rank 0] <19:02:50.768> Iter 1082 time: 223.673 ms
[gpt_2] [Rank 0] <19:02:51.048> Iter 1083 time: 280.326 ms
[gpt_2] [Rank 0] <19:02:51.296> Iter 1084 time: 247.671 ms
[gpt_2] [Rank 0] <19:02:51.545> Iter 1085 time: 249.196 ms
[gpt_2] [Rank 0] <19:02:51.805> Iter 1086 time: 259.382 ms
[gpt_2] [Rank 0] <19:02:52.044> Iter 1087 time: 239.747 ms
[gpt_2] [Rank 0] <19:02:52.285> Iter 1088 time: 241.028 ms
[gpt_2] [Rank 0] <19:02:52.525> Iter 1089 time: 240.008 ms
[gpt_2] [Rank 0] <19:02:52.772> Iter 1090 time: 246.718 ms
[gpt_2] [Rank 0] <19:02:53.046> Iter 1091 time: 273.827 ms
[gpt_2] [Rank 0] <19:02:53.272> Iter 1092 time: 226.295 ms
[gpt_2] [Rank 0] <19:02:53.550> Iter 1093 time: 277.728 ms
[gpt_2] [Rank 0] <19:02:53.809> Iter 1094 time: 258.635 ms
[gpt_2] [Rank 0] <19:02:54.069> Iter 1095 time: 260.796 ms
[gpt_2] [Rank 0] <19:02:54.328> Iter 1096 time: 258.963 ms
[gpt_2] [Rank 0] <19:02:54.529> Iter 1097 time: 200.162 ms
[gpt_2] [Rank 0] <19:02:54.809> Iter 1098 time: 280.042 ms
[gpt_2] [Rank 0] <19:02:55.031> Iter 1099 time: 222.679 ms
[gpt_2] [Rank 0] <19:02:55.249> Iter 1100 time: 218.156 ms
[gpt_2] [Rank 0] <19:02:55.489> Iter 1101 time: 239.993 ms
[gpt_2] [Rank 0] <19:02:55.749> Iter 1102 time: 259.484 ms
[gpt_2] [Rank 0] <19:02:56.029> Iter 1103 time: 280.514 ms
[gpt_2] [Rank 0] <19:02:56.253> Iter 1104 time: 223.984 ms
[gpt_2] [Rank 0] <19:02:56.473> Iter 1105 time: 220.003 ms
[gpt_2] [Rank 0] <19:02:56.796> Iter 1106 time: 322.648 ms
[gpt_2] [Rank 0] <19:02:57.072> Iter 1107 time: 276.416 ms
[gpt_2] [Rank 0] <19:02:57.352> Iter 1108 time: 279.902 ms
[gpt_2] [Rank 0] <19:02:57.632> Iter 1109 time: 279.887 ms
[gpt_2] [Rank 0] <19:02:57.893> Iter 1110 time: 260.351 ms
[gpt_2] (mean, median, min, max) = (237.204192ms, 241.820302ms, 99.032174ms, 326.656207ms)
[gpt_2] [Rank 0] <19:02:58.136> Iter 1111 time: 242.899 ms
[gpt_2] [Rank 0] <19:02:58.394> Iter 1112 time: 258.471 ms
[gpt_2] [Rank 0] <19:02:58.685> Iter 1113 time: 291.443 ms
[gpt_2] [Rank 0] <19:02:58.959> Iter 1114 time: 273.195 ms
[gpt_2] [Rank 0] <19:02:59.237> Iter 1115 time: 278.792 ms
[gpt_2] [Rank 0] <19:02:59.496> Iter 1116 time: 258.528 ms
[gpt_2] [Rank 0] <19:02:59.757> Iter 1117 time: 261.485 ms
[gpt_2] [Rank 0] <19:03:00.036> Iter 1118 time: 278.627 ms
[gpt_2] [Rank 0] <19:03:00.277> Iter 1119 time: 240.949 ms
[gpt_2] [Rank 0] <19:03:00.568> Iter 1120 time: 290.755 ms
[gpt_2] [Rank 0] <19:03:00.839> Iter 1121 time: 270.94 ms
[gpt_2] [Rank 0] <19:03:01.113> Iter 1122 time: 273.901 ms
[gpt_2] [Rank 0] <19:03:01.333> Iter 1123 time: 220.807 ms
[gpt_2] [Rank 0] <19:03:01.596> Iter 1124 time: 262.972 ms
[gpt_2] [Rank 0] <19:03:01.877> Iter 1125 time: 280.257 ms
[gpt_2] [Rank 0] <19:03:02.104> Iter 1126 time: 227.412 ms
[gpt_2] [Rank 0] <19:03:02.297> Iter 1127 time: 193.368 ms
[gpt_2] [Rank 0] <19:03:02.540> Iter 1128 time: 242.627 ms
[gpt_2] [Rank 0] <19:03:02.797> Iter 1129 time: 256.584 ms
[gpt_2] [Rank 0] <19:03:03.056> Iter 1130 time: 259.755 ms
[gpt_2] [Rank 0] <19:03:03.239> Iter 1131 time: 182.844 ms
[gpt_2] [Rank 0] <19:03:03.417> Iter 1132 time: 177.307 ms
[gpt_2] [Rank 0] <19:03:03.701> Iter 1133 time: 283.966 ms
[gpt_2] [Rank 0] <19:03:03.980> Iter 1134 time: 279.862 ms
[gpt_2] [Rank 0] <19:03:04.201> Iter 1135 time: 220.627 ms
[gpt_2] [Rank 0] <19:03:04.485> Iter 1136 time: 284.385 ms
[gpt_2] [Rank 0] <19:03:04.736> Iter 1137 time: 251.096 ms
[gpt_2] [Rank 0] <19:03:04.940> Iter 1138 time: 203.457 ms
[gpt_2] [Rank 0] <19:03:05.221> Iter 1139 time: 280.664 ms
[gpt_2] [Rank 0] <19:03:05.461> Iter 1140 time: 240.812 ms
[gpt_2] (mean, median, min, max) = (237.608367ms, 242.681097ms, 99.032174ms, 326.656207ms)
[gpt_2] [Rank 0] <19:03:05.705> Iter 1141 time: 244.015 ms
[gpt_2] [Rank 0] <19:03:05.961> Iter 1142 time: 255.986 ms
[gpt_2] [Rank 0] <19:03:06.211> Iter 1143 time: 249.794 ms
[gpt_2] [Rank 0] <19:03:06.461> Iter 1144 time: 250.212 ms
[gpt_2] [Rank 0] <19:03:06.744> Iter 1145 time: 282.633 ms
[gpt_2] [Rank 0] <19:03:07.008> Iter 1146 time: 264.316 ms
[gpt_2] [Rank 0] <19:03:07.244> Iter 1147 time: 235.583 ms
[gpt_2] [Rank 0] <19:03:07.541> Iter 1148 time: 297.178 ms
[gpt_2] [Rank 0] <19:03:07.777> Iter 1149 time: 235.456 ms
[gpt_2] [Rank 0] <19:03:08.013> Iter 1150 time: 235.946 ms
[gpt_2] [Rank 0] <19:03:08.221> Iter 1151 time: 208.493 ms
[gpt_2] [Rank 0] <19:03:08.426> Iter 1152 time: 205.177 ms
[gpt_2] [Rank 0] <19:03:08.688> Iter 1153 time: 261.931 ms
[gpt_2] [Rank 0] <19:03:08.988> Iter 1154 time: 300.339 ms
[gpt_2] [Rank 0] <19:03:09.148> Iter 1155 time: 159.503 ms
[gpt_2] [Rank 0] <19:03:09.331> Iter 1156 time: 183.477 ms
[gpt_2] [Rank 0] <19:03:09.548> Iter 1157 time: 216.597 ms
[gpt_2] [Rank 0] <19:03:09.805> Iter 1158 time: 257.355 ms
[gpt_2] [Rank 0] <19:03:10.048> Iter 1159 time: 242.637 ms
[gpt_2] [Rank 0] <19:03:10.265> Iter 1160 time: 216.617 ms
[gpt_2] [Rank 0] <19:03:10.509> Iter 1161 time: 243.956 ms
[gpt_2] [Rank 0] <19:03:10.724> Iter 1162 time: 215.748 ms
[gpt_2] [Rank 0] <19:03:10.949> Iter 1163 time: 225.067 ms
[gpt_2] [Rank 0] <19:03:11.150> Iter 1164 time: 200.516 ms
[gpt_2] [Rank 0] <19:03:11.373> Iter 1165 time: 222.555 ms
[gpt_2] [Rank 0] <19:03:11.629> Iter 1166 time: 256.9 ms
[gpt_2] [Rank 0] <19:03:11.909> Iter 1167 time: 279.191 ms
[gpt_2] [Rank 0] <19:03:12.111> Iter 1168 time: 202.18 ms
[gpt_2] [Rank 0] <19:03:12.316> Iter 1169 time: 205.265 ms
[gpt_2] [Rank 0] <19:03:12.589> Iter 1170 time: 273.369 ms
[gpt_2] (mean, median, min, max) = (237.608156ms, 242.632748ms, 99.032174ms, 326.656207ms)
[gpt_2] [Rank 0] <19:03:12.811> Iter 1171 time: 221.93 ms
[gpt_2] [Rank 0] <19:03:12.993> Iter 1172 time: 181.181 ms
[gpt_2] [Rank 0] <19:03:13.230> Iter 1173 time: 237.39 ms
[gpt_2] [Rank 0] <19:03:13.396> Iter 1174 time: 166.131 ms
[gpt_2] [Rank 0] <19:03:13.609> Iter 1175 time: 212.629 ms
[gpt_2] [Rank 0] <19:03:13.869> Iter 1176 time: 260.737 ms
[gpt_2] [Rank 0] <19:03:14.116> Iter 1177 time: 246.332 ms
[gpt_2] [Rank 0] <19:03:14.299> Iter 1178 time: 183.524 ms
[gpt_2] [Rank 0] <19:03:14.493> Iter 1179 time: 193.325 ms
[gpt_2] [Rank 0] <19:03:14.732> Iter 1180 time: 239.777 ms
[gpt_2] [Rank 0] <19:03:14.976> Iter 1181 time: 243.779 ms
[gpt_2] [Rank 0] <19:03:15.233> Iter 1182 time: 257.254 ms
[gpt_2] [Rank 0] <19:03:15.453> Iter 1183 time: 219.093 ms
[gpt_2] [Rank 0] <19:03:15.673> Iter 1184 time: 220.581 ms
[gpt_2] [Rank 0] <19:03:15.937> Iter 1185 time: 263.44 ms
[gpt_2] [Rank 0] <19:03:16.128> Iter 1186 time: 191.856 ms
[gpt_2] [Rank 0] <19:03:16.336> Iter 1187 time: 207.668 ms
[gpt_2] [Rank 0] <19:03:16.573> Iter 1188 time: 236.692 ms
[gpt_2] [Rank 0] <19:03:16.736> Iter 1189 time: 163.251 ms
[gpt_2] [Rank 0] <19:03:17.012> Iter 1190 time: 276.39 ms
[gpt_2] [Rank 0] <19:03:17.276> Iter 1191 time: 264.005 ms
[gpt_2] [Rank 0] <19:03:17.518> Iter 1192 time: 241.507 ms
[gpt_2] [Rank 0] <19:03:17.753> Iter 1193 time: 235.473 ms
[gpt_2] [Rank 0] <19:03:18.017> Iter 1194 time: 264.046 ms
[gpt_2] [Rank 0] <19:03:18.219> Iter 1195 time: 201.087 ms
[gpt_2] [Rank 0] <19:03:18.481> Iter 1196 time: 261.984 ms
[gpt_2] [Rank 0] <19:03:18.720> Iter 1197 time: 239.552 ms
[gpt_2] [Rank 0] <19:03:18.997> Iter 1198 time: 276.868 ms
[gpt_2] [Rank 0] <19:03:19.220> Iter 1199 time: 222.725 ms
[gpt_2] [Rank 0] <19:03:19.457> Iter 1200 time: 236.976 ms
[gpt_2] (mean, median, min, max) = (237.386931ms, 241.952298ms, 99.032174ms, 326.656207ms)
[gpt_2] [Rank 0] <19:03:19.692> Iter 1201 time: 235.785 ms
[gpt_2] [Rank 0] <19:03:19.897> Iter 1202 time: 205.018 ms
[gpt_2] [Rank 0] <19:03:20.137> Iter 1203 time: 239.985 ms
[gpt_2] [Rank 0] <19:03:20.409> Iter 1204 time: 271.197 ms
[gpt_2] [Rank 0] <19:03:20.648> Iter 1205 time: 239.864 ms
[gpt_2] [Rank 0] <19:03:20.901> Iter 1206 time: 252.146 ms
[gpt_2] [Rank 0] <19:03:21.104> Iter 1207 time: 203.372 ms
[gpt_2] [Rank 0] <19:03:21.289> Iter 1208 time: 185.429 ms
[gpt_2] [Rank 0] <19:03:21.560> Iter 1209 time: 270.963 ms
[gpt_2] [Rank 0] <19:03:21.813> Iter 1210 time: 253.024 ms
[gpt_2] [Rank 0] <19:03:22.042> Iter 1211 time: 228.561 ms
[gpt_2] [Rank 0] <19:03:22.284> Iter 1212 time: 242.085 ms
[gpt_2] [Rank 0] <19:03:22.545> Iter 1213 time: 260.481 ms
[gpt_2] [Rank 0] <19:03:22.800> Iter 1214 time: 255.838 ms
[gpt_2] [Rank 0] <19:03:22.965> Iter 1215 time: 164.134 ms
[gpt_2] [Rank 0] <19:03:23.229> Iter 1216 time: 264.113 ms
[gpt_2] [Rank 0] <19:03:23.504> Iter 1217 time: 275.427 ms
[gpt_2] [Rank 0] <19:03:23.745> Iter 1218 time: 240.509 ms
[gpt_2] [Rank 0] <19:03:24.001> Iter 1219 time: 256.346 ms
[gpt_2] [Rank 0] <19:03:24.208> Iter 1220 time: 207.149 ms
[gpt_2] [Rank 0] <19:03:24.431> Iter 1221 time: 223.215 ms
[gpt_2] [Rank 0] <19:03:24.685> Iter 1222 time: 254.155 ms
[gpt_2] [Rank 0] <19:03:24.906> Iter 1223 time: 220.447 ms
[gpt_2] [Rank 0] <19:03:25.085> Iter 1224 time: 179.551 ms
[gpt_2] [Rank 0] <19:03:25.268> Iter 1225 time: 183.012 ms
[gpt_2] [Rank 0] <19:03:25.485> Iter 1226 time: 216.588 ms
[gpt_2] [Rank 0] <19:03:25.708> Iter 1227 time: 223.028 ms
[gpt_2] [Rank 0] <19:03:25.948> Iter 1228 time: 240.308 ms
[gpt_2] [Rank 0] <19:03:26.165> Iter 1229 time: 216.263 ms
[gpt_2] [Rank 0] <19:03:26.385> Iter 1230 time: 220.784 ms
[gpt_2] (mean, median, min, max) = (237.227578ms, 241.381261ms, 99.032174ms, 326.656207ms)
[gpt_2] [Rank 0] <19:03:26.605> Iter 1231 time: 220.01 ms
[gpt_2] [Rank 0] <19:03:26.861> Iter 1232 time: 255.982 ms
[gpt_2] [Rank 0] <19:03:27.125> Iter 1233 time: 263.978 ms
[gpt_2] [Rank 0] <19:03:27.324> Iter 1234 time: 198.991 ms
[gpt_2] [Rank 0] <19:03:27.531> Iter 1235 time: 206.695 ms
[gpt_2] [Rank 0] <19:03:27.729> Iter 1236 time: 198.341 ms
[gpt_2] [Rank 0] <19:03:28.032> Iter 1237 time: 302.644 ms
[gpt_2] [Rank 0] <19:03:28.289> Iter 1238 time: 256.574 ms
[gpt_2] [Rank 0] <19:03:28.565> Iter 1239 time: 275.976 ms
[gpt_2] [Rank 0] <19:03:28.812> Iter 1240 time: 247.88 ms
[gpt_2] [Rank 0] <19:03:29.080> Iter 1241 time: 267.564 ms
[gpt_2] [Rank 0] <19:03:29.289> Iter 1242 time: 208.56 ms
[gpt_2] [Rank 0] <19:03:29.532> Iter 1243 time: 243.375 ms
[gpt_2] [Rank 0] <19:03:29.732> Iter 1244 time: 199.994 ms
[gpt_2] [Rank 0] <19:03:29.951> Iter 1245 time: 219.087 ms
[gpt_2] [Rank 0] <19:03:30.190> Iter 1246 time: 238.909 ms
[gpt_2] [Rank 0] <19:03:30.437> Iter 1247 time: 246.537 ms
[gpt_2] [Rank 0] <19:03:30.634> Iter 1248 time: 197.121 ms
[gpt_2] [Rank 0] <19:03:30.932> Iter 1249 time: 298.82 ms
[gpt_2] [Rank 0] <19:03:31.114> Iter 1250 time: 181.313 ms
[gpt_2] [Rank 0] <19:03:31.360> Iter 1251 time: 246.278 ms
[gpt_2] [Rank 0] <19:03:31.617> Iter 1252 time: 256.49 ms
[gpt_2] [Rank 0] <19:03:31.893> Iter 1253 time: 276.874 ms
[gpt_2] [Rank 0] <19:03:32.153> Iter 1254 time: 259.977 ms
[gpt_2] [Rank 0] <19:03:32.392> Iter 1255 time: 238.984 ms
[gpt_2] [Rank 0] <19:03:32.596> Iter 1256 time: 203.679 ms
[gpt_2] [Rank 0] <19:03:32.832> Iter 1257 time: 236.324 ms
[gpt_2] [Rank 0] <19:03:33.016> Iter 1258 time: 183.158 ms
[gpt_2] [Rank 0] <19:03:33.296> Iter 1259 time: 280.509 ms
[gpt_2] [Rank 0] <19:03:33.554> Iter 1260 time: 257.938 ms
[gpt_2] (mean, median, min, max) = (237.269312ms, 241.446393ms, 99.032174ms, 326.656207ms)
[gpt_2] [Rank 0] <19:03:33.793> Iter 1261 time: 239.434 ms
[gpt_2] [Rank 0] <19:03:34.093> Iter 1262 time: 299.983 ms
[gpt_2] [Rank 0] <19:03:34.333> Iter 1263 time: 239.985 ms
[gpt_2] [Rank 0] <19:03:34.596> Iter 1264 time: 262.989 ms
[gpt_2] [Rank 0] <19:03:34.897> Iter 1265 time: 301.036 ms
[gpt_2] [Rank 0] <19:03:35.096> Iter 1266 time: 198.838 ms
[gpt_2] [Rank 0] <19:03:35.372> Iter 1267 time: 276.128 ms
[gpt_2] [Rank 0] <19:03:35.609> Iter 1268 time: 236.776 ms
[gpt_2] [Rank 0] <19:03:35.916> Iter 1269 time: 307.207 ms
[gpt_2] [Rank 0] <19:03:36.209> Iter 1270 time: 293.043 ms
[gpt_2] [Rank 0] <19:03:36.478> Iter 1271 time: 268.617 ms
[gpt_2] [Rank 0] <19:03:36.678> Iter 1272 time: 199.931 ms
[gpt_2] [Rank 0] <19:03:36.939> Iter 1273 time: 261.213 ms
[gpt_2] [Rank 0] <19:03:37.137> Iter 1274 time: 197.567 ms
[gpt_2] [Rank 0] <19:03:37.404> Iter 1275 time: 267.313 ms
[gpt_2] [Rank 0] <19:03:37.619> Iter 1276 time: 215.061 ms
[gpt_2] [Rank 0] <19:03:37.876> Iter 1277 time: 257.349 ms
[gpt_2] [Rank 0] <19:03:38.180> Iter 1278 time: 303.822 ms
[gpt_2] [Rank 0] <19:03:38.436> Iter 1279 time: 255.763 ms
[gpt_2] [Rank 0] <19:03:38.700> Iter 1280 time: 264.407 ms
[gpt_2] [Rank 0] <19:03:39.020> Iter 1281 time: 319.915 ms
[gpt_2] [Rank 0] <19:03:39.321> Iter 1282 time: 300.236 ms
[gpt_2] [Rank 0] <19:03:39.544> Iter 1283 time: 223.539 ms
[gpt_2] [Rank 0] <19:03:39.703> Iter 1284 time: 159.165 ms
[gpt_2] [Rank 0] <19:03:39.888> Iter 1285 time: 184.737 ms
[gpt_2] [Rank 0] <19:03:40.112> Iter 1286 time: 223.496 ms
[gpt_2] [Rank 0] <19:03:40.382> Iter 1287 time: 270.481 ms
[gpt_2] [Rank 0] <19:03:40.604> Iter 1288 time: 221.946 ms
[gpt_2] [Rank 0] <19:03:40.924> Iter 1289 time: 320.071 ms
[gpt_2] [Rank 0] <19:03:41.205> Iter 1290 time: 281.335 ms
[gpt_2] (mean, median, min, max) = (237.689247ms, 241.952298ms, 99.032174ms, 326.656207ms)
[gpt_2] [Rank 0] <19:03:41.484> Iter 1291 time: 278.668 ms
[gpt_2] [Rank 0] <19:03:41.745> Iter 1292 time: 260.969 ms
[gpt_2] [Rank 0] <19:03:41.972> Iter 1293 time: 227.027 ms
[gpt_2] [Rank 0] <19:03:42.224> Iter 1294 time: 252.323 ms
[gpt_2] [Rank 0] <19:03:42.446> Iter 1295 time: 221.61 ms
[gpt_2] [Rank 0] <19:03:42.725> Iter 1296 time: 278.637 ms
[gpt_2] [Rank 0] <19:03:42.967> Iter 1297 time: 242.069 ms
[gpt_2] [Rank 0] <19:03:43.212> Iter 1298 time: 245.364 ms
[gpt_2] [Rank 0] <19:03:43.448> Iter 1299 time: 235.938 ms
[gpt_2] [Rank 0] <19:03:43.668> Iter 1300 time: 219.521 ms
[gpt_2] [Rank 0] <19:03:43.946> Iter 1301 time: 278.449 ms
[gpt_2] [Rank 0] <19:03:44.107> Iter 1302 time: 161.298 ms
[gpt_2] [Rank 0] <19:03:44.368> Iter 1303 time: 261.051 ms
[gpt_2] [Rank 0] <19:03:44.627> Iter 1304 time: 258.951 ms
[gpt_2] [Rank 0] <19:03:44.905> Iter 1305 time: 277.367 ms
[gpt_2] [Rank 0] <19:03:45.145> Iter 1306 time: 239.987 ms
[gpt_2] [Rank 0] <19:03:45.390> Iter 1307 time: 245.494 ms
[gpt_2] [Rank 0] <19:03:45.668> Iter 1308 time: 278.255 ms
[gpt_2] [Rank 0] <19:03:45.889> Iter 1309 time: 220.384 ms
[gpt_2] [Rank 0] <19:03:46.128> Iter 1310 time: 239.634 ms
[gpt_2] [Rank 0] <19:03:46.389> Iter 1311 time: 261.038 ms
[gpt_2] [Rank 0] <19:03:46.641> Iter 1312 time: 251.083 ms
[gpt_2] [Rank 0] <19:03:46.929> Iter 1313 time: 288.085 ms
[gpt_2] [Rank 0] <19:03:47.142> Iter 1314 time: 213.187 ms
[gpt_2] [Rank 0] <19:03:47.409> Iter 1315 time: 267.642 ms
[gpt_2] [Rank 0] <19:03:47.671> Iter 1316 time: 261.775 ms
[gpt_2] [Rank 0] <19:03:47.883> Iter 1317 time: 212.023 ms
[gpt_2] [Rank 0] <19:03:48.156> Iter 1318 time: 272.826 ms
[gpt_2] [Rank 0] <19:03:48.432> Iter 1319 time: 276.314 ms
[gpt_2] [Rank 0] <19:03:48.673> Iter 1320 time: 240.645 ms
[gpt_2] (mean, median, min, max) = (237.948441ms, 242.077142ms, 99.032174ms, 326.656207ms)
[gpt_2] [Rank 0] <19:03:48.953> Iter 1321 time: 280.409 ms
[gpt_2] [Rank 0] <19:03:49.173> Iter 1322 time: 219.89 ms
[gpt_2] [Rank 0] <19:03:49.433> Iter 1323 time: 259.235 ms
[gpt_2] [Rank 0] <19:03:49.635> Iter 1324 time: 202.232 ms
[gpt_2] [Rank 0] <19:03:49.912> Iter 1325 time: 277.599 ms
[gpt_2] [Rank 0] <19:03:50.174> Iter 1326 time: 261.71 ms
[gpt_2] [Rank 0] <19:03:50.469> Iter 1327 time: 295.326 ms
[gpt_2] [Rank 0] <19:03:50.693> Iter 1328 time: 223.984 ms
[gpt_2] [Rank 0] <19:03:50.952> Iter 1329 time: 258.978 ms
[gpt_2] [Rank 0] <19:03:51.292> Iter 1330 time: 339.98 ms
[gpt_2] [Rank 0] <19:03:51.552> Iter 1331 time: 259.692 ms
[gpt_2] [Rank 0] <19:03:51.838> Iter 1332 time: 285.76 ms
[gpt_2] [Rank 0] <19:03:52.097> Iter 1333 time: 259.623 ms
[gpt_2] [Rank 0] <19:03:52.317> Iter 1334 time: 219.953 ms
[gpt_2] [Rank 0] <19:03:52.636> Iter 1335 time: 318.983 ms
[gpt_2] [Rank 0] <19:03:52.924> Iter 1336 time: 287.55 ms
[gpt_2] [Rank 0] <19:03:53.160> Iter 1337 time: 236.195 ms
[gpt_2] [Rank 0] <19:03:53.417> Iter 1338 time: 257.28 ms
[gpt_2] [Rank 0] <19:03:53.637> Iter 1339 time: 219.297 ms
[gpt_2] [Rank 0] <19:03:53.897> Iter 1340 time: 260.716 ms
[gpt_2] [Rank 0] <19:03:54.136> Iter 1341 time: 238.963 ms
[gpt_2] [Rank 0] <19:03:54.420> Iter 1342 time: 283.671 ms
[gpt_2] [Rank 0] <19:03:54.637> Iter 1343 time: 216.709 ms
[gpt_2] [Rank 0] <19:03:54.897> Iter 1344 time: 260.639 ms
[gpt_2] [Rank 0] <19:03:55.197> Iter 1345 time: 299.211 ms
[gpt_2] [Rank 0] <19:03:55.420> Iter 1346 time: 223.813 ms
[gpt_2] [Rank 0] <19:03:55.697> Iter 1347 time: 276.564 ms
[gpt_2] [Rank 0] <19:03:55.960> Iter 1348 time: 263.378 ms
[gpt_2] [Rank 0] <19:03:56.260> Iter 1349 time: 300.016 ms
[gpt_2] [Rank 0] <19:03:56.481> Iter 1350 time: 220.237 ms
[gpt_2] (mean, median, min, max) = (238.451566ms, 242.775403ms, 99.032174ms, 339.980367ms)
[gpt_2] [Rank 0] <19:03:56.680> Iter 1351 time: 199.631 ms
[gpt_2] [Rank 0] <19:03:56.907> Iter 1352 time: 226.759 ms
[gpt_2] [Rank 0] <19:03:57.160> Iter 1353 time: 253.359 ms
[gpt_2] [Rank 0] <19:03:57.461> Iter 1354 time: 301.04 ms
[gpt_2] [Rank 0] <19:03:57.668> Iter 1355 time: 206.856 ms
[gpt_2] [Rank 0] <19:03:57.880> Iter 1356 time: 212.105 ms
[gpt_2] [Rank 0] <19:03:58.101> Iter 1357 time: 221.06 ms
[gpt_2] [Rank 0] <19:03:58.368> Iter 1358 time: 266.779 ms
[gpt_2] [Rank 0] <19:03:58.645> Iter 1359 time: 276.415 ms
[gpt_2] [Rank 0] <19:03:58.888> Iter 1360 time: 243.423 ms
[gpt_2] [Rank 0] <19:03:59.144> Iter 1361 time: 256.333 ms
[gpt_2] [Rank 0] <19:03:59.387> Iter 1362 time: 242.23 ms
[gpt_2] [Rank 0] <19:03:59.617> Iter 1363 time: 230.399 ms
[gpt_2] [Rank 0] <19:03:59.848> Iter 1364 time: 231.035 ms
[gpt_2] [Rank 0] <19:04:00.111> Iter 1365 time: 262.959 ms
[gpt_2] [Rank 0] <19:04:00.357> Iter 1366 time: 246.383 ms
[gpt_2] [Rank 0] <19:04:00.569> Iter 1367 time: 212.006 ms
[gpt_2] [Rank 0] <19:04:00.844> Iter 1368 time: 274.848 ms
[gpt_2] [Rank 0] <19:04:01.024> Iter 1369 time: 180.01 ms
[gpt_2] [Rank 0] <19:04:01.268> Iter 1370 time: 243.79 ms
[gpt_2] [Rank 0] <19:04:01.525> Iter 1371 time: 257.393 ms
[gpt_2] [Rank 0] <19:04:01.788> Iter 1372 time: 262.616 ms
[gpt_2] [Rank 0] <19:04:02.048> Iter 1373 time: 259.99 ms
[gpt_2] [Rank 0] <19:04:02.304> Iter 1374 time: 256.32 ms
[gpt_2] [Rank 0] <19:04:02.469> Iter 1375 time: 164.618 ms
[gpt_2] [Rank 0] <19:04:02.658> Iter 1376 time: 189.443 ms
[gpt_2] [Rank 0] <19:04:02.928> Iter 1377 time: 269.953 ms
[gpt_2] [Rank 0] <19:04:03.169> Iter 1378 time: 240.22 ms
[gpt_2] [Rank 0] <19:04:03.405> Iter 1379 time: 236.792 ms
[gpt_2] [Rank 0] <19:04:03.652> Iter 1380 time: 247.076 ms
[gpt_2] (mean, median, min, max) = (238.465029ms, 242.829766ms, 99.032174ms, 339.980367ms)
[gpt_2] [Rank 0] <19:04:03.908> Iter 1381 time: 255.884 ms
[gpt_2] [Rank 0] <19:04:04.169> Iter 1382 time: 261.061 ms
[gpt_2] [Rank 0] <19:04:04.392> Iter 1383 time: 222.279 ms
[gpt_2] [Rank 0] <19:04:04.631> Iter 1384 time: 239.138 ms
[gpt_2] [Rank 0] <19:04:04.825> Iter 1385 time: 194.586 ms
[gpt_2] [Rank 0] <19:04:05.045> Iter 1386 time: 219.916 ms
[gpt_2] [Rank 0] <19:04:05.250> Iter 1387 time: 205.076 ms
[gpt_2] [Rank 0] <19:04:05.476> Iter 1388 time: 225.537 ms
[gpt_2] [Rank 0] <19:04:05.716> Iter 1389 time: 239.638 ms
[gpt_2] [Rank 0] <19:04:05.956> Iter 1390 time: 240.056 ms
[gpt_2] [Rank 0] <19:04:06.212> Iter 1391 time: 256.303 ms
[gpt_2] [Rank 0] <19:04:06.436> Iter 1392 time: 224.095 ms
[gpt_2] [Rank 0] <19:04:06.647> Iter 1393 time: 210.644 ms
[gpt_2] [Rank 0] <19:04:06.913> Iter 1394 time: 266.696 ms
[gpt_2] [Rank 0] <19:04:07.193> Iter 1395 time: 280.006 ms
[gpt_2] [Rank 0] <19:04:07.476> Iter 1396 time: 282.652 ms
[gpt_2] [Rank 0] <19:04:07.773> Iter 1397 time: 296.58 ms
[gpt_2] [Rank 0] <19:04:08.072> Iter 1398 time: 299.742 ms
[gpt_2] [Rank 0] <19:04:08.420> Iter 1399 time: 347.672 ms
[gpt_2] [Rank 0] <19:04:08.668> Iter 1400 time: 247.943 ms
[gpt_2] [Rank 0] <19:04:08.915> Iter 1401 time: 246.963 ms
[gpt_2] [Rank 0] <19:04:09.100> Iter 1402 time: 185.097 ms
[gpt_2] [Rank 0] <19:04:09.341> Iter 1403 time: 240.467 ms
[gpt_2] [Rank 0] <19:04:09.540> Iter 1404 time: 199.536 ms
[gpt_2] [Rank 0] <19:04:09.780> Iter 1405 time: 240.083 ms
[gpt_2] [Rank 0] <19:04:10.060> Iter 1406 time: 279.92 ms
[gpt_2] [Rank 0] <19:04:10.297> Iter 1407 time: 237.325 ms
[gpt_2] [Rank 0] <19:04:10.537> Iter 1408 time: 240.037 ms
[gpt_2] [Rank 0] <19:04:10.817> Iter 1409 time: 279.964 ms
[gpt_2] [Rank 0] <19:04:11.073> Iter 1410 time: 255.225 ms
[gpt_2] (mean, median, min, max) = (238.656528ms, 242.775403ms, 99.032174ms, 347.672644ms)
[gpt_2] [Rank 0] <19:04:11.337> Iter 1411 time: 263.994 ms
[gpt_2] [Rank 0] <19:04:11.577> Iter 1412 time: 240.762 ms
[gpt_2] [Rank 0] <19:04:11.840> Iter 1413 time: 262.686 ms
[gpt_2] [Rank 0] <19:04:12.072> Iter 1414 time: 232.206 ms
[gpt_2] [Rank 0] <19:04:12.341> Iter 1415 time: 269.142 ms
[gpt_2] [Rank 0] <19:04:12.581> Iter 1416 time: 239.191 ms
[gpt_2] [Rank 0] <19:04:12.844> Iter 1417 time: 263.401 ms
[gpt_2] [Rank 0] <19:04:13.121> Iter 1418 time: 276.632 ms
[gpt_2] [Rank 0] <19:04:13.388> Iter 1419 time: 267.423 ms
[gpt_2] [Rank 0] <19:04:13.641> Iter 1420 time: 253.352 ms
[gpt_2] [Rank 0] <19:04:13.863> Iter 1421 time: 221.816 ms
[gpt_2] [Rank 0] <19:04:14.162> Iter 1422 time: 298.784 ms
[gpt_2] [Rank 0] <19:04:14.388> Iter 1423 time: 226.038 ms
[gpt_2] [Rank 0] <19:04:14.564> Iter 1424 time: 175.944 ms
[gpt_2] [Rank 0] <19:04:14.789> Iter 1425 time: 224.622 ms
[gpt_2] [Rank 0] <19:04:14.993> Iter 1426 time: 204.394 ms
[gpt_2] [Rank 0] <19:04:15.268> Iter 1427 time: 275.043 ms
[gpt_2] [Rank 0] <19:04:15.545> Iter 1428 time: 276.547 ms
[gpt_2] [Rank 0] <19:04:15.804> Iter 1429 time: 259.486 ms
[gpt_2] [Rank 0] <19:04:16.045> Iter 1430 time: 240.612 ms
[gpt_2] [Rank 0] <19:04:16.286> Iter 1431 time: 241.68 ms
[gpt_2] [Rank 0] <19:04:16.480> Iter 1432 time: 193.619 ms
[gpt_2] [Rank 0] <19:04:16.688> Iter 1433 time: 208.177 ms
[gpt_2] [Rank 0] <19:04:16.964> Iter 1434 time: 276.293 ms
[gpt_2] [Rank 0] <19:04:17.188> Iter 1435 time: 223.581 ms
[gpt_2] [Rank 0] <19:04:17.484> Iter 1436 time: 296.315 ms
[gpt_2] [Rank 0] <19:04:17.705> Iter 1437 time: 220.374 ms
[gpt_2] [Rank 0] <19:04:17.965> Iter 1438 time: 260.255 ms
[gpt_2] [Rank 0] <19:04:18.241> Iter 1439 time: 275.601 ms
[gpt_2] [Rank 0] <19:04:18.484> Iter 1440 time: 243.453 ms
[gpt_2] (mean, median, min, max) = (238.833812ms, 242.829766ms, 99.032174ms, 347.672644ms)
[gpt_2] [Rank 0] <19:04:18.728> Iter 1441 time: 243.998 ms
[gpt_2] [Rank 0] <19:04:18.993> Iter 1442 time: 265.321 ms
[gpt_2] [Rank 0] <19:04:19.224> Iter 1443 time: 231.055 ms
[gpt_2] [Rank 0] <19:04:19.449> Iter 1444 time: 224.703 ms
[gpt_2] [Rank 0] <19:04:19.729> Iter 1445 time: 279.477 ms
[gpt_2] [Rank 0] <19:04:20.009> Iter 1446 time: 280.786 ms
[gpt_2] [Rank 0] <19:04:20.288> Iter 1447 time: 279.079 ms
[gpt_2] [Rank 0] <19:04:20.531> Iter 1448 time: 242.749 ms
[gpt_2] [Rank 0] <19:04:20.769> Iter 1449 time: 237.42 ms
[gpt_2] [Rank 0] <19:04:20.910> Iter 1450 time: 141.379 ms
[gpt_2] [Rank 0] <19:04:21.208> Iter 1451 time: 298.031 ms
[gpt_2] [Rank 0] <19:04:21.436> Iter 1452 time: 227.632 ms
[gpt_2] [Rank 0] <19:04:21.705> Iter 1453 time: 269.744 ms
[gpt_2] [Rank 0] <19:04:21.909> Iter 1454 time: 204.011 ms
[gpt_2] [Rank 0] <19:04:22.149> Iter 1455 time: 239.197 ms
[gpt_2] [Rank 0] <19:04:22.412> Iter 1456 time: 263.234 ms
[gpt_2] [Rank 0] <19:04:22.551> Iter 1457 time: 138.908 ms
[gpt_2] [Rank 0] <19:04:22.752> Iter 1458 time: 201.595 ms
[gpt_2] [Rank 0] <19:04:23.013> Iter 1459 time: 260.243 ms
[gpt_2] [Rank 0] <19:04:23.292> Iter 1460 time: 279.776 ms
[gpt_2] [Rank 0] <19:04:23.535> Iter 1461 time: 242.793 ms
[gpt_2] [Rank 0] <19:04:23.773> Iter 1462 time: 237.413 ms
[gpt_2] [Rank 0] <19:04:24.012> Iter 1463 time: 239.648 ms
[gpt_2] [Rank 0] <19:04:24.213> Iter 1464 time: 200.289 ms
[gpt_2] [Rank 0] <19:04:24.433> Iter 1465 time: 220.856 ms
[gpt_2] [Rank 0] <19:04:24.715> Iter 1466 time: 281.092 ms
[gpt_2] [Rank 0] <19:04:24.973> Iter 1467 time: 258.913 ms
[gpt_2] [Rank 0] <19:04:25.183> Iter 1468 time: 209.921 ms
[gpt_2] [Rank 0] <19:04:25.336> Iter 1469 time: 152.725 ms
[gpt_2] [Rank 0] <19:04:25.596> Iter 1470 time: 259.999 ms
[gpt_2] (mean, median, min, max) = (238.79725ms, 242.771673ms, 99.032174ms, 347.672644ms)
[gpt_2] [Rank 0] <19:04:25.854> Iter 1471 time: 257.854 ms
[gpt_2] [Rank 0] <19:04:26.096> Iter 1472 time: 242.143 ms
[gpt_2] [Rank 0] <19:04:26.332> Iter 1473 time: 236.328 ms
[gpt_2] [Rank 0] <19:04:26.584> Iter 1474 time: 251.672 ms
[gpt_2] [Rank 0] <19:04:26.816> Iter 1475 time: 232.334 ms
[gpt_2] [Rank 0] <19:04:27.058> Iter 1476 time: 241.575 ms
[gpt_2] [Rank 0] <19:04:27.333> Iter 1477 time: 274.635 ms
[gpt_2] [Rank 0] <19:04:27.572> Iter 1478 time: 238.965 ms
[gpt_2] [Rank 0] <19:04:27.857> Iter 1479 time: 285.046 ms
[gpt_2] [Rank 0] <19:04:28.036> Iter 1480 time: 179.859 ms
[gpt_2] [Rank 0] <19:04:28.305> Iter 1481 time: 268.025 ms
[gpt_2] [Rank 0] <19:04:28.558> Iter 1482 time: 253.493 ms
[gpt_2] [Rank 0] <19:04:28.793> Iter 1483 time: 235.407 ms
[gpt_2] [Rank 0] <19:04:29.017> Iter 1484 time: 223.64 ms
[gpt_2] [Rank 0] <19:04:29.244> Iter 1485 time: 227.01 ms
[gpt_2] [Rank 0] <19:04:29.504> Iter 1486 time: 260.32 ms
[gpt_2] [Rank 0] <19:04:29.708> Iter 1487 time: 203.682 ms
[gpt_2] [Rank 0] <19:04:29.964> Iter 1488 time: 255.995 ms
[gpt_2] [Rank 0] <19:04:30.213> Iter 1489 time: 248.953 ms
[gpt_2] [Rank 0] <19:04:30.504> Iter 1490 time: 291.103 ms
[gpt_2] [Rank 0] <19:04:30.721> Iter 1491 time: 216.489 ms
[gpt_2] [Rank 0] <19:04:31.005> Iter 1492 time: 284.824 ms
[gpt_2] [Rank 0] <19:04:31.281> Iter 1493 time: 275.966 ms
[gpt_2] [Rank 0] <19:04:31.541> Iter 1494 time: 260.025 ms
[gpt_2] [Rank 0] <19:04:31.841> Iter 1495 time: 299.495 ms
[gpt_2] [Rank 0] <19:04:32.041> Iter 1496 time: 199.733 ms
[gpt_2] [Rank 0] <19:04:32.268> Iter 1497 time: 227.493 ms
[gpt_2] [Rank 0] <19:04:32.525> Iter 1498 time: 257.075 ms
[gpt_2] [Rank 0] <19:04:32.760> Iter 1499 time: 235.278 ms
[gpt_2] [Rank 0] <19:04:33.025> Iter 1500 time: 264.077 ms
[gpt_2] (mean, median, min, max) = (238.976027ms, 242.805149ms, 99.032174ms, 347.672644ms)
[gpt_2] Rank 0: run time: 358992 ms
